[34m[*][0m Start mutation process:
[36m   -[0m targets: linked_list1.py
[36m   -[0m tests: ./0-ts
[34m[*][0m 8 tests passed:
[36m   -[0m test_linked_list1 [0.16712 s]
[34m[*][0m Start mutants generation and execution:
[36m   -[0m [#   1] CDI linked_list1: 
--------------------------------------------------------------------------------
   1: class ListNode:
   2:     
[34m-  3:     def __init__(self, val, next=None):[0m
[34m-  4:         self.val = val[0m
[34m-  5:         self.next = next[0m
[34m-  6:     [0m
[32m+  3:     @classmethod[0m
[32m+  4:     def __init__(self, val, next=None):[0m
[32m+  5:         self.val = val[0m
[32m+  6:         self.next = next[0m
   7:     def contains_cycle(self):
   8:         
   9:         if not (self.next):
  10:             return False
--------------------------------------------------------------------------------
[0.12676 s] [32mkilled[0m by 0-ts/test_linked_list1.py::test_reverse

def test_reverse():
        head = ListNode(1)
        head.next = ListNode(2)
        head.next.next = ListNode(3)
>       assert head.val == 1
E       AssertionError

0-ts/test_linked_list1.py:67: AssertionError
[36m   -[0m [#   2] CDI linked_list1: 
--------------------------------------------------------------------------------
   3:     def __init__(self, val, next=None):
   4:         self.val = val
   5:         self.next = next
   6:     
[34m-  7:     def contains_cycle(self):[0m
[34m-  8:         [0m
[34m-  9:         if not (self.next):[0m
[34m- 10:             return False[0m
[34m- 11:         slow_pointer = self.next[0m
[34m- 12:         fast_pointer = self.next.next[0m
[34m- 13:         [0m
[34m- 14:         while slow_pointer is not fast_pointer:[0m
[34m- 15:             if slow_pointer:[0m
[34m- 16:                 slow_pointer = slow_pointer.next[0m
[34m- 17:             if (fast_pointer and fast_pointer.next):[0m
[34m- 18:                 fast_pointer = fast_pointer.next.next[0m
[34m- 19:         if slow_pointer is None:[0m
[34m- 20:             return False[0m
[34m- 21:         else:[0m
[34m- 22:             return True[0m
[34m- 23:     [0m
[32m+  7:     @classmethod[0m
[32m+  8:     def contains_cycle(self):[0m
[32m+  9:         [0m
[32m+ 10:         if not (self.next):[0m
[32m+ 11:             return False[0m
[32m+ 12:         slow_pointer = self.next[0m
[32m+ 13:         fast_pointer = self.next.next[0m
[32m+ 14:         [0m
[32m+ 15:         while slow_pointer is not fast_pointer:[0m
[32m+ 16:             if slow_pointer:[0m
[32m+ 17:                 slow_pointer = slow_pointer.next[0m
[32m+ 18:             if (fast_pointer and fast_pointer.next):[0m
[32m+ 19:                 fast_pointer = fast_pointer.next.next[0m
[32m+ 20:         if slow_pointer is None:[0m
[32m+ 21:             return False[0m
[32m+ 22:         else:[0m
[32m+ 23:             return True[0m
  24:     def get_beginning_of_cycle_if_exists(self):
  25:         
  26:         if not (self.next):
  27:             return None
--------------------------------------------------------------------------------
[0.13012 s] [32mkilled[0m by 0-ts/test_linked_list1.py::test_ll_contains_cycle

def test_ll_contains_cycle():
        head = ListNode(3)
        head.next = ListNode(4)
        head.next.next = ListNode(5)
        cycle_start = ListNode(6)
        head.next.next.next = cycle_start
        cycle_start.next = ListNode(7)
        cycle_start.next.next = ListNode(8)
        cycle_start.next.next.next = cycle_start
    
>       assert head.contains_cycle() is True

0-ts/test_linked_list1.py:15: 
_ _ _ _ _ _ _ _ _ _ _ _ _ _ _ _ _ _ _ _ _ _ _ _ _ _ _ _ _ _ _ _ _ _ _ _ _ _ _ _ 

self = <class 'linked_list1.ListNode'>

>   ???
E   AttributeError: type object 'ListNode' has no attribute 'next'

linked_list1:10: AttributeError
[36m   -[0m [#   3] CDI linked_list1: 
--------------------------------------------------------------------------------
  20:             return False
  21:         else:
  22:             return True
  23:     
[34m- 24:     def get_beginning_of_cycle_if_exists(self):[0m
[34m- 25:         [0m
[34m- 26:         if not (self.next):[0m
[34m- 27:             return None[0m
[34m- 28:         slow_pointer = self.next[0m
[34m- 29:         fast_pointer = self.next.next[0m
[34m- 30:         [0m
[34m- 31:         while slow_pointer is not fast_pointer:[0m
[34m- 32:             if slow_pointer:[0m
[34m- 33:                 slow_pointer = slow_pointer.next[0m
[34m- 34:             if (fast_pointer and fast_pointer.next):[0m
[34m- 35:                 fast_pointer = fast_pointer.next.next[0m
[34m- 36:         if slow_pointer is None:[0m
[34m- 37:             return None[0m
[34m- 38:         [0m
[34m- 39:         slow_pointer = self[0m
[34m- 40:         [0m
[34m- 41:         while slow_pointer is not fast_pointer:[0m
[34m- 42:             [0m
[34m- 43:             slow_pointer = slow_pointer.next[0m
[34m- 44:             fast_pointer = fast_pointer.next[0m
[34m- 45:         [0m
[34m- 46:         return slow_pointer[0m
[34m- 47:     [0m
[32m+ 24:     @classmethod[0m
[32m+ 25:     def get_beginning_of_cycle_if_exists(self):[0m
[32m+ 26:         [0m
[32m+ 27:         if not (self.next):[0m
[32m+ 28:             return None[0m
[32m+ 29:         slow_pointer = self.next[0m
[32m+ 30:         fast_pointer = self.next.next[0m
[32m+ 31:         [0m
[32m+ 32:         while slow_pointer is not fast_pointer:[0m
[32m+ 33:             if slow_pointer:[0m
[32m+ 34:                 slow_pointer = slow_pointer.next[0m
[32m+ 35:             if (fast_pointer and fast_pointer.next):[0m
[32m+ 36:                 fast_pointer = fast_pointer.next.next[0m
[32m+ 37:         if slow_pointer is None:[0m
[32m+ 38:             return None[0m
[32m+ 39:         [0m
[32m+ 40:         slow_pointer = self[0m
[32m+ 41:         [0m
[32m+ 42:         while slow_pointer is not fast_pointer:[0m
[32m+ 43:             [0m
[32m+ 44:             slow_pointer = slow_pointer.next[0m
[32m+ 45:             fast_pointer = fast_pointer.next[0m
[32m+ 46:         [0m
[32m+ 47:         return slow_pointer[0m
  48:     def reverse(self):
  49:         prev = None
  50:         head = self
  51:         while head.next:
--------------------------------------------------------------------------------
[0.11533 s] [32mkilled[0m by 0-ts/test_linked_list1.py::test_ll_get_cycle_start

def test_ll_get_cycle_start():
        head = ListNode(3)
        head.next = ListNode(4)
        head.next.next = ListNode(5)
        cycle_start = ListNode(6)
        head.next.next.next = cycle_start
        cycle_start.next = ListNode(7)
        cycle_start.next.next = ListNode(8)
        cycle_start.next.next.next = cycle_start
    
>       assert head.get_beginning_of_cycle_if_exists() == cycle_start

0-ts/test_linked_list1.py:44: 
_ _ _ _ _ _ _ _ _ _ _ _ _ _ _ _ _ _ _ _ _ _ _ _ _ _ _ _ _ _ _ _ _ _ _ _ _ _ _ _ 

self = <class 'linked_list1.ListNode'>

>   ???
E   AttributeError: type object 'ListNode' has no attribute 'next'

linked_list1:27: AttributeError
[36m   -[0m [#   4] CDI linked_list1: 
--------------------------------------------------------------------------------
  44:             fast_pointer = fast_pointer.next
  45:         
  46:         return slow_pointer
  47:     
[34m- 48:     def reverse(self):[0m
[34m- 49:         prev = None[0m
[34m- 50:         head = self[0m
[34m- 51:         while head.next:[0m
[34m- 52:             next_node = head.next[0m
[34m- 53:             head.next = prev[0m
[34m- 54:             prev = head[0m
[34m- 55:             head = next_node[0m
[34m- 56:         head.next = prev[0m
[34m- 57:         return head[0m
[34m- 58:     [0m
[32m+ 48:     @classmethod[0m
[32m+ 49:     def reverse(self):[0m
[32m+ 50:         prev = None[0m
[32m+ 51:         head = self[0m
[32m+ 52:         while head.next:[0m
[32m+ 53:             next_node = head.next[0m
[32m+ 54:             head.next = prev[0m
[32m+ 55:             prev = head[0m
[32m+ 56:             head = next_node[0m
[32m+ 57:         head.next = prev[0m
[32m+ 58:         return head[0m
  59:     def reverse_recursive(self):
  60:         def rev(node):
  61:             if not (node.next):
  62:                 rev.head = node
--------------------------------------------------------------------------------
[0.12885 s] [32mkilled[0m by 0-ts/test_linked_list1.py::test_reverse

def test_reverse():
        head = ListNode(1)
        head.next = ListNode(2)
        head.next.next = ListNode(3)
        assert head.val == 1
        assert head.next.val == 2
        assert head.next.next.val == 3
>       head = head.reverse()

0-ts/test_linked_list1.py:70: 
_ _ _ _ _ _ _ _ _ _ _ _ _ _ _ _ _ _ _ _ _ _ _ _ _ _ _ _ _ _ _ _ _ _ _ _ _ _ _ _ 

self = <class 'linked_list1.ListNode'>

>   ???
E   AttributeError: type object 'ListNode' has no attribute 'next'

linked_list1:52: AttributeError
[36m   -[0m [#   5] CDI linked_list1: 
--------------------------------------------------------------------------------
  55:             head = next_node
  56:         head.next = prev
  57:         return head
  58:     
[34m- 59:     def reverse_recursive(self):[0m
[34m- 60:         def rev(node):[0m
[34m- 61:             if not (node.next):[0m
[34m- 62:                 rev.head = node[0m
[34m- 63:                 return[0m
[34m- 64:             rev(node.next)[0m
[34m- 65:             temp = node.next[0m
[34m- 66:             temp.next = node[0m
[34m- 67:             node.next = None[0m
[34m- 68:         rev.head = self[0m
[34m- 69:         rev(self)[0m
[34m- 70:         [0m
[34m- 71:         return rev.head[0m
[32m+ 59:     @classmethod[0m
[32m+ 60:     def reverse_recursive(self):[0m
[32m+ 61:         def rev(node):[0m
[32m+ 62:             if not (node.next):[0m
[32m+ 63:                 rev.head = node[0m
[32m+ 64:                 return[0m
[32m+ 65:             rev(node.next)[0m
[32m+ 66:             temp = node.next[0m
[32m+ 67:             temp.next = node[0m
[32m+ 68:             node.next = None[0m
[32m+ 69:         rev.head = self[0m
[32m+ 70:         rev(self)[0m
[32m+ 71:         [0m
[32m+ 72:         return rev.head[0m
--------------------------------------------------------------------------------
[0.13033 s] [32mkilled[0m by 0-ts/test_linked_list1.py::test_reverse_recursive

def test_reverse_recursive():
        head = ListNode(1)
        head.next = ListNode(2)
        head.next.next = ListNode(3)
        assert head.val == 1
        assert head.next.val == 2
        assert head.next.next.val == 3
>       head = head.reverse_recursive()

0-ts/test_linked_list1.py:83: 
_ _ _ _ _ _ _ _ _ _ _ _ _ _ _ _ _ _ _ _ _ _ _ _ _ _ _ _ _ _ _ _ _ _ _ _ _ _ _ _ 
linked_list1:70: in reverse_recursive
    ???
_ _ _ _ _ _ _ _ _ _ _ _ _ _ _ _ _ _ _ _ _ _ _ _ _ _ _ _ _ _ _ _ _ _ _ _ _ _ _ _ 

node = <class 'linked_list1.ListNode'>

>   ???
E   AttributeError: type object 'ListNode' has no attribute 'next'

linked_list1:62: AttributeError
[36m   -[0m [#   6] COD linked_list1: 
--------------------------------------------------------------------------------
   5:         self.next = next
   6:     
   7:     def contains_cycle(self):
   8:         
[34m-  9:         if not (self.next):[0m
[32m+  9:         if self.next:[0m
  10:             return False
  11:         slow_pointer = self.next
  12:         fast_pointer = self.next.next
  13:         
--------------------------------------------------------------------------------
[0.12988 s] [32mkilled[0m by 0-ts/test_linked_list1.py::test_ll_contains_cycle

def test_ll_contains_cycle():
        head = ListNode(3)
        head.next = ListNode(4)
        head.next.next = ListNode(5)
        cycle_start = ListNode(6)
        head.next.next.next = cycle_start
        cycle_start.next = ListNode(7)
        cycle_start.next.next = ListNode(8)
        cycle_start.next.next.next = cycle_start
    
>       assert head.contains_cycle() is True
E       AssertionError

0-ts/test_linked_list1.py:15: AssertionError
[36m   -[0m [#   7] COD linked_list1: 
--------------------------------------------------------------------------------
  22:             return True
  23:     
  24:     def get_beginning_of_cycle_if_exists(self):
  25:         
[34m- 26:         if not (self.next):[0m
[32m+ 26:         if self.next:[0m
  27:             return None
  28:         slow_pointer = self.next
  29:         fast_pointer = self.next.next
  30:         
--------------------------------------------------------------------------------
[0.10509 s] [32mkilled[0m by 0-ts/test_linked_list1.py::test_ll_get_cycle_start

def test_ll_get_cycle_start():
        head = ListNode(3)
        head.next = ListNode(4)
        head.next.next = ListNode(5)
        cycle_start = ListNode(6)
        head.next.next.next = cycle_start
        cycle_start.next = ListNode(7)
        cycle_start.next.next = ListNode(8)
        cycle_start.next.next.next = cycle_start
    
>       assert head.get_beginning_of_cycle_if_exists() == cycle_start
E       AssertionError

0-ts/test_linked_list1.py:44: AssertionError
[36m   -[0m [#   8] COD linked_list1: 
--------------------------------------------------------------------------------
  57:         return head
  58:     
  59:     def reverse_recursive(self):
  60:         def rev(node):
[34m- 61:             if not (node.next):[0m
[32m+ 61:             if node.next:[0m
  62:                 rev.head = node
  63:                 return
  64:             rev(node.next)
  65:             temp = node.next
--------------------------------------------------------------------------------
[0.10113 s] [32mkilled[0m by 0-ts/test_linked_list1.py::test_reverse_recursive

def test_reverse_recursive():
        head = ListNode(1)
        head.next = ListNode(2)
        head.next.next = ListNode(3)
        assert head.val == 1
        assert head.next.val == 2
        assert head.next.next.val == 3
        head = head.reverse_recursive()
>       assert head.val == 3
E       AssertionError

0-ts/test_linked_list1.py:84: AssertionError
[36m   -[0m [#   9] COI linked_list1: 
--------------------------------------------------------------------------------
   5:         self.next = next
   6:     
   7:     def contains_cycle(self):
   8:         
[34m-  9:         if not (self.next):[0m
[32m+  9:         if not ((not (self.next))):[0m
  10:             return False
  11:         slow_pointer = self.next
  12:         fast_pointer = self.next.next
  13:         
--------------------------------------------------------------------------------
[0.10948 s] [32mkilled[0m by 0-ts/test_linked_list1.py::test_ll_contains_cycle

def test_ll_contains_cycle():
        head = ListNode(3)
        head.next = ListNode(4)
        head.next.next = ListNode(5)
        cycle_start = ListNode(6)
        head.next.next.next = cycle_start
        cycle_start.next = ListNode(7)
        cycle_start.next.next = ListNode(8)
        cycle_start.next.next.next = cycle_start
    
>       assert head.contains_cycle() is True
E       AssertionError

0-ts/test_linked_list1.py:15: AssertionError
[36m   -[0m [#  10] COI linked_list1: 
--------------------------------------------------------------------------------
  10:             return False
  11:         slow_pointer = self.next
  12:         fast_pointer = self.next.next
  13:         
[34m- 14:         while slow_pointer is not fast_pointer:[0m
[32m+ 14:         while not (slow_pointer is not fast_pointer):[0m
  15:             if slow_pointer:
  16:                 slow_pointer = slow_pointer.next
  17:             if (fast_pointer and fast_pointer.next):
  18:                 fast_pointer = fast_pointer.next.next
--------------------------------------------------------------------------------
[0.10152 s] [32mkilled[0m by 0-ts/test_linked_list1.py::test_ll_no_cycle

def test_ll_no_cycle():
        head = ListNode(3)
        head.next = ListNode(4)
        head.next.next = ListNode(5)
        cycle_start = ListNode(6)
        head.next.next.next = cycle_start
        cycle_start.next = ListNode(7)
        cycle_start.next.next = ListNode(8)
    
>       assert head.contains_cycle() is False
E       AssertionError

0-ts/test_linked_list1.py:27: AssertionError
[36m   -[0m [#  11] COI linked_list1: 
--------------------------------------------------------------------------------
  11:         slow_pointer = self.next
  12:         fast_pointer = self.next.next
  13:         
  14:         while slow_pointer is not fast_pointer:
[34m- 15:             if slow_pointer:[0m
[32m+ 15:             if not slow_pointer:[0m
  16:                 slow_pointer = slow_pointer.next
  17:             if (fast_pointer and fast_pointer.next):
  18:                 fast_pointer = fast_pointer.next.next
  19:         if slow_pointer is None:
--------------------------------------------------------------------------------
[5.00654 s] [33mtimeout[0m
[36m   -[0m [#  12] COI linked_list1: 
--------------------------------------------------------------------------------
  13:         
  14:         while slow_pointer is not fast_pointer:
  15:             if slow_pointer:
  16:                 slow_pointer = slow_pointer.next
[34m- 17:             if (fast_pointer and fast_pointer.next):[0m
[32m+ 17:             if not ((fast_pointer and fast_pointer.next)):[0m
  18:                 fast_pointer = fast_pointer.next.next
  19:         if slow_pointer is None:
  20:             return False
  21:         else:
--------------------------------------------------------------------------------
[0.11933 s] [32mkilled[0m by 0-ts/test_linked_list1.py::test_ll_no_cycle

def test_ll_no_cycle():
        head = ListNode(3)
        head.next = ListNode(4)
        head.next.next = ListNode(5)
        cycle_start = ListNode(6)
        head.next.next.next = cycle_start
        cycle_start.next = ListNode(7)
        cycle_start.next.next = ListNode(8)
    
>       assert head.contains_cycle() is False
E       AssertionError

0-ts/test_linked_list1.py:27: AssertionError
[36m   -[0m [#  13] COI linked_list1: 
--------------------------------------------------------------------------------
  15:             if slow_pointer:
  16:                 slow_pointer = slow_pointer.next
  17:             if (fast_pointer and fast_pointer.next):
  18:                 fast_pointer = fast_pointer.next.next
[34m- 19:         if slow_pointer is None:[0m
[32m+ 19:         if not (slow_pointer is None):[0m
  20:             return False
  21:         else:
  22:             return True
  23:     
--------------------------------------------------------------------------------
[0.09968 s] [32mkilled[0m by 0-ts/test_linked_list1.py::test_ll_contains_cycle

def test_ll_contains_cycle():
        head = ListNode(3)
        head.next = ListNode(4)
        head.next.next = ListNode(5)
        cycle_start = ListNode(6)
        head.next.next.next = cycle_start
        cycle_start.next = ListNode(7)
        cycle_start.next.next = ListNode(8)
        cycle_start.next.next.next = cycle_start
    
>       assert head.contains_cycle() is True
E       AssertionError

0-ts/test_linked_list1.py:15: AssertionError
[36m   -[0m [#  14] COI linked_list1: 
--------------------------------------------------------------------------------
  22:             return True
  23:     
  24:     def get_beginning_of_cycle_if_exists(self):
  25:         
[34m- 26:         if not (self.next):[0m
[32m+ 26:         if not ((not (self.next))):[0m
  27:             return None
  28:         slow_pointer = self.next
  29:         fast_pointer = self.next.next
  30:         
--------------------------------------------------------------------------------
[0.12705 s] [32mkilled[0m by 0-ts/test_linked_list1.py::test_ll_get_cycle_start

def test_ll_get_cycle_start():
        head = ListNode(3)
        head.next = ListNode(4)
        head.next.next = ListNode(5)
        cycle_start = ListNode(6)
        head.next.next.next = cycle_start
        cycle_start.next = ListNode(7)
        cycle_start.next.next = ListNode(8)
        cycle_start.next.next.next = cycle_start
    
>       assert head.get_beginning_of_cycle_if_exists() == cycle_start
E       AssertionError

0-ts/test_linked_list1.py:44: AssertionError
[36m   -[0m [#  15] COI linked_list1: 
--------------------------------------------------------------------------------
  27:             return None
  28:         slow_pointer = self.next
  29:         fast_pointer = self.next.next
  30:         
[34m- 31:         while slow_pointer is not fast_pointer:[0m
[32m+ 31:         while not (slow_pointer is not fast_pointer):[0m
  32:             if slow_pointer:
  33:                 slow_pointer = slow_pointer.next
  34:             if (fast_pointer and fast_pointer.next):
  35:                 fast_pointer = fast_pointer.next.next
--------------------------------------------------------------------------------
[5.00761 s] [33mtimeout[0m
[36m   -[0m [#  16] COI linked_list1: 
--------------------------------------------------------------------------------
  28:         slow_pointer = self.next
  29:         fast_pointer = self.next.next
  30:         
  31:         while slow_pointer is not fast_pointer:
[34m- 32:             if slow_pointer:[0m
[32m+ 32:             if not slow_pointer:[0m
  33:                 slow_pointer = slow_pointer.next
  34:             if (fast_pointer and fast_pointer.next):
  35:                 fast_pointer = fast_pointer.next.next
  36:         if slow_pointer is None:
--------------------------------------------------------------------------------
[5.00642 s] [33mtimeout[0m
[36m   -[0m [#  17] COI linked_list1: 
--------------------------------------------------------------------------------
  30:         
  31:         while slow_pointer is not fast_pointer:
  32:             if slow_pointer:
  33:                 slow_pointer = slow_pointer.next
[34m- 34:             if (fast_pointer and fast_pointer.next):[0m
[32m+ 34:             if not ((fast_pointer and fast_pointer.next)):[0m
  35:                 fast_pointer = fast_pointer.next.next
  36:         if slow_pointer is None:
  37:             return None
  38:         
--------------------------------------------------------------------------------
[5.00776 s] [33mtimeout[0m
[36m   -[0m [#  18] COI linked_list1: 
--------------------------------------------------------------------------------
  32:             if slow_pointer:
  33:                 slow_pointer = slow_pointer.next
  34:             if (fast_pointer and fast_pointer.next):
  35:                 fast_pointer = fast_pointer.next.next
[34m- 36:         if slow_pointer is None:[0m
[32m+ 36:         if not (slow_pointer is None):[0m
  37:             return None
  38:         
  39:         slow_pointer = self
  40:         
--------------------------------------------------------------------------------
[0.12068 s] [32mkilled[0m by 0-ts/test_linked_list1.py::test_ll_get_cycle_start

def test_ll_get_cycle_start():
        head = ListNode(3)
        head.next = ListNode(4)
        head.next.next = ListNode(5)
        cycle_start = ListNode(6)
        head.next.next.next = cycle_start
        cycle_start.next = ListNode(7)
        cycle_start.next.next = ListNode(8)
        cycle_start.next.next.next = cycle_start
    
>       assert head.get_beginning_of_cycle_if_exists() == cycle_start
E       AssertionError

0-ts/test_linked_list1.py:44: AssertionError
[36m   -[0m [#  19] COI linked_list1: 
--------------------------------------------------------------------------------
  37:             return None
  38:         
  39:         slow_pointer = self
  40:         
[34m- 41:         while slow_pointer is not fast_pointer:[0m
[32m+ 41:         while not (slow_pointer is not fast_pointer):[0m
  42:             
  43:             slow_pointer = slow_pointer.next
  44:             fast_pointer = fast_pointer.next
  45:         
--------------------------------------------------------------------------------
[0.10479 s] [32mkilled[0m by 0-ts/test_linked_list1.py::test_ll_get_cycle_start

def test_ll_get_cycle_start():
        head = ListNode(3)
        head.next = ListNode(4)
        head.next.next = ListNode(5)
        cycle_start = ListNode(6)
        head.next.next.next = cycle_start
        cycle_start.next = ListNode(7)
        cycle_start.next.next = ListNode(8)
        cycle_start.next.next.next = cycle_start
    
>       assert head.get_beginning_of_cycle_if_exists() == cycle_start
E       AssertionError

0-ts/test_linked_list1.py:44: AssertionError
[36m   -[0m [#  20] COI linked_list1: 
--------------------------------------------------------------------------------
  47:     
  48:     def reverse(self):
  49:         prev = None
  50:         head = self
[34m- 51:         while head.next:[0m
[32m+ 51:         while not (head.next):[0m
  52:             next_node = head.next
  53:             head.next = prev
  54:             prev = head
  55:             head = next_node
--------------------------------------------------------------------------------
[0.10142 s] [32mkilled[0m by 0-ts/test_linked_list1.py::test_reverse

def test_reverse():
        head = ListNode(1)
        head.next = ListNode(2)
        head.next.next = ListNode(3)
        assert head.val == 1
        assert head.next.val == 2
        assert head.next.next.val == 3
        head = head.reverse()
>       assert head.val == 3
E       AssertionError

0-ts/test_linked_list1.py:71: AssertionError
[36m   -[0m [#  21] COI linked_list1: 
--------------------------------------------------------------------------------
  57:         return head
  58:     
  59:     def reverse_recursive(self):
  60:         def rev(node):
[34m- 61:             if not (node.next):[0m
[32m+ 61:             if not ((not (node.next))):[0m
  62:                 rev.head = node
  63:                 return
  64:             rev(node.next)
  65:             temp = node.next
--------------------------------------------------------------------------------
[0.10152 s] [32mkilled[0m by 0-ts/test_linked_list1.py::test_reverse_recursive

def test_reverse_recursive():
        head = ListNode(1)
        head.next = ListNode(2)
        head.next.next = ListNode(3)
        assert head.val == 1
        assert head.next.val == 2
        assert head.next.next.val == 3
        head = head.reverse_recursive()
>       assert head.val == 3
E       AssertionError

0-ts/test_linked_list1.py:84: AssertionError
[36m   -[0m [#  22] LCR linked_list1: 
--------------------------------------------------------------------------------
  13:         
  14:         while slow_pointer is not fast_pointer:
  15:             if slow_pointer:
  16:                 slow_pointer = slow_pointer.next
[34m- 17:             if (fast_pointer and fast_pointer.next):[0m
[32m+ 17:             if (fast_pointer or fast_pointer.next):[0m
  18:                 fast_pointer = fast_pointer.next.next
  19:         if slow_pointer is None:
  20:             return False
  21:         else:
--------------------------------------------------------------------------------
[0.10126 s] [32mkilled[0m by 0-ts/test_linked_list1.py::test_ll_no_cycle

def test_ll_no_cycle():
        head = ListNode(3)
        head.next = ListNode(4)
        head.next.next = ListNode(5)
        cycle_start = ListNode(6)
        head.next.next.next = cycle_start
        cycle_start.next = ListNode(7)
        cycle_start.next.next = ListNode(8)
    
>       assert head.contains_cycle() is False

0-ts/test_linked_list1.py:27: 
_ _ _ _ _ _ _ _ _ _ _ _ _ _ _ _ _ _ _ _ _ _ _ _ _ _ _ _ _ _ _ _ _ _ _ _ _ _ _ _ 

self = <linked_list1.ListNode object at 0x7f3d8ed22cb0>

>   ???
E   AttributeError: 'NoneType' object has no attribute 'next'

linked_list1:17: AttributeError
[36m   -[0m [#  23] LCR linked_list1: 
--------------------------------------------------------------------------------
  30:         
  31:         while slow_pointer is not fast_pointer:
  32:             if slow_pointer:
  33:                 slow_pointer = slow_pointer.next
[34m- 34:             if (fast_pointer and fast_pointer.next):[0m
[32m+ 34:             if (fast_pointer or fast_pointer.next):[0m
  35:                 fast_pointer = fast_pointer.next.next
  36:         if slow_pointer is None:
  37:             return None
  38:         
--------------------------------------------------------------------------------
[0.13692 s] [32mkilled[0m by 0-ts/test_linked_list1.py::test_ll_get_cycle_start_no_cycle

def test_ll_get_cycle_start_no_cycle():
        head = ListNode(3)
        head.next = ListNode(4)
        head.next.next = ListNode(5)
        cycle_start = ListNode(6)
        head.next.next.next = cycle_start
        cycle_start.next = ListNode(7)
        cycle_start.next.next = ListNode(8)
    
>       assert head.get_beginning_of_cycle_if_exists() is None

0-ts/test_linked_list1.py:56: 
_ _ _ _ _ _ _ _ _ _ _ _ _ _ _ _ _ _ _ _ _ _ _ _ _ _ _ _ _ _ _ _ _ _ _ _ _ _ _ _ 

self = <linked_list1.ListNode object at 0x7f3d8ed98370>

>   ???
E   AttributeError: 'NoneType' object has no attribute 'next'

linked_list1:34: AttributeError
[36m   -[0m [#  24] OIL linked_list1: 
--------------------------------------------------------------------------------
  15:             if slow_pointer:
  16:                 slow_pointer = slow_pointer.next
  17:             if (fast_pointer and fast_pointer.next):
  18:                 fast_pointer = fast_pointer.next.next
[34m- 19:         if slow_pointer is None:[0m
[34m- 20:             return False[0m
[34m- 21:         else:[0m
[34m- 22:             return True[0m
[32m+ 19:             break[0m
[32m+ 20:         if slow_pointer is None:[0m
[32m+ 21:             return False[0m
[32m+ 22:         else:return True[0m
  23:     
  24:     def get_beginning_of_cycle_if_exists(self):
  25:         
  26:         if not (self.next):
--------------------------------------------------------------------------------
[0.10087 s] [32mkilled[0m by 0-ts/test_linked_list1.py::test_ll_no_cycle

def test_ll_no_cycle():
        head = ListNode(3)
        head.next = ListNode(4)
        head.next.next = ListNode(5)
        cycle_start = ListNode(6)
        head.next.next.next = cycle_start
        cycle_start.next = ListNode(7)
        cycle_start.next.next = ListNode(8)
    
>       assert head.contains_cycle() is False
E       AssertionError

0-ts/test_linked_list1.py:27: AssertionError
[36m   -[0m [#  25] OIL linked_list1: 
--------------------------------------------------------------------------------
  32:             if slow_pointer:
  33:                 slow_pointer = slow_pointer.next
  34:             if (fast_pointer and fast_pointer.next):
  35:                 fast_pointer = fast_pointer.next.next
[34m- 36:         if slow_pointer is None:[0m
[34m- 37:             return None[0m
[34m- 38:         [0m
[32m+ 36:             break[0m
[32m+ 37:         if slow_pointer is None:[0m
[32m+ 38:             return None[0m
  39:         slow_pointer = self
  40:         
  41:         while slow_pointer is not fast_pointer:
  42:             
--------------------------------------------------------------------------------
[5.00663 s] [33mtimeout[0m
[36m   -[0m [#  26] OIL linked_list1: 
--------------------------------------------------------------------------------
  41:         while slow_pointer is not fast_pointer:
  42:             
  43:             slow_pointer = slow_pointer.next
  44:             fast_pointer = fast_pointer.next
[34m- 45:         [0m
[32m+ 45:             break[0m
  46:         return slow_pointer
  47:     
  48:     def reverse(self):
  49:         prev = None
--------------------------------------------------------------------------------
[0.13303 s] [32mkilled[0m by 0-ts/test_linked_list1.py::test_ll_get_cycle_start

def test_ll_get_cycle_start():
        head = ListNode(3)
        head.next = ListNode(4)
        head.next.next = ListNode(5)
        cycle_start = ListNode(6)
        head.next.next.next = cycle_start
        cycle_start.next = ListNode(7)
        cycle_start.next.next = ListNode(8)
        cycle_start.next.next.next = cycle_start
    
>       assert head.get_beginning_of_cycle_if_exists() == cycle_start
E       AssertionError

0-ts/test_linked_list1.py:44: AssertionError
[36m   -[0m [#  27] OIL linked_list1: 
--------------------------------------------------------------------------------
  52:             next_node = head.next
  53:             head.next = prev
  54:             prev = head
  55:             head = next_node
[34m- 56:         head.next = prev[0m
[34m- 57:         return head[0m
[34m- 58:     [0m
[32m+ 56:             break[0m
[32m+ 57:         head.next = prev[0m
[32m+ 58:         return head[0m
  59:     def reverse_recursive(self):
  60:         def rev(node):
  61:             if not (node.next):
  62:                 rev.head = node
--------------------------------------------------------------------------------
[0.12023 s] [32mkilled[0m by 0-ts/test_linked_list1.py::test_reverse

def test_reverse():
        head = ListNode(1)
        head.next = ListNode(2)
        head.next.next = ListNode(3)
        assert head.val == 1
        assert head.next.val == 2
        assert head.next.next.val == 3
        head = head.reverse()
>       assert head.val == 3
E       AssertionError

0-ts/test_linked_list1.py:71: AssertionError
[36m   -[0m [#  28] SDI linked_list1: 
--------------------------------------------------------------------------------
   1: class ListNode:
   2:     
[34m-  3:     def __init__(self, val, next=None):[0m
[34m-  4:         self.val = val[0m
[34m-  5:         self.next = next[0m
[34m-  6:     [0m
[32m+  3:     @staticmethod[0m
[32m+  4:     def __init__(self, val, next=None):[0m
[32m+  5:         self.val = val[0m
[32m+  6:         self.next = next[0m
   7:     def contains_cycle(self):
   8:         
   9:         if not (self.next):
  10:             return False
--------------------------------------------------------------------------------
[0.09843 s] [36mincompetent[0m

TypeError: /home/lucca/desktop/ic/experimento/testes/python_experiments2/linked-list1/0-ts/test_linked_list1.py:6: TypeError: ListNode.__init__() missing 1 required positional argument: 'val'

[36m   -[0m [#  29] SDI linked_list1: 
--------------------------------------------------------------------------------
   3:     def __init__(self, val, next=None):
   4:         self.val = val
   5:         self.next = next
   6:     
[34m-  7:     def contains_cycle(self):[0m
[34m-  8:         [0m
[34m-  9:         if not (self.next):[0m
[34m- 10:             return False[0m
[34m- 11:         slow_pointer = self.next[0m
[34m- 12:         fast_pointer = self.next.next[0m
[34m- 13:         [0m
[34m- 14:         while slow_pointer is not fast_pointer:[0m
[34m- 15:             if slow_pointer:[0m
[34m- 16:                 slow_pointer = slow_pointer.next[0m
[34m- 17:             if (fast_pointer and fast_pointer.next):[0m
[34m- 18:                 fast_pointer = fast_pointer.next.next[0m
[34m- 19:         if slow_pointer is None:[0m
[34m- 20:             return False[0m
[34m- 21:         else:[0m
[34m- 22:             return True[0m
[34m- 23:     [0m
[32m+  7:     @staticmethod[0m
[32m+  8:     def contains_cycle(self):[0m
[32m+  9:         [0m
[32m+ 10:         if not (self.next):[0m
[32m+ 11:             return False[0m
[32m+ 12:         slow_pointer = self.next[0m
[32m+ 13:         fast_pointer = self.next.next[0m
[32m+ 14:         [0m
[32m+ 15:         while slow_pointer is not fast_pointer:[0m
[32m+ 16:             if slow_pointer:[0m
[32m+ 17:                 slow_pointer = slow_pointer.next[0m
[32m+ 18:             if (fast_pointer and fast_pointer.next):[0m
[32m+ 19:                 fast_pointer = fast_pointer.next.next[0m
[32m+ 20:         if slow_pointer is None:[0m
[32m+ 21:             return False[0m
[32m+ 22:         else:[0m
[32m+ 23:             return True[0m
  24:     def get_beginning_of_cycle_if_exists(self):
  25:         
  26:         if not (self.next):
  27:             return None
--------------------------------------------------------------------------------
[0.13307 s] [36mincompetent[0m

TypeError: /home/lucca/desktop/ic/experimento/testes/python_experiments2/linked-list1/0-ts/test_linked_list1.py:15: TypeError: ListNode.contains_cycle() missing 1 required positional argument: 'self'

[36m   -[0m [#  30] SDI linked_list1: 
--------------------------------------------------------------------------------
  20:             return False
  21:         else:
  22:             return True
  23:     
[34m- 24:     def get_beginning_of_cycle_if_exists(self):[0m
[34m- 25:         [0m
[34m- 26:         if not (self.next):[0m
[34m- 27:             return None[0m
[34m- 28:         slow_pointer = self.next[0m
[34m- 29:         fast_pointer = self.next.next[0m
[34m- 30:         [0m
[34m- 31:         while slow_pointer is not fast_pointer:[0m
[34m- 32:             if slow_pointer:[0m
[34m- 33:                 slow_pointer = slow_pointer.next[0m
[34m- 34:             if (fast_pointer and fast_pointer.next):[0m
[34m- 35:                 fast_pointer = fast_pointer.next.next[0m
[34m- 36:         if slow_pointer is None:[0m
[34m- 37:             return None[0m
[34m- 38:         [0m
[34m- 39:         slow_pointer = self[0m
[34m- 40:         [0m
[34m- 41:         while slow_pointer is not fast_pointer:[0m
[34m- 42:             [0m
[34m- 43:             slow_pointer = slow_pointer.next[0m
[34m- 44:             fast_pointer = fast_pointer.next[0m
[34m- 45:         [0m
[34m- 46:         return slow_pointer[0m
[34m- 47:     [0m
[32m+ 24:     @staticmethod[0m
[32m+ 25:     def get_beginning_of_cycle_if_exists(self):[0m
[32m+ 26:         [0m
[32m+ 27:         if not (self.next):[0m
[32m+ 28:             return None[0m
[32m+ 29:         slow_pointer = self.next[0m
[32m+ 30:         fast_pointer = self.next.next[0m
[32m+ 31:         [0m
[32m+ 32:         while slow_pointer is not fast_pointer:[0m
[32m+ 33:             if slow_pointer:[0m
[32m+ 34:                 slow_pointer = slow_pointer.next[0m
[32m+ 35:             if (fast_pointer and fast_pointer.next):[0m
[32m+ 36:                 fast_pointer = fast_pointer.next.next[0m
[32m+ 37:         if slow_pointer is None:[0m
[32m+ 38:             return None[0m
[32m+ 39:         [0m
[32m+ 40:         slow_pointer = self[0m
[32m+ 41:         [0m
[32m+ 42:         while slow_pointer is not fast_pointer:[0m
[32m+ 43:             [0m
[32m+ 44:             slow_pointer = slow_pointer.next[0m
[32m+ 45:             fast_pointer = fast_pointer.next[0m
[32m+ 46:         [0m
[32m+ 47:         return slow_pointer[0m
  48:     def reverse(self):
  49:         prev = None
  50:         head = self
  51:         while head.next:
--------------------------------------------------------------------------------
[0.10556 s] [36mincompetent[0m

TypeError: /home/lucca/desktop/ic/experimento/testes/python_experiments2/linked-list1/0-ts/test_linked_list1.py:44: TypeError: ListNode.get_beginning_of_cycle_if_exists() missing 1 required positional argument: 'self'

[36m   -[0m [#  31] SDI linked_list1: 
--------------------------------------------------------------------------------
  44:             fast_pointer = fast_pointer.next
  45:         
  46:         return slow_pointer
  47:     
[34m- 48:     def reverse(self):[0m
[34m- 49:         prev = None[0m
[34m- 50:         head = self[0m
[34m- 51:         while head.next:[0m
[34m- 52:             next_node = head.next[0m
[34m- 53:             head.next = prev[0m
[34m- 54:             prev = head[0m
[34m- 55:             head = next_node[0m
[34m- 56:         head.next = prev[0m
[34m- 57:         return head[0m
[34m- 58:     [0m
[32m+ 48:     @staticmethod[0m
[32m+ 49:     def reverse(self):[0m
[32m+ 50:         prev = None[0m
[32m+ 51:         head = self[0m
[32m+ 52:         while head.next:[0m
[32m+ 53:             next_node = head.next[0m
[32m+ 54:             head.next = prev[0m
[32m+ 55:             prev = head[0m
[32m+ 56:             head = next_node[0m
[32m+ 57:         head.next = prev[0m
[32m+ 58:         return head[0m
  59:     def reverse_recursive(self):
  60:         def rev(node):
  61:             if not (node.next):
  62:                 rev.head = node
--------------------------------------------------------------------------------
[0.11196 s] [36mincompetent[0m

TypeError: /home/lucca/desktop/ic/experimento/testes/python_experiments2/linked-list1/0-ts/test_linked_list1.py:70: TypeError: ListNode.reverse() missing 1 required positional argument: 'self'

[36m   -[0m [#  32] SDI linked_list1: 
--------------------------------------------------------------------------------
  55:             head = next_node
  56:         head.next = prev
  57:         return head
  58:     
[34m- 59:     def reverse_recursive(self):[0m
[34m- 60:         def rev(node):[0m
[34m- 61:             if not (node.next):[0m
[34m- 62:                 rev.head = node[0m
[34m- 63:                 return[0m
[34m- 64:             rev(node.next)[0m
[34m- 65:             temp = node.next[0m
[34m- 66:             temp.next = node[0m
[34m- 67:             node.next = None[0m
[34m- 68:         rev.head = self[0m
[34m- 69:         rev(self)[0m
[34m- 70:         [0m
[34m- 71:         return rev.head[0m
[32m+ 59:     @staticmethod[0m
[32m+ 60:     def reverse_recursive(self):[0m
[32m+ 61:         def rev(node):[0m
[32m+ 62:             if not (node.next):[0m
[32m+ 63:                 rev.head = node[0m
[32m+ 64:                 return[0m
[32m+ 65:             rev(node.next)[0m
[32m+ 66:             temp = node.next[0m
[32m+ 67:             temp.next = node[0m
[32m+ 68:             node.next = None[0m
[32m+ 69:         rev.head = self[0m
[32m+ 70:         rev(self)[0m
[32m+ 71:         [0m
[32m+ 72:         return rev.head[0m
--------------------------------------------------------------------------------
[0.15569 s] [36mincompetent[0m

TypeError: /home/lucca/desktop/ic/experimento/testes/python_experiments2/linked-list1/0-ts/test_linked_list1.py:83: TypeError: ListNode.reverse_recursive() missing 1 required positional argument: 'self'

[36m   -[0m [#  33] SDL linked_list1: 
--------------------------------------------------------------------------------
   1: class ListNode:
   2:     
   3:     def __init__(self, val, next=None):
[34m-  4:         self.val = val[0m
[32m+  4:         pass[0m
   5:         self.next = next
   6:     
   7:     def contains_cycle(self):
   8:         
--------------------------------------------------------------------------------
[0.15261 s] [32mkilled[0m by 0-ts/test_linked_list1.py::test_reverse

def test_reverse():
        head = ListNode(1)
        head.next = ListNode(2)
        head.next.next = ListNode(3)
>       assert head.val == 1
E       AttributeError: 'ListNode' object has no attribute 'val'

0-ts/test_linked_list1.py:67: AttributeError
[36m   -[0m [#  34] SDL linked_list1: 
--------------------------------------------------------------------------------
   1: class ListNode:
   2:     
   3:     def __init__(self, val, next=None):
   4:         self.val = val
[34m-  5:         self.next = next[0m
[32m+  5:         pass[0m
   6:     
   7:     def contains_cycle(self):
   8:         
   9:         if not (self.next):
--------------------------------------------------------------------------------
[0.12921 s] [32mkilled[0m by 0-ts/test_linked_list1.py::test_ll_no_cycle

def test_ll_no_cycle():
        head = ListNode(3)
        head.next = ListNode(4)
        head.next.next = ListNode(5)
        cycle_start = ListNode(6)
        head.next.next.next = cycle_start
        cycle_start.next = ListNode(7)
        cycle_start.next.next = ListNode(8)
    
>       assert head.contains_cycle() is False

0-ts/test_linked_list1.py:27: 
_ _ _ _ _ _ _ _ _ _ _ _ _ _ _ _ _ _ _ _ _ _ _ _ _ _ _ _ _ _ _ _ _ _ _ _ _ _ _ _ 

self = <linked_list1.ListNode object at 0x7f3d8ed99ff0>

>   ???
E   AttributeError: 'ListNode' object has no attribute 'next'

linked_list1:18: AttributeError
[36m   -[0m [#  35] SDL linked_list1: 
--------------------------------------------------------------------------------
   6:     
   7:     def contains_cycle(self):
   8:         
   9:         if not (self.next):
[34m- 10:             return False[0m
[32m+ 10:             pass[0m
  11:         slow_pointer = self.next
  12:         fast_pointer = self.next.next
  13:         
  14:         while slow_pointer is not fast_pointer:
--------------------------------------------------------------------------------
[0.13035 s] [32mkilled[0m by 0-ts/test_linked_list1.py::test_ll_cycle_on_single_node

def test_ll_cycle_on_single_node():
>       assert ListNode(1).contains_cycle() is False

0-ts/test_linked_list1.py:31: 
_ _ _ _ _ _ _ _ _ _ _ _ _ _ _ _ _ _ _ _ _ _ _ _ _ _ _ _ _ _ _ _ _ _ _ _ _ _ _ _ 

self = <linked_list1.ListNode object at 0x7f3d8ed35cf0>

>   ???
E   AttributeError: 'NoneType' object has no attribute 'next'

linked_list1:12: AttributeError
[36m   -[0m [#  36] SDL linked_list1: 
--------------------------------------------------------------------------------
   7:     def contains_cycle(self):
   8:         
   9:         if not (self.next):
  10:             return False
[34m- 11:         slow_pointer = self.next[0m
[32m+ 11:         pass[0m
  12:         fast_pointer = self.next.next
  13:         
  14:         while slow_pointer is not fast_pointer:
  15:             if slow_pointer:
--------------------------------------------------------------------------------
[0.12039 s] [32mkilled[0m by 0-ts/test_linked_list1.py::test_ll_contains_cycle

def test_ll_contains_cycle():
        head = ListNode(3)
        head.next = ListNode(4)
        head.next.next = ListNode(5)
        cycle_start = ListNode(6)
        head.next.next.next = cycle_start
        cycle_start.next = ListNode(7)
        cycle_start.next.next = ListNode(8)
        cycle_start.next.next.next = cycle_start
    
>       assert head.contains_cycle() is True

0-ts/test_linked_list1.py:15: 
_ _ _ _ _ _ _ _ _ _ _ _ _ _ _ _ _ _ _ _ _ _ _ _ _ _ _ _ _ _ _ _ _ _ _ _ _ _ _ _ 

self = <linked_list1.ListNode object at 0x7f3d8ebc1e10>

>   ???
E   UnboundLocalError: local variable 'slow_pointer' referenced before assignment

linked_list1:14: UnboundLocalError
[36m   -[0m [#  37] SDL linked_list1: 
--------------------------------------------------------------------------------
   8:         
   9:         if not (self.next):
  10:             return False
  11:         slow_pointer = self.next
[34m- 12:         fast_pointer = self.next.next[0m
[32m+ 12:         pass[0m
  13:         
  14:         while slow_pointer is not fast_pointer:
  15:             if slow_pointer:
  16:                 slow_pointer = slow_pointer.next
--------------------------------------------------------------------------------
[0.13554 s] [32mkilled[0m by 0-ts/test_linked_list1.py::test_ll_contains_cycle

def test_ll_contains_cycle():
        head = ListNode(3)
        head.next = ListNode(4)
        head.next.next = ListNode(5)
        cycle_start = ListNode(6)
        head.next.next.next = cycle_start
        cycle_start.next = ListNode(7)
        cycle_start.next.next = ListNode(8)
        cycle_start.next.next.next = cycle_start
    
>       assert head.contains_cycle() is True

0-ts/test_linked_list1.py:15: 
_ _ _ _ _ _ _ _ _ _ _ _ _ _ _ _ _ _ _ _ _ _ _ _ _ _ _ _ _ _ _ _ _ _ _ _ _ _ _ _ 

self = <linked_list1.ListNode object at 0x7f3d8ed43490>

>   ???
E   UnboundLocalError: local variable 'fast_pointer' referenced before assignment

linked_list1:14: UnboundLocalError
[36m   -[0m [#  38] SDL linked_list1: 
--------------------------------------------------------------------------------
  12:         fast_pointer = self.next.next
  13:         
  14:         while slow_pointer is not fast_pointer:
  15:             if slow_pointer:
[34m- 16:                 slow_pointer = slow_pointer.next[0m
[32m+ 16:                 pass[0m
  17:             if (fast_pointer and fast_pointer.next):
  18:                 fast_pointer = fast_pointer.next.next
  19:         if slow_pointer is None:
  20:             return False
--------------------------------------------------------------------------------
[5.00773 s] [33mtimeout[0m
[36m   -[0m [#  39] SDL linked_list1: 
--------------------------------------------------------------------------------
  14:         while slow_pointer is not fast_pointer:
  15:             if slow_pointer:
  16:                 slow_pointer = slow_pointer.next
  17:             if (fast_pointer and fast_pointer.next):
[34m- 18:                 fast_pointer = fast_pointer.next.next[0m
[32m+ 18:                 pass[0m
  19:         if slow_pointer is None:
  20:             return False
  21:         else:
  22:             return True
--------------------------------------------------------------------------------
[0.12185 s] [32mkilled[0m by 0-ts/test_linked_list1.py::test_ll_no_cycle

def test_ll_no_cycle():
        head = ListNode(3)
        head.next = ListNode(4)
        head.next.next = ListNode(5)
        cycle_start = ListNode(6)
        head.next.next.next = cycle_start
        cycle_start.next = ListNode(7)
        cycle_start.next.next = ListNode(8)
    
>       assert head.contains_cycle() is False
E       AssertionError

0-ts/test_linked_list1.py:27: AssertionError
[36m   -[0m [#  40] SDL linked_list1: 
--------------------------------------------------------------------------------
  16:                 slow_pointer = slow_pointer.next
  17:             if (fast_pointer and fast_pointer.next):
  18:                 fast_pointer = fast_pointer.next.next
  19:         if slow_pointer is None:
[34m- 20:             return False[0m
[32m+ 20:             pass[0m
  21:         else:
  22:             return True
  23:     
  24:     def get_beginning_of_cycle_if_exists(self):
--------------------------------------------------------------------------------
[0.12104 s] [32mkilled[0m by 0-ts/test_linked_list1.py::test_ll_no_cycle

def test_ll_no_cycle():
        head = ListNode(3)
        head.next = ListNode(4)
        head.next.next = ListNode(5)
        cycle_start = ListNode(6)
        head.next.next.next = cycle_start
        cycle_start.next = ListNode(7)
        cycle_start.next.next = ListNode(8)
    
>       assert head.contains_cycle() is False
E       AssertionError

0-ts/test_linked_list1.py:27: AssertionError
[36m   -[0m [#  41] SDL linked_list1: 
--------------------------------------------------------------------------------
  18:                 fast_pointer = fast_pointer.next.next
  19:         if slow_pointer is None:
  20:             return False
  21:         else:
[34m- 22:             return True[0m
[32m+ 22:             pass[0m
  23:     
  24:     def get_beginning_of_cycle_if_exists(self):
  25:         
  26:         if not (self.next):
--------------------------------------------------------------------------------
[0.13058 s] [32mkilled[0m by 0-ts/test_linked_list1.py::test_ll_contains_cycle

def test_ll_contains_cycle():
        head = ListNode(3)
        head.next = ListNode(4)
        head.next.next = ListNode(5)
        cycle_start = ListNode(6)
        head.next.next.next = cycle_start
        cycle_start.next = ListNode(7)
        cycle_start.next.next = ListNode(8)
        cycle_start.next.next.next = cycle_start
    
>       assert head.contains_cycle() is True
E       AssertionError

0-ts/test_linked_list1.py:15: AssertionError
[36m   -[0m [#  42] SDL linked_list1: 
--------------------------------------------------------------------------------
  23:     
  24:     def get_beginning_of_cycle_if_exists(self):
  25:         
  26:         if not (self.next):
[34m- 27:             return None[0m
[32m+ 27:             pass[0m
  28:         slow_pointer = self.next
  29:         fast_pointer = self.next.next
  30:         
  31:         while slow_pointer is not fast_pointer:
--------------------------------------------------------------------------------
[0.12733 s] [32mkilled[0m by 0-ts/test_linked_list1.py::test_ll_get_cycle_start_on_single_node

def test_ll_get_cycle_start_on_single_node():
>       assert ListNode(1).get_beginning_of_cycle_if_exists() is None

0-ts/test_linked_list1.py:60: 
_ _ _ _ _ _ _ _ _ _ _ _ _ _ _ _ _ _ _ _ _ _ _ _ _ _ _ _ _ _ _ _ _ _ _ _ _ _ _ _ 

self = <linked_list1.ListNode object at 0x7f3d8ed43ee0>

>   ???
E   AttributeError: 'NoneType' object has no attribute 'next'

linked_list1:29: AttributeError
[36m   -[0m [#  43] SDL linked_list1: 
--------------------------------------------------------------------------------
  24:     def get_beginning_of_cycle_if_exists(self):
  25:         
  26:         if not (self.next):
  27:             return None
[34m- 28:         slow_pointer = self.next[0m
[32m+ 28:         pass[0m
  29:         fast_pointer = self.next.next
  30:         
  31:         while slow_pointer is not fast_pointer:
  32:             if slow_pointer:
--------------------------------------------------------------------------------
[0.12251 s] [32mkilled[0m by 0-ts/test_linked_list1.py::test_ll_get_cycle_start

def test_ll_get_cycle_start():
        head = ListNode(3)
        head.next = ListNode(4)
        head.next.next = ListNode(5)
        cycle_start = ListNode(6)
        head.next.next.next = cycle_start
        cycle_start.next = ListNode(7)
        cycle_start.next.next = ListNode(8)
        cycle_start.next.next.next = cycle_start
    
>       assert head.get_beginning_of_cycle_if_exists() == cycle_start

0-ts/test_linked_list1.py:44: 
_ _ _ _ _ _ _ _ _ _ _ _ _ _ _ _ _ _ _ _ _ _ _ _ _ _ _ _ _ _ _ _ _ _ _ _ _ _ _ _ 

self = <linked_list1.ListNode object at 0x7f3d8eb554b0>

>   ???
E   UnboundLocalError: local variable 'slow_pointer' referenced before assignment

linked_list1:31: UnboundLocalError
[36m   -[0m [#  44] SDL linked_list1: 
--------------------------------------------------------------------------------
  25:         
  26:         if not (self.next):
  27:             return None
  28:         slow_pointer = self.next
[34m- 29:         fast_pointer = self.next.next[0m
[32m+ 29:         pass[0m
  30:         
  31:         while slow_pointer is not fast_pointer:
  32:             if slow_pointer:
  33:                 slow_pointer = slow_pointer.next
--------------------------------------------------------------------------------
[0.13127 s] [32mkilled[0m by 0-ts/test_linked_list1.py::test_ll_get_cycle_start

def test_ll_get_cycle_start():
        head = ListNode(3)
        head.next = ListNode(4)
        head.next.next = ListNode(5)
        cycle_start = ListNode(6)
        head.next.next.next = cycle_start
        cycle_start.next = ListNode(7)
        cycle_start.next.next = ListNode(8)
        cycle_start.next.next.next = cycle_start
    
>       assert head.get_beginning_of_cycle_if_exists() == cycle_start

0-ts/test_linked_list1.py:44: 
_ _ _ _ _ _ _ _ _ _ _ _ _ _ _ _ _ _ _ _ _ _ _ _ _ _ _ _ _ _ _ _ _ _ _ _ _ _ _ _ 

self = <linked_list1.ListNode object at 0x7f3d8eea4f70>

>   ???
E   UnboundLocalError: local variable 'fast_pointer' referenced before assignment

linked_list1:31: UnboundLocalError
[36m   -[0m [#  45] SDL linked_list1: 
--------------------------------------------------------------------------------
  29:         fast_pointer = self.next.next
  30:         
  31:         while slow_pointer is not fast_pointer:
  32:             if slow_pointer:
[34m- 33:                 slow_pointer = slow_pointer.next[0m
[32m+ 33:                 pass[0m
  34:             if (fast_pointer and fast_pointer.next):
  35:                 fast_pointer = fast_pointer.next.next
  36:         if slow_pointer is None:
  37:             return None
--------------------------------------------------------------------------------
[5.00767 s] [33mtimeout[0m
[36m   -[0m [#  46] SDL linked_list1: 
--------------------------------------------------------------------------------
  31:         while slow_pointer is not fast_pointer:
  32:             if slow_pointer:
  33:                 slow_pointer = slow_pointer.next
  34:             if (fast_pointer and fast_pointer.next):
[34m- 35:                 fast_pointer = fast_pointer.next.next[0m
[32m+ 35:                 pass[0m
  36:         if slow_pointer is None:
  37:             return None
  38:         
  39:         slow_pointer = self
--------------------------------------------------------------------------------
[5.00674 s] [33mtimeout[0m
[36m   -[0m [#  47] SDL linked_list1: 
--------------------------------------------------------------------------------
  33:                 slow_pointer = slow_pointer.next
  34:             if (fast_pointer and fast_pointer.next):
  35:                 fast_pointer = fast_pointer.next.next
  36:         if slow_pointer is None:
[34m- 37:             return None[0m
[32m+ 37:             pass[0m
  38:         
  39:         slow_pointer = self
  40:         
  41:         while slow_pointer is not fast_pointer:
--------------------------------------------------------------------------------
[0.10529 s] [32mkilled[0m by 0-ts/test_linked_list1.py::test_ll_get_cycle_start_no_cycle

def test_ll_get_cycle_start_no_cycle():
        head = ListNode(3)
        head.next = ListNode(4)
        head.next.next = ListNode(5)
        cycle_start = ListNode(6)
        head.next.next.next = cycle_start
        cycle_start.next = ListNode(7)
        cycle_start.next.next = ListNode(8)
    
>       assert head.get_beginning_of_cycle_if_exists() is None

0-ts/test_linked_list1.py:56: 
_ _ _ _ _ _ _ _ _ _ _ _ _ _ _ _ _ _ _ _ _ _ _ _ _ _ _ _ _ _ _ _ _ _ _ _ _ _ _ _ 

self = <linked_list1.ListNode object at 0x7f3d8ed39c30>

>   ???
E   AttributeError: 'NoneType' object has no attribute 'next'

linked_list1:44: AttributeError
[36m   -[0m [#  48] SDL linked_list1: 
--------------------------------------------------------------------------------
  35:                 fast_pointer = fast_pointer.next.next
  36:         if slow_pointer is None:
  37:             return None
  38:         
[34m- 39:         slow_pointer = self[0m
[32m+ 39:         pass[0m
  40:         
  41:         while slow_pointer is not fast_pointer:
  42:             
  43:             slow_pointer = slow_pointer.next
--------------------------------------------------------------------------------
[0.11322 s] [31msurvived[0m
[36m   -[0m [#  49] SDL linked_list1: 
--------------------------------------------------------------------------------
  39:         slow_pointer = self
  40:         
  41:         while slow_pointer is not fast_pointer:
  42:             
[34m- 43:             slow_pointer = slow_pointer.next[0m
[32m+ 43:             pass[0m
  44:             fast_pointer = fast_pointer.next
  45:         
  46:         return slow_pointer
  47:     
--------------------------------------------------------------------------------
[5.00662 s] [33mtimeout[0m
[36m   -[0m [#  50] SDL linked_list1: 
--------------------------------------------------------------------------------
  40:         
  41:         while slow_pointer is not fast_pointer:
  42:             
  43:             slow_pointer = slow_pointer.next
[34m- 44:             fast_pointer = fast_pointer.next[0m
[32m+ 44:             pass[0m
  45:         
  46:         return slow_pointer
  47:     
  48:     def reverse(self):
--------------------------------------------------------------------------------
[0.11197 s] [31msurvived[0m
[36m   -[0m [#  51] SDL linked_list1: 
--------------------------------------------------------------------------------
  42:             
  43:             slow_pointer = slow_pointer.next
  44:             fast_pointer = fast_pointer.next
  45:         
[34m- 46:         return slow_pointer[0m
[32m+ 46:         pass[0m
  47:     
  48:     def reverse(self):
  49:         prev = None
  50:         head = self
--------------------------------------------------------------------------------
[0.15330 s] [32mkilled[0m by 0-ts/test_linked_list1.py::test_ll_get_cycle_start

def test_ll_get_cycle_start():
        head = ListNode(3)
        head.next = ListNode(4)
        head.next.next = ListNode(5)
        cycle_start = ListNode(6)
        head.next.next.next = cycle_start
        cycle_start.next = ListNode(7)
        cycle_start.next.next = ListNode(8)
        cycle_start.next.next.next = cycle_start
    
>       assert head.get_beginning_of_cycle_if_exists() == cycle_start
E       AssertionError

0-ts/test_linked_list1.py:44: AssertionError
[36m   -[0m [#  52] SDL linked_list1: 
--------------------------------------------------------------------------------
  45:         
  46:         return slow_pointer
  47:     
  48:     def reverse(self):
[34m- 49:         prev = None[0m
[32m+ 49:         pass[0m
  50:         head = self
  51:         while head.next:
  52:             next_node = head.next
  53:             head.next = prev
--------------------------------------------------------------------------------
[0.14566 s] [32mkilled[0m by 0-ts/test_linked_list1.py::test_reverse

def test_reverse():
        head = ListNode(1)
        head.next = ListNode(2)
        head.next.next = ListNode(3)
        assert head.val == 1
        assert head.next.val == 2
        assert head.next.next.val == 3
>       head = head.reverse()

0-ts/test_linked_list1.py:70: 
_ _ _ _ _ _ _ _ _ _ _ _ _ _ _ _ _ _ _ _ _ _ _ _ _ _ _ _ _ _ _ _ _ _ _ _ _ _ _ _ 

self = <linked_list1.ListNode object at 0x7f3d8ec2e410>

>   ???
E   UnboundLocalError: local variable 'prev' referenced before assignment

linked_list1:53: UnboundLocalError
[36m   -[0m [#  53] SDL linked_list1: 
--------------------------------------------------------------------------------
  46:         return slow_pointer
  47:     
  48:     def reverse(self):
  49:         prev = None
[34m- 50:         head = self[0m
[32m+ 50:         pass[0m
  51:         while head.next:
  52:             next_node = head.next
  53:             head.next = prev
  54:             prev = head
--------------------------------------------------------------------------------
[0.10042 s] [32mkilled[0m by 0-ts/test_linked_list1.py::test_reverse

def test_reverse():
        head = ListNode(1)
        head.next = ListNode(2)
        head.next.next = ListNode(3)
        assert head.val == 1
        assert head.next.val == 2
        assert head.next.next.val == 3
>       head = head.reverse()

0-ts/test_linked_list1.py:70: 
_ _ _ _ _ _ _ _ _ _ _ _ _ _ _ _ _ _ _ _ _ _ _ _ _ _ _ _ _ _ _ _ _ _ _ _ _ _ _ _ 

self = <linked_list1.ListNode object at 0x7f3d8eed1090>

>   ???
E   UnboundLocalError: local variable 'head' referenced before assignment

linked_list1:51: UnboundLocalError
[36m   -[0m [#  54] SDL linked_list1: 
--------------------------------------------------------------------------------
  48:     def reverse(self):
  49:         prev = None
  50:         head = self
  51:         while head.next:
[34m- 52:             next_node = head.next[0m
[32m+ 52:             pass[0m
  53:             head.next = prev
  54:             prev = head
  55:             head = next_node
  56:         head.next = prev
--------------------------------------------------------------------------------
[0.13059 s] [32mkilled[0m by 0-ts/test_linked_list1.py::test_reverse

def test_reverse():
        head = ListNode(1)
        head.next = ListNode(2)
        head.next.next = ListNode(3)
        assert head.val == 1
        assert head.next.val == 2
        assert head.next.next.val == 3
>       head = head.reverse()

0-ts/test_linked_list1.py:70: 
_ _ _ _ _ _ _ _ _ _ _ _ _ _ _ _ _ _ _ _ _ _ _ _ _ _ _ _ _ _ _ _ _ _ _ _ _ _ _ _ 

self = <linked_list1.ListNode object at 0x7f3d8ed3a800>

>   ???
E   NameError: name 'next_node' is not defined

linked_list1:55: NameError
[36m   -[0m [#  55] SDL linked_list1: 
--------------------------------------------------------------------------------
  49:         prev = None
  50:         head = self
  51:         while head.next:
  52:             next_node = head.next
[34m- 53:             head.next = prev[0m
[32m+ 53:             pass[0m
  54:             prev = head
  55:             head = next_node
  56:         head.next = prev
  57:         return head
--------------------------------------------------------------------------------
[0.10446 s] [32mkilled[0m by 0-ts/test_linked_list1.py::test_reverse

def test_reverse():
        head = ListNode(1)
        head.next = ListNode(2)
        head.next.next = ListNode(3)
        assert head.val == 1
        assert head.next.val == 2
        assert head.next.next.val == 3
        head = head.reverse()
        assert head.val == 3
        assert head.next.val == 2
>       assert head.next.next.val == 1
E       AssertionError

0-ts/test_linked_list1.py:73: AssertionError
[36m   -[0m [#  56] SDL linked_list1: 
--------------------------------------------------------------------------------
  50:         head = self
  51:         while head.next:
  52:             next_node = head.next
  53:             head.next = prev
[34m- 54:             prev = head[0m
[32m+ 54:             pass[0m
  55:             head = next_node
  56:         head.next = prev
  57:         return head
  58:     
--------------------------------------------------------------------------------
[0.10312 s] [32mkilled[0m by 0-ts/test_linked_list1.py::test_reverse

def test_reverse():
        head = ListNode(1)
        head.next = ListNode(2)
        head.next.next = ListNode(3)
        assert head.val == 1
        assert head.next.val == 2
        assert head.next.next.val == 3
        head = head.reverse()
        assert head.val == 3
>       assert head.next.val == 2
E       AttributeError: 'NoneType' object has no attribute 'val'

0-ts/test_linked_list1.py:72: AttributeError
[36m   -[0m [#  57] SDL linked_list1: 
--------------------------------------------------------------------------------
  51:         while head.next:
  52:             next_node = head.next
  53:             head.next = prev
  54:             prev = head
[34m- 55:             head = next_node[0m
[32m+ 55:             pass[0m
  56:         head.next = prev
  57:         return head
  58:     
  59:     def reverse_recursive(self):
--------------------------------------------------------------------------------
[0.12747 s] [32mkilled[0m by 0-ts/test_linked_list1.py::test_reverse

def test_reverse():
        head = ListNode(1)
        head.next = ListNode(2)
        head.next.next = ListNode(3)
        assert head.val == 1
        assert head.next.val == 2
        assert head.next.next.val == 3
        head = head.reverse()
>       assert head.val == 3
E       AssertionError

0-ts/test_linked_list1.py:71: AssertionError
[36m   -[0m [#  58] SDL linked_list1: 
--------------------------------------------------------------------------------
  52:             next_node = head.next
  53:             head.next = prev
  54:             prev = head
  55:             head = next_node
[34m- 56:         head.next = prev[0m
[32m+ 56:         pass[0m
  57:         return head
  58:     
  59:     def reverse_recursive(self):
  60:         def rev(node):
--------------------------------------------------------------------------------
[0.13040 s] [32mkilled[0m by 0-ts/test_linked_list1.py::test_reverse

def test_reverse():
        head = ListNode(1)
        head.next = ListNode(2)
        head.next.next = ListNode(3)
        assert head.val == 1
        assert head.next.val == 2
        assert head.next.next.val == 3
        head = head.reverse()
        assert head.val == 3
>       assert head.next.val == 2
E       AttributeError: 'NoneType' object has no attribute 'val'

0-ts/test_linked_list1.py:72: AttributeError
[36m   -[0m [#  59] SDL linked_list1: 
--------------------------------------------------------------------------------
  53:             head.next = prev
  54:             prev = head
  55:             head = next_node
  56:         head.next = prev
[34m- 57:         return head[0m
[32m+ 57:         pass[0m
  58:     
  59:     def reverse_recursive(self):
  60:         def rev(node):
  61:             if not (node.next):
--------------------------------------------------------------------------------
[0.10222 s] [32mkilled[0m by 0-ts/test_linked_list1.py::test_reverse

def test_reverse():
        head = ListNode(1)
        head.next = ListNode(2)
        head.next.next = ListNode(3)
        assert head.val == 1
        assert head.next.val == 2
        assert head.next.next.val == 3
        head = head.reverse()
>       assert head.val == 3
E       AttributeError: 'NoneType' object has no attribute 'val'

0-ts/test_linked_list1.py:71: AttributeError
[36m   -[0m [#  60] SDL linked_list1: 
--------------------------------------------------------------------------------
  58:     
  59:     def reverse_recursive(self):
  60:         def rev(node):
  61:             if not (node.next):
[34m- 62:                 rev.head = node[0m
[32m+ 62:                 pass[0m
  63:                 return
  64:             rev(node.next)
  65:             temp = node.next
  66:             temp.next = node
--------------------------------------------------------------------------------
[0.13086 s] [32mkilled[0m by 0-ts/test_linked_list1.py::test_reverse_recursive

def test_reverse_recursive():
        head = ListNode(1)
        head.next = ListNode(2)
        head.next.next = ListNode(3)
        assert head.val == 1
        assert head.next.val == 2
        assert head.next.next.val == 3
        head = head.reverse_recursive()
>       assert head.val == 3
E       AssertionError

0-ts/test_linked_list1.py:84: AssertionError
[36m   -[0m [#  61] SDL linked_list1: 
--------------------------------------------------------------------------------
  59:     def reverse_recursive(self):
  60:         def rev(node):
  61:             if not (node.next):
  62:                 rev.head = node
[34m- 63:                 return[0m
[32m+ 63:                 pass[0m
  64:             rev(node.next)
  65:             temp = node.next
  66:             temp.next = node
  67:             node.next = None
--------------------------------------------------------------------------------
[0.10822 s] [32mkilled[0m by 0-ts/test_linked_list1.py::test_reverse_recursive

def test_reverse_recursive():
        head = ListNode(1)
        head.next = ListNode(2)
        head.next.next = ListNode(3)
        assert head.val == 1
        assert head.next.val == 2
        assert head.next.next.val == 3
>       head = head.reverse_recursive()

0-ts/test_linked_list1.py:83: 
_ _ _ _ _ _ _ _ _ _ _ _ _ _ _ _ _ _ _ _ _ _ _ _ _ _ _ _ _ _ _ _ _ _ _ _ _ _ _ _ 
linked_list1:69: in reverse_recursive
    ???
linked_list1:64: in rev
    ???
linked_list1:64: in rev
    ???
linked_list1:64: in rev
    ???
_ _ _ _ _ _ _ _ _ _ _ _ _ _ _ _ _ _ _ _ _ _ _ _ _ _ _ _ _ _ _ _ _ _ _ _ _ _ _ _ 

node = None

>   ???
E   AttributeError: 'NoneType' object has no attribute 'next'

linked_list1:61: AttributeError
[36m   -[0m [#  62] SDL linked_list1: 
--------------------------------------------------------------------------------
  60:         def rev(node):
  61:             if not (node.next):
  62:                 rev.head = node
  63:                 return
[34m- 64:             rev(node.next)[0m
[32m+ 64:             pass[0m
  65:             temp = node.next
  66:             temp.next = node
  67:             node.next = None
  68:         rev.head = self
--------------------------------------------------------------------------------
[0.12834 s] [32mkilled[0m by 0-ts/test_linked_list1.py::test_reverse_recursive

def test_reverse_recursive():
        head = ListNode(1)
        head.next = ListNode(2)
        head.next.next = ListNode(3)
        assert head.val == 1
        assert head.next.val == 2
        assert head.next.next.val == 3
        head = head.reverse_recursive()
>       assert head.val == 3
E       AssertionError

0-ts/test_linked_list1.py:84: AssertionError
[36m   -[0m [#  63] SDL linked_list1: 
--------------------------------------------------------------------------------
  61:             if not (node.next):
  62:                 rev.head = node
  63:                 return
  64:             rev(node.next)
[34m- 65:             temp = node.next[0m
[32m+ 65:             pass[0m
  66:             temp.next = node
  67:             node.next = None
  68:         rev.head = self
  69:         rev(self)
--------------------------------------------------------------------------------
[0.13072 s] [32mkilled[0m by 0-ts/test_linked_list1.py::test_reverse_recursive

def test_reverse_recursive():
        head = ListNode(1)
        head.next = ListNode(2)
        head.next.next = ListNode(3)
        assert head.val == 1
        assert head.next.val == 2
        assert head.next.next.val == 3
>       head = head.reverse_recursive()

0-ts/test_linked_list1.py:83: 
_ _ _ _ _ _ _ _ _ _ _ _ _ _ _ _ _ _ _ _ _ _ _ _ _ _ _ _ _ _ _ _ _ _ _ _ _ _ _ _ 
linked_list1:69: in reverse_recursive
    ???
linked_list1:64: in rev
    ???
_ _ _ _ _ _ _ _ _ _ _ _ _ _ _ _ _ _ _ _ _ _ _ _ _ _ _ _ _ _ _ _ _ _ _ _ _ _ _ _ 

node = <linked_list1.ListNode object at 0x7f3d8ed38850>

>   ???
E   NameError: name 'temp' is not defined

linked_list1:66: NameError
[36m   -[0m [#  64] SDL linked_list1: 
--------------------------------------------------------------------------------
  62:                 rev.head = node
  63:                 return
  64:             rev(node.next)
  65:             temp = node.next
[34m- 66:             temp.next = node[0m
[32m+ 66:             pass[0m
  67:             node.next = None
  68:         rev.head = self
  69:         rev(self)
  70:         
--------------------------------------------------------------------------------
[0.13294 s] [32mkilled[0m by 0-ts/test_linked_list1.py::test_reverse_recursive

def test_reverse_recursive():
        head = ListNode(1)
        head.next = ListNode(2)
        head.next.next = ListNode(3)
        assert head.val == 1
        assert head.next.val == 2
        assert head.next.next.val == 3
        head = head.reverse_recursive()
        assert head.val == 3
>       assert head.next.val == 2
E       AttributeError: 'NoneType' object has no attribute 'val'

0-ts/test_linked_list1.py:85: AttributeError
[36m   -[0m [#  65] SDL linked_list1: 
--------------------------------------------------------------------------------
  63:                 return
  64:             rev(node.next)
  65:             temp = node.next
  66:             temp.next = node
[34m- 67:             node.next = None[0m
[32m+ 67:             pass[0m
  68:         rev.head = self
  69:         rev(self)
  70:         
  71:         return rev.head
--------------------------------------------------------------------------------
[0.11041 s] [31msurvived[0m
[36m   -[0m [#  66] SDL linked_list1: 
--------------------------------------------------------------------------------
  64:             rev(node.next)
  65:             temp = node.next
  66:             temp.next = node
  67:             node.next = None
[34m- 68:         rev.head = self[0m
[32m+ 68:         pass[0m
  69:         rev(self)
  70:         
  71:         return rev.head
--------------------------------------------------------------------------------
[0.11210 s] [31msurvived[0m
[36m   -[0m [#  67] SDL linked_list1: 
--------------------------------------------------------------------------------
  65:             temp = node.next
  66:             temp.next = node
  67:             node.next = None
  68:         rev.head = self
[34m- 69:         rev(self)[0m
[32m+ 69:         pass[0m
  70:         
  71:         return rev.head
--------------------------------------------------------------------------------
[0.13113 s] [32mkilled[0m by 0-ts/test_linked_list1.py::test_reverse_recursive

def test_reverse_recursive():
        head = ListNode(1)
        head.next = ListNode(2)
        head.next.next = ListNode(3)
        assert head.val == 1
        assert head.next.val == 2
        assert head.next.next.val == 3
        head = head.reverse_recursive()
>       assert head.val == 3
E       AssertionError

0-ts/test_linked_list1.py:84: AssertionError
[36m   -[0m [#  68] SDL linked_list1: 
--------------------------------------------------------------------------------
  67:             node.next = None
  68:         rev.head = self
  69:         rev(self)
  70:         
[34m- 71:         return rev.head[0m
[32m+ 71:         pass[0m
--------------------------------------------------------------------------------
[0.13330 s] [32mkilled[0m by 0-ts/test_linked_list1.py::test_reverse_recursive

def test_reverse_recursive():
        head = ListNode(1)
        head.next = ListNode(2)
        head.next.next = ListNode(3)
        assert head.val == 1
        assert head.next.val == 2
        assert head.next.next.val == 3
        head = head.reverse_recursive()
>       assert head.val == 3
E       AttributeError: 'NoneType' object has no attribute 'val'

0-ts/test_linked_list1.py:84: AttributeError
[36m   -[0m [#  69] SVD linked_list1: 
--------------------------------------------------------------------------------
   1: class ListNode:
   2:     
   3:     def __init__(self, val, next=None):
[34m-  4:         self.val = val[0m
[32m+  4:         val = val[0m
   5:         self.next = next
   6:     
   7:     def contains_cycle(self):
   8:         
--------------------------------------------------------------------------------
[0.00000 s] [36mincompetent[0m

ValueError: expression must have Store context but has Load instead

[36m   -[0m [#  70] SVD linked_list1: 
--------------------------------------------------------------------------------
   1: class ListNode:
   2:     
   3:     def __init__(self, val, next=None):
   4:         self.val = val
[34m-  5:         self.next = next[0m
[32m+  5:         next = next[0m
   6:     
   7:     def contains_cycle(self):
   8:         
   9:         if not (self.next):
--------------------------------------------------------------------------------
[0.00000 s] [36mincompetent[0m

ValueError: expression must have Store context but has Load instead

[36m   -[0m [#  71] SVD linked_list1: 
--------------------------------------------------------------------------------
   5:         self.next = next
   6:     
   7:     def contains_cycle(self):
   8:         
[34m-  9:         if not (self.next):[0m
[32m+  9:         if not next:[0m
  10:             return False
  11:         slow_pointer = self.next
  12:         fast_pointer = self.next.next
  13:         
--------------------------------------------------------------------------------
[0.12736 s] [32mkilled[0m by 0-ts/test_linked_list1.py::test_ll_cycle_on_single_node

def test_ll_cycle_on_single_node():
>       assert ListNode(1).contains_cycle() is False

0-ts/test_linked_list1.py:31: 
_ _ _ _ _ _ _ _ _ _ _ _ _ _ _ _ _ _ _ _ _ _ _ _ _ _ _ _ _ _ _ _ _ _ _ _ _ _ _ _ 

self = <linked_list1.ListNode object at 0x7f3d8ed21270>

>   ???
E   AttributeError: 'NoneType' object has no attribute 'next'

linked_list1:12: AttributeError
[36m   -[0m [#  72] SVD linked_list1: 
--------------------------------------------------------------------------------
   7:     def contains_cycle(self):
   8:         
   9:         if not (self.next):
  10:             return False
[34m- 11:         slow_pointer = self.next[0m
[32m+ 11:         slow_pointer = next[0m
  12:         fast_pointer = self.next.next
  13:         
  14:         while slow_pointer is not fast_pointer:
  15:             if slow_pointer:
--------------------------------------------------------------------------------
[0.12066 s] [32mkilled[0m by 0-ts/test_linked_list1.py::test_ll_contains_cycle

def test_ll_contains_cycle():
        head = ListNode(3)
        head.next = ListNode(4)
        head.next.next = ListNode(5)
        cycle_start = ListNode(6)
        head.next.next.next = cycle_start
        cycle_start.next = ListNode(7)
        cycle_start.next.next = ListNode(8)
        cycle_start.next.next.next = cycle_start
    
>       assert head.contains_cycle() is True

0-ts/test_linked_list1.py:15: 
_ _ _ _ _ _ _ _ _ _ _ _ _ _ _ _ _ _ _ _ _ _ _ _ _ _ _ _ _ _ _ _ _ _ _ _ _ _ _ _ 

self = <linked_list1.ListNode object at 0x7f3d8ed972b0>

>   ???
E   AttributeError: 'builtin_function_or_method' object has no attribute 'next'

linked_list1:16: AttributeError
[36m   -[0m [#  73] SVD linked_list1: 
--------------------------------------------------------------------------------
   8:         
   9:         if not (self.next):
  10:             return False
  11:         slow_pointer = self.next
[34m- 12:         fast_pointer = self.next.next[0m
[32m+ 12:         fast_pointer = next.next[0m
  13:         
  14:         while slow_pointer is not fast_pointer:
  15:             if slow_pointer:
  16:                 slow_pointer = slow_pointer.next
--------------------------------------------------------------------------------
[0.13253 s] [32mkilled[0m by 0-ts/test_linked_list1.py::test_ll_contains_cycle

def test_ll_contains_cycle():
        head = ListNode(3)
        head.next = ListNode(4)
        head.next.next = ListNode(5)
        cycle_start = ListNode(6)
        head.next.next.next = cycle_start
        cycle_start.next = ListNode(7)
        cycle_start.next.next = ListNode(8)
        cycle_start.next.next.next = cycle_start
    
>       assert head.contains_cycle() is True

0-ts/test_linked_list1.py:15: 
_ _ _ _ _ _ _ _ _ _ _ _ _ _ _ _ _ _ _ _ _ _ _ _ _ _ _ _ _ _ _ _ _ _ _ _ _ _ _ _ 

self = <linked_list1.ListNode object at 0x7f3d8eed0fd0>

>   ???
E   AttributeError: 'builtin_function_or_method' object has no attribute 'next'

linked_list1:12: AttributeError
[36m   -[0m [#  74] SVD linked_list1: 
--------------------------------------------------------------------------------
  22:             return True
  23:     
  24:     def get_beginning_of_cycle_if_exists(self):
  25:         
[34m- 26:         if not (self.next):[0m
[32m+ 26:         if not next:[0m
  27:             return None
  28:         slow_pointer = self.next
  29:         fast_pointer = self.next.next
  30:         
--------------------------------------------------------------------------------
[0.10453 s] [32mkilled[0m by 0-ts/test_linked_list1.py::test_ll_get_cycle_start_on_single_node

def test_ll_get_cycle_start_on_single_node():
>       assert ListNode(1).get_beginning_of_cycle_if_exists() is None

0-ts/test_linked_list1.py:60: 
_ _ _ _ _ _ _ _ _ _ _ _ _ _ _ _ _ _ _ _ _ _ _ _ _ _ _ _ _ _ _ _ _ _ _ _ _ _ _ _ 

self = <linked_list1.ListNode object at 0x7f3d8ed01a50>

>   ???
E   AttributeError: 'NoneType' object has no attribute 'next'

linked_list1:29: AttributeError
[36m   -[0m [#  75] SVD linked_list1: 
--------------------------------------------------------------------------------
  24:     def get_beginning_of_cycle_if_exists(self):
  25:         
  26:         if not (self.next):
  27:             return None
[34m- 28:         slow_pointer = self.next[0m
[32m+ 28:         slow_pointer = next[0m
  29:         fast_pointer = self.next.next
  30:         
  31:         while slow_pointer is not fast_pointer:
  32:             if slow_pointer:
--------------------------------------------------------------------------------
[0.13241 s] [32mkilled[0m by 0-ts/test_linked_list1.py::test_ll_get_cycle_start

def test_ll_get_cycle_start():
        head = ListNode(3)
        head.next = ListNode(4)
        head.next.next = ListNode(5)
        cycle_start = ListNode(6)
        head.next.next.next = cycle_start
        cycle_start.next = ListNode(7)
        cycle_start.next.next = ListNode(8)
        cycle_start.next.next.next = cycle_start
    
>       assert head.get_beginning_of_cycle_if_exists() == cycle_start

0-ts/test_linked_list1.py:44: 
_ _ _ _ _ _ _ _ _ _ _ _ _ _ _ _ _ _ _ _ _ _ _ _ _ _ _ _ _ _ _ _ _ _ _ _ _ _ _ _ 

self = <linked_list1.ListNode object at 0x7f3d8ee81cf0>

>   ???
E   AttributeError: 'builtin_function_or_method' object has no attribute 'next'

linked_list1:33: AttributeError
[36m   -[0m [#  76] SVD linked_list1: 
--------------------------------------------------------------------------------
  25:         
  26:         if not (self.next):
  27:             return None
  28:         slow_pointer = self.next
[34m- 29:         fast_pointer = self.next.next[0m
[32m+ 29:         fast_pointer = next.next[0m
  30:         
  31:         while slow_pointer is not fast_pointer:
  32:             if slow_pointer:
  33:                 slow_pointer = slow_pointer.next
--------------------------------------------------------------------------------
[0.10364 s] [32mkilled[0m by 0-ts/test_linked_list1.py::test_ll_get_cycle_start

def test_ll_get_cycle_start():
        head = ListNode(3)
        head.next = ListNode(4)
        head.next.next = ListNode(5)
        cycle_start = ListNode(6)
        head.next.next.next = cycle_start
        cycle_start.next = ListNode(7)
        cycle_start.next.next = ListNode(8)
        cycle_start.next.next.next = cycle_start
    
>       assert head.get_beginning_of_cycle_if_exists() == cycle_start

0-ts/test_linked_list1.py:44: 
_ _ _ _ _ _ _ _ _ _ _ _ _ _ _ _ _ _ _ _ _ _ _ _ _ _ _ _ _ _ _ _ _ _ _ _ _ _ _ _ 

self = <linked_list1.ListNode object at 0x7f3d8ed3a590>

>   ???
E   AttributeError: 'builtin_function_or_method' object has no attribute 'next'

linked_list1:29: AttributeError
[36m   -[0m [#  77] ZIL linked_list1: 
--------------------------------------------------------------------------------
  11:         slow_pointer = self.next
  12:         fast_pointer = self.next.next
  13:         
  14:         while slow_pointer is not fast_pointer:
[34m- 15:             if slow_pointer:[0m
[34m- 16:                 slow_pointer = slow_pointer.next[0m
[34m- 17:             if (fast_pointer and fast_pointer.next):[0m
[34m- 18:                 fast_pointer = fast_pointer.next.next[0m
[32m+ 15:             break[0m
[32m+ 16:         [0m
[32m+ 17:         [0m
[32m+ 18:         [0m
  19:         if slow_pointer is None:
  20:             return False
  21:         else:
  22:             return True
--------------------------------------------------------------------------------
[0.12329 s] [32mkilled[0m by 0-ts/test_linked_list1.py::test_ll_no_cycle

def test_ll_no_cycle():
        head = ListNode(3)
        head.next = ListNode(4)
        head.next.next = ListNode(5)
        cycle_start = ListNode(6)
        head.next.next.next = cycle_start
        cycle_start.next = ListNode(7)
        cycle_start.next.next = ListNode(8)
    
>       assert head.contains_cycle() is False
E       AssertionError

0-ts/test_linked_list1.py:27: AssertionError
[36m   -[0m [#  78] ZIL linked_list1: 
--------------------------------------------------------------------------------
  28:         slow_pointer = self.next
  29:         fast_pointer = self.next.next
  30:         
  31:         while slow_pointer is not fast_pointer:
[34m- 32:             if slow_pointer:[0m
[34m- 33:                 slow_pointer = slow_pointer.next[0m
[34m- 34:             if (fast_pointer and fast_pointer.next):[0m
[34m- 35:                 fast_pointer = fast_pointer.next.next[0m
[32m+ 32:             break[0m
[32m+ 33:         [0m
[32m+ 34:         [0m
[32m+ 35:         [0m
  36:         if slow_pointer is None:
  37:             return None
  38:         
  39:         slow_pointer = self
--------------------------------------------------------------------------------
[5.00658 s] [33mtimeout[0m
[36m   -[0m [#  79] ZIL linked_list1: 
--------------------------------------------------------------------------------
  39:         slow_pointer = self
  40:         
  41:         while slow_pointer is not fast_pointer:
  42:             
[34m- 43:             slow_pointer = slow_pointer.next[0m
[34m- 44:             fast_pointer = fast_pointer.next[0m
[32m+ 43:             break[0m
[32m+ 44:         [0m
  45:         
  46:         return slow_pointer
  47:     
  48:     def reverse(self):
--------------------------------------------------------------------------------
[0.12903 s] [32mkilled[0m by 0-ts/test_linked_list1.py::test_ll_get_cycle_start

def test_ll_get_cycle_start():
        head = ListNode(3)
        head.next = ListNode(4)
        head.next.next = ListNode(5)
        cycle_start = ListNode(6)
        head.next.next.next = cycle_start
        cycle_start.next = ListNode(7)
        cycle_start.next.next = ListNode(8)
        cycle_start.next.next.next = cycle_start
    
>       assert head.get_beginning_of_cycle_if_exists() == cycle_start
E       AssertionError

0-ts/test_linked_list1.py:44: AssertionError
[36m   -[0m [#  80] ZIL linked_list1: 
--------------------------------------------------------------------------------
  48:     def reverse(self):
  49:         prev = None
  50:         head = self
  51:         while head.next:
[34m- 52:             next_node = head.next[0m
[34m- 53:             head.next = prev[0m
[34m- 54:             prev = head[0m
[34m- 55:             head = next_node[0m
[32m+ 52:             break[0m
[32m+ 53:         [0m
[32m+ 54:         [0m
[32m+ 55:         [0m
  56:         head.next = prev
  57:         return head
  58:     
  59:     def reverse_recursive(self):
--------------------------------------------------------------------------------
[0.10435 s] [32mkilled[0m by 0-ts/test_linked_list1.py::test_reverse

def test_reverse():
        head = ListNode(1)
        head.next = ListNode(2)
        head.next.next = ListNode(3)
        assert head.val == 1
        assert head.next.val == 2
        assert head.next.next.val == 3
        head = head.reverse()
>       assert head.val == 3
E       AssertionError

0-ts/test_linked_list1.py:71: AssertionError
[34m[*][0m Mutation score [62.52359 s]: [1m[34m94.5%[0m
[36m   -[0m all: 80
[36m   -[0m killed: 59 (73.8%)
[36m   -[0m survived: 4 (5.0%)
[36m   -[0m incompetent: 7 (8.8%)
[36m   -[0m timeout: 10 (12.5%)
