[34m[*][0m Start mutation process:
[36m   -[0m targets: longest_common_prefix.py
[36m   -[0m tests: ./0-ts
[34m[*][0m 4 tests passed:
[36m   -[0m test_longest_common_prefix [0.16356 s]
[34m[*][0m Start mutants generation and execution:
[36m   -[0m [#   1] COD longest_common_prefix: 
--------------------------------------------------------------------------------
  11:     head = trie.head
  12:     
  13:     prefix = []
  14:     
[34m- 15:     while (len(head) == 1 and trie.eof not in head):[0m
[32m+ 15:     while (len(head) == 1 and trie.eof in head):[0m
  16:         (key, value) = head.popitem()
  17:         prefix.append(key)
  18:         head = value
  19:     
--------------------------------------------------------------------------------
[0.12352 s] [32mkilled[0m by 0-ts/test_longest_common_prefix.py::test_lcp

def test_lcp():
>       assert find_longest_common_prefix(['hello', 'hellieo', 'he']) == 'he'
E       AssertionError

0-ts/test_longest_common_prefix.py:5: AssertionError
[36m   -[0m [#   2] COD longest_common_prefix: 
--------------------------------------------------------------------------------
  23:     """
  24:     Find the lcp in a list of words, using 'reduce' functions.
  25: 
  26:     """
[34m- 27:     if not words:[0m
[32m+ 27:     if words:[0m
  28:         return ''
  29:     
  30:     def common_start(w1, w2):
  31:         shorter = w1 if len(w1) < len(w2) else w2
--------------------------------------------------------------------------------
[0.12075 s] [32mkilled[0m by 0-ts/test_longest_common_prefix.py::test_lcp

def test_lcp():
        assert find_longest_common_prefix(['hello', 'hellieo', 'he']) == 'he'
>       assert find_longest_common_prefix_reduce(['hello', 'hellieo', 'he']) == 'he'
E       AssertionError

0-ts/test_longest_common_prefix.py:6: AssertionError
[36m   -[0m [#   3] COI longest_common_prefix: 
--------------------------------------------------------------------------------
  11:     head = trie.head
  12:     
  13:     prefix = []
  14:     
[34m- 15:     while (len(head) == 1 and trie.eof not in head):[0m
[32m+ 15:     while not ((len(head) == 1 and trie.eof not in head)):[0m
  16:         (key, value) = head.popitem()
  17:         prefix.append(key)
  18:         head = value
  19:     
--------------------------------------------------------------------------------
[0.11727 s] [32mkilled[0m by 0-ts/test_longest_common_prefix.py::test_lcp

def test_lcp():
>       assert find_longest_common_prefix(['hello', 'hellieo', 'he']) == 'he'
E       AssertionError

0-ts/test_longest_common_prefix.py:5: AssertionError
[36m   -[0m [#   4] COI longest_common_prefix: 
--------------------------------------------------------------------------------
  23:     """
  24:     Find the lcp in a list of words, using 'reduce' functions.
  25: 
  26:     """
[34m- 27:     if not words:[0m
[32m+ 27:     if not ((not words)):[0m
  28:         return ''
  29:     
  30:     def common_start(w1, w2):
  31:         shorter = w1 if len(w1) < len(w2) else w2
--------------------------------------------------------------------------------
[0.12367 s] [32mkilled[0m by 0-ts/test_longest_common_prefix.py::test_lcp

def test_lcp():
        assert find_longest_common_prefix(['hello', 'hellieo', 'he']) == 'he'
>       assert find_longest_common_prefix_reduce(['hello', 'hellieo', 'he']) == 'he'
E       AssertionError

0-ts/test_longest_common_prefix.py:6: AssertionError
[36m   -[0m [#   5] COI longest_common_prefix: 
--------------------------------------------------------------------------------
  29:     
  30:     def common_start(w1, w2):
  31:         shorter = w1 if len(w1) < len(w2) else w2
  32:         for i in range(0, len(shorter)):
[34m- 33:             if w1[i] != w2[i]:[0m
[32m+ 33:             if not (w1[i] != w2[i]):[0m
  34:                 return shorter[:i]
  35:         return shorter
  36:     
  37:     return reduce(common_start, words)
--------------------------------------------------------------------------------
[0.12080 s] [32mkilled[0m by 0-ts/test_longest_common_prefix.py::test_lcp

def test_lcp():
        assert find_longest_common_prefix(['hello', 'hellieo', 'he']) == 'he'
>       assert find_longest_common_prefix_reduce(['hello', 'hellieo', 'he']) == 'he'
E       AssertionError

0-ts/test_longest_common_prefix.py:6: AssertionError
[36m   -[0m [#   6] CRP longest_common_prefix: 
--------------------------------------------------------------------------------
  11:     head = trie.head
  12:     
  13:     prefix = []
  14:     
[34m- 15:     while (len(head) == 1 and trie.eof not in head):[0m
[32m+ 15:     while (len(head) == 2 and trie.eof not in head):[0m
  16:         (key, value) = head.popitem()
  17:         prefix.append(key)
  18:         head = value
  19:     
--------------------------------------------------------------------------------
[0.12376 s] [32mkilled[0m by 0-ts/test_longest_common_prefix.py::test_lcp

def test_lcp():
>       assert find_longest_common_prefix(['hello', 'hellieo', 'he']) == 'he'
E       AssertionError

0-ts/test_longest_common_prefix.py:5: AssertionError
[36m   -[0m [#   7] CRP longest_common_prefix: 
--------------------------------------------------------------------------------
  16:         (key, value) = head.popitem()
  17:         prefix.append(key)
  18:         head = value
  19:     
[34m- 20:     return ''.join(prefix)[0m
[32m+ 20:     return 'mutpy'.join(prefix)[0m
  21: 
  22: def find_longest_common_prefix_reduce(words: list):
  23:     """
  24:     Find the lcp in a list of words, using 'reduce' functions.
--------------------------------------------------------------------------------
[0.09564 s] [32mkilled[0m by 0-ts/test_longest_common_prefix.py::test_lcp

def test_lcp():
>       assert find_longest_common_prefix(['hello', 'hellieo', 'he']) == 'he'
E       AssertionError

0-ts/test_longest_common_prefix.py:5: AssertionError
[36m   -[0m [#   8] CRP longest_common_prefix: 
--------------------------------------------------------------------------------
  24:     Find the lcp in a list of words, using 'reduce' functions.
  25: 
  26:     """
  27:     if not words:
[34m- 28:         return ''[0m
[32m+ 28:         return 'mutpy'[0m
  29:     
  30:     def common_start(w1, w2):
  31:         shorter = w1 if len(w1) < len(w2) else w2
  32:         for i in range(0, len(shorter)):
--------------------------------------------------------------------------------
[0.12968 s] [32mkilled[0m by 0-ts/test_longest_common_prefix.py::test_lcp_empty

def test_lcp_empty():
        assert find_longest_common_prefix([]) == ''
>       assert find_longest_common_prefix_reduce([]) == ''
E       AssertionError

0-ts/test_longest_common_prefix.py:10: AssertionError
[36m   -[0m [#   9] CRP longest_common_prefix: 
--------------------------------------------------------------------------------
  28:         return ''
  29:     
  30:     def common_start(w1, w2):
  31:         shorter = w1 if len(w1) < len(w2) else w2
[34m- 32:         for i in range(0, len(shorter)):[0m
[32m+ 32:         for i in range(1, len(shorter)):[0m
  33:             if w1[i] != w2[i]:
  34:                 return shorter[:i]
  35:         return shorter
  36:     
--------------------------------------------------------------------------------
[0.12604 s] [32mkilled[0m by 0-ts/test_longest_common_prefix.py::test_lcp_no_prefix

def test_lcp_no_prefix():
        assert find_longest_common_prefix(['fcp', 'jpl', 'the', 'first']) == ''
>       assert find_longest_common_prefix_reduce(['fcp', 'jpl', 'the', 'first']) == ''
E       AssertionError

0-ts/test_longest_common_prefix.py:14: AssertionError
[36m   -[0m [#  10] LCR longest_common_prefix: 
--------------------------------------------------------------------------------
  11:     head = trie.head
  12:     
  13:     prefix = []
  14:     
[34m- 15:     while (len(head) == 1 and trie.eof not in head):[0m
[32m+ 15:     while (len(head) == 1 or trie.eof not in head):[0m
  16:         (key, value) = head.popitem()
  17:         prefix.append(key)
  18:         head = value
  19:     
--------------------------------------------------------------------------------
[0.12747 s] [32mkilled[0m by 0-ts/test_longest_common_prefix.py::test_lcp_empty

def test_lcp_empty():
>       assert find_longest_common_prefix([]) == ''

0-ts/test_longest_common_prefix.py:9: 
_ _ _ _ _ _ _ _ _ _ _ _ _ _ _ _ _ _ _ _ _ _ _ _ _ _ _ _ _ _ _ _ _ _ _ _ _ _ _ _ 

words = []

>   ???
E   KeyError: 'popitem(): dictionary is empty'

longest_common_prefix:16: KeyError
[36m   -[0m [#  11] OIL longest_common_prefix: 
--------------------------------------------------------------------------------
  15:     while (len(head) == 1 and trie.eof not in head):
  16:         (key, value) = head.popitem()
  17:         prefix.append(key)
  18:         head = value
[34m- 19:     [0m
[32m+ 19:         break[0m
  20:     return ''.join(prefix)
  21: 
  22: def find_longest_common_prefix_reduce(words: list):
  23:     """
--------------------------------------------------------------------------------
[0.09590 s] [32mkilled[0m by 0-ts/test_longest_common_prefix.py::test_lcp

def test_lcp():
>       assert find_longest_common_prefix(['hello', 'hellieo', 'he']) == 'he'
E       AssertionError

0-ts/test_longest_common_prefix.py:5: AssertionError
[36m   -[0m [#  12] OIL longest_common_prefix: 
--------------------------------------------------------------------------------
  31:         shorter = w1 if len(w1) < len(w2) else w2
  32:         for i in range(0, len(shorter)):
  33:             if w1[i] != w2[i]:
  34:                 return shorter[:i]
[34m- 35:         return shorter[0m
[34m- 36:     [0m
[32m+ 35:             break[0m
[32m+ 36:         return shorter[0m
  37:     return reduce(common_start, words)
--------------------------------------------------------------------------------
[0.11281 s] [31msurvived[0m
[36m   -[0m [#  13] RIL longest_common_prefix: 
--------------------------------------------------------------------------------
  28:         return ''
  29:     
  30:     def common_start(w1, w2):
  31:         shorter = w1 if len(w1) < len(w2) else w2
[34m- 32:         for i in range(0, len(shorter)):[0m
[32m+ 32:         for i in reversed(range(0, len(shorter))):[0m
  33:             if w1[i] != w2[i]:
  34:                 return shorter[:i]
  35:         return shorter
  36:     
--------------------------------------------------------------------------------
[0.08261 s] [31msurvived[0m
[36m   -[0m [#  14] ROR longest_common_prefix: 
--------------------------------------------------------------------------------
  11:     head = trie.head
  12:     
  13:     prefix = []
  14:     
[34m- 15:     while (len(head) == 1 and trie.eof not in head):[0m
[32m+ 15:     while (len(head) != 1 and trie.eof not in head):[0m
  16:         (key, value) = head.popitem()
  17:         prefix.append(key)
  18:         head = value
  19:     
--------------------------------------------------------------------------------
[0.09603 s] [32mkilled[0m by 0-ts/test_longest_common_prefix.py::test_lcp

def test_lcp():
>       assert find_longest_common_prefix(['hello', 'hellieo', 'he']) == 'he'
E       AssertionError

0-ts/test_longest_common_prefix.py:5: AssertionError
[36m   -[0m [#  15] ROR longest_common_prefix: 
--------------------------------------------------------------------------------
  27:     if not words:
  28:         return ''
  29:     
  30:     def common_start(w1, w2):
[34m- 31:         shorter = w1 if len(w1) < len(w2) else w2[0m
[32m+ 31:         shorter = w1 if len(w1) > len(w2) else w2[0m
  32:         for i in range(0, len(shorter)):
  33:             if w1[i] != w2[i]:
  34:                 return shorter[:i]
  35:         return shorter
--------------------------------------------------------------------------------
[0.10306 s] [32mkilled[0m by 0-ts/test_longest_common_prefix.py::test_lcp

def test_lcp():
        assert find_longest_common_prefix(['hello', 'hellieo', 'he']) == 'he'
>       assert find_longest_common_prefix_reduce(['hello', 'hellieo', 'he']) == 'he'

0-ts/test_longest_common_prefix.py:6: 
_ _ _ _ _ _ _ _ _ _ _ _ _ _ _ _ _ _ _ _ _ _ _ _ _ _ _ _ _ _ _ _ _ _ _ _ _ _ _ _ 
longest_common_prefix:37: in find_longest_common_prefix_reduce
    ???
_ _ _ _ _ _ _ _ _ _ _ _ _ _ _ _ _ _ _ _ _ _ _ _ _ _ _ _ _ _ _ _ _ _ _ _ _ _ _ _ 

w1 = 'hell', w2 = 'he'

>   ???
E   IndexError: string index out of range

longest_common_prefix:33: IndexError
[36m   -[0m [#  16] ROR longest_common_prefix: 
--------------------------------------------------------------------------------
  27:     if not words:
  28:         return ''
  29:     
  30:     def common_start(w1, w2):
[34m- 31:         shorter = w1 if len(w1) < len(w2) else w2[0m
[32m+ 31:         shorter = w1 if len(w1) <= len(w2) else w2[0m
  32:         for i in range(0, len(shorter)):
  33:             if w1[i] != w2[i]:
  34:                 return shorter[:i]
  35:         return shorter
--------------------------------------------------------------------------------
[0.10087 s] [31msurvived[0m
[36m   -[0m [#  17] ROR longest_common_prefix: 
--------------------------------------------------------------------------------
  29:     
  30:     def common_start(w1, w2):
  31:         shorter = w1 if len(w1) < len(w2) else w2
  32:         for i in range(0, len(shorter)):
[34m- 33:             if w1[i] != w2[i]:[0m
[32m+ 33:             if w1[i] == w2[i]:[0m
  34:                 return shorter[:i]
  35:         return shorter
  36:     
  37:     return reduce(common_start, words)
--------------------------------------------------------------------------------
[0.09654 s] [32mkilled[0m by 0-ts/test_longest_common_prefix.py::test_lcp

def test_lcp():
        assert find_longest_common_prefix(['hello', 'hellieo', 'he']) == 'he'
>       assert find_longest_common_prefix_reduce(['hello', 'hellieo', 'he']) == 'he'
E       AssertionError

0-ts/test_longest_common_prefix.py:6: AssertionError
[36m   -[0m [#  18] SDL longest_common_prefix: 
--------------------------------------------------------------------------------
   5:     '''
   6:     Find the longest common prefix in a list of words.
   7: 
   8:     '''
[34m-  9:     trie = Trie(words)[0m
[32m+  9:     pass[0m
  10:     
  11:     head = trie.head
  12:     
  13:     prefix = []
--------------------------------------------------------------------------------
[0.12190 s] [32mkilled[0m by 0-ts/test_longest_common_prefix.py::test_lcp

def test_lcp():
>       assert find_longest_common_prefix(['hello', 'hellieo', 'he']) == 'he'

0-ts/test_longest_common_prefix.py:5: 
_ _ _ _ _ _ _ _ _ _ _ _ _ _ _ _ _ _ _ _ _ _ _ _ _ _ _ _ _ _ _ _ _ _ _ _ _ _ _ _ 

words = ['hello', 'hellieo', 'he']

>   ???
E   NameError: name 'trie' is not defined

longest_common_prefix:11: NameError
[36m   -[0m [#  19] SDL longest_common_prefix: 
--------------------------------------------------------------------------------
   7: 
   8:     '''
   9:     trie = Trie(words)
  10:     
[34m- 11:     head = trie.head[0m
[32m+ 11:     pass[0m
  12:     
  13:     prefix = []
  14:     
  15:     while (len(head) == 1 and trie.eof not in head):
--------------------------------------------------------------------------------
[0.09842 s] [32mkilled[0m by 0-ts/test_longest_common_prefix.py::test_lcp

def test_lcp():
>       assert find_longest_common_prefix(['hello', 'hellieo', 'he']) == 'he'

0-ts/test_longest_common_prefix.py:5: 
_ _ _ _ _ _ _ _ _ _ _ _ _ _ _ _ _ _ _ _ _ _ _ _ _ _ _ _ _ _ _ _ _ _ _ _ _ _ _ _ 

words = ['hello', 'hellieo', 'he']

>   ???
E   UnboundLocalError: local variable 'head' referenced before assignment

longest_common_prefix:15: UnboundLocalError
[36m   -[0m [#  20] SDL longest_common_prefix: 
--------------------------------------------------------------------------------
   9:     trie = Trie(words)
  10:     
  11:     head = trie.head
  12:     
[34m- 13:     prefix = [][0m
[32m+ 13:     pass[0m
  14:     
  15:     while (len(head) == 1 and trie.eof not in head):
  16:         (key, value) = head.popitem()
  17:         prefix.append(key)
--------------------------------------------------------------------------------
[0.09567 s] [32mkilled[0m by 0-ts/test_longest_common_prefix.py::test_lcp

def test_lcp():
>       assert find_longest_common_prefix(['hello', 'hellieo', 'he']) == 'he'

0-ts/test_longest_common_prefix.py:5: 
_ _ _ _ _ _ _ _ _ _ _ _ _ _ _ _ _ _ _ _ _ _ _ _ _ _ _ _ _ _ _ _ _ _ _ _ _ _ _ _ 

words = ['hello', 'hellieo', 'he']

>   ???
E   NameError: name 'prefix' is not defined

longest_common_prefix:17: NameError
[36m   -[0m [#  21] SDL longest_common_prefix: 
--------------------------------------------------------------------------------
  12:     
  13:     prefix = []
  14:     
  15:     while (len(head) == 1 and trie.eof not in head):
[34m- 16:         (key, value) = head.popitem()[0m
[32m+ 16:         pass[0m
  17:         prefix.append(key)
  18:         head = value
  19:     
  20:     return ''.join(prefix)
--------------------------------------------------------------------------------
[0.12027 s] [32mkilled[0m by 0-ts/test_longest_common_prefix.py::test_lcp

def test_lcp():
>       assert find_longest_common_prefix(['hello', 'hellieo', 'he']) == 'he'

0-ts/test_longest_common_prefix.py:5: 
_ _ _ _ _ _ _ _ _ _ _ _ _ _ _ _ _ _ _ _ _ _ _ _ _ _ _ _ _ _ _ _ _ _ _ _ _ _ _ _ 

words = ['hello', 'hellieo', 'he']

>   ???
E   NameError: name 'key' is not defined

longest_common_prefix:17: NameError
[36m   -[0m [#  22] SDL longest_common_prefix: 
--------------------------------------------------------------------------------
  13:     prefix = []
  14:     
  15:     while (len(head) == 1 and trie.eof not in head):
  16:         (key, value) = head.popitem()
[34m- 17:         prefix.append(key)[0m
[32m+ 17:         pass[0m
  18:         head = value
  19:     
  20:     return ''.join(prefix)
  21: 
--------------------------------------------------------------------------------
[0.12200 s] [32mkilled[0m by 0-ts/test_longest_common_prefix.py::test_lcp

def test_lcp():
>       assert find_longest_common_prefix(['hello', 'hellieo', 'he']) == 'he'
E       AssertionError

0-ts/test_longest_common_prefix.py:5: AssertionError
[36m   -[0m [#  23] SDL longest_common_prefix: 
--------------------------------------------------------------------------------
  14:     
  15:     while (len(head) == 1 and trie.eof not in head):
  16:         (key, value) = head.popitem()
  17:         prefix.append(key)
[34m- 18:         head = value[0m
[32m+ 18:         pass[0m
  19:     
  20:     return ''.join(prefix)
  21: 
  22: def find_longest_common_prefix_reduce(words: list):
--------------------------------------------------------------------------------
[0.12507 s] [32mkilled[0m by 0-ts/test_longest_common_prefix.py::test_lcp

def test_lcp():
>       assert find_longest_common_prefix(['hello', 'hellieo', 'he']) == 'he'
E       AssertionError

0-ts/test_longest_common_prefix.py:5: AssertionError
[36m   -[0m [#  24] SDL longest_common_prefix: 
--------------------------------------------------------------------------------
  16:         (key, value) = head.popitem()
  17:         prefix.append(key)
  18:         head = value
  19:     
[34m- 20:     return ''.join(prefix)[0m
[32m+ 20:     pass[0m
  21: 
  22: def find_longest_common_prefix_reduce(words: list):
  23:     """
  24:     Find the lcp in a list of words, using 'reduce' functions.
--------------------------------------------------------------------------------
[0.11695 s] [32mkilled[0m by 0-ts/test_longest_common_prefix.py::test_lcp

def test_lcp():
>       assert find_longest_common_prefix(['hello', 'hellieo', 'he']) == 'he'
E       AssertionError

0-ts/test_longest_common_prefix.py:5: AssertionError
[36m   -[0m [#  25] SDL longest_common_prefix: 
--------------------------------------------------------------------------------
  24:     Find the lcp in a list of words, using 'reduce' functions.
  25: 
  26:     """
  27:     if not words:
[34m- 28:         return ''[0m
[32m+ 28:         pass[0m
  29:     
  30:     def common_start(w1, w2):
  31:         shorter = w1 if len(w1) < len(w2) else w2
  32:         for i in range(0, len(shorter)):
--------------------------------------------------------------------------------
[0.09876 s] [36mincompetent[0m

TypeError: longest_common_prefix:37: TypeError: reduce() of empty iterable with no initial value

[36m   -[0m [#  26] SDL longest_common_prefix: 
--------------------------------------------------------------------------------
  27:     if not words:
  28:         return ''
  29:     
  30:     def common_start(w1, w2):
[34m- 31:         shorter = w1 if len(w1) < len(w2) else w2[0m
[32m+ 31:         pass[0m
  32:         for i in range(0, len(shorter)):
  33:             if w1[i] != w2[i]:
  34:                 return shorter[:i]
  35:         return shorter
--------------------------------------------------------------------------------
[0.12105 s] [32mkilled[0m by 0-ts/test_longest_common_prefix.py::test_lcp

def test_lcp():
        assert find_longest_common_prefix(['hello', 'hellieo', 'he']) == 'he'
>       assert find_longest_common_prefix_reduce(['hello', 'hellieo', 'he']) == 'he'

0-ts/test_longest_common_prefix.py:6: 
_ _ _ _ _ _ _ _ _ _ _ _ _ _ _ _ _ _ _ _ _ _ _ _ _ _ _ _ _ _ _ _ _ _ _ _ _ _ _ _ 
longest_common_prefix:37: in find_longest_common_prefix_reduce
    ???
_ _ _ _ _ _ _ _ _ _ _ _ _ _ _ _ _ _ _ _ _ _ _ _ _ _ _ _ _ _ _ _ _ _ _ _ _ _ _ _ 

w1 = 'hello', w2 = 'hellieo'

>   ???
E   NameError: name 'shorter' is not defined

longest_common_prefix:32: NameError
[36m   -[0m [#  27] SDL longest_common_prefix: 
--------------------------------------------------------------------------------
  30:     def common_start(w1, w2):
  31:         shorter = w1 if len(w1) < len(w2) else w2
  32:         for i in range(0, len(shorter)):
  33:             if w1[i] != w2[i]:
[34m- 34:                 return shorter[:i][0m
[32m+ 34:                 pass[0m
  35:         return shorter
  36:     
  37:     return reduce(common_start, words)
--------------------------------------------------------------------------------
[0.12977 s] [32mkilled[0m by 0-ts/test_longest_common_prefix.py::test_lcp_no_prefix

def test_lcp_no_prefix():
        assert find_longest_common_prefix(['fcp', 'jpl', 'the', 'first']) == ''
>       assert find_longest_common_prefix_reduce(['fcp', 'jpl', 'the', 'first']) == ''
E       AssertionError

0-ts/test_longest_common_prefix.py:14: AssertionError
[36m   -[0m [#  28] SDL longest_common_prefix: 
--------------------------------------------------------------------------------
  31:         shorter = w1 if len(w1) < len(w2) else w2
  32:         for i in range(0, len(shorter)):
  33:             if w1[i] != w2[i]:
  34:                 return shorter[:i]
[34m- 35:         return shorter[0m
[32m+ 35:         pass[0m
  36:     
  37:     return reduce(common_start, words)
--------------------------------------------------------------------------------
[0.14807 s] [32mkilled[0m by 0-ts/test_longest_common_prefix.py::test_lcp

def test_lcp():
        assert find_longest_common_prefix(['hello', 'hellieo', 'he']) == 'he'
>       assert find_longest_common_prefix_reduce(['hello', 'hellieo', 'he']) == 'he'
E       AssertionError

0-ts/test_longest_common_prefix.py:6: AssertionError
[36m   -[0m [#  29] SDL longest_common_prefix: 
--------------------------------------------------------------------------------
  33:             if w1[i] != w2[i]:
  34:                 return shorter[:i]
  35:         return shorter
  36:     
[34m- 37:     return reduce(common_start, words)[0m
[32m+ 37:     pass[0m
--------------------------------------------------------------------------------
[0.14029 s] [32mkilled[0m by 0-ts/test_longest_common_prefix.py::test_lcp

def test_lcp():
        assert find_longest_common_prefix(['hello', 'hellieo', 'he']) == 'he'
>       assert find_longest_common_prefix_reduce(['hello', 'hellieo', 'he']) == 'he'
E       AssertionError

0-ts/test_longest_common_prefix.py:6: AssertionError
[36m   -[0m [#  30] SIR longest_common_prefix: 
--------------------------------------------------------------------------------
  30:     def common_start(w1, w2):
  31:         shorter = w1 if len(w1) < len(w2) else w2
  32:         for i in range(0, len(shorter)):
  33:             if w1[i] != w2[i]:
[34m- 34:                 return shorter[:i][0m
[32m+ 34:                 return shorter[:][0m
  35:         return shorter
  36:     
  37:     return reduce(common_start, words)
--------------------------------------------------------------------------------
[0.14863 s] [32mkilled[0m by 0-ts/test_longest_common_prefix.py::test_lcp_no_prefix

def test_lcp_no_prefix():
        assert find_longest_common_prefix(['fcp', 'jpl', 'the', 'first']) == ''
>       assert find_longest_common_prefix_reduce(['fcp', 'jpl', 'the', 'first']) == ''
E       AssertionError

0-ts/test_longest_common_prefix.py:14: AssertionError
[36m   -[0m [#  31] ZIL longest_common_prefix: 
--------------------------------------------------------------------------------
  12:     
  13:     prefix = []
  14:     
  15:     while (len(head) == 1 and trie.eof not in head):
[34m- 16:         (key, value) = head.popitem()[0m
[34m- 17:         prefix.append(key)[0m
[34m- 18:         head = value[0m
[32m+ 16:         break[0m
[32m+ 17:     [0m
[32m+ 18:     [0m
  19:     
  20:     return ''.join(prefix)
  21: 
  22: def find_longest_common_prefix_reduce(words: list):
--------------------------------------------------------------------------------
[0.13060 s] [32mkilled[0m by 0-ts/test_longest_common_prefix.py::test_lcp

def test_lcp():
>       assert find_longest_common_prefix(['hello', 'hellieo', 'he']) == 'he'
E       AssertionError

0-ts/test_longest_common_prefix.py:5: AssertionError
[36m   -[0m [#  32] ZIL longest_common_prefix: 
--------------------------------------------------------------------------------
  29:     
  30:     def common_start(w1, w2):
  31:         shorter = w1 if len(w1) < len(w2) else w2
  32:         for i in range(0, len(shorter)):
[34m- 33:             if w1[i] != w2[i]:[0m
[34m- 34:                 return shorter[:i][0m
[32m+ 33:             break[0m
[32m+ 34:         [0m
  35:         return shorter
  36:     
  37:     return reduce(common_start, words)
--------------------------------------------------------------------------------
[0.12053 s] [32mkilled[0m by 0-ts/test_longest_common_prefix.py::test_lcp_no_prefix

def test_lcp_no_prefix():
        assert find_longest_common_prefix(['fcp', 'jpl', 'the', 'first']) == ''
>       assert find_longest_common_prefix_reduce(['fcp', 'jpl', 'the', 'first']) == ''
E       AssertionError

0-ts/test_longest_common_prefix.py:14: AssertionError
[34m[*][0m Mutation score [5.24656 s]: [1m[34m90.3%[0m
[36m   -[0m all: 32
[36m   -[0m killed: 28 (87.5%)
[36m   -[0m survived: 3 (9.4%)
[36m   -[0m incompetent: 1 (3.1%)
[36m   -[0m timeout: 0 (0.0%)
