[34m[*][0m Start mutation process:
[36m   -[0m targets: permutations.py
[36m   -[0m tests: ./0-ts
[34m[*][0m 1 tests passed:
[36m   -[0m test_permutations_word [0.15991 s]
[34m[*][0m Start mutants generation and execution:
[36m   -[0m [#   1] AOR permutations: 
--------------------------------------------------------------------------------
   7:         if not remaining:
   8:             permute.list.append(current)
   9:             return
  10:         for i in range(0, len(remaining)):
[34m- 11:             permute(current + remaining[i], remaining[:i] + remaining[i + 1:])[0m
[32m+ 11:             permute(current - remaining[i], remaining[:i] + remaining[i + 1:])[0m
  12:     
  13:     permute.list = []
  14:     permute('', list(string))
  15:     return permute.list
--------------------------------------------------------------------------------
[0.12247 s] [36mincompetent[0m

TypeError: permutations:11: TypeError: unsupported operand type(s) for -: 'str' and 'str'

[36m   -[0m [#   2] AOR permutations: 
--------------------------------------------------------------------------------
   7:         if not remaining:
   8:             permute.list.append(current)
   9:             return
  10:         for i in range(0, len(remaining)):
[34m- 11:             permute(current + remaining[i], remaining[:i] + remaining[i + 1:])[0m
[32m+ 11:             permute(current + remaining[i], remaining[:i] - remaining[i + 1:])[0m
  12:     
  13:     permute.list = []
  14:     permute('', list(string))
  15:     return permute.list
--------------------------------------------------------------------------------
[0.13163 s] [36mincompetent[0m

TypeError: permutations:11: TypeError: unsupported operand type(s) for -: 'list' and 'list'

[36m   -[0m [#   3] AOR permutations: 
--------------------------------------------------------------------------------
   7:         if not remaining:
   8:             permute.list.append(current)
   9:             return
  10:         for i in range(0, len(remaining)):
[34m- 11:             permute(current + remaining[i], remaining[:i] + remaining[i + 1:])[0m
[32m+ 11:             permute(current + remaining[i], remaining[:i] + remaining[i - 1:])[0m
  12:     
  13:     permute.list = []
  14:     permute('', list(string))
  15:     return permute.list
--------------------------------------------------------------------------------
[0.44418 s] [32mkilled[0m by 0-ts/test_permutations_word.py::test_permutation_word

def test_permutation_word():
>       assert permutations_of_word('two') == ['two', 'tow', 'wto', 'wot', 'otw', 'owt']

0-ts/test_permutations_word.py:5: 
_ _ _ _ _ _ _ _ _ _ _ _ _ _ _ _ _ _ _ _ _ _ _ _ _ _ _ _ _ _ _ _ _ _ _ _ _ _ _ _ 
permutations:14: in permutations_of_word
    ???
permutations:11: in permute
    ???
permutations:11: in permute
    ???
permutations:11: in permute
    ???
permutations:11: in permute
    ???
permutations:11: in permute
    ???
permutations:11: in permute
    ???
permutations:11: in permute
    ???
permutations:11: in permute
    ???
permutations:11: in permute
    ???
permutations:11: in permute
    ???
permutations:11: in permute
    ???
permutations:11: in permute
    ???
permutations:11: in permute
    ???
permutations:11: in permute
    ???
permutations:11: in permute
    ???
permutations:11: in permute
    ???
permutations:11: in permute
    ???
permutations:11: in permute
    ???
permutations:11: in permute
    ???
permutations:11: in permute
    ???
permutations:11: in permute
    ???
permutations:11: in permute
    ???
permutations:11: in permute
    ???
permutations:11: in permute
    ???
permutations:11: in permute
    ???
permutations:11: in permute
    ???
permutations:11: in permute
    ???
permutations:11: in permute
    ???
permutations:11: in permute
    ???
permutations:11: in permute
    ???
permutations:11: in permute
    ???
permutations:11: in permute
    ???
permutations:11: in permute
    ???
permutations:11: in permute
    ???
permutations:11: in permute
    ???
permutations:11: in permute
    ???
permutations:11: in permute
    ???
permutations:11: in permute
    ???
permutations:11: in permute
    ???
permutations:11: in permute
    ???
permutations:11: in permute
    ???
permutations:11: in permute
    ???
permutations:11: in permute
    ???
permutations:11: in permute
    ???
permutations:11: in permute
    ???
permutations:11: in permute
    ???
permutations:11: in permute
    ???
permutations:11: in permute
    ???
permutations:11: in permute
    ???
permutations:11: in permute
    ???
permutations:11: in permute
    ???
permutations:11: in permute
    ???
permutations:11: in permute
    ???
permutations:11: in permute
    ???
permutations:11: in permute
    ???
permutations:11: in permute
    ???
permutations:11: in permute
    ???
permutations:11: in permute
    ???
permutations:11: in permute
    ???
permutations:11: in permute
    ???
permutations:11: in permute
    ???
permutations:11: in permute
    ???
permutations:11: in permute
    ???
permutations:11: in permute
    ???
permutations:11: in permute
    ???
permutations:11: in permute
    ???
permutations:11: in permute
    ???
permutations:11: in permute
    ???
permutations:11: in permute
    ???
permutations:11: in permute
    ???
permutations:11: in permute
    ???
permutations:11: in permute
    ???
permutations:11: in permute
    ???
permutations:11: in permute
    ???
permutations:11: in permute
    ???
permutations:11: in permute
    ???
permutations:11: in permute
    ???
permutations:11: in permute
    ???
permutations:11: in permute
    ???
permutations:11: in permute
    ???
permutations:11: in permute
    ???
permutations:11: in permute
    ???
permutations:11: in permute
    ???
permutations:11: in permute
    ???
permutations:11: in permute
    ???
permutations:11: in permute
    ???
permutations:11: in permute
    ???
permutations:11: in permute
    ???
permutations:11: in permute
    ???
permutations:11: in permute
    ???
permutations:11: in permute
    ???
permutations:11: in permute
    ???
permutations:11: in permute
    ???
permutations:11: in permute
    ???
permutations:11: in permute
    ???
permutations:11: in permute
    ???
permutations:11: in permute
    ???
permutations:11: in permute
    ???
permutations:11: in permute
    ???
permutations:11: in permute
    ???
permutations:11: in permute
    ???
permutations:11: in permute
    ???
permutations:11: in permute
    ???
permutations:11: in permute
    ???
permutations:11: in permute
    ???
permutations:11: in permute
    ???
permutations:11: in permute
    ???
permutations:11: in permute
    ???
permutations:11: in permute
    ???
permutations:11: in permute
    ???
permutations:11: in permute
    ???
permutations:11: in permute
    ???
permutations:11: in permute
    ???
permutations:11: in permute
    ???
permutations:11: in permute
    ???
permutations:11: in permute
    ???
permutations:11: in permute
    ???
permutations:11: in permute
    ???
permutations:11: in permute
    ???
permutations:11: in permute
    ???
permutations:11: in permute
    ???
permutations:11: in permute
    ???
permutations:11: in permute
    ???
permutations:11: in permute
    ???
permutations:11: in permute
    ???
permutations:11: in permute
    ???
permutations:11: in permute
    ???
permutations:11: in permute
    ???
permutations:11: in permute
    ???
permutations:11: in permute
    ???
permutations:11: in permute
    ???
permutations:11: in permute
    ???
permutations:11: in permute
    ???
permutations:11: in permute
    ???
permutations:11: in permute
    ???
permutations:11: in permute
    ???
permutations:11: in permute
    ???
permutations:11: in permute
    ???
permutations:11: in permute
    ???
permutations:11: in permute
    ???
permutations:11: in permute
    ???
permutations:11: in permute
    ???
permutations:11: in permute
    ???
permutations:11: in permute
    ???
permutations:11: in permute
    ???
permutations:11: in permute
    ???
permutations:11: in permute
    ???
permutations:11: in permute
    ???
permutations:11: in permute
    ???
permutations:11: in permute
    ???
permutations:11: in permute
    ???
permutations:11: in permute
    ???
permutations:11: in permute
    ???
permutations:11: in permute
    ???
permutations:11: in permute
    ???
permutations:11: in permute
    ???
permutations:11: in permute
    ???
permutations:11: in permute
    ???
permutations:11: in permute
    ???
permutations:11: in permute
    ???
permutations:11: in permute
    ???
permutations:11: in permute
    ???
permutations:11: in permute
    ???
permutations:11: in permute
    ???
permutations:11: in permute
    ???
permutations:11: in permute
    ???
permutations:11: in permute
    ???
permutations:11: in permute
    ???
permutations:11: in permute
    ???
permutations:11: in permute
    ???
permutations:11: in permute
    ???
permutations:11: in permute
    ???
permutations:11: in permute
    ???
permutations:11: in permute
    ???
permutations:11: in permute
    ???
permutations:11: in permute
    ???
permutations:11: in permute
    ???
permutations:11: in permute
    ???
permutations:11: in permute
    ???
permutations:11: in permute
    ???
permutations:11: in permute
    ???
permutations:11: in permute
    ???
permutations:11: in permute
    ???
permutations:11: in permute
    ???
permutations:11: in permute
    ???
permutations:11: in permute
    ???
permutations:11: in permute
    ???
permutations:11: in permute
    ???
permutations:11: in permute
    ???
permutations:11: in permute
    ???
permutations:11: in permute
    ???
permutations:11: in permute
    ???
permutations:11: in permute
    ???
permutations:11: in permute
    ???
permutations:11: in permute
    ???
permutations:11: in permute
    ???
permutations:11: in permute
    ???
permutations:11: in permute
    ???
permutations:11: in permute
    ???
permutations:11: in permute
    ???
permutations:11: in permute
    ???
permutations:11: in permute
    ???
permutations:11: in permute
    ???
permutations:11: in permute
    ???
permutations:11: in permute
    ???
permutations:11: in permute
    ???
permutations:11: in permute
    ???
permutations:11: in permute
    ???
permutations:11: in permute
    ???
permutations:11: in permute
    ???
permutations:11: in permute
    ???
permutations:11: in permute
    ???
permutations:11: in permute
    ???
permutations:11: in permute
    ???
permutations:11: in permute
    ???
permutations:11: in permute
    ???
permutations:11: in permute
    ???
permutations:11: in permute
    ???
permutations:11: in permute
    ???
permutations:11: in permute
    ???
permutations:11: in permute
    ???
permutations:11: in permute
    ???
permutations:11: in permute
    ???
permutations:11: in permute
    ???
permutations:11: in permute
    ???
permutations:11: in permute
    ???
permutations:11: in permute
    ???
permutations:11: in permute
    ???
permutations:11: in permute
    ???
permutations:11: in permute
    ???
permutations:11: in permute
    ???
permutations:11: in permute
    ???
permutations:11: in permute
    ???
permutations:11: in permute
    ???
permutations:11: in permute
    ???
permutations:11: in permute
    ???
permutations:11: in permute
    ???
permutations:11: in permute
    ???
permutations:11: in permute
    ???
permutations:11: in permute
    ???
permutations:11: in permute
    ???
permutations:11: in permute
    ???
permutations:11: in permute
    ???
permutations:11: in permute
    ???
permutations:11: in permute
    ???
permutations:11: in permute
    ???
permutations:11: in permute
    ???
permutations:11: in permute
    ???
permutations:11: in permute
    ???
permutations:11: in permute
    ???
permutations:11: in permute
    ???
permutations:11: in permute
    ???
permutations:11: in permute
    ???
permutations:11: in permute
    ???
permutations:11: in permute
    ???
permutations:11: in permute
    ???
permutations:11: in permute
    ???
permutations:11: in permute
    ???
permutations:11: in permute
    ???
permutations:11: in permute
    ???
permutations:11: in permute
    ???
permutations:11: in permute
    ???
permutations:11: in permute
    ???
permutations:11: in permute
    ???
permutations:11: in permute
    ???
permutations:11: in permute
    ???
permutations:11: in permute
    ???
permutations:11: in permute
    ???
permutations:11: in permute
    ???
permutations:11: in permute
    ???
permutations:11: in permute
    ???
permutations:11: in permute
    ???
permutations:11: in permute
    ???
permutations:11: in permute
    ???
permutations:11: in permute
    ???
permutations:11: in permute
    ???
permutations:11: in permute
    ???
permutations:11: in permute
    ???
permutations:11: in permute
    ???
permutations:11: in permute
    ???
permutations:11: in permute
    ???
permutations:11: in permute
    ???
permutations:11: in permute
    ???
permutations:11: in permute
    ???
permutations:11: in permute
    ???
permutations:11: in permute
    ???
permutations:11: in permute
    ???
permutations:11: in permute
    ???
permutations:11: in permute
    ???
permutations:11: in permute
    ???
permutations:11: in permute
    ???
permutations:11: in permute
    ???
permutations:11: in permute
    ???
permutations:11: in permute
    ???
permutations:11: in permute
    ???
permutations:11: in permute
    ???
permutations:11: in permute
    ???
permutations:11: in permute
    ???
permutations:11: in permute
    ???
permutations:11: in permute
    ???
permutations:11: in permute
    ???
permutations:11: in permute
    ???
permutations:11: in permute
    ???
permutations:11: in permute
    ???
permutations:11: in permute
    ???
permutations:11: in permute
    ???
permutations:11: in permute
    ???
permutations:11: in permute
    ???
permutations:11: in permute
    ???
permutations:11: in permute
    ???
permutations:11: in permute
    ???
permutations:11: in permute
    ???
permutations:11: in permute
    ???
permutations:11: in permute
    ???
permutations:11: in permute
    ???
permutations:11: in permute
    ???
permutations:11: in permute
    ???
permutations:11: in permute
    ???
permutations:11: in permute
    ???
permutations:11: in permute
    ???
permutations:11: in permute
    ???
permutations:11: in permute
    ???
permutations:11: in permute
    ???
permutations:11: in permute
    ???
permutations:11: in permute
    ???
permutations:11: in permute
    ???
permutations:11: in permute
    ???
permutations:11: in permute
    ???
permutations:11: in permute
    ???
permutations:11: in permute
    ???
permutations:11: in permute
    ???
permutations:11: in permute
    ???
permutations:11: in permute
    ???
permutations:11: in permute
    ???
permutations:11: in permute
    ???
permutations:11: in permute
    ???
permutations:11: in permute
    ???
permutations:11: in permute
    ???
permutations:11: in permute
    ???
permutations:11: in permute
    ???
permutations:11: in permute
    ???
permutations:11: in permute
    ???
permutations:11: in permute
    ???
permutations:11: in permute
    ???
permutations:11: in permute
    ???
permutations:11: in permute
    ???
permutations:11: in permute
    ???
permutations:11: in permute
    ???
permutations:11: in permute
    ???
permutations:11: in permute
    ???
permutations:11: in permute
    ???
permutations:11: in permute
    ???
permutations:11: in permute
    ???
permutations:11: in permute
    ???
permutations:11: in permute
    ???
permutations:11: in permute
    ???
permutations:11: in permute
    ???
permutations:11: in permute
    ???
permutations:11: in permute
    ???
permutations:11: in permute
    ???
permutations:11: in permute
    ???
permutations:11: in permute
    ???
permutations:11: in permute
    ???
permutations:11: in permute
    ???
permutations:11: in permute
    ???
permutations:11: in permute
    ???
permutations:11: in permute
    ???
permutations:11: in permute
    ???
permutations:11: in permute
    ???
permutations:11: in permute
    ???
permutations:11: in permute
    ???
permutations:11: in permute
    ???
permutations:11: in permute
    ???
permutations:11: in permute
    ???
permutations:11: in permute
    ???
permutations:11: in permute
    ???
permutations:11: in permute
    ???
permutations:11: in permute
    ???
permutations:11: in permute
    ???
permutations:11: in permute
    ???
permutations:11: in permute
    ???
permutations:11: in permute
    ???
permutations:11: in permute
    ???
permutations:11: in permute
    ???
permutations:11: in permute
    ???
permutations:11: in permute
    ???
permutations:11: in permute
    ???
permutations:11: in permute
    ???
permutations:11: in permute
    ???
permutations:11: in permute
    ???
permutations:11: in permute
    ???
permutations:11: in permute
    ???
permutations:11: in permute
    ???
permutations:11: in permute
    ???
permutations:11: in permute
    ???
permutations:11: in permute
    ???
permutations:11: in permute
    ???
permutations:11: in permute
    ???
permutations:11: in permute
    ???
permutations:11: in permute
    ???
permutations:11: in permute
    ???
permutations:11: in permute
    ???
permutations:11: in permute
    ???
permutations:11: in permute
    ???
permutations:11: in permute
    ???
permutations:11: in permute
    ???
permutations:11: in permute
    ???
permutations:11: in permute
    ???
permutations:11: in permute
    ???
permutations:11: in permute
    ???
permutations:11: in permute
    ???
permutations:11: in permute
    ???
permutations:11: in permute
    ???
permutations:11: in permute
    ???
permutations:11: in permute
    ???
permutations:11: in permute
    ???
permutations:11: in permute
    ???
permutations:11: in permute
    ???
permutations:11: in permute
    ???
permutations:11: in permute
    ???
permutations:11: in permute
    ???
permutations:11: in permute
    ???
permutations:11: in permute
    ???
permutations:11: in permute
    ???
permutations:11: in permute
    ???
permutations:11: in permute
    ???
permutations:11: in permute
    ???
permutations:11: in permute
    ???
permutations:11: in permute
    ???
permutations:11: in permute
    ???
permutations:11: in permute
    ???
permutations:11: in permute
    ???
permutations:11: in permute
    ???
permutations:11: in permute
    ???
permutations:11: in permute
    ???
permutations:11: in permute
    ???
permutations:11: in permute
    ???
permutations:11: in permute
    ???
permutations:11: in permute
    ???
permutations:11: in permute
    ???
permutations:11: in permute
    ???
permutations:11: in permute
    ???
permutations:11: in permute
    ???
permutations:11: in permute
    ???
permutations:11: in permute
    ???
permutations:11: in permute
    ???
permutations:11: in permute
    ???
permutations:11: in permute
    ???
permutations:11: in permute
    ???
permutations:11: in permute
    ???
permutations:11: in permute
    ???
permutations:11: in permute
    ???
permutations:11: in permute
    ???
permutations:11: in permute
    ???
permutations:11: in permute
    ???
permutations:11: in permute
    ???
permutations:11: in permute
    ???
permutations:11: in permute
    ???
permutations:11: in permute
    ???
permutations:11: in permute
    ???
permutations:11: in permute
    ???
permutations:11: in permute
    ???
permutations:11: in permute
    ???
permutations:11: in permute
    ???
permutations:11: in permute
    ???
permutations:11: in permute
    ???
permutations:11: in permute
    ???
permutations:11: in permute
    ???
permutations:11: in permute
    ???
permutations:11: in permute
    ???
permutations:11: in permute
    ???
permutations:11: in permute
    ???
permutations:11: in permute
    ???
permutations:11: in permute
    ???
permutations:11: in permute
    ???
permutations:11: in permute
    ???
permutations:11: in permute
    ???
permutations:11: in permute
    ???
permutations:11: in permute
    ???
permutations:11: in permute
    ???
permutations:11: in permute
    ???
permutations:11: in permute
    ???
permutations:11: in permute
    ???
permutations:11: in permute
    ???
permutations:11: in permute
    ???
permutations:11: in permute
    ???
permutations:11: in permute
    ???
permutations:11: in permute
    ???
permutations:11: in permute
    ???
permutations:11: in permute
    ???
permutations:11: in permute
    ???
permutations:11: in permute
    ???
permutations:11: in permute
    ???
permutations:11: in permute
    ???
permutations:11: in permute
    ???
permutations:11: in permute
    ???
permutations:11: in permute
    ???
permutations:11: in permute
    ???
permutations:11: in permute
    ???
permutations:11: in permute
    ???
permutations:11: in permute
    ???
permutations:11: in permute
    ???
permutations:11: in permute
    ???
permutations:11: in permute
    ???
permutations:11: in permute
    ???
permutations:11: in permute
    ???
permutations:11: in permute
    ???
permutations:11: in permute
    ???
permutations:11: in permute
    ???
permutations:11: in permute
    ???
permutations:11: in permute
    ???
permutations:11: in permute
    ???
permutations:11: in permute
    ???
permutations:11: in permute
    ???
permutations:11: in permute
    ???
permutations:11: in permute
    ???
permutations:11: in permute
    ???
permutations:11: in permute
    ???
permutations:11: in permute
    ???
permutations:11: in permute
    ???
permutations:11: in permute
    ???
permutations:11: in permute
    ???
permutations:11: in permute
    ???
permutations:11: in permute
    ???
permutations:11: in permute
    ???
permutations:11: in permute
    ???
permutations:11: in permute
    ???
permutations:11: in permute
    ???
permutations:11: in permute
    ???
permutations:11: in permute
    ???
permutations:11: in permute
    ???
permutations:11: in permute
    ???
permutations:11: in permute
    ???
permutations:11: in permute
    ???
permutations:11: in permute
    ???
permutations:11: in permute
    ???
permutations:11: in permute
    ???
permutations:11: in permute
    ???
permutations:11: in permute
    ???
permutations:11: in permute
    ???
permutations:11: in permute
    ???
permutations:11: in permute
    ???
permutations:11: in permute
    ???
permutations:11: in permute
    ???
permutations:11: in permute
    ???
permutations:11: in permute
    ???
permutations:11: in permute
    ???
permutations:11: in permute
    ???
permutations:11: in permute
    ???
permutations:11: in permute
    ???
permutations:11: in permute
    ???
permutations:11: in permute
    ???
permutations:11: in permute
    ???
permutations:11: in permute
    ???
permutations:11: in permute
    ???
permutations:11: in permute
    ???
permutations:11: in permute
    ???
permutations:11: in permute
    ???
permutations:11: in permute
    ???
permutations:11: in permute
    ???
permutations:11: in permute
    ???
permutations:11: in permute
    ???
permutations:11: in permute
    ???
permutations:11: in permute
    ???
permutations:11: in permute
    ???
permutations:11: in permute
    ???
permutations:11: in permute
    ???
permutations:11: in permute
    ???
permutations:11: in permute
    ???
permutations:11: in permute
    ???
permutations:11: in permute
    ???
permutations:11: in permute
    ???
permutations:11: in permute
    ???
permutations:11: in permute
    ???
permutations:11: in permute
    ???
permutations:11: in permute
    ???
permutations:11: in permute
    ???
permutations:11: in permute
    ???
permutations:11: in permute
    ???
permutations:11: in permute
    ???
permutations:11: in permute
    ???
permutations:11: in permute
    ???
permutations:11: in permute
    ???
permutations:11: in permute
    ???
permutations:11: in permute
    ???
permutations:11: in permute
    ???
permutations:11: in permute
    ???
permutations:11: in permute
    ???
permutations:11: in permute
    ???
permutations:11: in permute
    ???
permutations:11: in permute
    ???
permutations:11: in permute
    ???
permutations:11: in permute
    ???
permutations:11: in permute
    ???
permutations:11: in permute
    ???
permutations:11: in permute
    ???
permutations:11: in permute
    ???
permutations:11: in permute
    ???
permutations:11: in permute
    ???
permutations:11: in permute
    ???
permutations:11: in permute
    ???
permutations:11: in permute
    ???
permutations:11: in permute
    ???
permutations:11: in permute
    ???
permutations:11: in permute
    ???
permutations:11: in permute
    ???
permutations:11: in permute
    ???
permutations:11: in permute
    ???
permutations:11: in permute
    ???
permutations:11: in permute
    ???
permutations:11: in permute
    ???
permutations:11: in permute
    ???
permutations:11: in permute
    ???
permutations:11: in permute
    ???
permutations:11: in permute
    ???
permutations:11: in permute
    ???
permutations:11: in permute
    ???
permutations:11: in permute
    ???
permutations:11: in permute
    ???
permutations:11: in permute
    ???
permutations:11: in permute
    ???
permutations:11: in permute
    ???
permutations:11: in permute
    ???
permutations:11: in permute
    ???
permutations:11: in permute
    ???
permutations:11: in permute
    ???
permutations:11: in permute
    ???
permutations:11: in permute
    ???
permutations:11: in permute
    ???
permutations:11: in permute
    ???
permutations:11: in permute
    ???
permutations:11: in permute
    ???
permutations:11: in permute
    ???
permutations:11: in permute
    ???
permutations:11: in permute
    ???
permutations:11: in permute
    ???
permutations:11: in permute
    ???
permutations:11: in permute
    ???
permutations:11: in permute
    ???
permutations:11: in permute
    ???
permutations:11: in permute
    ???
permutations:11: in permute
    ???
permutations:11: in permute
    ???
permutations:11: in permute
    ???
permutations:11: in permute
    ???
permutations:11: in permute
    ???
permutations:11: in permute
    ???
permutations:11: in permute
    ???
permutations:11: in permute
    ???
permutations:11: in permute
    ???
permutations:11: in permute
    ???
permutations:11: in permute
    ???
permutations:11: in permute
    ???
permutations:11: in permute
    ???
permutations:11: in permute
    ???
permutations:11: in permute
    ???
permutations:11: in permute
    ???
permutations:11: in permute
    ???
permutations:11: in permute
    ???
permutations:11: in permute
    ???
permutations:11: in permute
    ???
permutations:11: in permute
    ???
permutations:11: in permute
    ???
permutations:11: in permute
    ???
permutations:11: in permute
    ???
permutations:11: in permute
    ???
permutations:11: in permute
    ???
permutations:11: in permute
    ???
permutations:11: in permute
    ???
permutations:11: in permute
    ???
permutations:11: in permute
    ???
permutations:11: in permute
    ???
permutations:11: in permute
    ???
permutations:11: in permute
    ???
permutations:11: in permute
    ???
permutations:11: in permute
    ???
permutations:11: in permute
    ???
permutations:11: in permute
    ???
permutations:11: in permute
    ???
permutations:11: in permute
    ???
permutations:11: in permute
    ???
permutations:11: in permute
    ???
permutations:11: in permute
    ???
permutations:11: in permute
    ???
permutations:11: in permute
    ???
permutations:11: in permute
    ???
permutations:11: in permute
    ???
permutations:11: in permute
    ???
permutations:11: in permute
    ???
permutations:11: in permute
    ???
permutations:11: in permute
    ???
permutations:11: in permute
    ???
permutations:11: in permute
    ???
permutations:11: in permute
    ???
permutations:11: in permute
    ???
permutations:11: in permute
    ???
permutations:11: in permute
    ???
permutations:11: in permute
    ???
permutations:11: in permute
    ???
permutations:11: in permute
    ???
permutations:11: in permute
    ???
permutations:11: in permute
    ???
permutations:11: in permute
    ???
permutations:11: in permute
    ???
permutations:11: in permute
    ???
permutations:11: in permute
    ???
permutations:11: in permute
    ???
permutations:11: in permute
    ???
permutations:11: in permute
    ???
permutations:11: in permute
    ???
permutations:11: in permute
    ???
permutations:11: in permute
    ???
permutations:11: in permute
    ???
permutations:11: in permute
    ???
permutations:11: in permute
    ???
permutations:11: in permute
    ???
permutations:11: in permute
    ???
permutations:11: in permute
    ???
permutations:11: in permute
    ???
permutations:11: in permute
    ???
permutations:11: in permute
    ???
permutations:11: in permute
    ???
permutations:11: in permute
    ???
permutations:11: in permute
    ???
permutations:11: in permute
    ???
permutations:11: in permute
    ???
permutations:11: in permute
    ???
permutations:11: in permute
    ???
permutations:11: in permute
    ???
permutations:11: in permute
    ???
permutations:11: in permute
    ???
permutations:11: in permute
    ???
permutations:11: in permute
    ???
permutations:11: in permute
    ???
permutations:11: in permute
    ???
permutations:11: in permute
    ???
permutations:11: in permute
    ???
permutations:11: in permute
    ???
permutations:11: in permute
    ???
permutations:11: in permute
    ???
permutations:11: in permute
    ???
permutations:11: in permute
    ???
permutations:11: in permute
    ???
permutations:11: in permute
    ???
permutations:11: in permute
    ???
permutations:11: in permute
    ???
permutations:11: in permute
    ???
permutations:11: in permute
    ???
permutations:11: in permute
    ???
permutations:11: in permute
    ???
permutations:11: in permute
    ???
permutations:11: in permute
    ???
permutations:11: in permute
    ???
permutations:11: in permute
    ???
permutations:11: in permute
    ???
permutations:11: in permute
    ???
permutations:11: in permute
    ???
permutations:11: in permute
    ???
permutations:11: in permute
    ???
permutations:11: in permute
    ???
permutations:11: in permute
    ???
permutations:11: in permute
    ???
permutations:11: in permute
    ???
permutations:11: in permute
    ???
permutations:11: in permute
    ???
permutations:11: in permute
    ???
permutations:11: in permute
    ???
permutations:11: in permute
    ???
permutations:11: in permute
    ???
permutations:11: in permute
    ???
permutations:11: in permute
    ???
permutations:11: in permute
    ???
permutations:11: in permute
    ???
permutations:11: in permute
    ???
permutations:11: in permute
    ???
permutations:11: in permute
    ???
permutations:11: in permute
    ???
permutations:11: in permute
    ???
permutations:11: in permute
    ???
permutations:11: in permute
    ???
permutations:11: in permute
    ???
permutations:11: in permute
    ???
permutations:11: in permute
    ???
permutations:11: in permute
    ???
permutations:11: in permute
    ???
permutations:11: in permute
    ???
permutations:11: in permute
    ???
permutations:11: in permute
    ???
permutations:11: in permute
    ???
permutations:11: in permute
    ???
permutations:11: in permute
    ???
permutations:11: in permute
    ???
permutations:11: in permute
    ???
permutations:11: in permute
    ???
permutations:11: in permute
    ???
permutations:11: in permute
    ???
permutations:11: in permute
    ???
permutations:11: in permute
    ???
permutations:11: in permute
    ???
permutations:11: in permute
    ???
permutations:11: in permute
    ???
permutations:11: in permute
    ???
permutations:11: in permute
    ???
permutations:11: in permute
    ???
permutations:11: in permute
    ???
permutations:11: in permute
    ???
permutations:11: in permute
    ???
permutations:11: in permute
    ???
permutations:11: in permute
    ???
permutations:11: in permute
    ???
permutations:11: in permute
    ???
permutations:11: in permute
    ???
permutations:11: in permute
    ???
permutations:11: in permute
    ???
permutations:11: in permute
    ???
permutations:11: in permute
    ???
permutations:11: in permute
    ???
permutations:11: in permute
    ???
permutations:11: in permute
    ???
permutations:11: in permute
    ???
permutations:11: in permute
    ???
permutations:11: in permute
    ???
permutations:11: in permute
    ???
permutations:11: in permute
    ???
permutations:11: in permute
    ???
permutations:11: in permute
    ???
permutations:11: in permute
    ???
permutations:11: in permute
    ???
permutations:11: in permute
    ???
permutations:11: in permute
    ???
permutations:11: in permute
    ???
permutations:11: in permute
    ???
permutations:11: in permute
    ???
permutations:11: in permute
    ???
permutations:11: in permute
    ???
permutations:11: in permute
    ???
permutations:11: in permute
    ???
permutations:11: in permute
    ???
permutations:11: in permute
    ???
permutations:11: in permute
    ???
permutations:11: in permute
    ???
permutations:11: in permute
    ???
permutations:11: in permute
    ???
permutations:11: in permute
    ???
permutations:11: in permute
    ???
permutations:11: in permute
    ???
permutations:11: in permute
    ???
permutations:11: in permute
    ???
permutations:11: in permute
    ???
permutations:11: in permute
    ???
permutations:11: in permute
    ???
permutations:11: in permute
    ???
permutations:11: in permute
    ???
permutations:11: in permute
    ???
permutations:11: in permute
    ???
permutations:11: in permute
    ???
permutations:11: in permute
    ???
permutations:11: in permute
    ???
permutations:11: in permute
    ???
permutations:11: in permute
    ???
permutations:11: in permute
    ???
permutations:11: in permute
    ???
permutations:11: in permute
    ???
permutations:11: in permute
    ???
permutations:11: in permute
    ???
permutations:11: in permute
    ???
permutations:11: in permute
    ???
permutations:11: in permute
    ???
permutations:11: in permute
    ???
permutations:11: in permute
    ???
permutations:11: in permute
    ???
permutations:11: in permute
    ???
permutations:11: in permute
    ???
permutations:11: in permute
    ???
permutations:11: in permute
    ???
permutations:11: in permute
    ???
permutations:11: in permute
    ???
permutations:11: in permute
    ???
permutations:11: in permute
    ???
permutations:11: in permute
    ???
permutations:11: in permute
    ???
permutations:11: in permute
    ???
permutations:11: in permute
    ???
permutations:11: in permute
    ???
permutations:11: in permute
    ???
permutations:11: in permute
    ???
permutations:11: in permute
    ???
permutations:11: in permute
    ???
permutations:11: in permute
    ???
permutations:11: in permute
    ???
permutations:11: in permute
    ???
permutations:11: in permute
    ???
permutations:11: in permute
    ???
permutations:11: in permute
    ???
permutations:11: in permute
    ???
permutations:11: in permute
    ???
permutations:11: in permute
    ???
permutations:11: in permute
    ???
permutations:11: in permute
    ???
permutations:11: in permute
    ???
permutations:11: in permute
    ???
permutations:11: in permute
    ???
permutations:11: in permute
    ???
permutations:11: in permute
    ???
permutations:11: in permute
    ???
permutations:11: in permute
    ???
permutations:11: in permute
    ???
permutations:11: in permute
    ???
permutations:11: in permute
    ???
permutations:11: in permute
    ???
permutations:11: in permute
    ???
permutations:11: in permute
    ???
permutations:11: in permute
    ???
permutations:11: in permute
    ???
permutations:11: in permute
    ???
permutations:11: in permute
    ???
permutations:11: in permute
    ???
permutations:11: in permute
    ???
permutations:11: in permute
    ???
permutations:11: in permute
    ???
permutations:11: in permute
    ???
permutations:11: in permute
    ???
permutations:11: in permute
    ???
permutations:11: in permute
    ???
permutations:11: in permute
    ???
permutations:11: in permute
    ???
permutations:11: in permute
    ???
permutations:11: in permute
    ???
permutations:11: in permute
    ???
permutations:11: in permute
    ???
permutations:11: in permute
    ???
permutations:11: in permute
    ???
permutations:11: in permute
    ???
permutations:11: in permute
    ???
permutations:11: in permute
    ???
permutations:11: in permute
    ???
permutations:11: in permute
    ???
permutations:11: in permute
    ???
permutations:11: in permute
    ???
permutations:11: in permute
    ???
permutations:11: in permute
    ???
permutations:11: in permute
    ???
permutations:11: in permute
    ???
permutations:11: in permute
    ???
_ _ _ _ _ _ _ _ _ _ _ _ _ _ _ _ _ _ _ _ _ _ _ _ _ _ _ _ _ _ _ _ _ _ _ _ _ _ _ _ 

current = 'toooooooooooooooooooooooooooooooooooooooooooooooooooooooooooooooooooooooooooooooooooooooooooooooooooooooooooooooooooo...oooooooooooooooooooooooooooooooooooooooooooooooooooooooooooooooooooooooooooooooooooooooooooooooooooooooooooooooooooooo'
remaining = ['o']

>   ???
E   RecursionError: maximum recursion depth exceeded while calling a Python object

permutations:10: RecursionError
[36m   -[0m [#   4] COD permutations: 
--------------------------------------------------------------------------------
   3:     Find all permutations of letters in a word.
   4: 
   5:     '''
   6:     def permute(current, remaining):
[34m-  7:         if not remaining:[0m
[32m+  7:         if remaining:[0m
   8:             permute.list.append(current)
   9:             return
  10:         for i in range(0, len(remaining)):
  11:             permute(current + remaining[i], remaining[:i] + remaining[i + 1:])
--------------------------------------------------------------------------------
[0.11796 s] [32mkilled[0m by 0-ts/test_permutations_word.py::test_permutation_word

def test_permutation_word():
>       assert permutations_of_word('two') == ['two', 'tow', 'wto', 'wot', 'otw', 'owt']
E       AssertionError

0-ts/test_permutations_word.py:5: AssertionError
[36m   -[0m [#   5] COI permutations: 
--------------------------------------------------------------------------------
   3:     Find all permutations of letters in a word.
   4: 
   5:     '''
   6:     def permute(current, remaining):
[34m-  7:         if not remaining:[0m
[32m+  7:         if not ((not remaining)):[0m
   8:             permute.list.append(current)
   9:             return
  10:         for i in range(0, len(remaining)):
  11:             permute(current + remaining[i], remaining[:i] + remaining[i + 1:])
--------------------------------------------------------------------------------
[0.11521 s] [32mkilled[0m by 0-ts/test_permutations_word.py::test_permutation_word

def test_permutation_word():
>       assert permutations_of_word('two') == ['two', 'tow', 'wto', 'wot', 'otw', 'owt']
E       AssertionError

0-ts/test_permutations_word.py:5: AssertionError
[36m   -[0m [#   6] CRP permutations: 
--------------------------------------------------------------------------------
   6:     def permute(current, remaining):
   7:         if not remaining:
   8:             permute.list.append(current)
   9:             return
[34m- 10:         for i in range(0, len(remaining)):[0m
[32m+ 10:         for i in range(1, len(remaining)):[0m
  11:             permute(current + remaining[i], remaining[:i] + remaining[i + 1:])
  12:     
  13:     permute.list = []
  14:     permute('', list(string))
--------------------------------------------------------------------------------
[0.12126 s] [32mkilled[0m by 0-ts/test_permutations_word.py::test_permutation_word

def test_permutation_word():
>       assert permutations_of_word('two') == ['two', 'tow', 'wto', 'wot', 'otw', 'owt']
E       AssertionError

0-ts/test_permutations_word.py:5: AssertionError
[36m   -[0m [#   7] CRP permutations: 
--------------------------------------------------------------------------------
   7:         if not remaining:
   8:             permute.list.append(current)
   9:             return
  10:         for i in range(0, len(remaining)):
[34m- 11:             permute(current + remaining[i], remaining[:i] + remaining[i + 1:])[0m
[32m+ 11:             permute(current + remaining[i], remaining[:i] + remaining[i + 2:])[0m
  12:     
  13:     permute.list = []
  14:     permute('', list(string))
  15:     return permute.list
--------------------------------------------------------------------------------
[0.09781 s] [32mkilled[0m by 0-ts/test_permutations_word.py::test_permutation_word

def test_permutation_word():
>       assert permutations_of_word('two') == ['two', 'tow', 'wto', 'wot', 'otw', 'owt']
E       AssertionError

0-ts/test_permutations_word.py:5: AssertionError
[36m   -[0m [#   8] CRP permutations: 
--------------------------------------------------------------------------------
  10:         for i in range(0, len(remaining)):
  11:             permute(current + remaining[i], remaining[:i] + remaining[i + 1:])
  12:     
  13:     permute.list = []
[34m- 14:     permute('', list(string))[0m
[32m+ 14:     permute('mutpy', list(string))[0m
  15:     return permute.list
--------------------------------------------------------------------------------
[0.12817 s] [32mkilled[0m by 0-ts/test_permutations_word.py::test_permutation_word

def test_permutation_word():
>       assert permutations_of_word('two') == ['two', 'tow', 'wto', 'wot', 'otw', 'owt']
E       AssertionError

0-ts/test_permutations_word.py:5: AssertionError
[36m   -[0m [#   9] OIL permutations: 
--------------------------------------------------------------------------------
   8:             permute.list.append(current)
   9:             return
  10:         for i in range(0, len(remaining)):
  11:             permute(current + remaining[i], remaining[:i] + remaining[i + 1:])
[34m- 12:     [0m
[32m+ 12:             break[0m
  13:     permute.list = []
  14:     permute('', list(string))
  15:     return permute.list
--------------------------------------------------------------------------------
[0.09750 s] [32mkilled[0m by 0-ts/test_permutations_word.py::test_permutation_word

def test_permutation_word():
>       assert permutations_of_word('two') == ['two', 'tow', 'wto', 'wot', 'otw', 'owt']
E       AssertionError

0-ts/test_permutations_word.py:5: AssertionError
[36m   -[0m [#  10] RIL permutations: 
--------------------------------------------------------------------------------
   6:     def permute(current, remaining):
   7:         if not remaining:
   8:             permute.list.append(current)
   9:             return
[34m- 10:         for i in range(0, len(remaining)):[0m
[32m+ 10:         for i in reversed(range(0, len(remaining))):[0m
  11:             permute(current + remaining[i], remaining[:i] + remaining[i + 1:])
  12:     
  13:     permute.list = []
  14:     permute('', list(string))
--------------------------------------------------------------------------------
[0.12754 s] [32mkilled[0m by 0-ts/test_permutations_word.py::test_permutation_word

def test_permutation_word():
>       assert permutations_of_word('two') == ['two', 'tow', 'wto', 'wot', 'otw', 'owt']
E       AssertionError

0-ts/test_permutations_word.py:5: AssertionError
[36m   -[0m [#  11] SDL permutations: 
--------------------------------------------------------------------------------
   4: 
   5:     '''
   6:     def permute(current, remaining):
   7:         if not remaining:
[34m-  8:             permute.list.append(current)[0m
[32m+  8:             pass[0m
   9:             return
  10:         for i in range(0, len(remaining)):
  11:             permute(current + remaining[i], remaining[:i] + remaining[i + 1:])
  12:     
--------------------------------------------------------------------------------
[0.09493 s] [32mkilled[0m by 0-ts/test_permutations_word.py::test_permutation_word

def test_permutation_word():
>       assert permutations_of_word('two') == ['two', 'tow', 'wto', 'wot', 'otw', 'owt']
E       AssertionError

0-ts/test_permutations_word.py:5: AssertionError
[36m   -[0m [#  12] SDL permutations: 
--------------------------------------------------------------------------------
   5:     '''
   6:     def permute(current, remaining):
   7:         if not remaining:
   8:             permute.list.append(current)
[34m-  9:             return[0m
[32m+  9:             pass[0m
  10:         for i in range(0, len(remaining)):
  11:             permute(current + remaining[i], remaining[:i] + remaining[i + 1:])
  12:     
  13:     permute.list = []
--------------------------------------------------------------------------------
[0.07974 s] [31msurvived[0m
[36m   -[0m [#  13] SDL permutations: 
--------------------------------------------------------------------------------
   7:         if not remaining:
   8:             permute.list.append(current)
   9:             return
  10:         for i in range(0, len(remaining)):
[34m- 11:             permute(current + remaining[i], remaining[:i] + remaining[i + 1:])[0m
[32m+ 11:             pass[0m
  12:     
  13:     permute.list = []
  14:     permute('', list(string))
  15:     return permute.list
--------------------------------------------------------------------------------
[0.09621 s] [32mkilled[0m by 0-ts/test_permutations_word.py::test_permutation_word

def test_permutation_word():
>       assert permutations_of_word('two') == ['two', 'tow', 'wto', 'wot', 'otw', 'owt']
E       AssertionError

0-ts/test_permutations_word.py:5: AssertionError
[36m   -[0m [#  14] SDL permutations: 
--------------------------------------------------------------------------------
   9:             return
  10:         for i in range(0, len(remaining)):
  11:             permute(current + remaining[i], remaining[:i] + remaining[i + 1:])
  12:     
[34m- 13:     permute.list = [][0m
[32m+ 13:     pass[0m
  14:     permute('', list(string))
  15:     return permute.list
--------------------------------------------------------------------------------
[0.12694 s] [32mkilled[0m by 0-ts/test_permutations_word.py::test_permutation_word

def test_permutation_word():
>       assert permutations_of_word('two') == ['two', 'tow', 'wto', 'wot', 'otw', 'owt']

0-ts/test_permutations_word.py:5: 
_ _ _ _ _ _ _ _ _ _ _ _ _ _ _ _ _ _ _ _ _ _ _ _ _ _ _ _ _ _ _ _ _ _ _ _ _ _ _ _ 
permutations:14: in permutations_of_word
    ???
permutations:11: in permute
    ???
permutations:11: in permute
    ???
permutations:11: in permute
    ???
_ _ _ _ _ _ _ _ _ _ _ _ _ _ _ _ _ _ _ _ _ _ _ _ _ _ _ _ _ _ _ _ _ _ _ _ _ _ _ _ 

current = 'two', remaining = []

>   ???
E   AttributeError: 'function' object has no attribute 'list'

permutations:8: AttributeError
[36m   -[0m [#  15] SDL permutations: 
--------------------------------------------------------------------------------
  10:         for i in range(0, len(remaining)):
  11:             permute(current + remaining[i], remaining[:i] + remaining[i + 1:])
  12:     
  13:     permute.list = []
[34m- 14:     permute('', list(string))[0m
[32m+ 14:     pass[0m
  15:     return permute.list
--------------------------------------------------------------------------------
[0.12463 s] [32mkilled[0m by 0-ts/test_permutations_word.py::test_permutation_word

def test_permutation_word():
>       assert permutations_of_word('two') == ['two', 'tow', 'wto', 'wot', 'otw', 'owt']
E       AssertionError

0-ts/test_permutations_word.py:5: AssertionError
[36m   -[0m [#  16] SDL permutations: 
--------------------------------------------------------------------------------
  11:             permute(current + remaining[i], remaining[:i] + remaining[i + 1:])
  12:     
  13:     permute.list = []
  14:     permute('', list(string))
[34m- 15:     return permute.list[0m
[32m+ 15:     pass[0m
--------------------------------------------------------------------------------
[0.12675 s] [32mkilled[0m by 0-ts/test_permutations_word.py::test_permutation_word

def test_permutation_word():
>       assert permutations_of_word('two') == ['two', 'tow', 'wto', 'wot', 'otw', 'owt']
E       AssertionError

0-ts/test_permutations_word.py:5: AssertionError
[36m   -[0m [#  17] SIR permutations: 
--------------------------------------------------------------------------------
   7:         if not remaining:
   8:             permute.list.append(current)
   9:             return
  10:         for i in range(0, len(remaining)):
[34m- 11:             permute(current + remaining[i], remaining[:i] + remaining[i + 1:])[0m
[32m+ 11:             permute(current + remaining[i], remaining[:] + remaining[i + 1:])[0m
  12:     
  13:     permute.list = []
  14:     permute('', list(string))
  15:     return permute.list
--------------------------------------------------------------------------------
[5.00794 s] [33mtimeout[0m
[36m   -[0m [#  18] SIR permutations: 
--------------------------------------------------------------------------------
   7:         if not remaining:
   8:             permute.list.append(current)
   9:             return
  10:         for i in range(0, len(remaining)):
[34m- 11:             permute(current + remaining[i], remaining[:i] + remaining[i + 1:])[0m
[32m+ 11:             permute(current + remaining[i], remaining[:i] + remaining[:])[0m
  12:     
  13:     permute.list = []
  14:     permute('', list(string))
  15:     return permute.list
--------------------------------------------------------------------------------
[0.48772 s] [32mkilled[0m by 0-ts/test_permutations_word.py::test_permutation_word

def test_permutation_word():
>       assert permutations_of_word('two') == ['two', 'tow', 'wto', 'wot', 'otw', 'owt']

0-ts/test_permutations_word.py:5: 
_ _ _ _ _ _ _ _ _ _ _ _ _ _ _ _ _ _ _ _ _ _ _ _ _ _ _ _ _ _ _ _ _ _ _ _ _ _ _ _ 
permutations:14: in permutations_of_word
    ???
permutations:11: in permute
    ???
permutations:11: in permute
    ???
permutations:11: in permute
    ???
permutations:11: in permute
    ???
permutations:11: in permute
    ???
permutations:11: in permute
    ???
permutations:11: in permute
    ???
permutations:11: in permute
    ???
permutations:11: in permute
    ???
permutations:11: in permute
    ???
permutations:11: in permute
    ???
permutations:11: in permute
    ???
permutations:11: in permute
    ???
permutations:11: in permute
    ???
permutations:11: in permute
    ???
permutations:11: in permute
    ???
permutations:11: in permute
    ???
permutations:11: in permute
    ???
permutations:11: in permute
    ???
permutations:11: in permute
    ???
permutations:11: in permute
    ???
permutations:11: in permute
    ???
permutations:11: in permute
    ???
permutations:11: in permute
    ???
permutations:11: in permute
    ???
permutations:11: in permute
    ???
permutations:11: in permute
    ???
permutations:11: in permute
    ???
permutations:11: in permute
    ???
permutations:11: in permute
    ???
permutations:11: in permute
    ???
permutations:11: in permute
    ???
permutations:11: in permute
    ???
permutations:11: in permute
    ???
permutations:11: in permute
    ???
permutations:11: in permute
    ???
permutations:11: in permute
    ???
permutations:11: in permute
    ???
permutations:11: in permute
    ???
permutations:11: in permute
    ???
permutations:11: in permute
    ???
permutations:11: in permute
    ???
permutations:11: in permute
    ???
permutations:11: in permute
    ???
permutations:11: in permute
    ???
permutations:11: in permute
    ???
permutations:11: in permute
    ???
permutations:11: in permute
    ???
permutations:11: in permute
    ???
permutations:11: in permute
    ???
permutations:11: in permute
    ???
permutations:11: in permute
    ???
permutations:11: in permute
    ???
permutations:11: in permute
    ???
permutations:11: in permute
    ???
permutations:11: in permute
    ???
permutations:11: in permute
    ???
permutations:11: in permute
    ???
permutations:11: in permute
    ???
permutations:11: in permute
    ???
permutations:11: in permute
    ???
permutations:11: in permute
    ???
permutations:11: in permute
    ???
permutations:11: in permute
    ???
permutations:11: in permute
    ???
permutations:11: in permute
    ???
permutations:11: in permute
    ???
permutations:11: in permute
    ???
permutations:11: in permute
    ???
permutations:11: in permute
    ???
permutations:11: in permute
    ???
permutations:11: in permute
    ???
permutations:11: in permute
    ???
permutations:11: in permute
    ???
permutations:11: in permute
    ???
permutations:11: in permute
    ???
permutations:11: in permute
    ???
permutations:11: in permute
    ???
permutations:11: in permute
    ???
permutations:11: in permute
    ???
permutations:11: in permute
    ???
permutations:11: in permute
    ???
permutations:11: in permute
    ???
permutations:11: in permute
    ???
permutations:11: in permute
    ???
permutations:11: in permute
    ???
permutations:11: in permute
    ???
permutations:11: in permute
    ???
permutations:11: in permute
    ???
permutations:11: in permute
    ???
permutations:11: in permute
    ???
permutations:11: in permute
    ???
permutations:11: in permute
    ???
permutations:11: in permute
    ???
permutations:11: in permute
    ???
permutations:11: in permute
    ???
permutations:11: in permute
    ???
permutations:11: in permute
    ???
permutations:11: in permute
    ???
permutations:11: in permute
    ???
permutations:11: in permute
    ???
permutations:11: in permute
    ???
permutations:11: in permute
    ???
permutations:11: in permute
    ???
permutations:11: in permute
    ???
permutations:11: in permute
    ???
permutations:11: in permute
    ???
permutations:11: in permute
    ???
permutations:11: in permute
    ???
permutations:11: in permute
    ???
permutations:11: in permute
    ???
permutations:11: in permute
    ???
permutations:11: in permute
    ???
permutations:11: in permute
    ???
permutations:11: in permute
    ???
permutations:11: in permute
    ???
permutations:11: in permute
    ???
permutations:11: in permute
    ???
permutations:11: in permute
    ???
permutations:11: in permute
    ???
permutations:11: in permute
    ???
permutations:11: in permute
    ???
permutations:11: in permute
    ???
permutations:11: in permute
    ???
permutations:11: in permute
    ???
permutations:11: in permute
    ???
permutations:11: in permute
    ???
permutations:11: in permute
    ???
permutations:11: in permute
    ???
permutations:11: in permute
    ???
permutations:11: in permute
    ???
permutations:11: in permute
    ???
permutations:11: in permute
    ???
permutations:11: in permute
    ???
permutations:11: in permute
    ???
permutations:11: in permute
    ???
permutations:11: in permute
    ???
permutations:11: in permute
    ???
permutations:11: in permute
    ???
permutations:11: in permute
    ???
permutations:11: in permute
    ???
permutations:11: in permute
    ???
permutations:11: in permute
    ???
permutations:11: in permute
    ???
permutations:11: in permute
    ???
permutations:11: in permute
    ???
permutations:11: in permute
    ???
permutations:11: in permute
    ???
permutations:11: in permute
    ???
permutations:11: in permute
    ???
permutations:11: in permute
    ???
permutations:11: in permute
    ???
permutations:11: in permute
    ???
permutations:11: in permute
    ???
permutations:11: in permute
    ???
permutations:11: in permute
    ???
permutations:11: in permute
    ???
permutations:11: in permute
    ???
permutations:11: in permute
    ???
permutations:11: in permute
    ???
permutations:11: in permute
    ???
permutations:11: in permute
    ???
permutations:11: in permute
    ???
permutations:11: in permute
    ???
permutations:11: in permute
    ???
permutations:11: in permute
    ???
permutations:11: in permute
    ???
permutations:11: in permute
    ???
permutations:11: in permute
    ???
permutations:11: in permute
    ???
permutations:11: in permute
    ???
permutations:11: in permute
    ???
permutations:11: in permute
    ???
permutations:11: in permute
    ???
permutations:11: in permute
    ???
permutations:11: in permute
    ???
permutations:11: in permute
    ???
permutations:11: in permute
    ???
permutations:11: in permute
    ???
permutations:11: in permute
    ???
permutations:11: in permute
    ???
permutations:11: in permute
    ???
permutations:11: in permute
    ???
permutations:11: in permute
    ???
permutations:11: in permute
    ???
permutations:11: in permute
    ???
permutations:11: in permute
    ???
permutations:11: in permute
    ???
permutations:11: in permute
    ???
permutations:11: in permute
    ???
permutations:11: in permute
    ???
permutations:11: in permute
    ???
permutations:11: in permute
    ???
permutations:11: in permute
    ???
permutations:11: in permute
    ???
permutations:11: in permute
    ???
permutations:11: in permute
    ???
permutations:11: in permute
    ???
permutations:11: in permute
    ???
permutations:11: in permute
    ???
permutations:11: in permute
    ???
permutations:11: in permute
    ???
permutations:11: in permute
    ???
permutations:11: in permute
    ???
permutations:11: in permute
    ???
permutations:11: in permute
    ???
permutations:11: in permute
    ???
permutations:11: in permute
    ???
permutations:11: in permute
    ???
permutations:11: in permute
    ???
permutations:11: in permute
    ???
permutations:11: in permute
    ???
permutations:11: in permute
    ???
permutations:11: in permute
    ???
permutations:11: in permute
    ???
permutations:11: in permute
    ???
permutations:11: in permute
    ???
permutations:11: in permute
    ???
permutations:11: in permute
    ???
permutations:11: in permute
    ???
permutations:11: in permute
    ???
permutations:11: in permute
    ???
permutations:11: in permute
    ???
permutations:11: in permute
    ???
permutations:11: in permute
    ???
permutations:11: in permute
    ???
permutations:11: in permute
    ???
permutations:11: in permute
    ???
permutations:11: in permute
    ???
permutations:11: in permute
    ???
permutations:11: in permute
    ???
permutations:11: in permute
    ???
permutations:11: in permute
    ???
permutations:11: in permute
    ???
permutations:11: in permute
    ???
permutations:11: in permute
    ???
permutations:11: in permute
    ???
permutations:11: in permute
    ???
permutations:11: in permute
    ???
permutations:11: in permute
    ???
permutations:11: in permute
    ???
permutations:11: in permute
    ???
permutations:11: in permute
    ???
permutations:11: in permute
    ???
permutations:11: in permute
    ???
permutations:11: in permute
    ???
permutations:11: in permute
    ???
permutations:11: in permute
    ???
permutations:11: in permute
    ???
permutations:11: in permute
    ???
permutations:11: in permute
    ???
permutations:11: in permute
    ???
permutations:11: in permute
    ???
permutations:11: in permute
    ???
permutations:11: in permute
    ???
permutations:11: in permute
    ???
permutations:11: in permute
    ???
permutations:11: in permute
    ???
permutations:11: in permute
    ???
permutations:11: in permute
    ???
permutations:11: in permute
    ???
permutations:11: in permute
    ???
permutations:11: in permute
    ???
permutations:11: in permute
    ???
permutations:11: in permute
    ???
permutations:11: in permute
    ???
permutations:11: in permute
    ???
permutations:11: in permute
    ???
permutations:11: in permute
    ???
permutations:11: in permute
    ???
permutations:11: in permute
    ???
permutations:11: in permute
    ???
permutations:11: in permute
    ???
permutations:11: in permute
    ???
permutations:11: in permute
    ???
permutations:11: in permute
    ???
permutations:11: in permute
    ???
permutations:11: in permute
    ???
permutations:11: in permute
    ???
permutations:11: in permute
    ???
permutations:11: in permute
    ???
permutations:11: in permute
    ???
permutations:11: in permute
    ???
permutations:11: in permute
    ???
permutations:11: in permute
    ???
permutations:11: in permute
    ???
permutations:11: in permute
    ???
permutations:11: in permute
    ???
permutations:11: in permute
    ???
permutations:11: in permute
    ???
permutations:11: in permute
    ???
permutations:11: in permute
    ???
permutations:11: in permute
    ???
permutations:11: in permute
    ???
permutations:11: in permute
    ???
permutations:11: in permute
    ???
permutations:11: in permute
    ???
permutations:11: in permute
    ???
permutations:11: in permute
    ???
permutations:11: in permute
    ???
permutations:11: in permute
    ???
permutations:11: in permute
    ???
permutations:11: in permute
    ???
permutations:11: in permute
    ???
permutations:11: in permute
    ???
permutations:11: in permute
    ???
permutations:11: in permute
    ???
permutations:11: in permute
    ???
permutations:11: in permute
    ???
permutations:11: in permute
    ???
permutations:11: in permute
    ???
permutations:11: in permute
    ???
permutations:11: in permute
    ???
permutations:11: in permute
    ???
permutations:11: in permute
    ???
permutations:11: in permute
    ???
permutations:11: in permute
    ???
permutations:11: in permute
    ???
permutations:11: in permute
    ???
permutations:11: in permute
    ???
permutations:11: in permute
    ???
permutations:11: in permute
    ???
permutations:11: in permute
    ???
permutations:11: in permute
    ???
permutations:11: in permute
    ???
permutations:11: in permute
    ???
permutations:11: in permute
    ???
permutations:11: in permute
    ???
permutations:11: in permute
    ???
permutations:11: in permute
    ???
permutations:11: in permute
    ???
permutations:11: in permute
    ???
permutations:11: in permute
    ???
permutations:11: in permute
    ???
permutations:11: in permute
    ???
permutations:11: in permute
    ???
permutations:11: in permute
    ???
permutations:11: in permute
    ???
permutations:11: in permute
    ???
permutations:11: in permute
    ???
permutations:11: in permute
    ???
permutations:11: in permute
    ???
permutations:11: in permute
    ???
permutations:11: in permute
    ???
permutations:11: in permute
    ???
permutations:11: in permute
    ???
permutations:11: in permute
    ???
permutations:11: in permute
    ???
permutations:11: in permute
    ???
permutations:11: in permute
    ???
permutations:11: in permute
    ???
permutations:11: in permute
    ???
permutations:11: in permute
    ???
permutations:11: in permute
    ???
permutations:11: in permute
    ???
permutations:11: in permute
    ???
permutations:11: in permute
    ???
permutations:11: in permute
    ???
permutations:11: in permute
    ???
permutations:11: in permute
    ???
permutations:11: in permute
    ???
permutations:11: in permute
    ???
permutations:11: in permute
    ???
permutations:11: in permute
    ???
permutations:11: in permute
    ???
permutations:11: in permute
    ???
permutations:11: in permute
    ???
permutations:11: in permute
    ???
permutations:11: in permute
    ???
permutations:11: in permute
    ???
permutations:11: in permute
    ???
permutations:11: in permute
    ???
permutations:11: in permute
    ???
permutations:11: in permute
    ???
permutations:11: in permute
    ???
permutations:11: in permute
    ???
permutations:11: in permute
    ???
permutations:11: in permute
    ???
permutations:11: in permute
    ???
permutations:11: in permute
    ???
permutations:11: in permute
    ???
permutations:11: in permute
    ???
permutations:11: in permute
    ???
permutations:11: in permute
    ???
permutations:11: in permute
    ???
permutations:11: in permute
    ???
permutations:11: in permute
    ???
permutations:11: in permute
    ???
permutations:11: in permute
    ???
permutations:11: in permute
    ???
permutations:11: in permute
    ???
permutations:11: in permute
    ???
permutations:11: in permute
    ???
permutations:11: in permute
    ???
permutations:11: in permute
    ???
permutations:11: in permute
    ???
permutations:11: in permute
    ???
permutations:11: in permute
    ???
permutations:11: in permute
    ???
permutations:11: in permute
    ???
permutations:11: in permute
    ???
permutations:11: in permute
    ???
permutations:11: in permute
    ???
permutations:11: in permute
    ???
permutations:11: in permute
    ???
permutations:11: in permute
    ???
permutations:11: in permute
    ???
permutations:11: in permute
    ???
permutations:11: in permute
    ???
permutations:11: in permute
    ???
permutations:11: in permute
    ???
permutations:11: in permute
    ???
permutations:11: in permute
    ???
permutations:11: in permute
    ???
permutations:11: in permute
    ???
permutations:11: in permute
    ???
permutations:11: in permute
    ???
permutations:11: in permute
    ???
permutations:11: in permute
    ???
permutations:11: in permute
    ???
permutations:11: in permute
    ???
permutations:11: in permute
    ???
permutations:11: in permute
    ???
permutations:11: in permute
    ???
permutations:11: in permute
    ???
permutations:11: in permute
    ???
permutations:11: in permute
    ???
permutations:11: in permute
    ???
permutations:11: in permute
    ???
permutations:11: in permute
    ???
permutations:11: in permute
    ???
permutations:11: in permute
    ???
permutations:11: in permute
    ???
permutations:11: in permute
    ???
permutations:11: in permute
    ???
permutations:11: in permute
    ???
permutations:11: in permute
    ???
permutations:11: in permute
    ???
permutations:11: in permute
    ???
permutations:11: in permute
    ???
permutations:11: in permute
    ???
permutations:11: in permute
    ???
permutations:11: in permute
    ???
permutations:11: in permute
    ???
permutations:11: in permute
    ???
permutations:11: in permute
    ???
permutations:11: in permute
    ???
permutations:11: in permute
    ???
permutations:11: in permute
    ???
permutations:11: in permute
    ???
permutations:11: in permute
    ???
permutations:11: in permute
    ???
permutations:11: in permute
    ???
permutations:11: in permute
    ???
permutations:11: in permute
    ???
permutations:11: in permute
    ???
permutations:11: in permute
    ???
permutations:11: in permute
    ???
permutations:11: in permute
    ???
permutations:11: in permute
    ???
permutations:11: in permute
    ???
permutations:11: in permute
    ???
permutations:11: in permute
    ???
permutations:11: in permute
    ???
permutations:11: in permute
    ???
permutations:11: in permute
    ???
permutations:11: in permute
    ???
permutations:11: in permute
    ???
permutations:11: in permute
    ???
permutations:11: in permute
    ???
permutations:11: in permute
    ???
permutations:11: in permute
    ???
permutations:11: in permute
    ???
permutations:11: in permute
    ???
permutations:11: in permute
    ???
permutations:11: in permute
    ???
permutations:11: in permute
    ???
permutations:11: in permute
    ???
permutations:11: in permute
    ???
permutations:11: in permute
    ???
permutations:11: in permute
    ???
permutations:11: in permute
    ???
permutations:11: in permute
    ???
permutations:11: in permute
    ???
permutations:11: in permute
    ???
permutations:11: in permute
    ???
permutations:11: in permute
    ???
permutations:11: in permute
    ???
permutations:11: in permute
    ???
permutations:11: in permute
    ???
permutations:11: in permute
    ???
permutations:11: in permute
    ???
permutations:11: in permute
    ???
permutations:11: in permute
    ???
permutations:11: in permute
    ???
permutations:11: in permute
    ???
permutations:11: in permute
    ???
permutations:11: in permute
    ???
permutations:11: in permute
    ???
permutations:11: in permute
    ???
permutations:11: in permute
    ???
permutations:11: in permute
    ???
permutations:11: in permute
    ???
permutations:11: in permute
    ???
permutations:11: in permute
    ???
permutations:11: in permute
    ???
permutations:11: in permute
    ???
permutations:11: in permute
    ???
permutations:11: in permute
    ???
permutations:11: in permute
    ???
permutations:11: in permute
    ???
permutations:11: in permute
    ???
permutations:11: in permute
    ???
permutations:11: in permute
    ???
permutations:11: in permute
    ???
permutations:11: in permute
    ???
permutations:11: in permute
    ???
permutations:11: in permute
    ???
permutations:11: in permute
    ???
permutations:11: in permute
    ???
permutations:11: in permute
    ???
permutations:11: in permute
    ???
permutations:11: in permute
    ???
permutations:11: in permute
    ???
permutations:11: in permute
    ???
permutations:11: in permute
    ???
permutations:11: in permute
    ???
permutations:11: in permute
    ???
permutations:11: in permute
    ???
permutations:11: in permute
    ???
permutations:11: in permute
    ???
permutations:11: in permute
    ???
permutations:11: in permute
    ???
permutations:11: in permute
    ???
permutations:11: in permute
    ???
permutations:11: in permute
    ???
permutations:11: in permute
    ???
permutations:11: in permute
    ???
permutations:11: in permute
    ???
permutations:11: in permute
    ???
permutations:11: in permute
    ???
permutations:11: in permute
    ???
permutations:11: in permute
    ???
permutations:11: in permute
    ???
permutations:11: in permute
    ???
permutations:11: in permute
    ???
permutations:11: in permute
    ???
permutations:11: in permute
    ???
permutations:11: in permute
    ???
permutations:11: in permute
    ???
permutations:11: in permute
    ???
permutations:11: in permute
    ???
permutations:11: in permute
    ???
permutations:11: in permute
    ???
permutations:11: in permute
    ???
permutations:11: in permute
    ???
permutations:11: in permute
    ???
permutations:11: in permute
    ???
permutations:11: in permute
    ???
permutations:11: in permute
    ???
permutations:11: in permute
    ???
permutations:11: in permute
    ???
permutations:11: in permute
    ???
permutations:11: in permute
    ???
permutations:11: in permute
    ???
permutations:11: in permute
    ???
permutations:11: in permute
    ???
permutations:11: in permute
    ???
permutations:11: in permute
    ???
permutations:11: in permute
    ???
permutations:11: in permute
    ???
permutations:11: in permute
    ???
permutations:11: in permute
    ???
permutations:11: in permute
    ???
permutations:11: in permute
    ???
permutations:11: in permute
    ???
permutations:11: in permute
    ???
permutations:11: in permute
    ???
permutations:11: in permute
    ???
permutations:11: in permute
    ???
permutations:11: in permute
    ???
permutations:11: in permute
    ???
permutations:11: in permute
    ???
permutations:11: in permute
    ???
permutations:11: in permute
    ???
permutations:11: in permute
    ???
permutations:11: in permute
    ???
permutations:11: in permute
    ???
permutations:11: in permute
    ???
permutations:11: in permute
    ???
permutations:11: in permute
    ???
permutations:11: in permute
    ???
permutations:11: in permute
    ???
permutations:11: in permute
    ???
permutations:11: in permute
    ???
permutations:11: in permute
    ???
permutations:11: in permute
    ???
permutations:11: in permute
    ???
permutations:11: in permute
    ???
permutations:11: in permute
    ???
permutations:11: in permute
    ???
permutations:11: in permute
    ???
permutations:11: in permute
    ???
permutations:11: in permute
    ???
permutations:11: in permute
    ???
permutations:11: in permute
    ???
permutations:11: in permute
    ???
permutations:11: in permute
    ???
permutations:11: in permute
    ???
permutations:11: in permute
    ???
permutations:11: in permute
    ???
permutations:11: in permute
    ???
permutations:11: in permute
    ???
permutations:11: in permute
    ???
permutations:11: in permute
    ???
permutations:11: in permute
    ???
permutations:11: in permute
    ???
permutations:11: in permute
    ???
permutations:11: in permute
    ???
permutations:11: in permute
    ???
permutations:11: in permute
    ???
permutations:11: in permute
    ???
permutations:11: in permute
    ???
permutations:11: in permute
    ???
permutations:11: in permute
    ???
permutations:11: in permute
    ???
permutations:11: in permute
    ???
permutations:11: in permute
    ???
permutations:11: in permute
    ???
permutations:11: in permute
    ???
permutations:11: in permute
    ???
permutations:11: in permute
    ???
permutations:11: in permute
    ???
permutations:11: in permute
    ???
permutations:11: in permute
    ???
permutations:11: in permute
    ???
permutations:11: in permute
    ???
permutations:11: in permute
    ???
permutations:11: in permute
    ???
permutations:11: in permute
    ???
permutations:11: in permute
    ???
permutations:11: in permute
    ???
permutations:11: in permute
    ???
permutations:11: in permute
    ???
permutations:11: in permute
    ???
permutations:11: in permute
    ???
permutations:11: in permute
    ???
permutations:11: in permute
    ???
permutations:11: in permute
    ???
permutations:11: in permute
    ???
permutations:11: in permute
    ???
permutations:11: in permute
    ???
permutations:11: in permute
    ???
permutations:11: in permute
    ???
permutations:11: in permute
    ???
permutations:11: in permute
    ???
permutations:11: in permute
    ???
permutations:11: in permute
    ???
permutations:11: in permute
    ???
permutations:11: in permute
    ???
permutations:11: in permute
    ???
permutations:11: in permute
    ???
permutations:11: in permute
    ???
permutations:11: in permute
    ???
permutations:11: in permute
    ???
permutations:11: in permute
    ???
permutations:11: in permute
    ???
permutations:11: in permute
    ???
permutations:11: in permute
    ???
permutations:11: in permute
    ???
permutations:11: in permute
    ???
permutations:11: in permute
    ???
permutations:11: in permute
    ???
permutations:11: in permute
    ???
permutations:11: in permute
    ???
permutations:11: in permute
    ???
permutations:11: in permute
    ???
permutations:11: in permute
    ???
permutations:11: in permute
    ???
permutations:11: in permute
    ???
permutations:11: in permute
    ???
permutations:11: in permute
    ???
permutations:11: in permute
    ???
permutations:11: in permute
    ???
permutations:11: in permute
    ???
permutations:11: in permute
    ???
permutations:11: in permute
    ???
permutations:11: in permute
    ???
permutations:11: in permute
    ???
permutations:11: in permute
    ???
permutations:11: in permute
    ???
permutations:11: in permute
    ???
permutations:11: in permute
    ???
permutations:11: in permute
    ???
permutations:11: in permute
    ???
permutations:11: in permute
    ???
permutations:11: in permute
    ???
permutations:11: in permute
    ???
permutations:11: in permute
    ???
permutations:11: in permute
    ???
permutations:11: in permute
    ???
permutations:11: in permute
    ???
permutations:11: in permute
    ???
permutations:11: in permute
    ???
permutations:11: in permute
    ???
permutations:11: in permute
    ???
permutations:11: in permute
    ???
permutations:11: in permute
    ???
permutations:11: in permute
    ???
permutations:11: in permute
    ???
permutations:11: in permute
    ???
permutations:11: in permute
    ???
permutations:11: in permute
    ???
permutations:11: in permute
    ???
permutations:11: in permute
    ???
permutations:11: in permute
    ???
permutations:11: in permute
    ???
permutations:11: in permute
    ???
permutations:11: in permute
    ???
permutations:11: in permute
    ???
permutations:11: in permute
    ???
permutations:11: in permute
    ???
permutations:11: in permute
    ???
permutations:11: in permute
    ???
permutations:11: in permute
    ???
permutations:11: in permute
    ???
permutations:11: in permute
    ???
permutations:11: in permute
    ???
permutations:11: in permute
    ???
permutations:11: in permute
    ???
permutations:11: in permute
    ???
permutations:11: in permute
    ???
permutations:11: in permute
    ???
permutations:11: in permute
    ???
permutations:11: in permute
    ???
permutations:11: in permute
    ???
permutations:11: in permute
    ???
permutations:11: in permute
    ???
permutations:11: in permute
    ???
permutations:11: in permute
    ???
permutations:11: in permute
    ???
permutations:11: in permute
    ???
permutations:11: in permute
    ???
permutations:11: in permute
    ???
permutations:11: in permute
    ???
permutations:11: in permute
    ???
permutations:11: in permute
    ???
permutations:11: in permute
    ???
permutations:11: in permute
    ???
permutations:11: in permute
    ???
permutations:11: in permute
    ???
permutations:11: in permute
    ???
permutations:11: in permute
    ???
permutations:11: in permute
    ???
permutations:11: in permute
    ???
permutations:11: in permute
    ???
permutations:11: in permute
    ???
permutations:11: in permute
    ???
permutations:11: in permute
    ???
permutations:11: in permute
    ???
permutations:11: in permute
    ???
permutations:11: in permute
    ???
permutations:11: in permute
    ???
permutations:11: in permute
    ???
permutations:11: in permute
    ???
permutations:11: in permute
    ???
permutations:11: in permute
    ???
permutations:11: in permute
    ???
permutations:11: in permute
    ???
permutations:11: in permute
    ???
permutations:11: in permute
    ???
permutations:11: in permute
    ???
permutations:11: in permute
    ???
permutations:11: in permute
    ???
permutations:11: in permute
    ???
permutations:11: in permute
    ???
permutations:11: in permute
    ???
permutations:11: in permute
    ???
permutations:11: in permute
    ???
permutations:11: in permute
    ???
permutations:11: in permute
    ???
permutations:11: in permute
    ???
permutations:11: in permute
    ???
permutations:11: in permute
    ???
permutations:11: in permute
    ???
permutations:11: in permute
    ???
permutations:11: in permute
    ???
permutations:11: in permute
    ???
permutations:11: in permute
    ???
permutations:11: in permute
    ???
permutations:11: in permute
    ???
permutations:11: in permute
    ???
permutations:11: in permute
    ???
permutations:11: in permute
    ???
permutations:11: in permute
    ???
permutations:11: in permute
    ???
permutations:11: in permute
    ???
permutations:11: in permute
    ???
permutations:11: in permute
    ???
permutations:11: in permute
    ???
permutations:11: in permute
    ???
permutations:11: in permute
    ???
permutations:11: in permute
    ???
permutations:11: in permute
    ???
permutations:11: in permute
    ???
permutations:11: in permute
    ???
permutations:11: in permute
    ???
permutations:11: in permute
    ???
permutations:11: in permute
    ???
permutations:11: in permute
    ???
permutations:11: in permute
    ???
permutations:11: in permute
    ???
permutations:11: in permute
    ???
permutations:11: in permute
    ???
permutations:11: in permute
    ???
permutations:11: in permute
    ???
permutations:11: in permute
    ???
permutations:11: in permute
    ???
permutations:11: in permute
    ???
permutations:11: in permute
    ???
permutations:11: in permute
    ???
permutations:11: in permute
    ???
permutations:11: in permute
    ???
permutations:11: in permute
    ???
permutations:11: in permute
    ???
permutations:11: in permute
    ???
permutations:11: in permute
    ???
permutations:11: in permute
    ???
permutations:11: in permute
    ???
permutations:11: in permute
    ???
permutations:11: in permute
    ???
permutations:11: in permute
    ???
permutations:11: in permute
    ???
permutations:11: in permute
    ???
permutations:11: in permute
    ???
permutations:11: in permute
    ???
permutations:11: in permute
    ???
permutations:11: in permute
    ???
permutations:11: in permute
    ???
permutations:11: in permute
    ???
permutations:11: in permute
    ???
permutations:11: in permute
    ???
permutations:11: in permute
    ???
permutations:11: in permute
    ???
permutations:11: in permute
    ???
permutations:11: in permute
    ???
permutations:11: in permute
    ???
permutations:11: in permute
    ???
permutations:11: in permute
    ???
permutations:11: in permute
    ???
permutations:11: in permute
    ???
permutations:11: in permute
    ???
permutations:11: in permute
    ???
permutations:11: in permute
    ???
permutations:11: in permute
    ???
permutations:11: in permute
    ???
permutations:11: in permute
    ???
permutations:11: in permute
    ???
permutations:11: in permute
    ???
permutations:11: in permute
    ???
permutations:11: in permute
    ???
permutations:11: in permute
    ???
permutations:11: in permute
    ???
permutations:11: in permute
    ???
permutations:11: in permute
    ???
permutations:11: in permute
    ???
permutations:11: in permute
    ???
permutations:11: in permute
    ???
permutations:11: in permute
    ???
permutations:11: in permute
    ???
permutations:11: in permute
    ???
permutations:11: in permute
    ???
permutations:11: in permute
    ???
permutations:11: in permute
    ???
permutations:11: in permute
    ???
permutations:11: in permute
    ???
permutations:11: in permute
    ???
permutations:11: in permute
    ???
permutations:11: in permute
    ???
permutations:11: in permute
    ???
permutations:11: in permute
    ???
permutations:11: in permute
    ???
permutations:11: in permute
    ???
permutations:11: in permute
    ???
permutations:11: in permute
    ???
permutations:11: in permute
    ???
permutations:11: in permute
    ???
permutations:11: in permute
    ???
permutations:11: in permute
    ???
permutations:11: in permute
    ???
permutations:11: in permute
    ???
permutations:11: in permute
    ???
permutations:11: in permute
    ???
permutations:11: in permute
    ???
permutations:11: in permute
    ???
permutations:11: in permute
    ???
permutations:11: in permute
    ???
permutations:11: in permute
    ???
permutations:11: in permute
    ???
permutations:11: in permute
    ???
permutations:11: in permute
    ???
permutations:11: in permute
    ???
permutations:11: in permute
    ???
permutations:11: in permute
    ???
permutations:11: in permute
    ???
permutations:11: in permute
    ???
permutations:11: in permute
    ???
permutations:11: in permute
    ???
permutations:11: in permute
    ???
permutations:11: in permute
    ???
permutations:11: in permute
    ???
permutations:11: in permute
    ???
permutations:11: in permute
    ???
permutations:11: in permute
    ???
permutations:11: in permute
    ???
permutations:11: in permute
    ???
permutations:11: in permute
    ???
permutations:11: in permute
    ???
permutations:11: in permute
    ???
permutations:11: in permute
    ???
permutations:11: in permute
    ???
permutations:11: in permute
    ???
permutations:11: in permute
    ???
permutations:11: in permute
    ???
permutations:11: in permute
    ???
permutations:11: in permute
    ???
permutations:11: in permute
    ???
permutations:11: in permute
    ???
permutations:11: in permute
    ???
permutations:11: in permute
    ???
permutations:11: in permute
    ???
permutations:11: in permute
    ???
permutations:11: in permute
    ???
permutations:11: in permute
    ???
permutations:11: in permute
    ???
permutations:11: in permute
    ???
permutations:11: in permute
    ???
permutations:11: in permute
    ???
permutations:11: in permute
    ???
permutations:11: in permute
    ???
permutations:11: in permute
    ???
permutations:11: in permute
    ???
permutations:11: in permute
    ???
permutations:11: in permute
    ???
_ _ _ _ _ _ _ _ _ _ _ _ _ _ _ _ _ _ _ _ _ _ _ _ _ _ _ _ _ _ _ _ _ _ _ _ _ _ _ _ 

current = 'ttttttttttttttttttttttttttttttttttttttttttttttttttttttttttttttttttttttttttttttttttttttttttttttttttttttttttttttttttttt...tttttttttttttttttttttttttttttttttttttttttttttttttttttttttttttttttttttttttttttttttttttttttttttttttttttttttttttttttttttt'
remaining = ['t', 'w', 'o']

>   ???
E   RecursionError: maximum recursion depth exceeded while calling a Python object

permutations:10: RecursionError
[36m   -[0m [#  19] ZIL permutations: 
--------------------------------------------------------------------------------
   7:         if not remaining:
   8:             permute.list.append(current)
   9:             return
  10:         for i in range(0, len(remaining)):
[34m- 11:             permute(current + remaining[i], remaining[:i] + remaining[i + 1:])[0m
[32m+ 11:             break[0m
  12:     
  13:     permute.list = []
  14:     permute('', list(string))
  15:     return permute.list
--------------------------------------------------------------------------------
[0.12527 s] [32mkilled[0m by 0-ts/test_permutations_word.py::test_permutation_word

def test_permutation_word():
>       assert permutations_of_word('two') == ['two', 'tow', 'wto', 'wot', 'otw', 'owt']
E       AssertionError

0-ts/test_permutations_word.py:5: AssertionError
[34m[*][0m Mutation score [8.59455 s]: [1m[34m94.1%[0m
[36m   -[0m all: 19
[36m   -[0m killed: 15 (78.9%)
[36m   -[0m survived: 1 (5.3%)
[36m   -[0m incompetent: 2 (10.5%)
[36m   -[0m timeout: 1 (5.3%)
