[*] Start mutation process:
   - targets: binary_search_tree.py
   - tests: ./ALL-SMART
[*] 66 tests passed:
   - test_binary_search_tree_MOSA [0.06278 s]
   - test_binary_search_tree_WHOLE_SUITE [0.05099 s]
   - test_binary_search_tree_DYNAMOSA [0.04723 s]
   - test_binary_search_tree_MIO [0.06033 s]
[*] Start mutants generation and execution:
   - [#   1] ASR binary_search_tree: 
--------------------------------------------------------------------------------
  57:                 return t2
  58:             if not t2:
  59:                 return t1
  60:             
- 61:             t1.value += t2.value
+ 61:             t1.value -= t2.value
  62:             
  63:             
  64:             t1.left = mergeOntoT1(t1.left, t2.left)
  65:             
--------------------------------------------------------------------------------
[0.09901 s] survived
   - [#   2] CDI binary_search_tree: 
--------------------------------------------------------------------------------
   1: from tree_node import BinaryTreeNode
   2: 
   3: class BinarySearchTree:
   4:     
-  5:     def __init__(self):
-  6:         self.head = None
-  7:     
+  5:     @classmethod
+  6:     def __init__(self):
+  7:         self.head = None
   8:     def insert(self, val):
   9:         if not (self.head):
  10:             self.head = BinaryTreeNode(val, None)
  11:             return
--------------------------------------------------------------------------------
[0.09767 s] survived
   - [#   3] CDI binary_search_tree: 
--------------------------------------------------------------------------------
   4:     
   5:     def __init__(self):
   6:         self.head = None
   7:     
-  8:     def insert(self, val):
-  9:         if not (self.head):
- 10:             self.head = BinaryTreeNode(val, None)
- 11:             return
- 12:         def add_node_recursive(node):
- 13:             if val < node.value:
- 14:                 if node.left:
- 15:                     add_node_recursive(node.left)
- 16:                 else:
- 17:                     node.left = BinaryTreeNode(val, node)
- 18:             
- 19:             elif node.right:
- 20:                 add_node_recursive(node.right)
- 21:             else:
- 22:                 node.right = BinaryTreeNode(val, node)
- 23:         add_node_recursive(self.head)
- 24:     
+  8:     @classmethod
+  9:     def insert(self, val):
+ 10:         if not (self.head):
+ 11:             self.head = BinaryTreeNode(val, None)
+ 12:             return
+ 13:         def add_node_recursive(node):
+ 14:             if val < node.value:
+ 15:                 if node.left:
+ 16:                     add_node_recursive(node.left)
+ 17:                 else:
+ 18:                     node.left = BinaryTreeNode(val, node)
+ 19:             
+ 20:             elif node.right:
+ 21:                 add_node_recursive(node.right)
+ 22:             else:
+ 23:                 node.right = BinaryTreeNode(val, node)
+ 24:         add_node_recursive(self.head)
  25:     def min(self):
  26:         return self.head.min().value
  27:     
  28:     def delete(self, value):
--------------------------------------------------------------------------------
[0.08346 s] killed by ALL-SMART/test_binary_search_tree_MOSA.py::test_case_0

def test_case_0():
        binary_search_tree_0 = module_0.BinarySearchTree()
>       var_0 = binary_search_tree_0.insert(binary_search_tree_0)

ALL-SMART/test_binary_search_tree_MOSA.py:7: 
_ _ _ _ _ _ _ _ _ _ _ _ _ _ _ _ _ _ _ _ _ _ _ _ _ _ _ _ _ _ _ _ _ _ _ _ _ _ _ _ 

self = <class 'binary_search_tree.BinarySearchTree'>
val = <binary_search_tree.BinarySearchTree object at 0x7035a67000a0>

>   ???
E   AttributeError: type object 'BinarySearchTree' has no attribute 'head'

binary_search_tree:10: AttributeError
   - [#   4] CDI binary_search_tree: 
--------------------------------------------------------------------------------
  21:             else:
  22:                 node.right = BinaryTreeNode(val, node)
  23:         add_node_recursive(self.head)
  24:     
- 25:     def min(self):
- 26:         return self.head.min().value
- 27:     
+ 25:     @classmethod
+ 26:     def min(self):
+ 27:         return self.head.min().value
  28:     def delete(self, value):
  29:         self.head.delete(value)
  30:     
  31:     def search(self, value):
--------------------------------------------------------------------------------
[0.08933 s] killed by ALL-SMART/test_binary_search_tree_MOSA.py::test_case_5

def test_case_5():
        list_0 = []
        binary_search_tree_0 = module_0.BinarySearchTree()
        var_0 = binary_search_tree_0.insert(list_0)
        assert f'{type(binary_search_tree_0.head).__module__}.{type(binary_search_tree_0.head).__qualname__}' == 'tree_node.BinaryTreeNode'
>       var_1 = binary_search_tree_0.min()

ALL-SMART/test_binary_search_tree_MOSA.py:37: 
_ _ _ _ _ _ _ _ _ _ _ _ _ _ _ _ _ _ _ _ _ _ _ _ _ _ _ _ _ _ _ _ _ _ _ _ _ _ _ _ 

self = <class 'binary_search_tree.BinarySearchTree'>

>   ???
E   AttributeError: type object 'BinarySearchTree' has no attribute 'head'

binary_search_tree:27: AttributeError
   - [#   5] CDI binary_search_tree: 
--------------------------------------------------------------------------------
  24:     
  25:     def min(self):
  26:         return self.head.min().value
  27:     
- 28:     def delete(self, value):
- 29:         self.head.delete(value)
- 30:     
+ 28:     @classmethod
+ 29:     def delete(self, value):
+ 30:         self.head.delete(value)
  31:     def search(self, value):
  32:         node = self.head
  33:         while node:
  34:             if value == node.value:
--------------------------------------------------------------------------------
[0.09116 s] killed by ALL-SMART/test_binary_search_tree_MOSA.py::test_case_5

def test_case_5():
        list_0 = []
        binary_search_tree_0 = module_0.BinarySearchTree()
        var_0 = binary_search_tree_0.insert(list_0)
        assert f'{type(binary_search_tree_0.head).__module__}.{type(binary_search_tree_0.head).__qualname__}' == 'tree_node.BinaryTreeNode'
        var_1 = binary_search_tree_0.min()
        var_2 = binary_search_tree_0.insert(var_1)
        var_3 = binary_search_tree_0.insert(list_0)
>       var_4 = binary_search_tree_0.delete(var_1)

ALL-SMART/test_binary_search_tree_MOSA.py:40: 
_ _ _ _ _ _ _ _ _ _ _ _ _ _ _ _ _ _ _ _ _ _ _ _ _ _ _ _ _ _ _ _ _ _ _ _ _ _ _ _ 

self = <class 'binary_search_tree.BinarySearchTree'>, value = []

>   ???
E   AttributeError: type object 'BinarySearchTree' has no attribute 'head'

binary_search_tree:30: AttributeError
   - [#   6] CDI binary_search_tree: 
--------------------------------------------------------------------------------
  27:     
  28:     def delete(self, value):
  29:         self.head.delete(value)
  30:     
- 31:     def search(self, value):
- 32:         node = self.head
- 33:         while node:
- 34:             if value == node.value:
- 35:                 return node
- 36:             if value > node.value:
- 37:                 node = node.right
- 38:             else:
- 39:                 node = node.left
- 40:         
- 41:         return node
- 42:     
+ 31:     @classmethod
+ 32:     def search(self, value):
+ 33:         node = self.head
+ 34:         while node:
+ 35:             if value == node.value:
+ 36:                 return node
+ 37:             if value > node.value:
+ 38:                 node = node.right
+ 39:             else:
+ 40:                 node = node.left
+ 41:         
+ 42:         return node
  43:     def in_order_traversal(self):
  44:         output = []
  45:         def recur(node):
  46:             if node:
--------------------------------------------------------------------------------
[0.08905 s] killed by ALL-SMART/test_binary_search_tree_MOSA.py::test_case_1

def test_case_1():
        list_0 = []
        binary_search_tree_0 = module_0.BinarySearchTree()
        var_0 = binary_search_tree_0.insert(list_0)
        assert f'{type(binary_search_tree_0.head).__module__}.{type(binary_search_tree_0.head).__qualname__}' == 'tree_node.BinaryTreeNode'
        var_1 = binary_search_tree_0.in_order_traversal()
>       var_2 = binary_search_tree_0.search(var_1)

ALL-SMART/test_binary_search_tree_MOSA.py:16: 
_ _ _ _ _ _ _ _ _ _ _ _ _ _ _ _ _ _ _ _ _ _ _ _ _ _ _ _ _ _ _ _ _ _ _ _ _ _ _ _ 

self = <class 'binary_search_tree.BinarySearchTree'>, value = [[]]

>   ???
E   AttributeError: type object 'BinarySearchTree' has no attribute 'head'

binary_search_tree:33: AttributeError
   - [#   7] CDI binary_search_tree: 
--------------------------------------------------------------------------------
  39:                 node = node.left
  40:         
  41:         return node
  42:     
- 43:     def in_order_traversal(self):
- 44:         output = []
- 45:         def recur(node):
- 46:             if node:
- 47:                 recur(node.left)
- 48:                 output.append(node.value)
- 49:                 recur(node.right)
- 50:         recur(self.head)
- 51:         return output
- 52:     
+ 43:     @classmethod
+ 44:     def in_order_traversal(self):
+ 45:         output = []
+ 46:         def recur(node):
+ 47:             if node:
+ 48:                 recur(node.left)
+ 49:                 output.append(node.value)
+ 50:                 recur(node.right)
+ 51:         recur(self.head)
+ 52:         return output
  53:     def merge(self, tree):
  54:         
  55:         def mergeOntoT1(t1, t2):
  56:             if not t1:
--------------------------------------------------------------------------------
[0.08451 s] killed by ALL-SMART/test_binary_search_tree_MOSA.py::test_case_1

def test_case_1():
        list_0 = []
        binary_search_tree_0 = module_0.BinarySearchTree()
        var_0 = binary_search_tree_0.insert(list_0)
        assert f'{type(binary_search_tree_0.head).__module__}.{type(binary_search_tree_0.head).__qualname__}' == 'tree_node.BinaryTreeNode'
>       var_1 = binary_search_tree_0.in_order_traversal()

ALL-SMART/test_binary_search_tree_MOSA.py:15: 
_ _ _ _ _ _ _ _ _ _ _ _ _ _ _ _ _ _ _ _ _ _ _ _ _ _ _ _ _ _ _ _ _ _ _ _ _ _ _ _ 

self = <class 'binary_search_tree.BinarySearchTree'>

>   ???
E   AttributeError: type object 'BinarySearchTree' has no attribute 'head'

binary_search_tree:51: AttributeError
   - [#   8] CDI binary_search_tree: 
--------------------------------------------------------------------------------
  49:                 recur(node.right)
  50:         recur(self.head)
  51:         return output
  52:     
- 53:     def merge(self, tree):
- 54:         
- 55:         def mergeOntoT1(t1, t2):
- 56:             if not t1:
- 57:                 return t2
- 58:             if not t2:
- 59:                 return t1
- 60:             
- 61:             t1.value += t2.value
- 62:             
+ 53:     @classmethod
+ 54:     def merge(self, tree):
+ 55:         
+ 56:         def mergeOntoT1(t1, t2):
+ 57:             if not t1:
+ 58:                 return t2
+ 59:             if not t2:
+ 60:                 return t1
+ 61:             
+ 62:             t1.value += t2.value
  63:             
- 64:             t1.left = mergeOntoT1(t1.left, t2.left)
- 65:             
+ 64:             
+ 65:             t1.left = mergeOntoT1(t1.left, t2.left)
  66:             
- 67:             t1.right = mergeOntoT1(t1.right, t2.right)
- 68:             
- 69:             return t1
- 70:         
- 71:         mergeOntoT1(self.head, tree.head)
+ 67:             
+ 68:             t1.right = mergeOntoT1(t1.right, t2.right)
+ 69:             
+ 70:             return t1
+ 71:         
+ 72:         mergeOntoT1(self.head, tree.head)
--------------------------------------------------------------------------------
[0.11089 s] killed by ALL-SMART/test_binary_search_tree_MOSA.py::test_case_7

def test_case_7():
        binary_search_tree_0 = module_0.BinarySearchTree()
>       var_0 = binary_search_tree_0.merge(binary_search_tree_0)

ALL-SMART/test_binary_search_tree_MOSA.py:48: 
_ _ _ _ _ _ _ _ _ _ _ _ _ _ _ _ _ _ _ _ _ _ _ _ _ _ _ _ _ _ _ _ _ _ _ _ _ _ _ _ 

self = <class 'binary_search_tree.BinarySearchTree'>
tree = <binary_search_tree.BinarySearchTree object at 0x7035a684fee0>

>   ???
E   AttributeError: type object 'BinarySearchTree' has no attribute 'head'

binary_search_tree:72: AttributeError
   - [#   9] COD binary_search_tree: 
--------------------------------------------------------------------------------
   5:     def __init__(self):
   6:         self.head = None
   7:     
   8:     def insert(self, val):
-  9:         if not (self.head):
+  9:         if self.head:
  10:             self.head = BinaryTreeNode(val, None)
  11:             return
  12:         def add_node_recursive(node):
  13:             if val < node.value:
--------------------------------------------------------------------------------
[0.08534 s] killed by ALL-SMART/test_binary_search_tree_MOSA.py::test_case_0

def test_case_0():
        binary_search_tree_0 = module_0.BinarySearchTree()
>       var_0 = binary_search_tree_0.insert(binary_search_tree_0)

ALL-SMART/test_binary_search_tree_MOSA.py:7: 
_ _ _ _ _ _ _ _ _ _ _ _ _ _ _ _ _ _ _ _ _ _ _ _ _ _ _ _ _ _ _ _ _ _ _ _ _ _ _ _ 
binary_search_tree:23: in insert
    ???
_ _ _ _ _ _ _ _ _ _ _ _ _ _ _ _ _ _ _ _ _ _ _ _ _ _ _ _ _ _ _ _ _ _ _ _ _ _ _ _ 

node = None

>   ???
E   AttributeError: 'NoneType' object has no attribute 'value'

binary_search_tree:13: AttributeError
   - [#  10] COD binary_search_tree: 
--------------------------------------------------------------------------------
  52:     
  53:     def merge(self, tree):
  54:         
  55:         def mergeOntoT1(t1, t2):
- 56:             if not t1:
+ 56:             if t1:
  57:                 return t2
  58:             if not t2:
  59:                 return t1
  60:             
--------------------------------------------------------------------------------
[0.09822 s] survived
   - [#  11] COD binary_search_tree: 
--------------------------------------------------------------------------------
  54:         
  55:         def mergeOntoT1(t1, t2):
  56:             if not t1:
  57:                 return t2
- 58:             if not t2:
+ 58:             if t2:
  59:                 return t1
  60:             
  61:             t1.value += t2.value
  62:             
--------------------------------------------------------------------------------
[0.09117 s] killed by ALL-SMART/test_binary_search_tree_MOSA.py::test_case_10

def test_case_10():
        binary_search_tree_0 = module_0.BinarySearchTree()
        binary_search_tree_1 = module_0.BinarySearchTree()
        var_0 = binary_search_tree_1.merge(binary_search_tree_1)
        var_1 = binary_search_tree_1.insert(binary_search_tree_1)
        assert f'{type(binary_search_tree_1.head).__module__}.{type(binary_search_tree_1.head).__qualname__}' == 'tree_node.BinaryTreeNode'
>       var_2 = binary_search_tree_1.merge(binary_search_tree_0)

ALL-SMART/test_binary_search_tree_MOSA.py:76: 
_ _ _ _ _ _ _ _ _ _ _ _ _ _ _ _ _ _ _ _ _ _ _ _ _ _ _ _ _ _ _ _ _ _ _ _ _ _ _ _ 
binary_search_tree:71: in merge
    ???
_ _ _ _ _ _ _ _ _ _ _ _ _ _ _ _ _ _ _ _ _ _ _ _ _ _ _ _ _ _ _ _ _ _ _ _ _ _ _ _ 

t1 = <tree_node.BinaryTreeNode object at 0x7035a6633d00>, t2 = None

>   ???
E   AttributeError: 'NoneType' object has no attribute 'value'

binary_search_tree:61: AttributeError
   - [#  12] COI binary_search_tree: 
--------------------------------------------------------------------------------
   5:     def __init__(self):
   6:         self.head = None
   7:     
   8:     def insert(self, val):
-  9:         if not (self.head):
+  9:         if not ((not (self.head))):
  10:             self.head = BinaryTreeNode(val, None)
  11:             return
  12:         def add_node_recursive(node):
  13:             if val < node.value:
--------------------------------------------------------------------------------
[0.08537 s] killed by ALL-SMART/test_binary_search_tree_MOSA.py::test_case_0

def test_case_0():
        binary_search_tree_0 = module_0.BinarySearchTree()
>       var_0 = binary_search_tree_0.insert(binary_search_tree_0)

ALL-SMART/test_binary_search_tree_MOSA.py:7: 
_ _ _ _ _ _ _ _ _ _ _ _ _ _ _ _ _ _ _ _ _ _ _ _ _ _ _ _ _ _ _ _ _ _ _ _ _ _ _ _ 
binary_search_tree:23: in insert
    ???
_ _ _ _ _ _ _ _ _ _ _ _ _ _ _ _ _ _ _ _ _ _ _ _ _ _ _ _ _ _ _ _ _ _ _ _ _ _ _ _ 

node = None

>   ???
E   AttributeError: 'NoneType' object has no attribute 'value'

binary_search_tree:13: AttributeError
   - [#  13] COI binary_search_tree: 
--------------------------------------------------------------------------------
   9:         if not (self.head):
  10:             self.head = BinaryTreeNode(val, None)
  11:             return
  12:         def add_node_recursive(node):
- 13:             if val < node.value:
+ 13:             if not (val < node.value):
  14:                 if node.left:
  15:                     add_node_recursive(node.left)
  16:                 else:
  17:                     node.left = BinaryTreeNode(val, node)
--------------------------------------------------------------------------------
[0.09135 s] killed by ALL-SMART/test_binary_search_tree_MOSA.py::test_case_13

def test_case_13():
        list_0 = []
        binary_search_tree_0 = module_0.BinarySearchTree()
        var_0 = binary_search_tree_0.insert(list_0)
        assert f'{type(binary_search_tree_0.head).__module__}.{type(binary_search_tree_0.head).__qualname__}' == 'tree_node.BinaryTreeNode'
        var_1 = binary_search_tree_0.in_order_traversal()
        var_2 = binary_search_tree_0.insert(var_1)
        var_3 = binary_search_tree_0.search(var_1)
>       assert f'{type(var_3).__module__}.{type(var_3).__qualname__}' == 'tree_node.BinaryTreeNode'
E       AssertionError

ALL-SMART/test_binary_search_tree_MOSA.py:114: AssertionError
   - [#  14] COI binary_search_tree: 
--------------------------------------------------------------------------------
  10:             self.head = BinaryTreeNode(val, None)
  11:             return
  12:         def add_node_recursive(node):
  13:             if val < node.value:
- 14:                 if node.left:
+ 14:                 if not (node.left):
  15:                     add_node_recursive(node.left)
  16:                 else:
  17:                     node.left = BinaryTreeNode(val, node)
  18:             
--------------------------------------------------------------------------------
[0.09538 s] killed by ALL-SMART/test_binary_search_tree_MOSA.py::test_case_11

def test_case_11():
        list_0 = []
        binary_search_tree_0 = module_0.BinarySearchTree()
        var_0 = binary_search_tree_0.insert(list_0)
        assert f'{type(binary_search_tree_0.head).__module__}.{type(binary_search_tree_0.head).__qualname__}' == 'tree_node.BinaryTreeNode'
        var_1 = binary_search_tree_0.in_order_traversal()
        var_2 = binary_search_tree_0.insert(var_1)
>       var_3 = binary_search_tree_0.insert(list_0)

ALL-SMART/test_binary_search_tree_MOSA.py:93: 
_ _ _ _ _ _ _ _ _ _ _ _ _ _ _ _ _ _ _ _ _ _ _ _ _ _ _ _ _ _ _ _ _ _ _ _ _ _ _ _ 
binary_search_tree:23: in insert
    ???
binary_search_tree:20: in add_node_recursive
    ???
binary_search_tree:15: in add_node_recursive
    ???
_ _ _ _ _ _ _ _ _ _ _ _ _ _ _ _ _ _ _ _ _ _ _ _ _ _ _ _ _ _ _ _ _ _ _ _ _ _ _ _ 

node = None

>   ???
E   AttributeError: 'NoneType' object has no attribute 'value'

binary_search_tree:13: AttributeError
   - [#  15] COI binary_search_tree: 
--------------------------------------------------------------------------------
  15:                     add_node_recursive(node.left)
  16:                 else:
  17:                     node.left = BinaryTreeNode(val, node)
  18:             
- 19:             elif node.right:
+ 19:             elif not (node.right):
  20:                 add_node_recursive(node.right)
  21:             else:
  22:                 node.right = BinaryTreeNode(val, node)
  23:         add_node_recursive(self.head)
--------------------------------------------------------------------------------
[0.10558 s] killed by ALL-SMART/test_binary_search_tree_MOSA.py::test_case_5

def test_case_5():
        list_0 = []
        binary_search_tree_0 = module_0.BinarySearchTree()
        var_0 = binary_search_tree_0.insert(list_0)
        assert f'{type(binary_search_tree_0.head).__module__}.{type(binary_search_tree_0.head).__qualname__}' == 'tree_node.BinaryTreeNode'
        var_1 = binary_search_tree_0.min()
>       var_2 = binary_search_tree_0.insert(var_1)

ALL-SMART/test_binary_search_tree_MOSA.py:38: 
_ _ _ _ _ _ _ _ _ _ _ _ _ _ _ _ _ _ _ _ _ _ _ _ _ _ _ _ _ _ _ _ _ _ _ _ _ _ _ _ 
binary_search_tree:23: in insert
    ???
binary_search_tree:20: in add_node_recursive
    ???
_ _ _ _ _ _ _ _ _ _ _ _ _ _ _ _ _ _ _ _ _ _ _ _ _ _ _ _ _ _ _ _ _ _ _ _ _ _ _ _ 

node = None

>   ???
E   AttributeError: 'NoneType' object has no attribute 'value'

binary_search_tree:13: AttributeError
   - [#  16] COI binary_search_tree: 
--------------------------------------------------------------------------------
  29:         self.head.delete(value)
  30:     
  31:     def search(self, value):
  32:         node = self.head
- 33:         while node:
+ 33:         while not node:
  34:             if value == node.value:
  35:                 return node
  36:             if value > node.value:
  37:                 node = node.right
--------------------------------------------------------------------------------
[0.10597 s] killed by ALL-SMART/test_binary_search_tree_MOSA.py::test_case_2

def test_case_2():
        binary_search_tree_0 = module_0.BinarySearchTree()
>       var_0 = binary_search_tree_0.search(binary_search_tree_0)

ALL-SMART/test_binary_search_tree_MOSA.py:20: 
_ _ _ _ _ _ _ _ _ _ _ _ _ _ _ _ _ _ _ _ _ _ _ _ _ _ _ _ _ _ _ _ _ _ _ _ _ _ _ _ 

self = <binary_search_tree.BinarySearchTree object at 0x7035a664ba30>
value = <binary_search_tree.BinarySearchTree object at 0x7035a664ba30>

>   ???
E   AttributeError: 'NoneType' object has no attribute 'value'

binary_search_tree:34: AttributeError
   - [#  17] COI binary_search_tree: 
--------------------------------------------------------------------------------
  30:     
  31:     def search(self, value):
  32:         node = self.head
  33:         while node:
- 34:             if value == node.value:
+ 34:             if not (value == node.value):
  35:                 return node
  36:             if value > node.value:
  37:                 node = node.right
  38:             else:
--------------------------------------------------------------------------------
[0.09012 s] incompetent

TypeError: binary_search_tree:36: TypeError: '>' not supported between instances of 'BinarySearchTree' and 'BinarySearchTree'

   - [#  18] COI binary_search_tree: 
--------------------------------------------------------------------------------
  32:         node = self.head
  33:         while node:
  34:             if value == node.value:
  35:                 return node
- 36:             if value > node.value:
+ 36:             if not (value > node.value):
  37:                 node = node.right
  38:             else:
  39:                 node = node.left
  40:         
--------------------------------------------------------------------------------
[0.09175 s] killed by ALL-SMART/test_binary_search_tree_MOSA.py::test_case_13

def test_case_13():
        list_0 = []
        binary_search_tree_0 = module_0.BinarySearchTree()
        var_0 = binary_search_tree_0.insert(list_0)
        assert f'{type(binary_search_tree_0.head).__module__}.{type(binary_search_tree_0.head).__qualname__}' == 'tree_node.BinaryTreeNode'
        var_1 = binary_search_tree_0.in_order_traversal()
        var_2 = binary_search_tree_0.insert(var_1)
        var_3 = binary_search_tree_0.search(var_1)
>       assert f'{type(var_3).__module__}.{type(var_3).__qualname__}' == 'tree_node.BinaryTreeNode'
E       AssertionError

ALL-SMART/test_binary_search_tree_MOSA.py:114: AssertionError
   - [#  19] COI binary_search_tree: 
--------------------------------------------------------------------------------
  42:     
  43:     def in_order_traversal(self):
  44:         output = []
  45:         def recur(node):
- 46:             if node:
+ 46:             if not node:
  47:                 recur(node.left)
  48:                 output.append(node.value)
  49:                 recur(node.right)
  50:         recur(self.head)
--------------------------------------------------------------------------------
[0.09063 s] killed by ALL-SMART/test_binary_search_tree_MOSA.py::test_case_2

def test_case_2():
        binary_search_tree_0 = module_0.BinarySearchTree()
        var_0 = binary_search_tree_0.search(binary_search_tree_0)
>       var_1 = binary_search_tree_0.in_order_traversal()

ALL-SMART/test_binary_search_tree_MOSA.py:21: 
_ _ _ _ _ _ _ _ _ _ _ _ _ _ _ _ _ _ _ _ _ _ _ _ _ _ _ _ _ _ _ _ _ _ _ _ _ _ _ _ 
binary_search_tree:50: in in_order_traversal
    ???
_ _ _ _ _ _ _ _ _ _ _ _ _ _ _ _ _ _ _ _ _ _ _ _ _ _ _ _ _ _ _ _ _ _ _ _ _ _ _ _ 

node = None

>   ???
E   AttributeError: 'NoneType' object has no attribute 'left'

binary_search_tree:47: AttributeError
   - [#  20] COI binary_search_tree: 
--------------------------------------------------------------------------------
  52:     
  53:     def merge(self, tree):
  54:         
  55:         def mergeOntoT1(t1, t2):
- 56:             if not t1:
+ 56:             if not ((not t1)):
  57:                 return t2
  58:             if not t2:
  59:                 return t1
  60:             
--------------------------------------------------------------------------------
[0.09982 s] survived
   - [#  21] COI binary_search_tree: 
--------------------------------------------------------------------------------
  54:         
  55:         def mergeOntoT1(t1, t2):
  56:             if not t1:
  57:                 return t2
- 58:             if not t2:
+ 58:             if not ((not t2)):
  59:                 return t1
  60:             
  61:             t1.value += t2.value
  62:             
--------------------------------------------------------------------------------
[0.09206 s] killed by ALL-SMART/test_binary_search_tree_MOSA.py::test_case_10

def test_case_10():
        binary_search_tree_0 = module_0.BinarySearchTree()
        binary_search_tree_1 = module_0.BinarySearchTree()
        var_0 = binary_search_tree_1.merge(binary_search_tree_1)
        var_1 = binary_search_tree_1.insert(binary_search_tree_1)
        assert f'{type(binary_search_tree_1.head).__module__}.{type(binary_search_tree_1.head).__qualname__}' == 'tree_node.BinaryTreeNode'
>       var_2 = binary_search_tree_1.merge(binary_search_tree_0)

ALL-SMART/test_binary_search_tree_MOSA.py:76: 
_ _ _ _ _ _ _ _ _ _ _ _ _ _ _ _ _ _ _ _ _ _ _ _ _ _ _ _ _ _ _ _ _ _ _ _ _ _ _ _ 
binary_search_tree:71: in merge
    ???
_ _ _ _ _ _ _ _ _ _ _ _ _ _ _ _ _ _ _ _ _ _ _ _ _ _ _ _ _ _ _ _ _ _ _ _ _ _ _ _ 

t1 = <tree_node.BinaryTreeNode object at 0x7035a686c6a0>, t2 = None

>   ???
E   AttributeError: 'NoneType' object has no attribute 'value'

binary_search_tree:61: AttributeError
   - [#  22] OIL binary_search_tree: 
--------------------------------------------------------------------------------
  35:                 return node
  36:             if value > node.value:
  37:                 node = node.right
  38:             else:
- 39:                 node = node.left
+ 39:                 node = node.leftbreak
  40:         
  41:         return node
  42:     
  43:     def in_order_traversal(self):
--------------------------------------------------------------------------------
[0.09930 s] survived
   - [#  23] ROR binary_search_tree: 
--------------------------------------------------------------------------------
   9:         if not (self.head):
  10:             self.head = BinaryTreeNode(val, None)
  11:             return
  12:         def add_node_recursive(node):
- 13:             if val < node.value:
+ 13:             if val > node.value:
  14:                 if node.left:
  15:                     add_node_recursive(node.left)
  16:                 else:
  17:                     node.left = BinaryTreeNode(val, node)
--------------------------------------------------------------------------------
[0.09294 s] killed by ALL-SMART/test_binary_search_tree_MOSA.py::test_case_13

def test_case_13():
        list_0 = []
        binary_search_tree_0 = module_0.BinarySearchTree()
        var_0 = binary_search_tree_0.insert(list_0)
        assert f'{type(binary_search_tree_0.head).__module__}.{type(binary_search_tree_0.head).__qualname__}' == 'tree_node.BinaryTreeNode'
        var_1 = binary_search_tree_0.in_order_traversal()
        var_2 = binary_search_tree_0.insert(var_1)
        var_3 = binary_search_tree_0.search(var_1)
>       assert f'{type(var_3).__module__}.{type(var_3).__qualname__}' == 'tree_node.BinaryTreeNode'
E       AssertionError

ALL-SMART/test_binary_search_tree_MOSA.py:114: AssertionError
   - [#  24] ROR binary_search_tree: 
--------------------------------------------------------------------------------
   9:         if not (self.head):
  10:             self.head = BinaryTreeNode(val, None)
  11:             return
  12:         def add_node_recursive(node):
- 13:             if val < node.value:
+ 13:             if val <= node.value:
  14:                 if node.left:
  15:                     add_node_recursive(node.left)
  16:                 else:
  17:                     node.left = BinaryTreeNode(val, node)
--------------------------------------------------------------------------------
[0.09521 s] killed by ALL-SMART/test_binary_search_tree_MOSA.py::test_case_13

def test_case_13():
        list_0 = []
        binary_search_tree_0 = module_0.BinarySearchTree()
        var_0 = binary_search_tree_0.insert(list_0)
        assert f'{type(binary_search_tree_0.head).__module__}.{type(binary_search_tree_0.head).__qualname__}' == 'tree_node.BinaryTreeNode'
        var_1 = binary_search_tree_0.in_order_traversal()
        var_2 = binary_search_tree_0.insert(var_1)
        var_3 = binary_search_tree_0.search(var_1)
        assert f'{type(var_3).__module__}.{type(var_3).__qualname__}' == 'tree_node.BinaryTreeNode'
        assert var_3.left is None
        assert var_3.right is None
        assert var_3.value == [[]]
        assert f'{type(var_3.parent).__module__}.{type(var_3.parent).__qualname__}' == 'tree_node.BinaryTreeNode'
        var_4 = binary_search_tree_0.insert(list_0)
>       assert f'{type(var_3.left).__module__}.{type(var_3.left).__qualname__}' == 'tree_node.BinaryTreeNode'
E       AssertionError

ALL-SMART/test_binary_search_tree_MOSA.py:120: AssertionError
   - [#  25] ROR binary_search_tree: 
--------------------------------------------------------------------------------
  30:     
  31:     def search(self, value):
  32:         node = self.head
  33:         while node:
- 34:             if value == node.value:
+ 34:             if value != node.value:
  35:                 return node
  36:             if value > node.value:
  37:                 node = node.right
  38:             else:
--------------------------------------------------------------------------------
[0.08988 s] incompetent

TypeError: binary_search_tree:36: TypeError: '>' not supported between instances of 'BinarySearchTree' and 'BinarySearchTree'

   - [#  26] ROR binary_search_tree: 
--------------------------------------------------------------------------------
  32:         node = self.head
  33:         while node:
  34:             if value == node.value:
  35:                 return node
- 36:             if value > node.value:
+ 36:             if value < node.value:
  37:                 node = node.right
  38:             else:
  39:                 node = node.left
  40:         
--------------------------------------------------------------------------------
[0.09396 s] killed by ALL-SMART/test_binary_search_tree_MOSA.py::test_case_13

def test_case_13():
        list_0 = []
        binary_search_tree_0 = module_0.BinarySearchTree()
        var_0 = binary_search_tree_0.insert(list_0)
        assert f'{type(binary_search_tree_0.head).__module__}.{type(binary_search_tree_0.head).__qualname__}' == 'tree_node.BinaryTreeNode'
        var_1 = binary_search_tree_0.in_order_traversal()
        var_2 = binary_search_tree_0.insert(var_1)
        var_3 = binary_search_tree_0.search(var_1)
>       assert f'{type(var_3).__module__}.{type(var_3).__qualname__}' == 'tree_node.BinaryTreeNode'
E       AssertionError

ALL-SMART/test_binary_search_tree_MOSA.py:114: AssertionError
   - [#  27] ROR binary_search_tree: 
--------------------------------------------------------------------------------
  32:         node = self.head
  33:         while node:
  34:             if value == node.value:
  35:                 return node
- 36:             if value > node.value:
+ 36:             if value >= node.value:
  37:                 node = node.right
  38:             else:
  39:                 node = node.left
  40:         
--------------------------------------------------------------------------------
[0.10090 s] survived
   - [#  28] SDI binary_search_tree: 
--------------------------------------------------------------------------------
   1: from tree_node import BinaryTreeNode
   2: 
   3: class BinarySearchTree:
   4:     
-  5:     def __init__(self):
-  6:         self.head = None
-  7:     
+  5:     @staticmethod
+  6:     def __init__(self):
+  7:         self.head = None
   8:     def insert(self, val):
   9:         if not (self.head):
  10:             self.head = BinaryTreeNode(val, None)
  11:             return
--------------------------------------------------------------------------------
[0.08642 s] incompetent

TypeError: /home/lucca/teste/python_experiments2/bst1/ALL-SMART/test_binary_search_tree_MOSA.py:6: TypeError: BinarySearchTree.__init__() missing 1 required positional argument: 'self'

   - [#  29] SDI binary_search_tree: 
--------------------------------------------------------------------------------
   4:     
   5:     def __init__(self):
   6:         self.head = None
   7:     
-  8:     def insert(self, val):
-  9:         if not (self.head):
- 10:             self.head = BinaryTreeNode(val, None)
- 11:             return
- 12:         def add_node_recursive(node):
- 13:             if val < node.value:
- 14:                 if node.left:
- 15:                     add_node_recursive(node.left)
- 16:                 else:
- 17:                     node.left = BinaryTreeNode(val, node)
- 18:             
- 19:             elif node.right:
- 20:                 add_node_recursive(node.right)
- 21:             else:
- 22:                 node.right = BinaryTreeNode(val, node)
- 23:         add_node_recursive(self.head)
- 24:     
+  8:     @staticmethod
+  9:     def insert(self, val):
+ 10:         if not (self.head):
+ 11:             self.head = BinaryTreeNode(val, None)
+ 12:             return
+ 13:         def add_node_recursive(node):
+ 14:             if val < node.value:
+ 15:                 if node.left:
+ 16:                     add_node_recursive(node.left)
+ 17:                 else:
+ 18:                     node.left = BinaryTreeNode(val, node)
+ 19:             
+ 20:             elif node.right:
+ 21:                 add_node_recursive(node.right)
+ 22:             else:
+ 23:                 node.right = BinaryTreeNode(val, node)
+ 24:         add_node_recursive(self.head)
  25:     def min(self):
  26:         return self.head.min().value
  27:     
  28:     def delete(self, value):
--------------------------------------------------------------------------------
[0.08460 s] incompetent

TypeError: /home/lucca/teste/python_experiments2/bst1/ALL-SMART/test_binary_search_tree_MOSA.py:7: TypeError: BinarySearchTree.insert() missing 1 required positional argument: 'val'

   - [#  30] SDI binary_search_tree: 
--------------------------------------------------------------------------------
  21:             else:
  22:                 node.right = BinaryTreeNode(val, node)
  23:         add_node_recursive(self.head)
  24:     
- 25:     def min(self):
- 26:         return self.head.min().value
- 27:     
+ 25:     @staticmethod
+ 26:     def min(self):
+ 27:         return self.head.min().value
  28:     def delete(self, value):
  29:         self.head.delete(value)
  30:     
  31:     def search(self, value):
--------------------------------------------------------------------------------
[0.09086 s] incompetent

TypeError: /home/lucca/teste/python_experiments2/bst1/ALL-SMART/test_binary_search_tree_MOSA.py:37: TypeError: BinarySearchTree.min() missing 1 required positional argument: 'self'

   - [#  31] SDI binary_search_tree: 
--------------------------------------------------------------------------------
  24:     
  25:     def min(self):
  26:         return self.head.min().value
  27:     
- 28:     def delete(self, value):
- 29:         self.head.delete(value)
- 30:     
+ 28:     @staticmethod
+ 29:     def delete(self, value):
+ 30:         self.head.delete(value)
  31:     def search(self, value):
  32:         node = self.head
  33:         while node:
  34:             if value == node.value:
--------------------------------------------------------------------------------
[0.10714 s] incompetent

TypeError: /home/lucca/teste/python_experiments2/bst1/ALL-SMART/test_binary_search_tree_MOSA.py:40: TypeError: BinarySearchTree.delete() missing 1 required positional argument: 'value'

   - [#  32] SDI binary_search_tree: 
--------------------------------------------------------------------------------
  27:     
  28:     def delete(self, value):
  29:         self.head.delete(value)
  30:     
- 31:     def search(self, value):
- 32:         node = self.head
- 33:         while node:
- 34:             if value == node.value:
- 35:                 return node
- 36:             if value > node.value:
- 37:                 node = node.right
- 38:             else:
- 39:                 node = node.left
- 40:         
- 41:         return node
- 42:     
+ 31:     @staticmethod
+ 32:     def search(self, value):
+ 33:         node = self.head
+ 34:         while node:
+ 35:             if value == node.value:
+ 36:                 return node
+ 37:             if value > node.value:
+ 38:                 node = node.right
+ 39:             else:
+ 40:                 node = node.left
+ 41:         
+ 42:         return node
  43:     def in_order_traversal(self):
  44:         output = []
  45:         def recur(node):
  46:             if node:
--------------------------------------------------------------------------------
[0.10567 s] incompetent

TypeError: /home/lucca/teste/python_experiments2/bst1/ALL-SMART/test_binary_search_tree_MOSA.py:16: TypeError: BinarySearchTree.search() missing 1 required positional argument: 'value'

   - [#  33] SDI binary_search_tree: 
--------------------------------------------------------------------------------
  39:                 node = node.left
  40:         
  41:         return node
  42:     
- 43:     def in_order_traversal(self):
- 44:         output = []
- 45:         def recur(node):
- 46:             if node:
- 47:                 recur(node.left)
- 48:                 output.append(node.value)
- 49:                 recur(node.right)
- 50:         recur(self.head)
- 51:         return output
- 52:     
+ 43:     @staticmethod
+ 44:     def in_order_traversal(self):
+ 45:         output = []
+ 46:         def recur(node):
+ 47:             if node:
+ 48:                 recur(node.left)
+ 49:                 output.append(node.value)
+ 50:                 recur(node.right)
+ 51:         recur(self.head)
+ 52:         return output
  53:     def merge(self, tree):
  54:         
  55:         def mergeOntoT1(t1, t2):
  56:             if not t1:
--------------------------------------------------------------------------------
[0.08624 s] incompetent

TypeError: /home/lucca/teste/python_experiments2/bst1/ALL-SMART/test_binary_search_tree_MOSA.py:15: TypeError: BinarySearchTree.in_order_traversal() missing 1 required positional argument: 'self'

   - [#  34] SDI binary_search_tree: 
--------------------------------------------------------------------------------
  49:                 recur(node.right)
  50:         recur(self.head)
  51:         return output
  52:     
- 53:     def merge(self, tree):
- 54:         
- 55:         def mergeOntoT1(t1, t2):
- 56:             if not t1:
- 57:                 return t2
- 58:             if not t2:
- 59:                 return t1
- 60:             
- 61:             t1.value += t2.value
- 62:             
+ 53:     @staticmethod
+ 54:     def merge(self, tree):
+ 55:         
+ 56:         def mergeOntoT1(t1, t2):
+ 57:             if not t1:
+ 58:                 return t2
+ 59:             if not t2:
+ 60:                 return t1
+ 61:             
+ 62:             t1.value += t2.value
  63:             
- 64:             t1.left = mergeOntoT1(t1.left, t2.left)
- 65:             
+ 64:             
+ 65:             t1.left = mergeOntoT1(t1.left, t2.left)
  66:             
- 67:             t1.right = mergeOntoT1(t1.right, t2.right)
- 68:             
- 69:             return t1
- 70:         
- 71:         mergeOntoT1(self.head, tree.head)
+ 67:             
+ 68:             t1.right = mergeOntoT1(t1.right, t2.right)
+ 69:             
+ 70:             return t1
+ 71:         
+ 72:         mergeOntoT1(self.head, tree.head)
--------------------------------------------------------------------------------
[0.09091 s] incompetent

TypeError: /home/lucca/teste/python_experiments2/bst1/ALL-SMART/test_binary_search_tree_MOSA.py:48: TypeError: BinarySearchTree.merge() missing 1 required positional argument: 'tree'

   - [#  35] SDL binary_search_tree: 
--------------------------------------------------------------------------------
   2: 
   3: class BinarySearchTree:
   4:     
   5:     def __init__(self):
-  6:         self.head = None
+  6:         pass
   7:     
   8:     def insert(self, val):
   9:         if not (self.head):
  10:             self.head = BinaryTreeNode(val, None)
--------------------------------------------------------------------------------
[0.08476 s] killed by ALL-SMART/test_binary_search_tree_MOSA.py::test_case_0

def test_case_0():
        binary_search_tree_0 = module_0.BinarySearchTree()
>       var_0 = binary_search_tree_0.insert(binary_search_tree_0)

ALL-SMART/test_binary_search_tree_MOSA.py:7: 
_ _ _ _ _ _ _ _ _ _ _ _ _ _ _ _ _ _ _ _ _ _ _ _ _ _ _ _ _ _ _ _ _ _ _ _ _ _ _ _ 

self = <binary_search_tree.BinarySearchTree object at 0x7035a686dd20>
val = <binary_search_tree.BinarySearchTree object at 0x7035a686dd20>

>   ???
E   AttributeError: 'BinarySearchTree' object has no attribute 'head'

binary_search_tree:9: AttributeError
   - [#  36] SDL binary_search_tree: 
--------------------------------------------------------------------------------
   6:         self.head = None
   7:     
   8:     def insert(self, val):
   9:         if not (self.head):
- 10:             self.head = BinaryTreeNode(val, None)
+ 10:             pass
  11:             return
  12:         def add_node_recursive(node):
  13:             if val < node.value:
  14:                 if node.left:
--------------------------------------------------------------------------------
[0.08797 s] killed by ALL-SMART/test_binary_search_tree_MOSA.py::test_case_0

def test_case_0():
        binary_search_tree_0 = module_0.BinarySearchTree()
        var_0 = binary_search_tree_0.insert(binary_search_tree_0)
>       assert f'{type(binary_search_tree_0.head).__module__}.{type(binary_search_tree_0.head).__qualname__}' == 'tree_node.BinaryTreeNode'
E       AssertionError

ALL-SMART/test_binary_search_tree_MOSA.py:8: AssertionError
   - [#  37] SDL binary_search_tree: 
--------------------------------------------------------------------------------
   7:     
   8:     def insert(self, val):
   9:         if not (self.head):
  10:             self.head = BinaryTreeNode(val, None)
- 11:             return
+ 11:             pass
  12:         def add_node_recursive(node):
  13:             if val < node.value:
  14:                 if node.left:
  15:                     add_node_recursive(node.left)
--------------------------------------------------------------------------------
[0.08514 s] incompetent

TypeError: binary_search_tree:13: TypeError: '<' not supported between instances of 'BinarySearchTree' and 'BinarySearchTree'

   - [#  38] SDL binary_search_tree: 
--------------------------------------------------------------------------------
  11:             return
  12:         def add_node_recursive(node):
  13:             if val < node.value:
  14:                 if node.left:
- 15:                     add_node_recursive(node.left)
+ 15:                     pass
  16:                 else:
  17:                     node.left = BinaryTreeNode(val, node)
  18:             
  19:             elif node.right:
--------------------------------------------------------------------------------
[0.10027 s] survived
   - [#  39] SDL binary_search_tree: 
--------------------------------------------------------------------------------
  13:             if val < node.value:
  14:                 if node.left:
  15:                     add_node_recursive(node.left)
  16:                 else:
- 17:                     node.left = BinaryTreeNode(val, node)
+ 17:                     pass
  18:             
  19:             elif node.right:
  20:                 add_node_recursive(node.right)
  21:             else:
--------------------------------------------------------------------------------
[0.09666 s] killed by ALL-SMART/test_binary_search_tree_MOSA.py::test_case_13

def test_case_13():
        list_0 = []
        binary_search_tree_0 = module_0.BinarySearchTree()
        var_0 = binary_search_tree_0.insert(list_0)
        assert f'{type(binary_search_tree_0.head).__module__}.{type(binary_search_tree_0.head).__qualname__}' == 'tree_node.BinaryTreeNode'
        var_1 = binary_search_tree_0.in_order_traversal()
        var_2 = binary_search_tree_0.insert(var_1)
        var_3 = binary_search_tree_0.search(var_1)
        assert f'{type(var_3).__module__}.{type(var_3).__qualname__}' == 'tree_node.BinaryTreeNode'
        assert var_3.left is None
        assert var_3.right is None
        assert var_3.value == [[]]
        assert f'{type(var_3.parent).__module__}.{type(var_3.parent).__qualname__}' == 'tree_node.BinaryTreeNode'
        var_4 = binary_search_tree_0.insert(list_0)
>       assert f'{type(var_3.left).__module__}.{type(var_3.left).__qualname__}' == 'tree_node.BinaryTreeNode'
E       AssertionError

ALL-SMART/test_binary_search_tree_MOSA.py:120: AssertionError
   - [#  40] SDL binary_search_tree: 
--------------------------------------------------------------------------------
  16:                 else:
  17:                     node.left = BinaryTreeNode(val, node)
  18:             
  19:             elif node.right:
- 20:                 add_node_recursive(node.right)
+ 20:                 pass
  21:             else:
  22:                 node.right = BinaryTreeNode(val, node)
  23:         add_node_recursive(self.head)
  24:     
--------------------------------------------------------------------------------
[0.09685 s] killed by ALL-SMART/test_binary_search_tree_MOSA.py::test_case_13

def test_case_13():
        list_0 = []
        binary_search_tree_0 = module_0.BinarySearchTree()
        var_0 = binary_search_tree_0.insert(list_0)
        assert f'{type(binary_search_tree_0.head).__module__}.{type(binary_search_tree_0.head).__qualname__}' == 'tree_node.BinaryTreeNode'
        var_1 = binary_search_tree_0.in_order_traversal()
        var_2 = binary_search_tree_0.insert(var_1)
        var_3 = binary_search_tree_0.search(var_1)
        assert f'{type(var_3).__module__}.{type(var_3).__qualname__}' == 'tree_node.BinaryTreeNode'
        assert var_3.left is None
        assert var_3.right is None
        assert var_3.value == [[]]
        assert f'{type(var_3.parent).__module__}.{type(var_3.parent).__qualname__}' == 'tree_node.BinaryTreeNode'
        var_4 = binary_search_tree_0.insert(list_0)
>       assert f'{type(var_3.left).__module__}.{type(var_3.left).__qualname__}' == 'tree_node.BinaryTreeNode'
E       AssertionError

ALL-SMART/test_binary_search_tree_MOSA.py:120: AssertionError
   - [#  41] SDL binary_search_tree: 
--------------------------------------------------------------------------------
  18:             
  19:             elif node.right:
  20:                 add_node_recursive(node.right)
  21:             else:
- 22:                 node.right = BinaryTreeNode(val, node)
+ 22:                 pass
  23:         add_node_recursive(self.head)
  24:     
  25:     def min(self):
  26:         return self.head.min().value
--------------------------------------------------------------------------------
[0.09278 s] killed by ALL-SMART/test_binary_search_tree_MOSA.py::test_case_13

def test_case_13():
        list_0 = []
        binary_search_tree_0 = module_0.BinarySearchTree()
        var_0 = binary_search_tree_0.insert(list_0)
        assert f'{type(binary_search_tree_0.head).__module__}.{type(binary_search_tree_0.head).__qualname__}' == 'tree_node.BinaryTreeNode'
        var_1 = binary_search_tree_0.in_order_traversal()
        var_2 = binary_search_tree_0.insert(var_1)
        var_3 = binary_search_tree_0.search(var_1)
>       assert f'{type(var_3).__module__}.{type(var_3).__qualname__}' == 'tree_node.BinaryTreeNode'
E       AssertionError

ALL-SMART/test_binary_search_tree_MOSA.py:114: AssertionError
   - [#  42] SDL binary_search_tree: 
--------------------------------------------------------------------------------
  19:             elif node.right:
  20:                 add_node_recursive(node.right)
  21:             else:
  22:                 node.right = BinaryTreeNode(val, node)
- 23:         add_node_recursive(self.head)
+ 23:         pass
  24:     
  25:     def min(self):
  26:         return self.head.min().value
  27:     
--------------------------------------------------------------------------------
[0.09430 s] killed by ALL-SMART/test_binary_search_tree_MOSA.py::test_case_13

def test_case_13():
        list_0 = []
        binary_search_tree_0 = module_0.BinarySearchTree()
        var_0 = binary_search_tree_0.insert(list_0)
        assert f'{type(binary_search_tree_0.head).__module__}.{type(binary_search_tree_0.head).__qualname__}' == 'tree_node.BinaryTreeNode'
        var_1 = binary_search_tree_0.in_order_traversal()
        var_2 = binary_search_tree_0.insert(var_1)
        var_3 = binary_search_tree_0.search(var_1)
>       assert f'{type(var_3).__module__}.{type(var_3).__qualname__}' == 'tree_node.BinaryTreeNode'
E       AssertionError

ALL-SMART/test_binary_search_tree_MOSA.py:114: AssertionError
   - [#  43] SDL binary_search_tree: 
--------------------------------------------------------------------------------
  22:                 node.right = BinaryTreeNode(val, node)
  23:         add_node_recursive(self.head)
  24:     
  25:     def min(self):
- 26:         return self.head.min().value
+ 26:         pass
  27:     
  28:     def delete(self, value):
  29:         self.head.delete(value)
  30:     
--------------------------------------------------------------------------------
[0.08909 s] incompetent

TypeError: binary_search_tree:13: TypeError: '<' not supported between instances of 'NoneType' and 'list'

   - [#  44] SDL binary_search_tree: 
--------------------------------------------------------------------------------
  25:     def min(self):
  26:         return self.head.min().value
  27:     
  28:     def delete(self, value):
- 29:         self.head.delete(value)
+ 29:         pass
  30:     
  31:     def search(self, value):
  32:         node = self.head
  33:         while node:
--------------------------------------------------------------------------------
[0.10018 s] survived
   - [#  45] SDL binary_search_tree: 
--------------------------------------------------------------------------------
  28:     def delete(self, value):
  29:         self.head.delete(value)
  30:     
  31:     def search(self, value):
- 32:         node = self.head
+ 32:         pass
  33:         while node:
  34:             if value == node.value:
  35:                 return node
  36:             if value > node.value:
--------------------------------------------------------------------------------
[0.08763 s] killed by ALL-SMART/test_binary_search_tree_MOSA.py::test_case_1

def test_case_1():
        list_0 = []
        binary_search_tree_0 = module_0.BinarySearchTree()
        var_0 = binary_search_tree_0.insert(list_0)
        assert f'{type(binary_search_tree_0.head).__module__}.{type(binary_search_tree_0.head).__qualname__}' == 'tree_node.BinaryTreeNode'
        var_1 = binary_search_tree_0.in_order_traversal()
>       var_2 = binary_search_tree_0.search(var_1)

ALL-SMART/test_binary_search_tree_MOSA.py:16: 
_ _ _ _ _ _ _ _ _ _ _ _ _ _ _ _ _ _ _ _ _ _ _ _ _ _ _ _ _ _ _ _ _ _ _ _ _ _ _ _ 

self = <binary_search_tree.BinarySearchTree object at 0x7035a66da560>
value = [[]]

>   ???
E   UnboundLocalError: local variable 'node' referenced before assignment

binary_search_tree:33: UnboundLocalError
   - [#  46] SDL binary_search_tree: 
--------------------------------------------------------------------------------
  31:     def search(self, value):
  32:         node = self.head
  33:         while node:
  34:             if value == node.value:
- 35:                 return node
+ 35:                 pass
  36:             if value > node.value:
  37:                 node = node.right
  38:             else:
  39:                 node = node.left
--------------------------------------------------------------------------------
[0.09048 s] incompetent

TypeError: binary_search_tree:36: TypeError: '>' not supported between instances of 'BinarySearchTree' and 'BinarySearchTree'

   - [#  47] SDL binary_search_tree: 
--------------------------------------------------------------------------------
  33:         while node:
  34:             if value == node.value:
  35:                 return node
  36:             if value > node.value:
- 37:                 node = node.right
+ 37:                 pass
  38:             else:
  39:                 node = node.left
  40:         
  41:         return node
--------------------------------------------------------------------------------
[5.00689 s] timeout
   - [#  48] SDL binary_search_tree: 
--------------------------------------------------------------------------------
  35:                 return node
  36:             if value > node.value:
  37:                 node = node.right
  38:             else:
- 39:                 node = node.left
+ 39:                 pass
  40:         
  41:         return node
  42:     
  43:     def in_order_traversal(self):
--------------------------------------------------------------------------------
[5.00645 s] timeout
   - [#  49] SDL binary_search_tree: 
--------------------------------------------------------------------------------
  37:                 node = node.right
  38:             else:
  39:                 node = node.left
  40:         
- 41:         return node
+ 41:         pass
  42:     
  43:     def in_order_traversal(self):
  44:         output = []
  45:         def recur(node):
--------------------------------------------------------------------------------
[0.11175 s] survived
   - [#  50] SDL binary_search_tree: 
--------------------------------------------------------------------------------
  40:         
  41:         return node
  42:     
  43:     def in_order_traversal(self):
- 44:         output = []
+ 44:         pass
  45:         def recur(node):
  46:             if node:
  47:                 recur(node.left)
  48:                 output.append(node.value)
--------------------------------------------------------------------------------
[0.08556 s] killed by ALL-SMART/test_binary_search_tree_MOSA.py::test_case_1

def test_case_1():
        list_0 = []
        binary_search_tree_0 = module_0.BinarySearchTree()
        var_0 = binary_search_tree_0.insert(list_0)
        assert f'{type(binary_search_tree_0.head).__module__}.{type(binary_search_tree_0.head).__qualname__}' == 'tree_node.BinaryTreeNode'
>       var_1 = binary_search_tree_0.in_order_traversal()

ALL-SMART/test_binary_search_tree_MOSA.py:15: 
_ _ _ _ _ _ _ _ _ _ _ _ _ _ _ _ _ _ _ _ _ _ _ _ _ _ _ _ _ _ _ _ _ _ _ _ _ _ _ _ 
binary_search_tree:50: in in_order_traversal
    ???
_ _ _ _ _ _ _ _ _ _ _ _ _ _ _ _ _ _ _ _ _ _ _ _ _ _ _ _ _ _ _ _ _ _ _ _ _ _ _ _ 

node = <tree_node.BinaryTreeNode object at 0x7035a6aaa530>

>   ???
E   NameError: name 'output' is not defined

binary_search_tree:48: NameError
   - [#  51] SDL binary_search_tree: 
--------------------------------------------------------------------------------
  43:     def in_order_traversal(self):
  44:         output = []
  45:         def recur(node):
  46:             if node:
- 47:                 recur(node.left)
+ 47:                 pass
  48:                 output.append(node.value)
  49:                 recur(node.right)
  50:         recur(self.head)
  51:         return output
--------------------------------------------------------------------------------
[0.09981 s] survived
   - [#  52] SDL binary_search_tree: 
--------------------------------------------------------------------------------
  44:         output = []
  45:         def recur(node):
  46:             if node:
  47:                 recur(node.left)
- 48:                 output.append(node.value)
+ 48:                 pass
  49:                 recur(node.right)
  50:         recur(self.head)
  51:         return output
  52:     
--------------------------------------------------------------------------------
[0.09209 s] killed by ALL-SMART/test_binary_search_tree_MOSA.py::test_case_13

def test_case_13():
        list_0 = []
        binary_search_tree_0 = module_0.BinarySearchTree()
        var_0 = binary_search_tree_0.insert(list_0)
        assert f'{type(binary_search_tree_0.head).__module__}.{type(binary_search_tree_0.head).__qualname__}' == 'tree_node.BinaryTreeNode'
        var_1 = binary_search_tree_0.in_order_traversal()
        var_2 = binary_search_tree_0.insert(var_1)
        var_3 = binary_search_tree_0.search(var_1)
        assert f'{type(var_3).__module__}.{type(var_3).__qualname__}' == 'tree_node.BinaryTreeNode'
        assert var_3.left is None
>       assert var_3.right is None
E       AssertionError

ALL-SMART/test_binary_search_tree_MOSA.py:116: AssertionError
   - [#  53] SDL binary_search_tree: 
--------------------------------------------------------------------------------
  45:         def recur(node):
  46:             if node:
  47:                 recur(node.left)
  48:                 output.append(node.value)
- 49:                 recur(node.right)
+ 49:                 pass
  50:         recur(self.head)
  51:         return output
  52:     
  53:     def merge(self, tree):
--------------------------------------------------------------------------------
[0.09962 s] survived
   - [#  54] SDL binary_search_tree: 
--------------------------------------------------------------------------------
  46:             if node:
  47:                 recur(node.left)
  48:                 output.append(node.value)
  49:                 recur(node.right)
- 50:         recur(self.head)
+ 50:         pass
  51:         return output
  52:     
  53:     def merge(self, tree):
  54:         
--------------------------------------------------------------------------------
[0.09188 s] killed by ALL-SMART/test_binary_search_tree_MOSA.py::test_case_13

def test_case_13():
        list_0 = []
        binary_search_tree_0 = module_0.BinarySearchTree()
        var_0 = binary_search_tree_0.insert(list_0)
        assert f'{type(binary_search_tree_0.head).__module__}.{type(binary_search_tree_0.head).__qualname__}' == 'tree_node.BinaryTreeNode'
        var_1 = binary_search_tree_0.in_order_traversal()
        var_2 = binary_search_tree_0.insert(var_1)
        var_3 = binary_search_tree_0.search(var_1)
        assert f'{type(var_3).__module__}.{type(var_3).__qualname__}' == 'tree_node.BinaryTreeNode'
        assert var_3.left is None
>       assert var_3.right is None
E       AssertionError

ALL-SMART/test_binary_search_tree_MOSA.py:116: AssertionError
   - [#  55] SDL binary_search_tree: 
--------------------------------------------------------------------------------
  47:                 recur(node.left)
  48:                 output.append(node.value)
  49:                 recur(node.right)
  50:         recur(self.head)
- 51:         return output
+ 51:         pass
  52:     
  53:     def merge(self, tree):
  54:         
  55:         def mergeOntoT1(t1, t2):
--------------------------------------------------------------------------------
[0.08953 s] incompetent

TypeError: binary_search_tree:36: TypeError: '>' not supported between instances of 'NoneType' and 'list'

   - [#  56] SDL binary_search_tree: 
--------------------------------------------------------------------------------
  53:     def merge(self, tree):
  54:         
  55:         def mergeOntoT1(t1, t2):
  56:             if not t1:
- 57:                 return t2
+ 57:                 pass
  58:             if not t2:
  59:                 return t1
  60:             
  61:             t1.value += t2.value
--------------------------------------------------------------------------------
[0.10088 s] survived
   - [#  57] SDL binary_search_tree: 
--------------------------------------------------------------------------------
  55:         def mergeOntoT1(t1, t2):
  56:             if not t1:
  57:                 return t2
  58:             if not t2:
- 59:                 return t1
+ 59:                 pass
  60:             
  61:             t1.value += t2.value
  62:             
  63:             
--------------------------------------------------------------------------------
[0.09140 s] killed by ALL-SMART/test_binary_search_tree_MOSA.py::test_case_10

def test_case_10():
        binary_search_tree_0 = module_0.BinarySearchTree()
        binary_search_tree_1 = module_0.BinarySearchTree()
        var_0 = binary_search_tree_1.merge(binary_search_tree_1)
        var_1 = binary_search_tree_1.insert(binary_search_tree_1)
        assert f'{type(binary_search_tree_1.head).__module__}.{type(binary_search_tree_1.head).__qualname__}' == 'tree_node.BinaryTreeNode'
>       var_2 = binary_search_tree_1.merge(binary_search_tree_0)

ALL-SMART/test_binary_search_tree_MOSA.py:76: 
_ _ _ _ _ _ _ _ _ _ _ _ _ _ _ _ _ _ _ _ _ _ _ _ _ _ _ _ _ _ _ _ _ _ _ _ _ _ _ _ 
binary_search_tree:71: in merge
    ???
_ _ _ _ _ _ _ _ _ _ _ _ _ _ _ _ _ _ _ _ _ _ _ _ _ _ _ _ _ _ _ _ _ _ _ _ _ _ _ _ 

t1 = <tree_node.BinaryTreeNode object at 0x7035a66db9a0>, t2 = None

>   ???
E   AttributeError: 'NoneType' object has no attribute 'value'

binary_search_tree:61: AttributeError
   - [#  58] SDL binary_search_tree: 
--------------------------------------------------------------------------------
  60:             
  61:             t1.value += t2.value
  62:             
  63:             
- 64:             t1.left = mergeOntoT1(t1.left, t2.left)
+ 64:             pass
  65:             
  66:             
  67:             t1.right = mergeOntoT1(t1.right, t2.right)
  68:             
--------------------------------------------------------------------------------
[0.09992 s] survived
   - [#  59] SDL binary_search_tree: 
--------------------------------------------------------------------------------
  63:             
  64:             t1.left = mergeOntoT1(t1.left, t2.left)
  65:             
  66:             
- 67:             t1.right = mergeOntoT1(t1.right, t2.right)
+ 67:             pass
  68:             
  69:             return t1
  70:         
  71:         mergeOntoT1(self.head, tree.head)
--------------------------------------------------------------------------------
[0.09927 s] survived
   - [#  60] SDL binary_search_tree: 
--------------------------------------------------------------------------------
  65:             
  66:             
  67:             t1.right = mergeOntoT1(t1.right, t2.right)
  68:             
- 69:             return t1
+ 69:             pass
  70:         
  71:         mergeOntoT1(self.head, tree.head)
--------------------------------------------------------------------------------
[0.09863 s] survived
   - [#  61] SDL binary_search_tree: 
--------------------------------------------------------------------------------
  67:             t1.right = mergeOntoT1(t1.right, t2.right)
  68:             
  69:             return t1
  70:         
- 71:         mergeOntoT1(self.head, tree.head)
+ 71:         pass
--------------------------------------------------------------------------------
[0.10058 s] survived
   - [#  62] SVD binary_search_tree: 
--------------------------------------------------------------------------------
   2: 
   3: class BinarySearchTree:
   4:     
   5:     def __init__(self):
-  6:         self.head = None
+  6:         head = None
   7:     
   8:     def insert(self, val):
   9:         if not (self.head):
  10:             self.head = BinaryTreeNode(val, None)
--------------------------------------------------------------------------------
[0.00000 s] incompetent

ValueError: expression must have Store context but has Load instead

   - [#  63] SVD binary_search_tree: 
--------------------------------------------------------------------------------
   5:     def __init__(self):
   6:         self.head = None
   7:     
   8:     def insert(self, val):
-  9:         if not (self.head):
+  9:         if not head:
  10:             self.head = BinaryTreeNode(val, None)
  11:             return
  12:         def add_node_recursive(node):
  13:             if val < node.value:
--------------------------------------------------------------------------------
[0.08894 s] killed by ALL-SMART/test_binary_search_tree_MOSA.py::test_case_0

def test_case_0():
        binary_search_tree_0 = module_0.BinarySearchTree()
>       var_0 = binary_search_tree_0.insert(binary_search_tree_0)

ALL-SMART/test_binary_search_tree_MOSA.py:7: 
_ _ _ _ _ _ _ _ _ _ _ _ _ _ _ _ _ _ _ _ _ _ _ _ _ _ _ _ _ _ _ _ _ _ _ _ _ _ _ _ 

self = <binary_search_tree.BinarySearchTree object at 0x7035a69b90f0>
val = <binary_search_tree.BinarySearchTree object at 0x7035a69b90f0>

>   ???
E   NameError: name 'head' is not defined

binary_search_tree:9: NameError
   - [#  64] SVD binary_search_tree: 
--------------------------------------------------------------------------------
   6:         self.head = None
   7:     
   8:     def insert(self, val):
   9:         if not (self.head):
- 10:             self.head = BinaryTreeNode(val, None)
+ 10:             head = BinaryTreeNode(val, None)
  11:             return
  12:         def add_node_recursive(node):
  13:             if val < node.value:
  14:                 if node.left:
--------------------------------------------------------------------------------
[0.00000 s] incompetent

ValueError: expression must have Store context but has Load instead

   - [#  65] SVD binary_search_tree: 
--------------------------------------------------------------------------------
  19:             elif node.right:
  20:                 add_node_recursive(node.right)
  21:             else:
  22:                 node.right = BinaryTreeNode(val, node)
- 23:         add_node_recursive(self.head)
+ 23:         add_node_recursive(head)
  24:     
  25:     def min(self):
  26:         return self.head.min().value
  27:     
--------------------------------------------------------------------------------
[0.08979 s] killed by ALL-SMART/test_binary_search_tree_MOSA.py::test_case_5

def test_case_5():
        list_0 = []
        binary_search_tree_0 = module_0.BinarySearchTree()
        var_0 = binary_search_tree_0.insert(list_0)
        assert f'{type(binary_search_tree_0.head).__module__}.{type(binary_search_tree_0.head).__qualname__}' == 'tree_node.BinaryTreeNode'
        var_1 = binary_search_tree_0.min()
>       var_2 = binary_search_tree_0.insert(var_1)

ALL-SMART/test_binary_search_tree_MOSA.py:38: 
_ _ _ _ _ _ _ _ _ _ _ _ _ _ _ _ _ _ _ _ _ _ _ _ _ _ _ _ _ _ _ _ _ _ _ _ _ _ _ _ 

self = <binary_search_tree.BinarySearchTree object at 0x7035a6745120>, val = []

>   ???
E   NameError: name 'head' is not defined

binary_search_tree:23: NameError
   - [#  66] SVD binary_search_tree: 
--------------------------------------------------------------------------------
  22:                 node.right = BinaryTreeNode(val, node)
  23:         add_node_recursive(self.head)
  24:     
  25:     def min(self):
- 26:         return self.head.min().value
+ 26:         return head.min().value
  27:     
  28:     def delete(self, value):
  29:         self.head.delete(value)
  30:     
--------------------------------------------------------------------------------
[0.09160 s] killed by ALL-SMART/test_binary_search_tree_MOSA.py::test_case_5

def test_case_5():
        list_0 = []
        binary_search_tree_0 = module_0.BinarySearchTree()
        var_0 = binary_search_tree_0.insert(list_0)
        assert f'{type(binary_search_tree_0.head).__module__}.{type(binary_search_tree_0.head).__qualname__}' == 'tree_node.BinaryTreeNode'
>       var_1 = binary_search_tree_0.min()

ALL-SMART/test_binary_search_tree_MOSA.py:37: 
_ _ _ _ _ _ _ _ _ _ _ _ _ _ _ _ _ _ _ _ _ _ _ _ _ _ _ _ _ _ _ _ _ _ _ _ _ _ _ _ 

self = <binary_search_tree.BinarySearchTree object at 0x7035a69b8550>

>   ???
E   NameError: name 'head' is not defined

binary_search_tree:26: NameError
   - [#  67] SVD binary_search_tree: 
--------------------------------------------------------------------------------
  25:     def min(self):
  26:         return self.head.min().value
  27:     
  28:     def delete(self, value):
- 29:         self.head.delete(value)
+ 29:         head.delete(value)
  30:     
  31:     def search(self, value):
  32:         node = self.head
  33:         while node:
--------------------------------------------------------------------------------
[0.10721 s] killed by ALL-SMART/test_binary_search_tree_MOSA.py::test_case_5

def test_case_5():
        list_0 = []
        binary_search_tree_0 = module_0.BinarySearchTree()
        var_0 = binary_search_tree_0.insert(list_0)
        assert f'{type(binary_search_tree_0.head).__module__}.{type(binary_search_tree_0.head).__qualname__}' == 'tree_node.BinaryTreeNode'
        var_1 = binary_search_tree_0.min()
        var_2 = binary_search_tree_0.insert(var_1)
        var_3 = binary_search_tree_0.insert(list_0)
>       var_4 = binary_search_tree_0.delete(var_1)

ALL-SMART/test_binary_search_tree_MOSA.py:40: 
_ _ _ _ _ _ _ _ _ _ _ _ _ _ _ _ _ _ _ _ _ _ _ _ _ _ _ _ _ _ _ _ _ _ _ _ _ _ _ _ 

self = <binary_search_tree.BinarySearchTree object at 0x7035a6764040>
value = []

>   ???
E   NameError: name 'head' is not defined

binary_search_tree:29: NameError
   - [#  68] SVD binary_search_tree: 
--------------------------------------------------------------------------------
  28:     def delete(self, value):
  29:         self.head.delete(value)
  30:     
  31:     def search(self, value):
- 32:         node = self.head
+ 32:         node = head
  33:         while node:
  34:             if value == node.value:
  35:                 return node
  36:             if value > node.value:
--------------------------------------------------------------------------------
[0.10314 s] killed by ALL-SMART/test_binary_search_tree_MOSA.py::test_case_1

def test_case_1():
        list_0 = []
        binary_search_tree_0 = module_0.BinarySearchTree()
        var_0 = binary_search_tree_0.insert(list_0)
        assert f'{type(binary_search_tree_0.head).__module__}.{type(binary_search_tree_0.head).__qualname__}' == 'tree_node.BinaryTreeNode'
        var_1 = binary_search_tree_0.in_order_traversal()
>       var_2 = binary_search_tree_0.search(var_1)

ALL-SMART/test_binary_search_tree_MOSA.py:16: 
_ _ _ _ _ _ _ _ _ _ _ _ _ _ _ _ _ _ _ _ _ _ _ _ _ _ _ _ _ _ _ _ _ _ _ _ _ _ _ _ 

self = <binary_search_tree.BinarySearchTree object at 0x7035a686ed40>
value = [[]]

>   ???
E   NameError: name 'head' is not defined

binary_search_tree:32: NameError
   - [#  69] SVD binary_search_tree: 
--------------------------------------------------------------------------------
  46:             if node:
  47:                 recur(node.left)
  48:                 output.append(node.value)
  49:                 recur(node.right)
- 50:         recur(self.head)
+ 50:         recur(head)
  51:         return output
  52:     
  53:     def merge(self, tree):
  54:         
--------------------------------------------------------------------------------
[0.08597 s] killed by ALL-SMART/test_binary_search_tree_MOSA.py::test_case_1

def test_case_1():
        list_0 = []
        binary_search_tree_0 = module_0.BinarySearchTree()
        var_0 = binary_search_tree_0.insert(list_0)
        assert f'{type(binary_search_tree_0.head).__module__}.{type(binary_search_tree_0.head).__qualname__}' == 'tree_node.BinaryTreeNode'
>       var_1 = binary_search_tree_0.in_order_traversal()

ALL-SMART/test_binary_search_tree_MOSA.py:15: 
_ _ _ _ _ _ _ _ _ _ _ _ _ _ _ _ _ _ _ _ _ _ _ _ _ _ _ _ _ _ _ _ _ _ _ _ _ _ _ _ 

self = <binary_search_tree.BinarySearchTree object at 0x7035a684de70>

>   ???
E   NameError: name 'head' is not defined

binary_search_tree:50: NameError
   - [#  70] SVD binary_search_tree: 
--------------------------------------------------------------------------------
  67:             t1.right = mergeOntoT1(t1.right, t2.right)
  68:             
  69:             return t1
  70:         
- 71:         mergeOntoT1(self.head, tree.head)
+ 71:         mergeOntoT1(head, tree.head)
--------------------------------------------------------------------------------
[0.09372 s] killed by ALL-SMART/test_binary_search_tree_MOSA.py::test_case_7

def test_case_7():
        binary_search_tree_0 = module_0.BinarySearchTree()
>       var_0 = binary_search_tree_0.merge(binary_search_tree_0)

ALL-SMART/test_binary_search_tree_MOSA.py:48: 
_ _ _ _ _ _ _ _ _ _ _ _ _ _ _ _ _ _ _ _ _ _ _ _ _ _ _ _ _ _ _ _ _ _ _ _ _ _ _ _ 

self = <binary_search_tree.BinarySearchTree object at 0x7035a686ceb0>
tree = <binary_search_tree.BinarySearchTree object at 0x7035a686ceb0>

>   ???
E   NameError: name 'head' is not defined

binary_search_tree:71: NameError
   - [#  71] ZIL binary_search_tree: 
--------------------------------------------------------------------------------
  30:     
  31:     def search(self, value):
  32:         node = self.head
  33:         while node:
- 34:             if value == node.value:
- 35:                 return node
- 36:             if value > node.value:
- 37:                 node = node.right
- 38:             else:
- 39:                 node = node.left
+ 34:             break
+ 35:         
+ 36:         
+ 37:         
+ 38:         
+ 39:         
  40:         
  41:         return node
  42:     
  43:     def in_order_traversal(self):
--------------------------------------------------------------------------------
[0.09341 s] killed by ALL-SMART/test_binary_search_tree_MOSA.py::test_case_13

def test_case_13():
        list_0 = []
        binary_search_tree_0 = module_0.BinarySearchTree()
        var_0 = binary_search_tree_0.insert(list_0)
        assert f'{type(binary_search_tree_0.head).__module__}.{type(binary_search_tree_0.head).__qualname__}' == 'tree_node.BinaryTreeNode'
        var_1 = binary_search_tree_0.in_order_traversal()
        var_2 = binary_search_tree_0.insert(var_1)
        var_3 = binary_search_tree_0.search(var_1)
        assert f'{type(var_3).__module__}.{type(var_3).__qualname__}' == 'tree_node.BinaryTreeNode'
        assert var_3.left is None
>       assert var_3.right is None
E       AssertionError

ALL-SMART/test_binary_search_tree_MOSA.py:116: AssertionError
[*] Mutation score [18.87474 s]: 71.4%
   - all: 71
   - killed: 38 (53.5%)
   - survived: 16 (22.5%)
   - incompetent: 15 (21.1%)
   - timeout: 2 (2.8%)
