[*] Start mutation process:
   - targets: heapsort.py
   - tests: ./ALL-SMART
[*] 34 tests passed:
   - test_heapsort_WHOLE_SUITE [0.05571 s]
   - test_heapsort_DYNAMOSA [0.04357 s]
   - test_heapsort_MOSA [0.04222 s]
   - test_heapsort_MIO [0.05071 s]
[*] Start mutants generation and execution:
   - [#   1] AOD heapsort: 
--------------------------------------------------------------------------------
   9: 
  10: def max_heap_sort(lst: list):
  11:     copy_list = deepcopy(lst)
  12:     
- 13:     copy_list = list(map((lambda x: (x * (-1))), copy_list))
+ 13:     copy_list = list(map((lambda x: (x * 1)), copy_list))
  14:     heapify(copy_list)
  15:     copy_list = [heappop(copy_list) for i in range(len(copy_list))]
  16:     copy_list = list(map((lambda x: (x * (-1))), copy_list))
  17:     return copy_list
--------------------------------------------------------------------------------
[0.07484 s] survived
   - [#   2] AOD heapsort: 
--------------------------------------------------------------------------------
  12:     
  13:     copy_list = list(map((lambda x: (x * (-1))), copy_list))
  14:     heapify(copy_list)
  15:     copy_list = [heappop(copy_list) for i in range(len(copy_list))]
- 16:     copy_list = list(map((lambda x: (x * (-1))), copy_list))
+ 16:     copy_list = list(map((lambda x: (x * 1)), copy_list))
  17:     return copy_list
  18: 
  19: def custom_heap_sort(lst: list, sort='min'):
  20:     copy_list = deepcopy(lst)
--------------------------------------------------------------------------------
[0.07427 s] survived
   - [#   3] AOD heapsort: 
--------------------------------------------------------------------------------
  18: 
  19: def custom_heap_sort(lst: list, sort='min'):
  20:     copy_list = deepcopy(lst)
  21:     if sort == 'max':
- 22:         copy_list = list(map((lambda x: (x * (-1))), copy_list))
+ 22:         copy_list = list(map((lambda x: (x * 1)), copy_list))
  23:     heap = Heap()
  24:     heap.build(copy_list)
  25:     sorted_list = [heap.delete_min() for i in range(heap.size())]
  26:     if sort == 'max':
--------------------------------------------------------------------------------
[0.07656 s] survived
   - [#   4] AOD heapsort: 
--------------------------------------------------------------------------------
  23:     heap = Heap()
  24:     heap.build(copy_list)
  25:     sorted_list = [heap.delete_min() for i in range(heap.size())]
  26:     if sort == 'max':
- 27:         sorted_list = list(map((lambda x: (x * (-1))), sorted_list))
+ 27:         sorted_list = list(map((lambda x: (x * 1)), sorted_list))
  28:     return sorted_list
--------------------------------------------------------------------------------
[0.07606 s] survived
   - [#   5] AOR heapsort: 
--------------------------------------------------------------------------------
   9: 
  10: def max_heap_sort(lst: list):
  11:     copy_list = deepcopy(lst)
  12:     
- 13:     copy_list = list(map((lambda x: (x * (-1))), copy_list))
+ 13:     copy_list = list(map((lambda x: (x / (-1))), copy_list))
  14:     heapify(copy_list)
  15:     copy_list = [heappop(copy_list) for i in range(len(copy_list))]
  16:     copy_list = list(map((lambda x: (x * (-1))), copy_list))
  17:     return copy_list
--------------------------------------------------------------------------------
[0.09165 s] incompetent

TypeError: heapsort:13: TypeError: unsupported operand type(s) for /: 'str' and 'int'

   - [#   6] AOR heapsort: 
--------------------------------------------------------------------------------
   9: 
  10: def max_heap_sort(lst: list):
  11:     copy_list = deepcopy(lst)
  12:     
- 13:     copy_list = list(map((lambda x: (x * (-1))), copy_list))
+ 13:     copy_list = list(map((lambda x: (x // (-1))), copy_list))
  14:     heapify(copy_list)
  15:     copy_list = [heappop(copy_list) for i in range(len(copy_list))]
  16:     copy_list = list(map((lambda x: (x * (-1))), copy_list))
  17:     return copy_list
--------------------------------------------------------------------------------
[0.09121 s] incompetent

TypeError: heapsort:13: TypeError: unsupported operand type(s) for //: 'str' and 'int'

   - [#   7] AOR heapsort: 
--------------------------------------------------------------------------------
   9: 
  10: def max_heap_sort(lst: list):
  11:     copy_list = deepcopy(lst)
  12:     
- 13:     copy_list = list(map((lambda x: (x * (-1))), copy_list))
+ 13:     copy_list = list(map((lambda x: (x ** (-1))), copy_list))
  14:     heapify(copy_list)
  15:     copy_list = [heappop(copy_list) for i in range(len(copy_list))]
  16:     copy_list = list(map((lambda x: (x * (-1))), copy_list))
  17:     return copy_list
--------------------------------------------------------------------------------
[0.09183 s] incompetent

TypeError: heapsort:13: TypeError: unsupported operand type(s) for ** or pow(): 'str' and 'int'

   - [#   8] AOR heapsort: 
--------------------------------------------------------------------------------
   9: 
  10: def max_heap_sort(lst: list):
  11:     copy_list = deepcopy(lst)
  12:     
- 13:     copy_list = list(map((lambda x: (x * (-1))), copy_list))
+ 13:     copy_list = list(map((lambda x: (x * (+1))), copy_list))
  14:     heapify(copy_list)
  15:     copy_list = [heappop(copy_list) for i in range(len(copy_list))]
  16:     copy_list = list(map((lambda x: (x * (-1))), copy_list))
  17:     return copy_list
--------------------------------------------------------------------------------
[0.07651 s] survived
   - [#   9] AOR heapsort: 
--------------------------------------------------------------------------------
  12:     
  13:     copy_list = list(map((lambda x: (x * (-1))), copy_list))
  14:     heapify(copy_list)
  15:     copy_list = [heappop(copy_list) for i in range(len(copy_list))]
- 16:     copy_list = list(map((lambda x: (x * (-1))), copy_list))
+ 16:     copy_list = list(map((lambda x: (x / (-1))), copy_list))
  17:     return copy_list
  18: 
  19: def custom_heap_sort(lst: list, sort='min'):
  20:     copy_list = deepcopy(lst)
--------------------------------------------------------------------------------
[0.09188 s] incompetent

TypeError: heapsort:16: TypeError: unsupported operand type(s) for /: 'str' and 'int'

   - [#  10] AOR heapsort: 
--------------------------------------------------------------------------------
  12:     
  13:     copy_list = list(map((lambda x: (x * (-1))), copy_list))
  14:     heapify(copy_list)
  15:     copy_list = [heappop(copy_list) for i in range(len(copy_list))]
- 16:     copy_list = list(map((lambda x: (x * (-1))), copy_list))
+ 16:     copy_list = list(map((lambda x: (x // (-1))), copy_list))
  17:     return copy_list
  18: 
  19: def custom_heap_sort(lst: list, sort='min'):
  20:     copy_list = deepcopy(lst)
--------------------------------------------------------------------------------
[0.09443 s] incompetent

TypeError: heapsort:16: TypeError: unsupported operand type(s) for //: 'str' and 'int'

   - [#  11] AOR heapsort: 
--------------------------------------------------------------------------------
  12:     
  13:     copy_list = list(map((lambda x: (x * (-1))), copy_list))
  14:     heapify(copy_list)
  15:     copy_list = [heappop(copy_list) for i in range(len(copy_list))]
- 16:     copy_list = list(map((lambda x: (x * (-1))), copy_list))
+ 16:     copy_list = list(map((lambda x: (x ** (-1))), copy_list))
  17:     return copy_list
  18: 
  19: def custom_heap_sort(lst: list, sort='min'):
  20:     copy_list = deepcopy(lst)
--------------------------------------------------------------------------------
[0.09321 s] incompetent

TypeError: heapsort:16: TypeError: unsupported operand type(s) for ** or pow(): 'str' and 'int'

   - [#  12] AOR heapsort: 
--------------------------------------------------------------------------------
  12:     
  13:     copy_list = list(map((lambda x: (x * (-1))), copy_list))
  14:     heapify(copy_list)
  15:     copy_list = [heappop(copy_list) for i in range(len(copy_list))]
- 16:     copy_list = list(map((lambda x: (x * (-1))), copy_list))
+ 16:     copy_list = list(map((lambda x: (x * (+1))), copy_list))
  17:     return copy_list
  18: 
  19: def custom_heap_sort(lst: list, sort='min'):
  20:     copy_list = deepcopy(lst)
--------------------------------------------------------------------------------
[0.07569 s] survived
   - [#  13] AOR heapsort: 
--------------------------------------------------------------------------------
  18: 
  19: def custom_heap_sort(lst: list, sort='min'):
  20:     copy_list = deepcopy(lst)
  21:     if sort == 'max':
- 22:         copy_list = list(map((lambda x: (x * (-1))), copy_list))
+ 22:         copy_list = list(map((lambda x: (x / (-1))), copy_list))
  23:     heap = Heap()
  24:     heap.build(copy_list)
  25:     sorted_list = [heap.delete_min() for i in range(heap.size())]
  26:     if sort == 'max':
--------------------------------------------------------------------------------
[0.09119 s] incompetent

TypeError: heapsort:22: TypeError: unsupported operand type(s) for /: 'str' and 'int'

   - [#  14] AOR heapsort: 
--------------------------------------------------------------------------------
  18: 
  19: def custom_heap_sort(lst: list, sort='min'):
  20:     copy_list = deepcopy(lst)
  21:     if sort == 'max':
- 22:         copy_list = list(map((lambda x: (x * (-1))), copy_list))
+ 22:         copy_list = list(map((lambda x: (x // (-1))), copy_list))
  23:     heap = Heap()
  24:     heap.build(copy_list)
  25:     sorted_list = [heap.delete_min() for i in range(heap.size())]
  26:     if sort == 'max':
--------------------------------------------------------------------------------
[0.09256 s] incompetent

TypeError: heapsort:22: TypeError: unsupported operand type(s) for //: 'str' and 'int'

   - [#  15] AOR heapsort: 
--------------------------------------------------------------------------------
  18: 
  19: def custom_heap_sort(lst: list, sort='min'):
  20:     copy_list = deepcopy(lst)
  21:     if sort == 'max':
- 22:         copy_list = list(map((lambda x: (x * (-1))), copy_list))
+ 22:         copy_list = list(map((lambda x: (x ** (-1))), copy_list))
  23:     heap = Heap()
  24:     heap.build(copy_list)
  25:     sorted_list = [heap.delete_min() for i in range(heap.size())]
  26:     if sort == 'max':
--------------------------------------------------------------------------------
[0.09210 s] incompetent

TypeError: heapsort:22: TypeError: unsupported operand type(s) for ** or pow(): 'str' and 'int'

   - [#  16] AOR heapsort: 
--------------------------------------------------------------------------------
  18: 
  19: def custom_heap_sort(lst: list, sort='min'):
  20:     copy_list = deepcopy(lst)
  21:     if sort == 'max':
- 22:         copy_list = list(map((lambda x: (x * (-1))), copy_list))
+ 22:         copy_list = list(map((lambda x: (x * (+1))), copy_list))
  23:     heap = Heap()
  24:     heap.build(copy_list)
  25:     sorted_list = [heap.delete_min() for i in range(heap.size())]
  26:     if sort == 'max':
--------------------------------------------------------------------------------
[0.07653 s] survived
   - [#  17] AOR heapsort: 
--------------------------------------------------------------------------------
  23:     heap = Heap()
  24:     heap.build(copy_list)
  25:     sorted_list = [heap.delete_min() for i in range(heap.size())]
  26:     if sort == 'max':
- 27:         sorted_list = list(map((lambda x: (x * (-1))), sorted_list))
+ 27:         sorted_list = list(map((lambda x: (x / (-1))), sorted_list))
  28:     return sorted_list
--------------------------------------------------------------------------------
[0.09252 s] incompetent

TypeError: heapsort:27: TypeError: unsupported operand type(s) for /: 'str' and 'int'

   - [#  18] AOR heapsort: 
--------------------------------------------------------------------------------
  23:     heap = Heap()
  24:     heap.build(copy_list)
  25:     sorted_list = [heap.delete_min() for i in range(heap.size())]
  26:     if sort == 'max':
- 27:         sorted_list = list(map((lambda x: (x * (-1))), sorted_list))
+ 27:         sorted_list = list(map((lambda x: (x // (-1))), sorted_list))
  28:     return sorted_list
--------------------------------------------------------------------------------
[0.09183 s] incompetent

TypeError: heapsort:27: TypeError: unsupported operand type(s) for //: 'str' and 'int'

   - [#  19] AOR heapsort: 
--------------------------------------------------------------------------------
  23:     heap = Heap()
  24:     heap.build(copy_list)
  25:     sorted_list = [heap.delete_min() for i in range(heap.size())]
  26:     if sort == 'max':
- 27:         sorted_list = list(map((lambda x: (x * (-1))), sorted_list))
+ 27:         sorted_list = list(map((lambda x: (x ** (-1))), sorted_list))
  28:     return sorted_list
--------------------------------------------------------------------------------
[0.09356 s] incompetent

TypeError: heapsort:27: TypeError: unsupported operand type(s) for ** or pow(): 'str' and 'int'

   - [#  20] AOR heapsort: 
--------------------------------------------------------------------------------
  23:     heap = Heap()
  24:     heap.build(copy_list)
  25:     sorted_list = [heap.delete_min() for i in range(heap.size())]
  26:     if sort == 'max':
- 27:         sorted_list = list(map((lambda x: (x * (-1))), sorted_list))
+ 27:         sorted_list = list(map((lambda x: (x * (+1))), sorted_list))
  28:     return sorted_list
--------------------------------------------------------------------------------
[0.07597 s] survived
   - [#  21] COI heapsort: 
--------------------------------------------------------------------------------
  17:     return copy_list
  18: 
  19: def custom_heap_sort(lst: list, sort='min'):
  20:     copy_list = deepcopy(lst)
- 21:     if sort == 'max':
+ 21:     if not (sort == 'max'):
  22:         copy_list = list(map((lambda x: (x * (-1))), copy_list))
  23:     heap = Heap()
  24:     heap.build(copy_list)
  25:     sorted_list = [heap.delete_min() for i in range(heap.size())]
--------------------------------------------------------------------------------
[0.07803 s] survived
   - [#  22] COI heapsort: 
--------------------------------------------------------------------------------
  22:         copy_list = list(map((lambda x: (x * (-1))), copy_list))
  23:     heap = Heap()
  24:     heap.build(copy_list)
  25:     sorted_list = [heap.delete_min() for i in range(heap.size())]
- 26:     if sort == 'max':
+ 26:     if not (sort == 'max'):
  27:         sorted_list = list(map((lambda x: (x * (-1))), sorted_list))
  28:     return sorted_list
--------------------------------------------------------------------------------
[0.07614 s] survived
   - [#  23] ROR heapsort: 
--------------------------------------------------------------------------------
  17:     return copy_list
  18: 
  19: def custom_heap_sort(lst: list, sort='min'):
  20:     copy_list = deepcopy(lst)
- 21:     if sort == 'max':
+ 21:     if sort != 'max':
  22:         copy_list = list(map((lambda x: (x * (-1))), copy_list))
  23:     heap = Heap()
  24:     heap.build(copy_list)
  25:     sorted_list = [heap.delete_min() for i in range(heap.size())]
--------------------------------------------------------------------------------
[0.09107 s] survived
   - [#  24] ROR heapsort: 
--------------------------------------------------------------------------------
  22:         copy_list = list(map((lambda x: (x * (-1))), copy_list))
  23:     heap = Heap()
  24:     heap.build(copy_list)
  25:     sorted_list = [heap.delete_min() for i in range(heap.size())]
- 26:     if sort == 'max':
+ 26:     if sort != 'max':
  27:         sorted_list = list(map((lambda x: (x * (-1))), sorted_list))
  28:     return sorted_list
--------------------------------------------------------------------------------
[0.09775 s] survived
   - [#  25] SDL heapsort: 
--------------------------------------------------------------------------------
   2: from heapq import heapify, heappop
   3: from heap import Heap
   4: 
   5: def heap_sort(lst: list):
-  6:     copy_list = deepcopy(lst)
+  6:     pass
   7:     heapify(copy_list)
   8:     return [heappop(copy_list) for i in range(len(copy_list))]
   9: 
  10: def max_heap_sort(lst: list):
--------------------------------------------------------------------------------
[0.08035 s] killed by ALL-SMART/test_heapsort_DYNAMOSA.py::test_case_0

def test_case_0():
        bool_0 = False
        list_0 = [bool_0, bool_0]
>       var_0 = module_0.heap_sort(list_0)

ALL-SMART/test_heapsort_DYNAMOSA.py:8: 
_ _ _ _ _ _ _ _ _ _ _ _ _ _ _ _ _ _ _ _ _ _ _ _ _ _ _ _ _ _ _ _ _ _ _ _ _ _ _ _ 

lst = [False, False]

>   ???
E   NameError: name 'copy_list' is not defined

heapsort:7: NameError
   - [#  26] SDL heapsort: 
--------------------------------------------------------------------------------
   3: from heap import Heap
   4: 
   5: def heap_sort(lst: list):
   6:     copy_list = deepcopy(lst)
-  7:     heapify(copy_list)
+  7:     pass
   8:     return [heappop(copy_list) for i in range(len(copy_list))]
   9: 
  10: def max_heap_sort(lst: list):
  11:     copy_list = deepcopy(lst)
--------------------------------------------------------------------------------
[0.07750 s] survived
   - [#  27] SDL heapsort: 
--------------------------------------------------------------------------------
   4: 
   5: def heap_sort(lst: list):
   6:     copy_list = deepcopy(lst)
   7:     heapify(copy_list)
-  8:     return [heappop(copy_list) for i in range(len(copy_list))]
+  8:     pass
   9: 
  10: def max_heap_sort(lst: list):
  11:     copy_list = deepcopy(lst)
  12:     
--------------------------------------------------------------------------------
[0.09101 s] incompetent

TypeError: /home/lucca/teste/python_experiments2/heapsort/./heap.py:53: TypeError: object of type 'NoneType' has no len()

   - [#  28] SDL heapsort: 
--------------------------------------------------------------------------------
   7:     heapify(copy_list)
   8:     return [heappop(copy_list) for i in range(len(copy_list))]
   9: 
  10: def max_heap_sort(lst: list):
- 11:     copy_list = deepcopy(lst)
+ 11:     pass
  12:     
  13:     copy_list = list(map((lambda x: (x * (-1))), copy_list))
  14:     heapify(copy_list)
  15:     copy_list = [heappop(copy_list) for i in range(len(copy_list))]
--------------------------------------------------------------------------------
[0.08126 s] killed by ALL-SMART/test_heapsort_DYNAMOSA.py::test_case_2

def test_case_2():
        bool_0 = True
        list_0 = [bool_0]
>       var_0 = module_0.max_heap_sort(list_0)

ALL-SMART/test_heapsort_DYNAMOSA.py:17: 
_ _ _ _ _ _ _ _ _ _ _ _ _ _ _ _ _ _ _ _ _ _ _ _ _ _ _ _ _ _ _ _ _ _ _ _ _ _ _ _ 

lst = [True]

>   ???
E   UnboundLocalError: local variable 'copy_list' referenced before assignment

heapsort:13: UnboundLocalError
   - [#  29] SDL heapsort: 
--------------------------------------------------------------------------------
   9: 
  10: def max_heap_sort(lst: list):
  11:     copy_list = deepcopy(lst)
  12:     
- 13:     copy_list = list(map((lambda x: (x * (-1))), copy_list))
+ 13:     pass
  14:     heapify(copy_list)
  15:     copy_list = [heappop(copy_list) for i in range(len(copy_list))]
  16:     copy_list = list(map((lambda x: (x * (-1))), copy_list))
  17:     return copy_list
--------------------------------------------------------------------------------
[0.10062 s] incompetent

TypeError: heapsort:14: TypeError: heapify() argument must be list, not bytes

   - [#  30] SDL heapsort: 
--------------------------------------------------------------------------------
  10: def max_heap_sort(lst: list):
  11:     copy_list = deepcopy(lst)
  12:     
  13:     copy_list = list(map((lambda x: (x * (-1))), copy_list))
- 14:     heapify(copy_list)
+ 14:     pass
  15:     copy_list = [heappop(copy_list) for i in range(len(copy_list))]
  16:     copy_list = list(map((lambda x: (x * (-1))), copy_list))
  17:     return copy_list
  18: 
--------------------------------------------------------------------------------
[0.07645 s] survived
   - [#  31] SDL heapsort: 
--------------------------------------------------------------------------------
  11:     copy_list = deepcopy(lst)
  12:     
  13:     copy_list = list(map((lambda x: (x * (-1))), copy_list))
  14:     heapify(copy_list)
- 15:     copy_list = [heappop(copy_list) for i in range(len(copy_list))]
+ 15:     pass
  16:     copy_list = list(map((lambda x: (x * (-1))), copy_list))
  17:     return copy_list
  18: 
  19: def custom_heap_sort(lst: list, sort='min'):
--------------------------------------------------------------------------------
[0.07729 s] survived
   - [#  32] SDL heapsort: 
--------------------------------------------------------------------------------
  12:     
  13:     copy_list = list(map((lambda x: (x * (-1))), copy_list))
  14:     heapify(copy_list)
  15:     copy_list = [heappop(copy_list) for i in range(len(copy_list))]
- 16:     copy_list = list(map((lambda x: (x * (-1))), copy_list))
+ 16:     pass
  17:     return copy_list
  18: 
  19: def custom_heap_sort(lst: list, sort='min'):
  20:     copy_list = deepcopy(lst)
--------------------------------------------------------------------------------
[0.07642 s] survived
   - [#  33] SDL heapsort: 
--------------------------------------------------------------------------------
  13:     copy_list = list(map((lambda x: (x * (-1))), copy_list))
  14:     heapify(copy_list)
  15:     copy_list = [heappop(copy_list) for i in range(len(copy_list))]
  16:     copy_list = list(map((lambda x: (x * (-1))), copy_list))
- 17:     return copy_list
+ 17:     pass
  18: 
  19: def custom_heap_sort(lst: list, sort='min'):
  20:     copy_list = deepcopy(lst)
  21:     if sort == 'max':
--------------------------------------------------------------------------------
[0.09530 s] incompetent

TypeError: heapsort:7: TypeError: heapify() argument must be list, not None

   - [#  34] SDL heapsort: 
--------------------------------------------------------------------------------
  16:     copy_list = list(map((lambda x: (x * (-1))), copy_list))
  17:     return copy_list
  18: 
  19: def custom_heap_sort(lst: list, sort='min'):
- 20:     copy_list = deepcopy(lst)
+ 20:     pass
  21:     if sort == 'max':
  22:         copy_list = list(map((lambda x: (x * (-1))), copy_list))
  23:     heap = Heap()
  24:     heap.build(copy_list)
--------------------------------------------------------------------------------
[0.08431 s] killed by ALL-SMART/test_heapsort_DYNAMOSA.py::test_case_4

def test_case_4():
        list_0 = []
>       var_0 = module_0.custom_heap_sort(list_0)

ALL-SMART/test_heapsort_DYNAMOSA.py:26: 
_ _ _ _ _ _ _ _ _ _ _ _ _ _ _ _ _ _ _ _ _ _ _ _ _ _ _ _ _ _ _ _ _ _ _ _ _ _ _ _ 

lst = [], sort = 'min'

>   ???
E   UnboundLocalError: local variable 'copy_list' referenced before assignment

heapsort:24: UnboundLocalError
   - [#  35] SDL heapsort: 
--------------------------------------------------------------------------------
  18: 
  19: def custom_heap_sort(lst: list, sort='min'):
  20:     copy_list = deepcopy(lst)
  21:     if sort == 'max':
- 22:         copy_list = list(map((lambda x: (x * (-1))), copy_list))
+ 22:         pass
  23:     heap = Heap()
  24:     heap.build(copy_list)
  25:     sorted_list = [heap.delete_min() for i in range(heap.size())]
  26:     if sort == 'max':
--------------------------------------------------------------------------------
[0.07724 s] survived
   - [#  36] SDL heapsort: 
--------------------------------------------------------------------------------
  19: def custom_heap_sort(lst: list, sort='min'):
  20:     copy_list = deepcopy(lst)
  21:     if sort == 'max':
  22:         copy_list = list(map((lambda x: (x * (-1))), copy_list))
- 23:     heap = Heap()
+ 23:     pass
  24:     heap.build(copy_list)
  25:     sorted_list = [heap.delete_min() for i in range(heap.size())]
  26:     if sort == 'max':
  27:         sorted_list = list(map((lambda x: (x * (-1))), sorted_list))
--------------------------------------------------------------------------------
[0.08283 s] killed by ALL-SMART/test_heapsort_DYNAMOSA.py::test_case_4

def test_case_4():
        list_0 = []
>       var_0 = module_0.custom_heap_sort(list_0)

ALL-SMART/test_heapsort_DYNAMOSA.py:26: 
_ _ _ _ _ _ _ _ _ _ _ _ _ _ _ _ _ _ _ _ _ _ _ _ _ _ _ _ _ _ _ _ _ _ _ _ _ _ _ _ 

lst = [], sort = 'min'

>   ???
E   NameError: name 'heap' is not defined

heapsort:24: NameError
   - [#  37] SDL heapsort: 
--------------------------------------------------------------------------------
  20:     copy_list = deepcopy(lst)
  21:     if sort == 'max':
  22:         copy_list = list(map((lambda x: (x * (-1))), copy_list))
  23:     heap = Heap()
- 24:     heap.build(copy_list)
+ 24:     pass
  25:     sorted_list = [heap.delete_min() for i in range(heap.size())]
  26:     if sort == 'max':
  27:         sorted_list = list(map((lambda x: (x * (-1))), sorted_list))
  28:     return sorted_list
--------------------------------------------------------------------------------
[0.07747 s] survived
   - [#  38] SDL heapsort: 
--------------------------------------------------------------------------------
  21:     if sort == 'max':
  22:         copy_list = list(map((lambda x: (x * (-1))), copy_list))
  23:     heap = Heap()
  24:     heap.build(copy_list)
- 25:     sorted_list = [heap.delete_min() for i in range(heap.size())]
+ 25:     pass
  26:     if sort == 'max':
  27:         sorted_list = list(map((lambda x: (x * (-1))), sorted_list))
  28:     return sorted_list
--------------------------------------------------------------------------------
[0.08377 s] killed by ALL-SMART/test_heapsort_DYNAMOSA.py::test_case_4

def test_case_4():
        list_0 = []
>       var_0 = module_0.custom_heap_sort(list_0)

ALL-SMART/test_heapsort_DYNAMOSA.py:26: 
_ _ _ _ _ _ _ _ _ _ _ _ _ _ _ _ _ _ _ _ _ _ _ _ _ _ _ _ _ _ _ _ _ _ _ _ _ _ _ _ 

lst = [], sort = 'min'

>   ???
E   UnboundLocalError: local variable 'sorted_list' referenced before assignment

heapsort:28: UnboundLocalError
   - [#  39] SDL heapsort: 
--------------------------------------------------------------------------------
  23:     heap = Heap()
  24:     heap.build(copy_list)
  25:     sorted_list = [heap.delete_min() for i in range(heap.size())]
  26:     if sort == 'max':
- 27:         sorted_list = list(map((lambda x: (x * (-1))), sorted_list))
+ 27:         pass
  28:     return sorted_list
--------------------------------------------------------------------------------
[0.07739 s] survived
   - [#  40] SDL heapsort: 
--------------------------------------------------------------------------------
  24:     heap.build(copy_list)
  25:     sorted_list = [heap.delete_min() for i in range(heap.size())]
  26:     if sort == 'max':
  27:         sorted_list = list(map((lambda x: (x * (-1))), sorted_list))
- 28:     return sorted_list
+ 28:     pass
--------------------------------------------------------------------------------
[0.09595 s] incompetent

TypeError: /home/lucca/teste/python_experiments2/heapsort/./heap.py:53: TypeError: object of type 'NoneType' has no len()

[*] Mutation score [4.58365 s]: 20.8%
   - all: 40
   - killed: 5 (12.5%)
   - survived: 19 (47.5%)
   - incompetent: 16 (40.0%)
   - timeout: 0 (0.0%)
