[*] Start mutation process:
   - targets: depth_first_search.py
   - tests: ./ALL-SMART
[*] 33 tests passed:
   - test_depth_first_search_WHOLE_SUITE [0.05812 s]
   - test_depth_first_search_DYNAMOSA [0.04123 s]
   - test_depth_first_search_MOSA [0.04178 s]
   - test_depth_first_search_MIO [0.05052 s]
[*] Start mutants generation and execution:
   - [#   1] AOR depth_first_search: 
--------------------------------------------------------------------------------
  28:     
  29:     while stack:
  30:         current = stack.pop()
  31:         
- 32:         for coor in [(current[0], current[1] - 1), (current[0] - 1, current[1]), (current[0] + 1, current[1]), (current[0], current[1] + 1)]:
+ 32:         for coor in [(current[0], current[1] + 1), (current[0] - 1, current[1]), (current[0] + 1, current[1]), (current[0], current[1] + 1)]:
  33:             if (coor[0] < 0 or coor[0] > width - 1 or coor[1] < 0 or coor[1] > height - 1):
  34:                 continue
  35:             if grid[coor[1]][coor[0]] == target:
  36:                 return coor
--------------------------------------------------------------------------------
[0.07766 s] survived
   - [#   2] AOR depth_first_search: 
--------------------------------------------------------------------------------
  28:     
  29:     while stack:
  30:         current = stack.pop()
  31:         
- 32:         for coor in [(current[0], current[1] - 1), (current[0] - 1, current[1]), (current[0] + 1, current[1]), (current[0], current[1] + 1)]:
+ 32:         for coor in [(current[0], current[1] - 1), (current[0] + 1, current[1]), (current[0] + 1, current[1]), (current[0], current[1] + 1)]:
  33:             if (coor[0] < 0 or coor[0] > width - 1 or coor[1] < 0 or coor[1] > height - 1):
  34:                 continue
  35:             if grid[coor[1]][coor[0]] == target:
  36:                 return coor
--------------------------------------------------------------------------------
[0.07516 s] survived
   - [#   3] AOR depth_first_search: 
--------------------------------------------------------------------------------
  28:     
  29:     while stack:
  30:         current = stack.pop()
  31:         
- 32:         for coor in [(current[0], current[1] - 1), (current[0] - 1, current[1]), (current[0] + 1, current[1]), (current[0], current[1] + 1)]:
+ 32:         for coor in [(current[0], current[1] - 1), (current[0] - 1, current[1]), (current[0] - 1, current[1]), (current[0], current[1] + 1)]:
  33:             if (coor[0] < 0 or coor[0] > width - 1 or coor[1] < 0 or coor[1] > height - 1):
  34:                 continue
  35:             if grid[coor[1]][coor[0]] == target:
  36:                 return coor
--------------------------------------------------------------------------------
[0.07838 s] survived
   - [#   4] AOR depth_first_search: 
--------------------------------------------------------------------------------
  28:     
  29:     while stack:
  30:         current = stack.pop()
  31:         
- 32:         for coor in [(current[0], current[1] - 1), (current[0] - 1, current[1]), (current[0] + 1, current[1]), (current[0], current[1] + 1)]:
+ 32:         for coor in [(current[0], current[1] - 1), (current[0] - 1, current[1]), (current[0] + 1, current[1]), (current[0], current[1] - 1)]:
  33:             if (coor[0] < 0 or coor[0] > width - 1 or coor[1] < 0 or coor[1] > height - 1):
  34:                 continue
  35:             if grid[coor[1]][coor[0]] == target:
  36:                 return coor
--------------------------------------------------------------------------------
[0.09172 s] incompetent

TypeError: depth_first_search:17: TypeError: 'NoneType' object is not subscriptable

   - [#   5] AOR depth_first_search: 
--------------------------------------------------------------------------------
  29:     while stack:
  30:         current = stack.pop()
  31:         
  32:         for coor in [(current[0], current[1] - 1), (current[0] - 1, current[1]), (current[0] + 1, current[1]), (current[0], current[1] + 1)]:
- 33:             if (coor[0] < 0 or coor[0] > width - 1 or coor[1] < 0 or coor[1] > height - 1):
+ 33:             if (coor[0] < 0 or coor[0] > width + 1 or coor[1] < 0 or coor[1] > height - 1):
  34:                 continue
  35:             if grid[coor[1]][coor[0]] == target:
  36:                 return coor
  37:             
--------------------------------------------------------------------------------
[0.09151 s] killed by ALL-SMART/test_depth_first_search_MIO.py::test_case_4

def test_case_4():
        bool_0 = False
        list_0 = [bool_0, bool_0, bool_0, bool_0, bool_0, bool_0, bool_0, bool_0, bool_0, bool_0, bool_0, bool_0]
        list_1 = [list_0, list_0, list_0, list_0, list_0, list_0, list_0]
>       var_0 = module_0.depth_first_search(list_1, list_0, list_1)

ALL-SMART/test_depth_first_search_MIO.py:26: 
_ _ _ _ _ _ _ _ _ _ _ _ _ _ _ _ _ _ _ _ _ _ _ _ _ _ _ _ _ _ _ _ _ _ _ _ _ _ _ _ 

grid = [[False, False, False, False, False, False, ...], [False, False, False, False, False, False, ...], [False, False, Fals...se, False, ...], [False, False, False, False, False, False, ...], [False, False, False, False, False, False, ...], ...]
start = [False, False, False, False, False, False, ...]
target = [[False, False, False, False, False, False, ...], [False, False, False, False, False, False, ...], [False, False, Fals...se, False, ...], [False, False, False, False, False, False, ...], [False, False, False, False, False, False, ...], ...]

>   ???
E   IndexError: list index out of range

depth_first_search:35: IndexError
   - [#   6] AOR depth_first_search: 
--------------------------------------------------------------------------------
  29:     while stack:
  30:         current = stack.pop()
  31:         
  32:         for coor in [(current[0], current[1] - 1), (current[0] - 1, current[1]), (current[0] + 1, current[1]), (current[0], current[1] + 1)]:
- 33:             if (coor[0] < 0 or coor[0] > width - 1 or coor[1] < 0 or coor[1] > height - 1):
+ 33:             if (coor[0] < 0 or coor[0] > width - 1 or coor[1] < 0 or coor[1] > height + 1):
  34:                 continue
  35:             if grid[coor[1]][coor[0]] == target:
  36:                 return coor
  37:             
--------------------------------------------------------------------------------
[0.09029 s] killed by ALL-SMART/test_depth_first_search_MIO.py::test_case_4

def test_case_4():
        bool_0 = False
        list_0 = [bool_0, bool_0, bool_0, bool_0, bool_0, bool_0, bool_0, bool_0, bool_0, bool_0, bool_0, bool_0]
        list_1 = [list_0, list_0, list_0, list_0, list_0, list_0, list_0]
>       var_0 = module_0.depth_first_search(list_1, list_0, list_1)

ALL-SMART/test_depth_first_search_MIO.py:26: 
_ _ _ _ _ _ _ _ _ _ _ _ _ _ _ _ _ _ _ _ _ _ _ _ _ _ _ _ _ _ _ _ _ _ _ _ _ _ _ _ 

grid = [[False, False, False, False, False, False, ...], [False, False, False, False, False, False, ...], [False, False, Fals...se, False, ...], [False, False, False, False, False, False, ...], [False, False, False, False, False, False, ...], ...]
start = [False, False, False, False, False, False, ...]
target = [[False, False, False, False, False, False, ...], [False, False, False, False, False, False, ...], [False, False, Fals...se, False, ...], [False, False, False, False, False, False, ...], [False, False, False, False, False, False, ...], ...]

>   ???
E   IndexError: list index out of range

depth_first_search:35: IndexError
   - [#   7] BCR depth_first_search: 
--------------------------------------------------------------------------------
  30:         current = stack.pop()
  31:         
  32:         for coor in [(current[0], current[1] - 1), (current[0] - 1, current[1]), (current[0] + 1, current[1]), (current[0], current[1] + 1)]:
  33:             if (coor[0] < 0 or coor[0] > width - 1 or coor[1] < 0 or coor[1] > height - 1):
- 34:                 continue
+ 34:                 break
  35:             if grid[coor[1]][coor[0]] == target:
  36:                 return coor
  37:             
  38:             elif coor not in visited:
--------------------------------------------------------------------------------
[0.08618 s] incompetent

TypeError: depth_first_search:17: TypeError: 'NoneType' object is not subscriptable

   - [#   8] COD depth_first_search: 
--------------------------------------------------------------------------------
   9:     Returns:
  10:         Coordinate of the target. Or None if cannot be found. 
  11:     '''
  12:     height = len(grid)
- 13:     if not height:
+ 13:     if height:
  14:         return None
  15:     width = len(grid[0])
  16:     
  17:     x_start = start[0]
--------------------------------------------------------------------------------
[0.09183 s] killed by ALL-SMART/test_depth_first_search_MIO.py::test_case_3

def test_case_3():
        list_0 = []
>       var_0 = module_0.depth_first_search(list_0, list_0, list_0)

ALL-SMART/test_depth_first_search_MIO.py:20: 
_ _ _ _ _ _ _ _ _ _ _ _ _ _ _ _ _ _ _ _ _ _ _ _ _ _ _ _ _ _ _ _ _ _ _ _ _ _ _ _ 

grid = [], start = [], target = []

>   ???
E   IndexError: list index out of range

depth_first_search:15: IndexError
   - [#   9] COD depth_first_search: 
--------------------------------------------------------------------------------
  34:                 continue
  35:             if grid[coor[1]][coor[0]] == target:
  36:                 return coor
  37:             
- 38:             elif coor not in visited:
+ 38:             elif coor in visited:
  39:                 stack.append(coor)
  40:                 visited.add(current)
  41:     return None
--------------------------------------------------------------------------------
[0.09074 s] incompetent

TypeError: depth_first_search:17: TypeError: 'NoneType' object is not subscriptable

   - [#  10] COI depth_first_search: 
--------------------------------------------------------------------------------
   9:     Returns:
  10:         Coordinate of the target. Or None if cannot be found. 
  11:     '''
  12:     height = len(grid)
- 13:     if not height:
+ 13:     if not ((not height)):
  14:         return None
  15:     width = len(grid[0])
  16:     
  17:     x_start = start[0]
--------------------------------------------------------------------------------
[0.09083 s] killed by ALL-SMART/test_depth_first_search_MIO.py::test_case_3

def test_case_3():
        list_0 = []
>       var_0 = module_0.depth_first_search(list_0, list_0, list_0)

ALL-SMART/test_depth_first_search_MIO.py:20: 
_ _ _ _ _ _ _ _ _ _ _ _ _ _ _ _ _ _ _ _ _ _ _ _ _ _ _ _ _ _ _ _ _ _ _ _ _ _ _ _ 

grid = [], start = [], target = []

>   ???
E   IndexError: list index out of range

depth_first_search:15: IndexError
   - [#  11] COI depth_first_search: 
--------------------------------------------------------------------------------
  17:     x_start = start[0]
  18:     y_start = start[1]
  19:     
  20:     
- 21:     if grid[y_start][x_start] == target:
+ 21:     if not (grid[y_start][x_start] == target):
  22:         return (x_start, y_start)
  23:     
  24:     visited = set()
  25:     
--------------------------------------------------------------------------------
[0.07808 s] survived
   - [#  12] COI depth_first_search: 
--------------------------------------------------------------------------------
  25:     
  26:     stack = [(x_start, y_start)]
  27:     visited.add((x_start, y_start))
  28:     
- 29:     while stack:
+ 29:     while not stack:
  30:         current = stack.pop()
  31:         
  32:         for coor in [(current[0], current[1] - 1), (current[0] - 1, current[1]), (current[0] + 1, current[1]), (current[0], current[1] + 1)]:
  33:             if (coor[0] < 0 or coor[0] > width - 1 or coor[1] < 0 or coor[1] > height - 1):
--------------------------------------------------------------------------------
[0.09004 s] incompetent

TypeError: depth_first_search:17: TypeError: 'NoneType' object is not subscriptable

   - [#  13] COI depth_first_search: 
--------------------------------------------------------------------------------
  29:     while stack:
  30:         current = stack.pop()
  31:         
  32:         for coor in [(current[0], current[1] - 1), (current[0] - 1, current[1]), (current[0] + 1, current[1]), (current[0], current[1] + 1)]:
- 33:             if (coor[0] < 0 or coor[0] > width - 1 or coor[1] < 0 or coor[1] > height - 1):
+ 33:             if not ((coor[0] < 0 or coor[0] > width - 1 or coor[1] < 0 or coor[1] > height - 1)):
  34:                 continue
  35:             if grid[coor[1]][coor[0]] == target:
  36:                 return coor
  37:             
--------------------------------------------------------------------------------
[0.09171 s] killed by ALL-SMART/test_depth_first_search_MIO.py::test_case_4

def test_case_4():
        bool_0 = False
        list_0 = [bool_0, bool_0, bool_0, bool_0, bool_0, bool_0, bool_0, bool_0, bool_0, bool_0, bool_0, bool_0]
        list_1 = [list_0, list_0, list_0, list_0, list_0, list_0, list_0]
>       var_0 = module_0.depth_first_search(list_1, list_0, list_1)

ALL-SMART/test_depth_first_search_MIO.py:26: 
_ _ _ _ _ _ _ _ _ _ _ _ _ _ _ _ _ _ _ _ _ _ _ _ _ _ _ _ _ _ _ _ _ _ _ _ _ _ _ _ 

grid = [[False, False, False, False, False, False, ...], [False, False, False, False, False, False, ...], [False, False, Fals...se, False, ...], [False, False, False, False, False, False, ...], [False, False, False, False, False, False, ...], ...]
start = [False, False, False, False, False, False, ...]
target = [[False, False, False, False, False, False, ...], [False, False, False, False, False, False, ...], [False, False, Fals...se, False, ...], [False, False, False, False, False, False, ...], [False, False, False, False, False, False, ...], ...]

>   ???
E   IndexError: list index out of range

depth_first_search:35: IndexError
   - [#  14] COI depth_first_search: 
--------------------------------------------------------------------------------
  31:         
  32:         for coor in [(current[0], current[1] - 1), (current[0] - 1, current[1]), (current[0] + 1, current[1]), (current[0], current[1] + 1)]:
  33:             if (coor[0] < 0 or coor[0] > width - 1 or coor[1] < 0 or coor[1] > height - 1):
  34:                 continue
- 35:             if grid[coor[1]][coor[0]] == target:
+ 35:             if not (grid[coor[1]][coor[0]] == target):
  36:                 return coor
  37:             
  38:             elif coor not in visited:
  39:                 stack.append(coor)
--------------------------------------------------------------------------------
[0.07763 s] survived
   - [#  15] COI depth_first_search: 
--------------------------------------------------------------------------------
  34:                 continue
  35:             if grid[coor[1]][coor[0]] == target:
  36:                 return coor
  37:             
- 38:             elif coor not in visited:
+ 38:             elif not (coor not in visited):
  39:                 stack.append(coor)
  40:                 visited.add(current)
  41:     return None
--------------------------------------------------------------------------------
[0.08914 s] incompetent

TypeError: depth_first_search:17: TypeError: 'NoneType' object is not subscriptable

   - [#  16] LCR depth_first_search: 
--------------------------------------------------------------------------------
  29:     while stack:
  30:         current = stack.pop()
  31:         
  32:         for coor in [(current[0], current[1] - 1), (current[0] - 1, current[1]), (current[0] + 1, current[1]), (current[0], current[1] + 1)]:
- 33:             if (coor[0] < 0 or coor[0] > width - 1 or coor[1] < 0 or coor[1] > height - 1):
+ 33:             if (coor[0] < 0 and coor[0] > width - 1 and coor[1] < 0 and coor[1] > height - 1):
  34:                 continue
  35:             if grid[coor[1]][coor[0]] == target:
  36:                 return coor
  37:             
--------------------------------------------------------------------------------
[0.09279 s] killed by ALL-SMART/test_depth_first_search_MIO.py::test_case_4

def test_case_4():
        bool_0 = False
        list_0 = [bool_0, bool_0, bool_0, bool_0, bool_0, bool_0, bool_0, bool_0, bool_0, bool_0, bool_0, bool_0]
        list_1 = [list_0, list_0, list_0, list_0, list_0, list_0, list_0]
>       var_0 = module_0.depth_first_search(list_1, list_0, list_1)

ALL-SMART/test_depth_first_search_MIO.py:26: 
_ _ _ _ _ _ _ _ _ _ _ _ _ _ _ _ _ _ _ _ _ _ _ _ _ _ _ _ _ _ _ _ _ _ _ _ _ _ _ _ 

grid = [[False, False, False, False, False, False, ...], [False, False, False, False, False, False, ...], [False, False, Fals...se, False, ...], [False, False, False, False, False, False, ...], [False, False, False, False, False, False, ...], ...]
start = [False, False, False, False, False, False, ...]
target = [[False, False, False, False, False, False, ...], [False, False, False, False, False, False, ...], [False, False, Fals...se, False, ...], [False, False, False, False, False, False, ...], [False, False, False, False, False, False, ...], ...]

>   ???
E   IndexError: list index out of range

depth_first_search:35: IndexError
   - [#  17] OIL depth_first_search: 
--------------------------------------------------------------------------------
  36:                 return coor
  37:             
  38:             elif coor not in visited:
  39:                 stack.append(coor)
- 40:                 visited.add(current)
+ 40:                 visited.add(current)break
  41:     return None
--------------------------------------------------------------------------------
[0.09154 s] incompetent

TypeError: depth_first_search:17: TypeError: 'NoneType' object is not subscriptable

   - [#  18] OIL depth_first_search: 
--------------------------------------------------------------------------------
  36:                 return coor
  37:             
  38:             elif coor not in visited:
  39:                 stack.append(coor)
- 40:                 visited.add(current)
+ 40:                 visited.add(current)break
  41:     return None
--------------------------------------------------------------------------------
[0.09019 s] incompetent

TypeError: depth_first_search:17: TypeError: 'NoneType' object is not subscriptable

   - [#  19] RIL depth_first_search: 
--------------------------------------------------------------------------------
  28:     
  29:     while stack:
  30:         current = stack.pop()
  31:         
- 32:         for coor in [(current[0], current[1] - 1), (current[0] - 1, current[1]), (current[0] + 1, current[1]), (current[0], current[1] + 1)]:
+ 32:         for coor in reversed([(current[0], current[1] - 1), (current[0] - 1, current[1]), (current[0] + 1, current[1]), (current[0], current[1] + 1)]):
  33:             if (coor[0] < 0 or coor[0] > width - 1 or coor[1] < 0 or coor[1] > height - 1):
  34:                 continue
  35:             if grid[coor[1]][coor[0]] == target:
  36:                 return coor
--------------------------------------------------------------------------------
[0.09585 s] survived
   - [#  20] ROR depth_first_search: 
--------------------------------------------------------------------------------
  17:     x_start = start[0]
  18:     y_start = start[1]
  19:     
  20:     
- 21:     if grid[y_start][x_start] == target:
+ 21:     if grid[y_start][x_start] != target:
  22:         return (x_start, y_start)
  23:     
  24:     visited = set()
  25:     
--------------------------------------------------------------------------------
[0.07863 s] survived
   - [#  21] ROR depth_first_search: 
--------------------------------------------------------------------------------
  29:     while stack:
  30:         current = stack.pop()
  31:         
  32:         for coor in [(current[0], current[1] - 1), (current[0] - 1, current[1]), (current[0] + 1, current[1]), (current[0], current[1] + 1)]:
- 33:             if (coor[0] < 0 or coor[0] > width - 1 or coor[1] < 0 or coor[1] > height - 1):
+ 33:             if (coor[0] > 0 or coor[0] > width - 1 or coor[1] < 0 or coor[1] > height - 1):
  34:                 continue
  35:             if grid[coor[1]][coor[0]] == target:
  36:                 return coor
  37:             
--------------------------------------------------------------------------------
[0.09240 s] killed by ALL-SMART/test_depth_first_search_MIO.py::test_case_4

def test_case_4():
        bool_0 = False
        list_0 = [bool_0, bool_0, bool_0, bool_0, bool_0, bool_0, bool_0, bool_0, bool_0, bool_0, bool_0, bool_0]
        list_1 = [list_0, list_0, list_0, list_0, list_0, list_0, list_0]
>       var_0 = module_0.depth_first_search(list_1, list_0, list_1)

ALL-SMART/test_depth_first_search_MIO.py:26: 
_ _ _ _ _ _ _ _ _ _ _ _ _ _ _ _ _ _ _ _ _ _ _ _ _ _ _ _ _ _ _ _ _ _ _ _ _ _ _ _ 

grid = [[False, False, False, False, False, False, ...], [False, False, False, False, False, False, ...], [False, False, Fals...se, False, ...], [False, False, False, False, False, False, ...], [False, False, False, False, False, False, ...], ...]
start = [False, False, False, False, False, False, ...]
target = [[False, False, False, False, False, False, ...], [False, False, False, False, False, False, ...], [False, False, Fals...se, False, ...], [False, False, False, False, False, False, ...], [False, False, False, False, False, False, ...], ...]

>   ???
E   IndexError: list index out of range

depth_first_search:35: IndexError
   - [#  22] ROR depth_first_search: 
--------------------------------------------------------------------------------
  29:     while stack:
  30:         current = stack.pop()
  31:         
  32:         for coor in [(current[0], current[1] - 1), (current[0] - 1, current[1]), (current[0] + 1, current[1]), (current[0], current[1] + 1)]:
- 33:             if (coor[0] < 0 or coor[0] > width - 1 or coor[1] < 0 or coor[1] > height - 1):
+ 33:             if (coor[0] <= 0 or coor[0] > width - 1 or coor[1] < 0 or coor[1] > height - 1):
  34:                 continue
  35:             if grid[coor[1]][coor[0]] == target:
  36:                 return coor
  37:             
--------------------------------------------------------------------------------
[0.09118 s] incompetent

TypeError: depth_first_search:17: TypeError: 'NoneType' object is not subscriptable

   - [#  23] ROR depth_first_search: 
--------------------------------------------------------------------------------
  29:     while stack:
  30:         current = stack.pop()
  31:         
  32:         for coor in [(current[0], current[1] - 1), (current[0] - 1, current[1]), (current[0] + 1, current[1]), (current[0], current[1] + 1)]:
- 33:             if (coor[0] < 0 or coor[0] > width - 1 or coor[1] < 0 or coor[1] > height - 1):
+ 33:             if (coor[0] < 0 or coor[0] < width - 1 or coor[1] < 0 or coor[1] > height - 1):
  34:                 continue
  35:             if grid[coor[1]][coor[0]] == target:
  36:                 return coor
  37:             
--------------------------------------------------------------------------------
[0.08719 s] killed by ALL-SMART/test_depth_first_search_MIO.py::test_case_6

def test_case_6():
        bool_0 = False
        list_0 = [bool_0, bool_0, bool_0]
        str_0 = 'R'
        str_1 = 'Mbb[Q3B#R=_1S0VkW'
>       var_0 = module_0.depth_first_search(str_1, list_0, str_0)

ALL-SMART/test_depth_first_search_MIO.py:39: 
_ _ _ _ _ _ _ _ _ _ _ _ _ _ _ _ _ _ _ _ _ _ _ _ _ _ _ _ _ _ _ _ _ _ _ _ _ _ _ _ 

grid = 'Mbb[Q3B#R=_1S0VkW', start = [False, False, False], target = 'R'

>   ???
E   IndexError: string index out of range

depth_first_search:35: IndexError
   - [#  24] ROR depth_first_search: 
--------------------------------------------------------------------------------
  29:     while stack:
  30:         current = stack.pop()
  31:         
  32:         for coor in [(current[0], current[1] - 1), (current[0] - 1, current[1]), (current[0] + 1, current[1]), (current[0], current[1] + 1)]:
- 33:             if (coor[0] < 0 or coor[0] > width - 1 or coor[1] < 0 or coor[1] > height - 1):
+ 33:             if (coor[0] < 0 or coor[0] >= width - 1 or coor[1] < 0 or coor[1] > height - 1):
  34:                 continue
  35:             if grid[coor[1]][coor[0]] == target:
  36:                 return coor
  37:             
--------------------------------------------------------------------------------
[0.08788 s] incompetent

TypeError: depth_first_search:17: TypeError: 'NoneType' object is not subscriptable

   - [#  25] ROR depth_first_search: 
--------------------------------------------------------------------------------
  29:     while stack:
  30:         current = stack.pop()
  31:         
  32:         for coor in [(current[0], current[1] - 1), (current[0] - 1, current[1]), (current[0] + 1, current[1]), (current[0], current[1] + 1)]:
- 33:             if (coor[0] < 0 or coor[0] > width - 1 or coor[1] < 0 or coor[1] > height - 1):
+ 33:             if (coor[0] < 0 or coor[0] > width - 1 or coor[1] > 0 or coor[1] > height - 1):
  34:                 continue
  35:             if grid[coor[1]][coor[0]] == target:
  36:                 return coor
  37:             
--------------------------------------------------------------------------------
[0.09445 s] killed by ALL-SMART/test_depth_first_search_MIO.py::test_case_4

def test_case_4():
        bool_0 = False
        list_0 = [bool_0, bool_0, bool_0, bool_0, bool_0, bool_0, bool_0, bool_0, bool_0, bool_0, bool_0, bool_0]
        list_1 = [list_0, list_0, list_0, list_0, list_0, list_0, list_0]
>       var_0 = module_0.depth_first_search(list_1, list_0, list_1)

ALL-SMART/test_depth_first_search_MIO.py:26: 
_ _ _ _ _ _ _ _ _ _ _ _ _ _ _ _ _ _ _ _ _ _ _ _ _ _ _ _ _ _ _ _ _ _ _ _ _ _ _ _ 

grid = [[False, False, False, False, False, False, ...], [False, False, False, False, False, False, ...], [False, False, Fals...se, False, ...], [False, False, False, False, False, False, ...], [False, False, False, False, False, False, ...], ...]
start = [False, False, False, False, False, False, ...]
target = [[False, False, False, False, False, False, ...], [False, False, False, False, False, False, ...], [False, False, Fals...se, False, ...], [False, False, False, False, False, False, ...], [False, False, False, False, False, False, ...], ...]

>   ???
E   IndexError: list index out of range

depth_first_search:35: IndexError
   - [#  26] ROR depth_first_search: 
--------------------------------------------------------------------------------
  29:     while stack:
  30:         current = stack.pop()
  31:         
  32:         for coor in [(current[0], current[1] - 1), (current[0] - 1, current[1]), (current[0] + 1, current[1]), (current[0], current[1] + 1)]:
- 33:             if (coor[0] < 0 or coor[0] > width - 1 or coor[1] < 0 or coor[1] > height - 1):
+ 33:             if (coor[0] < 0 or coor[0] > width - 1 or coor[1] <= 0 or coor[1] > height - 1):
  34:                 continue
  35:             if grid[coor[1]][coor[0]] == target:
  36:                 return coor
  37:             
--------------------------------------------------------------------------------
[0.07764 s] survived
   - [#  27] ROR depth_first_search: 
--------------------------------------------------------------------------------
  29:     while stack:
  30:         current = stack.pop()
  31:         
  32:         for coor in [(current[0], current[1] - 1), (current[0] - 1, current[1]), (current[0] + 1, current[1]), (current[0], current[1] + 1)]:
- 33:             if (coor[0] < 0 or coor[0] > width - 1 or coor[1] < 0 or coor[1] > height - 1):
+ 33:             if (coor[0] < 0 or coor[0] > width - 1 or coor[1] < 0 or coor[1] < height - 1):
  34:                 continue
  35:             if grid[coor[1]][coor[0]] == target:
  36:                 return coor
  37:             
--------------------------------------------------------------------------------
[0.08992 s] incompetent

TypeError: depth_first_search:17: TypeError: 'NoneType' object is not subscriptable

   - [#  28] ROR depth_first_search: 
--------------------------------------------------------------------------------
  29:     while stack:
  30:         current = stack.pop()
  31:         
  32:         for coor in [(current[0], current[1] - 1), (current[0] - 1, current[1]), (current[0] + 1, current[1]), (current[0], current[1] + 1)]:
- 33:             if (coor[0] < 0 or coor[0] > width - 1 or coor[1] < 0 or coor[1] > height - 1):
+ 33:             if (coor[0] < 0 or coor[0] > width - 1 or coor[1] < 0 or coor[1] >= height - 1):
  34:                 continue
  35:             if grid[coor[1]][coor[0]] == target:
  36:                 return coor
  37:             
--------------------------------------------------------------------------------
[0.07625 s] survived
   - [#  29] ROR depth_first_search: 
--------------------------------------------------------------------------------
  31:         
  32:         for coor in [(current[0], current[1] - 1), (current[0] - 1, current[1]), (current[0] + 1, current[1]), (current[0], current[1] + 1)]:
  33:             if (coor[0] < 0 or coor[0] > width - 1 or coor[1] < 0 or coor[1] > height - 1):
  34:                 continue
- 35:             if grid[coor[1]][coor[0]] == target:
+ 35:             if grid[coor[1]][coor[0]] != target:
  36:                 return coor
  37:             
  38:             elif coor not in visited:
  39:                 stack.append(coor)
--------------------------------------------------------------------------------
[0.07735 s] survived
   - [#  30] SDL depth_first_search: 
--------------------------------------------------------------------------------
   8:         target: the target value to find in the grid
   9:     Returns:
  10:         Coordinate of the target. Or None if cannot be found. 
  11:     '''
- 12:     height = len(grid)
+ 12:     pass
  13:     if not height:
  14:         return None
  15:     width = len(grid[0])
  16:     
--------------------------------------------------------------------------------
[0.09026 s] killed by ALL-SMART/test_depth_first_search_MIO.py::test_case_3

def test_case_3():
        list_0 = []
>       var_0 = module_0.depth_first_search(list_0, list_0, list_0)

ALL-SMART/test_depth_first_search_MIO.py:20: 
_ _ _ _ _ _ _ _ _ _ _ _ _ _ _ _ _ _ _ _ _ _ _ _ _ _ _ _ _ _ _ _ _ _ _ _ _ _ _ _ 

grid = [], start = [], target = []

>   ???
E   NameError: name 'height' is not defined

depth_first_search:13: NameError
   - [#  31] SDL depth_first_search: 
--------------------------------------------------------------------------------
  10:         Coordinate of the target. Or None if cannot be found. 
  11:     '''
  12:     height = len(grid)
  13:     if not height:
- 14:         return None
+ 14:         pass
  15:     width = len(grid[0])
  16:     
  17:     x_start = start[0]
  18:     y_start = start[1]
--------------------------------------------------------------------------------
[0.08828 s] killed by ALL-SMART/test_depth_first_search_MIO.py::test_case_3

def test_case_3():
        list_0 = []
>       var_0 = module_0.depth_first_search(list_0, list_0, list_0)

ALL-SMART/test_depth_first_search_MIO.py:20: 
_ _ _ _ _ _ _ _ _ _ _ _ _ _ _ _ _ _ _ _ _ _ _ _ _ _ _ _ _ _ _ _ _ _ _ _ _ _ _ _ 

grid = [], start = [], target = []

>   ???
E   IndexError: list index out of range

depth_first_search:15: IndexError
   - [#  32] SDL depth_first_search: 
--------------------------------------------------------------------------------
  11:     '''
  12:     height = len(grid)
  13:     if not height:
  14:         return None
- 15:     width = len(grid[0])
+ 15:     pass
  16:     
  17:     x_start = start[0]
  18:     y_start = start[1]
  19:     
--------------------------------------------------------------------------------
[0.09118 s] killed by ALL-SMART/test_depth_first_search_MIO.py::test_case_4

def test_case_4():
        bool_0 = False
        list_0 = [bool_0, bool_0, bool_0, bool_0, bool_0, bool_0, bool_0, bool_0, bool_0, bool_0, bool_0, bool_0]
        list_1 = [list_0, list_0, list_0, list_0, list_0, list_0, list_0]
>       var_0 = module_0.depth_first_search(list_1, list_0, list_1)

ALL-SMART/test_depth_first_search_MIO.py:26: 
_ _ _ _ _ _ _ _ _ _ _ _ _ _ _ _ _ _ _ _ _ _ _ _ _ _ _ _ _ _ _ _ _ _ _ _ _ _ _ _ 

grid = [[False, False, False, False, False, False, ...], [False, False, False, False, False, False, ...], [False, False, Fals...se, False, ...], [False, False, False, False, False, False, ...], [False, False, False, False, False, False, ...], ...]
start = [False, False, False, False, False, False, ...]
target = [[False, False, False, False, False, False, ...], [False, False, False, False, False, False, ...], [False, False, Fals...se, False, ...], [False, False, False, False, False, False, ...], [False, False, False, False, False, False, ...], ...]

>   ???
E   NameError: name 'width' is not defined

depth_first_search:33: NameError
   - [#  33] SDL depth_first_search: 
--------------------------------------------------------------------------------
  13:     if not height:
  14:         return None
  15:     width = len(grid[0])
  16:     
- 17:     x_start = start[0]
+ 17:     pass
  18:     y_start = start[1]
  19:     
  20:     
  21:     if grid[y_start][x_start] == target:
--------------------------------------------------------------------------------
[0.08957 s] killed by ALL-SMART/test_depth_first_search_MIO.py::test_case_4

def test_case_4():
        bool_0 = False
        list_0 = [bool_0, bool_0, bool_0, bool_0, bool_0, bool_0, bool_0, bool_0, bool_0, bool_0, bool_0, bool_0]
        list_1 = [list_0, list_0, list_0, list_0, list_0, list_0, list_0]
>       var_0 = module_0.depth_first_search(list_1, list_0, list_1)

ALL-SMART/test_depth_first_search_MIO.py:26: 
_ _ _ _ _ _ _ _ _ _ _ _ _ _ _ _ _ _ _ _ _ _ _ _ _ _ _ _ _ _ _ _ _ _ _ _ _ _ _ _ 

grid = [[False, False, False, False, False, False, ...], [False, False, False, False, False, False, ...], [False, False, Fals...se, False, ...], [False, False, False, False, False, False, ...], [False, False, False, False, False, False, ...], ...]
start = [False, False, False, False, False, False, ...]
target = [[False, False, False, False, False, False, ...], [False, False, False, False, False, False, ...], [False, False, Fals...se, False, ...], [False, False, False, False, False, False, ...], [False, False, False, False, False, False, ...], ...]

>   ???
E   NameError: name 'x_start' is not defined

depth_first_search:21: NameError
   - [#  34] SDL depth_first_search: 
--------------------------------------------------------------------------------
  14:         return None
  15:     width = len(grid[0])
  16:     
  17:     x_start = start[0]
- 18:     y_start = start[1]
+ 18:     pass
  19:     
  20:     
  21:     if grid[y_start][x_start] == target:
  22:         return (x_start, y_start)
--------------------------------------------------------------------------------
[0.09308 s] killed by ALL-SMART/test_depth_first_search_MIO.py::test_case_4

def test_case_4():
        bool_0 = False
        list_0 = [bool_0, bool_0, bool_0, bool_0, bool_0, bool_0, bool_0, bool_0, bool_0, bool_0, bool_0, bool_0]
        list_1 = [list_0, list_0, list_0, list_0, list_0, list_0, list_0]
>       var_0 = module_0.depth_first_search(list_1, list_0, list_1)

ALL-SMART/test_depth_first_search_MIO.py:26: 
_ _ _ _ _ _ _ _ _ _ _ _ _ _ _ _ _ _ _ _ _ _ _ _ _ _ _ _ _ _ _ _ _ _ _ _ _ _ _ _ 

grid = [[False, False, False, False, False, False, ...], [False, False, False, False, False, False, ...], [False, False, Fals...se, False, ...], [False, False, False, False, False, False, ...], [False, False, False, False, False, False, ...], ...]
start = [False, False, False, False, False, False, ...]
target = [[False, False, False, False, False, False, ...], [False, False, False, False, False, False, ...], [False, False, Fals...se, False, ...], [False, False, False, False, False, False, ...], [False, False, False, False, False, False, ...], ...]

>   ???
E   NameError: name 'y_start' is not defined

depth_first_search:21: NameError
   - [#  35] SDL depth_first_search: 
--------------------------------------------------------------------------------
  18:     y_start = start[1]
  19:     
  20:     
  21:     if grid[y_start][x_start] == target:
- 22:         return (x_start, y_start)
+ 22:         pass
  23:     
  24:     visited = set()
  25:     
  26:     stack = [(x_start, y_start)]
--------------------------------------------------------------------------------
[0.07440 s] survived
   - [#  36] SDL depth_first_search: 
--------------------------------------------------------------------------------
  20:     
  21:     if grid[y_start][x_start] == target:
  22:         return (x_start, y_start)
  23:     
- 24:     visited = set()
+ 24:     pass
  25:     
  26:     stack = [(x_start, y_start)]
  27:     visited.add((x_start, y_start))
  28:     
--------------------------------------------------------------------------------
[0.09327 s] killed by ALL-SMART/test_depth_first_search_MIO.py::test_case_4

def test_case_4():
        bool_0 = False
        list_0 = [bool_0, bool_0, bool_0, bool_0, bool_0, bool_0, bool_0, bool_0, bool_0, bool_0, bool_0, bool_0]
        list_1 = [list_0, list_0, list_0, list_0, list_0, list_0, list_0]
>       var_0 = module_0.depth_first_search(list_1, list_0, list_1)

ALL-SMART/test_depth_first_search_MIO.py:26: 
_ _ _ _ _ _ _ _ _ _ _ _ _ _ _ _ _ _ _ _ _ _ _ _ _ _ _ _ _ _ _ _ _ _ _ _ _ _ _ _ 

grid = [[False, False, False, False, False, False, ...], [False, False, False, False, False, False, ...], [False, False, Fals...se, False, ...], [False, False, False, False, False, False, ...], [False, False, False, False, False, False, ...], ...]
start = [False, False, False, False, False, False, ...]
target = [[False, False, False, False, False, False, ...], [False, False, False, False, False, False, ...], [False, False, Fals...se, False, ...], [False, False, False, False, False, False, ...], [False, False, False, False, False, False, ...], ...]

>   ???
E   NameError: name 'visited' is not defined

depth_first_search:27: NameError
   - [#  37] SDL depth_first_search: 
--------------------------------------------------------------------------------
  22:         return (x_start, y_start)
  23:     
  24:     visited = set()
  25:     
- 26:     stack = [(x_start, y_start)]
+ 26:     pass
  27:     visited.add((x_start, y_start))
  28:     
  29:     while stack:
  30:         current = stack.pop()
--------------------------------------------------------------------------------
[0.09035 s] killed by ALL-SMART/test_depth_first_search_MIO.py::test_case_4

def test_case_4():
        bool_0 = False
        list_0 = [bool_0, bool_0, bool_0, bool_0, bool_0, bool_0, bool_0, bool_0, bool_0, bool_0, bool_0, bool_0]
        list_1 = [list_0, list_0, list_0, list_0, list_0, list_0, list_0]
>       var_0 = module_0.depth_first_search(list_1, list_0, list_1)

ALL-SMART/test_depth_first_search_MIO.py:26: 
_ _ _ _ _ _ _ _ _ _ _ _ _ _ _ _ _ _ _ _ _ _ _ _ _ _ _ _ _ _ _ _ _ _ _ _ _ _ _ _ 

grid = [[False, False, False, False, False, False, ...], [False, False, False, False, False, False, ...], [False, False, Fals...se, False, ...], [False, False, False, False, False, False, ...], [False, False, False, False, False, False, ...], ...]
start = [False, False, False, False, False, False, ...]
target = [[False, False, False, False, False, False, ...], [False, False, False, False, False, False, ...], [False, False, Fals...se, False, ...], [False, False, False, False, False, False, ...], [False, False, False, False, False, False, ...], ...]

>   ???
E   NameError: name 'stack' is not defined

depth_first_search:29: NameError
   - [#  38] SDL depth_first_search: 
--------------------------------------------------------------------------------
  23:     
  24:     visited = set()
  25:     
  26:     stack = [(x_start, y_start)]
- 27:     visited.add((x_start, y_start))
+ 27:     pass
  28:     
  29:     while stack:
  30:         current = stack.pop()
  31:         
--------------------------------------------------------------------------------
[0.08878 s] survived
   - [#  39] SDL depth_first_search: 
--------------------------------------------------------------------------------
  26:     stack = [(x_start, y_start)]
  27:     visited.add((x_start, y_start))
  28:     
  29:     while stack:
- 30:         current = stack.pop()
+ 30:         pass
  31:         
  32:         for coor in [(current[0], current[1] - 1), (current[0] - 1, current[1]), (current[0] + 1, current[1]), (current[0], current[1] + 1)]:
  33:             if (coor[0] < 0 or coor[0] > width - 1 or coor[1] < 0 or coor[1] > height - 1):
  34:                 continue
--------------------------------------------------------------------------------
[0.10907 s] killed by ALL-SMART/test_depth_first_search_MIO.py::test_case_4

def test_case_4():
        bool_0 = False
        list_0 = [bool_0, bool_0, bool_0, bool_0, bool_0, bool_0, bool_0, bool_0, bool_0, bool_0, bool_0, bool_0]
        list_1 = [list_0, list_0, list_0, list_0, list_0, list_0, list_0]
>       var_0 = module_0.depth_first_search(list_1, list_0, list_1)

ALL-SMART/test_depth_first_search_MIO.py:26: 
_ _ _ _ _ _ _ _ _ _ _ _ _ _ _ _ _ _ _ _ _ _ _ _ _ _ _ _ _ _ _ _ _ _ _ _ _ _ _ _ 

grid = [[False, False, False, False, False, False, ...], [False, False, False, False, False, False, ...], [False, False, Fals...se, False, ...], [False, False, False, False, False, False, ...], [False, False, False, False, False, False, ...], ...]
start = [False, False, False, False, False, False, ...]
target = [[False, False, False, False, False, False, ...], [False, False, False, False, False, False, ...], [False, False, Fals...se, False, ...], [False, False, False, False, False, False, ...], [False, False, False, False, False, False, ...], ...]

>   ???
E   NameError: name 'current' is not defined

depth_first_search:32: NameError
   - [#  40] SDL depth_first_search: 
--------------------------------------------------------------------------------
  32:         for coor in [(current[0], current[1] - 1), (current[0] - 1, current[1]), (current[0] + 1, current[1]), (current[0], current[1] + 1)]:
  33:             if (coor[0] < 0 or coor[0] > width - 1 or coor[1] < 0 or coor[1] > height - 1):
  34:                 continue
  35:             if grid[coor[1]][coor[0]] == target:
- 36:                 return coor
+ 36:                 pass
  37:             
  38:             elif coor not in visited:
  39:                 stack.append(coor)
  40:                 visited.add(current)
--------------------------------------------------------------------------------
[0.10420 s] incompetent

TypeError: depth_first_search:17: TypeError: 'NoneType' object is not subscriptable

   - [#  41] SDL depth_first_search: 
--------------------------------------------------------------------------------
  35:             if grid[coor[1]][coor[0]] == target:
  36:                 return coor
  37:             
  38:             elif coor not in visited:
- 39:                 stack.append(coor)
+ 39:                 pass
  40:                 visited.add(current)
  41:     return None
--------------------------------------------------------------------------------
[0.10536 s] incompetent

TypeError: depth_first_search:17: TypeError: 'NoneType' object is not subscriptable

   - [#  42] SDL depth_first_search: 
--------------------------------------------------------------------------------
  36:                 return coor
  37:             
  38:             elif coor not in visited:
  39:                 stack.append(coor)
- 40:                 visited.add(current)
+ 40:                 pass
  41:     return None
--------------------------------------------------------------------------------
[5.00666 s] timeout
   - [#  43] SDL depth_first_search: 
--------------------------------------------------------------------------------
  37:             
  38:             elif coor not in visited:
  39:                 stack.append(coor)
  40:                 visited.add(current)
- 41:     return None
+ 41:     pass
--------------------------------------------------------------------------------
[0.07489 s] survived
   - [#  44] ZIL depth_first_search: 
--------------------------------------------------------------------------------
  26:     stack = [(x_start, y_start)]
  27:     visited.add((x_start, y_start))
  28:     
  29:     while stack:
- 30:         current = stack.pop()
- 31:         
- 32:         for coor in [(current[0], current[1] - 1), (current[0] - 1, current[1]), (current[0] + 1, current[1]), (current[0], current[1] + 1)]:
- 33:             if (coor[0] < 0 or coor[0] > width - 1 or coor[1] < 0 or coor[1] > height - 1):
- 34:                 continue
- 35:             if grid[coor[1]][coor[0]] == target:
- 36:                 return coor
- 37:             
- 38:             elif coor not in visited:
- 39:                 stack.append(coor)
- 40:                 visited.add(current)
+ 30:         break
+ 31:     
+ 32:     
+ 33:     
+ 34:     
+ 35:     
+ 36:     
+ 37:     
+ 38:     
+ 39:     
+ 40:     
  41:     return None
--------------------------------------------------------------------------------
[0.08758 s] incompetent

TypeError: depth_first_search:17: TypeError: 'NoneType' object is not subscriptable

   - [#  45] ZIL depth_first_search: 
--------------------------------------------------------------------------------
  29:     while stack:
  30:         current = stack.pop()
  31:         
  32:         for coor in [(current[0], current[1] - 1), (current[0] - 1, current[1]), (current[0] + 1, current[1]), (current[0], current[1] + 1)]:
- 33:             if (coor[0] < 0 or coor[0] > width - 1 or coor[1] < 0 or coor[1] > height - 1):
- 34:                 continue
- 35:             if grid[coor[1]][coor[0]] == target:
- 36:                 return coor
- 37:             
- 38:             elif coor not in visited:
- 39:                 stack.append(coor)
- 40:                 visited.add(current)
+ 33:             break
+ 34:     
+ 35:     
+ 36:     
+ 37:     
+ 38:     
+ 39:     
+ 40:     
  41:     return None
--------------------------------------------------------------------------------
[0.08986 s] incompetent

TypeError: depth_first_search:17: TypeError: 'NoneType' object is not subscriptable

[*] Mutation score [10.34136 s]: 58.1%
   - all: 45
   - killed: 17 (37.8%)
   - survived: 13 (28.9%)
   - incompetent: 14 (31.1%)
   - timeout: 1 (2.2%)
