[*] Start mutation process:
   - targets: first_missing_positive.py
   - tests: ./ALL-SMART
[*] 27 tests passed:
   - test_first_missing_positive_MIO [0.05927 s]
   - test_first_missing_positive_MOSA [0.04745 s]
   - test_first_missing_positive_DYNAMOSA [0.04554 s]
   - test_first_missing_positive_WHOLE_SUITE [0.04448 s]
[*] Start mutants generation and execution:
   - [#   1] AOR first_missing_positive: 
--------------------------------------------------------------------------------
  24:         The first integer greater than 0 that is not 
  25:         present in the input list.
  26:     """
  27:     start = 0
- 28:     end = len(nums) - 1
+ 28:     end = len(nums) + 1
  29:     while start <= end:
  30:         i = nums[start] - 1
  31:         
  32:         if i == start:
--------------------------------------------------------------------------------
[0.07930 s] killed by ALL-SMART/test_first_missing_positive_MIO.py::test_case_3

def test_case_3():
        bool_0 = False
        list_0 = [bool_0, bool_0, bool_0, bool_0]
>       var_0 = module_0.first_missing_positive(list_0)

ALL-SMART/test_first_missing_positive_MIO.py:19: 
_ _ _ _ _ _ _ _ _ _ _ _ _ _ _ _ _ _ _ _ _ _ _ _ _ _ _ _ _ _ _ _ _ _ _ _ _ _ _ _ 

nums = [False, False, False, False]

>   ???
E   IndexError: list index out of range

first_missing_positive:38: IndexError
   - [#   2] AOR first_missing_positive: 
--------------------------------------------------------------------------------
  26:     """
  27:     start = 0
  28:     end = len(nums) - 1
  29:     while start <= end:
- 30:         i = nums[start] - 1
+ 30:         i = nums[start] + 1
  31:         
  32:         if i == start:
  33:             start += 1
  34:         
--------------------------------------------------------------------------------
[0.08177 s] killed by ALL-SMART/test_first_missing_positive_MIO.py::test_case_4

def test_case_4():
        bool_0 = False
        bool_1 = True
        list_0 = [bool_0, bool_0, bool_1, bool_0]
        var_0 = module_0.first_missing_positive(list_0)
>       assert var_0 == 2
E       AssertionError

ALL-SMART/test_first_missing_positive_MIO.py:27: AssertionError
   - [#   3] AOR first_missing_positive: 
--------------------------------------------------------------------------------
  40:         else:
  41:             
  42:             (nums[start], nums[i]) = (nums[i], nums[start])
  43:     
- 44:     return start + 1
+ 44:     return start - 1
--------------------------------------------------------------------------------
[0.08200 s] killed by ALL-SMART/test_first_missing_positive_MIO.py::test_case_3

def test_case_3():
        bool_0 = False
        list_0 = [bool_0, bool_0, bool_0, bool_0]
        var_0 = module_0.first_missing_positive(list_0)
>       assert var_0 == 1
E       AssertionError

ALL-SMART/test_first_missing_positive_MIO.py:20: AssertionError
   - [#   4] ASR first_missing_positive: 
--------------------------------------------------------------------------------
  29:     while start <= end:
  30:         i = nums[start] - 1
  31:         
  32:         if i == start:
- 33:             start += 1
+ 33:             start -= 1
  34:         
  35:         
  36:         
  37:         elif (i < 0 or i > end or nums[start] == nums[i]):
--------------------------------------------------------------------------------
[0.08241 s] killed by ALL-SMART/test_first_missing_positive_MIO.py::test_case_4

def test_case_4():
        bool_0 = False
        bool_1 = True
        list_0 = [bool_0, bool_0, bool_1, bool_0]
        var_0 = module_0.first_missing_positive(list_0)
>       assert var_0 == 2
E       AssertionError

ALL-SMART/test_first_missing_positive_MIO.py:27: AssertionError
   - [#   5] ASR first_missing_positive: 
--------------------------------------------------------------------------------
  35:         
  36:         
  37:         elif (i < 0 or i > end or nums[start] == nums[i]):
  38:             nums[start] = nums[end]
- 39:             end -= 1
+ 39:             end += 1
  40:         else:
  41:             
  42:             (nums[start], nums[i]) = (nums[i], nums[start])
  43:     
--------------------------------------------------------------------------------
[0.07846 s] killed by ALL-SMART/test_first_missing_positive_MIO.py::test_case_3

def test_case_3():
        bool_0 = False
        list_0 = [bool_0, bool_0, bool_0, bool_0]
>       var_0 = module_0.first_missing_positive(list_0)

ALL-SMART/test_first_missing_positive_MIO.py:19: 
_ _ _ _ _ _ _ _ _ _ _ _ _ _ _ _ _ _ _ _ _ _ _ _ _ _ _ _ _ _ _ _ _ _ _ _ _ _ _ _ 

nums = [False, False, False, False]

>   ???
E   IndexError: list index out of range

first_missing_positive:38: IndexError
   - [#   6] COI first_missing_positive: 
--------------------------------------------------------------------------------
  25:         present in the input list.
  26:     """
  27:     start = 0
  28:     end = len(nums) - 1
- 29:     while start <= end:
+ 29:     while not (start <= end):
  30:         i = nums[start] - 1
  31:         
  32:         if i == start:
  33:             start += 1
--------------------------------------------------------------------------------
[0.08161 s] killed by ALL-SMART/test_first_missing_positive_MIO.py::test_case_4

def test_case_4():
        bool_0 = False
        bool_1 = True
        list_0 = [bool_0, bool_0, bool_1, bool_0]
        var_0 = module_0.first_missing_positive(list_0)
>       assert var_0 == 2
E       AssertionError

ALL-SMART/test_first_missing_positive_MIO.py:27: AssertionError
   - [#   7] COI first_missing_positive: 
--------------------------------------------------------------------------------
  28:     end = len(nums) - 1
  29:     while start <= end:
  30:         i = nums[start] - 1
  31:         
- 32:         if i == start:
+ 32:         if not (i == start):
  33:             start += 1
  34:         
  35:         
  36:         
--------------------------------------------------------------------------------
[0.08256 s] killed by ALL-SMART/test_first_missing_positive_MIO.py::test_case_3

def test_case_3():
        bool_0 = False
        list_0 = [bool_0, bool_0, bool_0, bool_0]
        var_0 = module_0.first_missing_positive(list_0)
>       assert var_0 == 1
E       AssertionError

ALL-SMART/test_first_missing_positive_MIO.py:20: AssertionError
   - [#   8] COI first_missing_positive: 
--------------------------------------------------------------------------------
  33:             start += 1
  34:         
  35:         
  36:         
- 37:         elif (i < 0 or i > end or nums[start] == nums[i]):
+ 37:         elif not ((i < 0 or i > end or nums[start] == nums[i])):
  38:             nums[start] = nums[end]
  39:             end -= 1
  40:         else:
  41:             
--------------------------------------------------------------------------------
[5.00659 s] timeout
   - [#   9] LCR first_missing_positive: 
--------------------------------------------------------------------------------
  33:             start += 1
  34:         
  35:         
  36:         
- 37:         elif (i < 0 or i > end or nums[start] == nums[i]):
+ 37:         elif (i < 0 and i > end and nums[start] == nums[i]):
  38:             nums[start] = nums[end]
  39:             end -= 1
  40:         else:
  41:             
--------------------------------------------------------------------------------
[5.00671 s] timeout
   - [#  10] OIL first_missing_positive: 
--------------------------------------------------------------------------------
  38:             nums[start] = nums[end]
  39:             end -= 1
  40:         else:
  41:             
- 42:             (nums[start], nums[i]) = (nums[i], nums[start])
+ 42:             (nums[start], nums[i]) = (nums[i], nums[start])break
  43:     
  44:     return start + 1
--------------------------------------------------------------------------------
[0.07881 s] killed by ALL-SMART/test_first_missing_positive_MIO.py::test_case_4

def test_case_4():
        bool_0 = False
        bool_1 = True
        list_0 = [bool_0, bool_0, bool_1, bool_0]
        var_0 = module_0.first_missing_positive(list_0)
>       assert var_0 == 2
E       AssertionError

ALL-SMART/test_first_missing_positive_MIO.py:27: AssertionError
   - [#  11] ROR first_missing_positive: 
--------------------------------------------------------------------------------
  25:         present in the input list.
  26:     """
  27:     start = 0
  28:     end = len(nums) - 1
- 29:     while start <= end:
+ 29:     while start >= end:
  30:         i = nums[start] - 1
  31:         
  32:         if i == start:
  33:             start += 1
--------------------------------------------------------------------------------
[0.08212 s] killed by ALL-SMART/test_first_missing_positive_MIO.py::test_case_4

def test_case_4():
        bool_0 = False
        bool_1 = True
        list_0 = [bool_0, bool_0, bool_1, bool_0]
        var_0 = module_0.first_missing_positive(list_0)
>       assert var_0 == 2
E       AssertionError

ALL-SMART/test_first_missing_positive_MIO.py:27: AssertionError
   - [#  12] ROR first_missing_positive: 
--------------------------------------------------------------------------------
  25:         present in the input list.
  26:     """
  27:     start = 0
  28:     end = len(nums) - 1
- 29:     while start <= end:
+ 29:     while start < end:
  30:         i = nums[start] - 1
  31:         
  32:         if i == start:
  33:             start += 1
--------------------------------------------------------------------------------
[0.08356 s] killed by ALL-SMART/test_first_missing_positive_MOSA.py::test_case_2

def test_case_2():
        bool_0 = True
        tuple_0 = (bool_0,)
        var_0 = module_0.first_missing_positive(tuple_0)
>       assert var_0 == 2
E       AssertionError

ALL-SMART/test_first_missing_positive_MOSA.py:21: AssertionError
   - [#  13] ROR first_missing_positive: 
--------------------------------------------------------------------------------
  28:     end = len(nums) - 1
  29:     while start <= end:
  30:         i = nums[start] - 1
  31:         
- 32:         if i == start:
+ 32:         if i != start:
  33:             start += 1
  34:         
  35:         
  36:         
--------------------------------------------------------------------------------
[0.08267 s] killed by ALL-SMART/test_first_missing_positive_MIO.py::test_case_3

def test_case_3():
        bool_0 = False
        list_0 = [bool_0, bool_0, bool_0, bool_0]
        var_0 = module_0.first_missing_positive(list_0)
>       assert var_0 == 1
E       AssertionError

ALL-SMART/test_first_missing_positive_MIO.py:20: AssertionError
   - [#  14] ROR first_missing_positive: 
--------------------------------------------------------------------------------
  33:             start += 1
  34:         
  35:         
  36:         
- 37:         elif (i < 0 or i > end or nums[start] == nums[i]):
+ 37:         elif (i > 0 or i > end or nums[start] == nums[i]):
  38:             nums[start] = nums[end]
  39:             end -= 1
  40:         else:
  41:             
--------------------------------------------------------------------------------
[0.08496 s] killed by ALL-SMART/test_first_missing_positive_MOSA.py::test_case_3

def test_case_3():
        bool_0 = False
        dict_0 = {bool_0: bool_0}
>       var_0 = module_0.first_missing_positive(dict_0)

ALL-SMART/test_first_missing_positive_MOSA.py:27: 
_ _ _ _ _ _ _ _ _ _ _ _ _ _ _ _ _ _ _ _ _ _ _ _ _ _ _ _ _ _ _ _ _ _ _ _ _ _ _ _ 

nums = {False: False}

>   ???
E   KeyError: -1

first_missing_positive:37: KeyError
   - [#  15] ROR first_missing_positive: 
--------------------------------------------------------------------------------
  33:             start += 1
  34:         
  35:         
  36:         
- 37:         elif (i < 0 or i > end or nums[start] == nums[i]):
+ 37:         elif (i <= 0 or i > end or nums[start] == nums[i]):
  38:             nums[start] = nums[end]
  39:             end -= 1
  40:         else:
  41:             
--------------------------------------------------------------------------------
[0.07164 s] survived
   - [#  16] ROR first_missing_positive: 
--------------------------------------------------------------------------------
  33:             start += 1
  34:         
  35:         
  36:         
- 37:         elif (i < 0 or i > end or nums[start] == nums[i]):
+ 37:         elif (i < 0 or i < end or nums[start] == nums[i]):
  38:             nums[start] = nums[end]
  39:             end -= 1
  40:         else:
  41:             
--------------------------------------------------------------------------------
[0.07229 s] survived
   - [#  17] ROR first_missing_positive: 
--------------------------------------------------------------------------------
  33:             start += 1
  34:         
  35:         
  36:         
- 37:         elif (i < 0 or i > end or nums[start] == nums[i]):
+ 37:         elif (i < 0 or i >= end or nums[start] == nums[i]):
  38:             nums[start] = nums[end]
  39:             end -= 1
  40:         else:
  41:             
--------------------------------------------------------------------------------
[0.07149 s] survived
   - [#  18] ROR first_missing_positive: 
--------------------------------------------------------------------------------
  33:             start += 1
  34:         
  35:         
  36:         
- 37:         elif (i < 0 or i > end or nums[start] == nums[i]):
+ 37:         elif (i < 0 or i > end or nums[start] != nums[i]):
  38:             nums[start] = nums[end]
  39:             end -= 1
  40:         else:
  41:             
--------------------------------------------------------------------------------
[5.00657 s] timeout
   - [#  19] SDL first_missing_positive: 
--------------------------------------------------------------------------------
  23:     Returns:
  24:         The first integer greater than 0 that is not 
  25:         present in the input list.
  26:     """
- 27:     start = 0
+ 27:     pass
  28:     end = len(nums) - 1
  29:     while start <= end:
  30:         i = nums[start] - 1
  31:         
--------------------------------------------------------------------------------
[0.07624 s] killed by ALL-SMART/test_first_missing_positive_MIO.py::test_case_3

def test_case_3():
        bool_0 = False
        list_0 = [bool_0, bool_0, bool_0, bool_0]
>       var_0 = module_0.first_missing_positive(list_0)

ALL-SMART/test_first_missing_positive_MIO.py:19: 
_ _ _ _ _ _ _ _ _ _ _ _ _ _ _ _ _ _ _ _ _ _ _ _ _ _ _ _ _ _ _ _ _ _ _ _ _ _ _ _ 

nums = [False, False, False, False]

>   ???
E   UnboundLocalError: local variable 'start' referenced before assignment

first_missing_positive:29: UnboundLocalError
   - [#  20] SDL first_missing_positive: 
--------------------------------------------------------------------------------
  24:         The first integer greater than 0 that is not 
  25:         present in the input list.
  26:     """
  27:     start = 0
- 28:     end = len(nums) - 1
+ 28:     pass
  29:     while start <= end:
  30:         i = nums[start] - 1
  31:         
  32:         if i == start:
--------------------------------------------------------------------------------
[0.07765 s] killed by ALL-SMART/test_first_missing_positive_MIO.py::test_case_3

def test_case_3():
        bool_0 = False
        list_0 = [bool_0, bool_0, bool_0, bool_0]
>       var_0 = module_0.first_missing_positive(list_0)

ALL-SMART/test_first_missing_positive_MIO.py:19: 
_ _ _ _ _ _ _ _ _ _ _ _ _ _ _ _ _ _ _ _ _ _ _ _ _ _ _ _ _ _ _ _ _ _ _ _ _ _ _ _ 

nums = [False, False, False, False]

>   ???
E   UnboundLocalError: local variable 'end' referenced before assignment

first_missing_positive:29: UnboundLocalError
   - [#  21] SDL first_missing_positive: 
--------------------------------------------------------------------------------
  26:     """
  27:     start = 0
  28:     end = len(nums) - 1
  29:     while start <= end:
- 30:         i = nums[start] - 1
+ 30:         pass
  31:         
  32:         if i == start:
  33:             start += 1
  34:         
--------------------------------------------------------------------------------
[0.08022 s] killed by ALL-SMART/test_first_missing_positive_MIO.py::test_case_3

def test_case_3():
        bool_0 = False
        list_0 = [bool_0, bool_0, bool_0, bool_0]
>       var_0 = module_0.first_missing_positive(list_0)

ALL-SMART/test_first_missing_positive_MIO.py:19: 
_ _ _ _ _ _ _ _ _ _ _ _ _ _ _ _ _ _ _ _ _ _ _ _ _ _ _ _ _ _ _ _ _ _ _ _ _ _ _ _ 

nums = [False, False, False, False]

>   ???
E   NameError: name 'i' is not defined

first_missing_positive:32: NameError
   - [#  22] SDL first_missing_positive: 
--------------------------------------------------------------------------------
  34:         
  35:         
  36:         
  37:         elif (i < 0 or i > end or nums[start] == nums[i]):
- 38:             nums[start] = nums[end]
+ 38:             pass
  39:             end -= 1
  40:         else:
  41:             
  42:             (nums[start], nums[i]) = (nums[i], nums[start])
--------------------------------------------------------------------------------
[0.08306 s] killed by ALL-SMART/test_first_missing_positive_MIO.py::test_case_4

def test_case_4():
        bool_0 = False
        bool_1 = True
        list_0 = [bool_0, bool_0, bool_1, bool_0]
        var_0 = module_0.first_missing_positive(list_0)
>       assert var_0 == 2
E       AssertionError

ALL-SMART/test_first_missing_positive_MIO.py:27: AssertionError
   - [#  23] SDL first_missing_positive: 
--------------------------------------------------------------------------------
  38:             nums[start] = nums[end]
  39:             end -= 1
  40:         else:
  41:             
- 42:             (nums[start], nums[i]) = (nums[i], nums[start])
+ 42:             pass
  43:     
  44:     return start + 1
--------------------------------------------------------------------------------
[5.00667 s] timeout
   - [#  24] SDL first_missing_positive: 
--------------------------------------------------------------------------------
  40:         else:
  41:             
  42:             (nums[start], nums[i]) = (nums[i], nums[start])
  43:     
- 44:     return start + 1
+ 44:     pass
--------------------------------------------------------------------------------
[0.08061 s] killed by ALL-SMART/test_first_missing_positive_MIO.py::test_case_3

def test_case_3():
        bool_0 = False
        list_0 = [bool_0, bool_0, bool_0, bool_0]
        var_0 = module_0.first_missing_positive(list_0)
>       assert var_0 == 1
E       AssertionError

ALL-SMART/test_first_missing_positive_MIO.py:20: AssertionError
   - [#  25] ZIL first_missing_positive: 
--------------------------------------------------------------------------------
  26:     """
  27:     start = 0
  28:     end = len(nums) - 1
  29:     while start <= end:
- 30:         i = nums[start] - 1
- 31:         
- 32:         if i == start:
- 33:             start += 1
- 34:         
- 35:         
- 36:         
- 37:         elif (i < 0 or i > end or nums[start] == nums[i]):
- 38:             nums[start] = nums[end]
- 39:             end -= 1
- 40:         else:
- 41:             
- 42:             (nums[start], nums[i]) = (nums[i], nums[start])
+ 30:         break
+ 31:     
+ 32:     
+ 33:     
+ 34:     
+ 35:     
+ 36:     
+ 37:     
+ 38:     
+ 39:     
+ 40:     
+ 41:     
+ 42:     
  43:     
  44:     return start + 1
--------------------------------------------------------------------------------
[0.08125 s] killed by ALL-SMART/test_first_missing_positive_MIO.py::test_case_4

def test_case_4():
        bool_0 = False
        bool_1 = True
        list_0 = [bool_0, bool_0, bool_1, bool_0]
        var_0 = module_0.first_missing_positive(list_0)
>       assert var_0 == 2
E       AssertionError

ALL-SMART/test_first_missing_positive_MIO.py:27: AssertionError
[*] Mutation score [22.32752 s]: 88.0%
   - all: 25
   - killed: 18 (72.0%)
   - survived: 3 (12.0%)
   - incompetent: 0 (0.0%)
   - timeout: 4 (16.0%)
