[*] Start mutation process:
   - targets: rabin_karp_substring_search.py
   - tests: ./ALL-SMART
[*] 20 tests passed:
   - test_rabin_karp_substring_search_MOSA [0.05594 s]
   - test_rabin_karp_substring_search_MIO [0.03960 s]
   - test_rabin_karp_substring_search_DYNAMOSA [0.03961 s]
   - test_rabin_karp_substring_search_WHOLE_SUITE [0.04539 s]
[*] Start mutants generation and execution:
   - [#   1] AOD rabin_karp_substring_search: 
--------------------------------------------------------------------------------
  46:             
  47:             
  48:             rolling_hash = (rolling_hash + prime_modulus) % prime_modulus
  49:     
- 50:     return -1
+ 50:     return 1
--------------------------------------------------------------------------------
[0.07611 s] killed by ALL-SMART/test_rabin_karp_substring_search_DYNAMOSA.py::test_case_2

def test_case_2():
        str_0 = '6\x0b3+'
        str_1 = 'Np\x0cK`m$(lyi?B|yNSv'
        var_0 = module_0.rabin_karp_find_substring(str_1, str_0)
>       assert var_0 == -1
E       AssertionError

ALL-SMART/test_rabin_karp_substring_search_DYNAMOSA.py:17: AssertionError
   - [#   2] AOR rabin_karp_substring_search: 
--------------------------------------------------------------------------------
  22:     '''
  23:     
  24:     substring_hash = 0
  25:     rolling_hash = 0
- 26:     base_n = pow(base, len(substring) - 1) % prime_modulus
+ 26:     base_n = pow(base, len(substring) + 1) % prime_modulus
  27:     
  28:     
  29:     for i in range(len(substring)):
  30:         rolling_hash = ((base * rolling_hash) + ord(string[i])) % prime_modulus
--------------------------------------------------------------------------------
[0.06880 s] survived
   - [#   3] AOR rabin_karp_substring_search: 
--------------------------------------------------------------------------------
  22:     '''
  23:     
  24:     substring_hash = 0
  25:     rolling_hash = 0
- 26:     base_n = pow(base, len(substring) - 1) % prime_modulus
+ 26:     base_n = pow(base, len(substring) - 1) * prime_modulus
  27:     
  28:     
  29:     for i in range(len(substring)):
  30:         rolling_hash = ((base * rolling_hash) + ord(string[i])) % prime_modulus
--------------------------------------------------------------------------------
[0.06714 s] survived
   - [#   4] AOR rabin_karp_substring_search: 
--------------------------------------------------------------------------------
  26:     base_n = pow(base, len(substring) - 1) % prime_modulus
  27:     
  28:     
  29:     for i in range(len(substring)):
- 30:         rolling_hash = ((base * rolling_hash) + ord(string[i])) % prime_modulus
+ 30:         rolling_hash = ((base / rolling_hash) + ord(string[i])) % prime_modulus
  31:         substring_hash = ((base * substring_hash) + ord(substring[i])) % prime_modulus
  32:     
  33:     for i in range((len(string) - len(substring)) + 1):
  34:         
--------------------------------------------------------------------------------
[0.07593 s] killed by ALL-SMART/test_rabin_karp_substring_search_DYNAMOSA.py::test_case_0

def test_case_0():
        str_0 = 'Bod2?F7=\t\r_j{Tix`>'
>       var_0 = module_0.rabin_karp_find_substring(str_0, str_0)

ALL-SMART/test_rabin_karp_substring_search_DYNAMOSA.py:7: 
_ _ _ _ _ _ _ _ _ _ _ _ _ _ _ _ _ _ _ _ _ _ _ _ _ _ _ _ _ _ _ _ _ _ _ _ _ _ _ _ 

string = 'Bod2?F7=\t\r_j{Tix`>', substring = 'Bod2?F7=\t\r_j{Tix`>', base = 256
prime_modulus = 487

>   ???
E   ZeroDivisionError: division by zero

rabin_karp_substring_search:30: ZeroDivisionError
   - [#   5] AOR rabin_karp_substring_search: 
--------------------------------------------------------------------------------
  26:     base_n = pow(base, len(substring) - 1) % prime_modulus
  27:     
  28:     
  29:     for i in range(len(substring)):
- 30:         rolling_hash = ((base * rolling_hash) + ord(string[i])) % prime_modulus
+ 30:         rolling_hash = ((base // rolling_hash) + ord(string[i])) % prime_modulus
  31:         substring_hash = ((base * substring_hash) + ord(substring[i])) % prime_modulus
  32:     
  33:     for i in range((len(string) - len(substring)) + 1):
  34:         
--------------------------------------------------------------------------------
[0.07708 s] killed by ALL-SMART/test_rabin_karp_substring_search_DYNAMOSA.py::test_case_0

def test_case_0():
        str_0 = 'Bod2?F7=\t\r_j{Tix`>'
>       var_0 = module_0.rabin_karp_find_substring(str_0, str_0)

ALL-SMART/test_rabin_karp_substring_search_DYNAMOSA.py:7: 
_ _ _ _ _ _ _ _ _ _ _ _ _ _ _ _ _ _ _ _ _ _ _ _ _ _ _ _ _ _ _ _ _ _ _ _ _ _ _ _ 

string = 'Bod2?F7=\t\r_j{Tix`>', substring = 'Bod2?F7=\t\r_j{Tix`>', base = 256
prime_modulus = 487

>   ???
E   ZeroDivisionError: integer division or modulo by zero

rabin_karp_substring_search:30: ZeroDivisionError
   - [#   6] AOR rabin_karp_substring_search: 
--------------------------------------------------------------------------------
  26:     base_n = pow(base, len(substring) - 1) % prime_modulus
  27:     
  28:     
  29:     for i in range(len(substring)):
- 30:         rolling_hash = ((base * rolling_hash) + ord(string[i])) % prime_modulus
+ 30:         rolling_hash = ((base ** rolling_hash) + ord(string[i])) % prime_modulus
  31:         substring_hash = ((base * substring_hash) + ord(substring[i])) % prime_modulus
  32:     
  33:     for i in range((len(string) - len(substring)) + 1):
  34:         
--------------------------------------------------------------------------------
[0.08138 s] killed by ALL-SMART/test_rabin_karp_substring_search_DYNAMOSA.py::test_case_0

def test_case_0():
        str_0 = 'Bod2?F7=\t\r_j{Tix`>'
        var_0 = module_0.rabin_karp_find_substring(str_0, str_0)
>       assert var_0 == 0
E       AssertionError

ALL-SMART/test_rabin_karp_substring_search_DYNAMOSA.py:8: AssertionError
   - [#   7] AOR rabin_karp_substring_search: 
--------------------------------------------------------------------------------
  26:     base_n = pow(base, len(substring) - 1) % prime_modulus
  27:     
  28:     
  29:     for i in range(len(substring)):
- 30:         rolling_hash = ((base * rolling_hash) + ord(string[i])) % prime_modulus
+ 30:         rolling_hash = ((base * rolling_hash) - ord(string[i])) % prime_modulus
  31:         substring_hash = ((base * substring_hash) + ord(substring[i])) % prime_modulus
  32:     
  33:     for i in range((len(string) - len(substring)) + 1):
  34:         
--------------------------------------------------------------------------------
[0.08315 s] killed by ALL-SMART/test_rabin_karp_substring_search_DYNAMOSA.py::test_case_0

def test_case_0():
        str_0 = 'Bod2?F7=\t\r_j{Tix`>'
        var_0 = module_0.rabin_karp_find_substring(str_0, str_0)
>       assert var_0 == 0
E       AssertionError

ALL-SMART/test_rabin_karp_substring_search_DYNAMOSA.py:8: AssertionError
   - [#   8] AOR rabin_karp_substring_search: 
--------------------------------------------------------------------------------
  26:     base_n = pow(base, len(substring) - 1) % prime_modulus
  27:     
  28:     
  29:     for i in range(len(substring)):
- 30:         rolling_hash = ((base * rolling_hash) + ord(string[i])) % prime_modulus
+ 30:         rolling_hash = ((base * rolling_hash) + ord(string[i])) * prime_modulus
  31:         substring_hash = ((base * substring_hash) + ord(substring[i])) % prime_modulus
  32:     
  33:     for i in range((len(string) - len(substring)) + 1):
  34:         
--------------------------------------------------------------------------------
[0.08211 s] killed by ALL-SMART/test_rabin_karp_substring_search_DYNAMOSA.py::test_case_0

def test_case_0():
        str_0 = 'Bod2?F7=\t\r_j{Tix`>'
        var_0 = module_0.rabin_karp_find_substring(str_0, str_0)
>       assert var_0 == 0
E       AssertionError

ALL-SMART/test_rabin_karp_substring_search_DYNAMOSA.py:8: AssertionError
   - [#   9] AOR rabin_karp_substring_search: 
--------------------------------------------------------------------------------
  27:     
  28:     
  29:     for i in range(len(substring)):
  30:         rolling_hash = ((base * rolling_hash) + ord(string[i])) % prime_modulus
- 31:         substring_hash = ((base * substring_hash) + ord(substring[i])) % prime_modulus
+ 31:         substring_hash = ((base / substring_hash) + ord(substring[i])) % prime_modulus
  32:     
  33:     for i in range((len(string) - len(substring)) + 1):
  34:         
  35:         if rolling_hash == substring_hash:
--------------------------------------------------------------------------------
[0.07658 s] killed by ALL-SMART/test_rabin_karp_substring_search_DYNAMOSA.py::test_case_0

def test_case_0():
        str_0 = 'Bod2?F7=\t\r_j{Tix`>'
>       var_0 = module_0.rabin_karp_find_substring(str_0, str_0)

ALL-SMART/test_rabin_karp_substring_search_DYNAMOSA.py:7: 
_ _ _ _ _ _ _ _ _ _ _ _ _ _ _ _ _ _ _ _ _ _ _ _ _ _ _ _ _ _ _ _ _ _ _ _ _ _ _ _ 

string = 'Bod2?F7=\t\r_j{Tix`>', substring = 'Bod2?F7=\t\r_j{Tix`>', base = 256
prime_modulus = 487

>   ???
E   ZeroDivisionError: division by zero

rabin_karp_substring_search:31: ZeroDivisionError
   - [#  10] AOR rabin_karp_substring_search: 
--------------------------------------------------------------------------------
  27:     
  28:     
  29:     for i in range(len(substring)):
  30:         rolling_hash = ((base * rolling_hash) + ord(string[i])) % prime_modulus
- 31:         substring_hash = ((base * substring_hash) + ord(substring[i])) % prime_modulus
+ 31:         substring_hash = ((base // substring_hash) + ord(substring[i])) % prime_modulus
  32:     
  33:     for i in range((len(string) - len(substring)) + 1):
  34:         
  35:         if rolling_hash == substring_hash:
--------------------------------------------------------------------------------
[0.07811 s] killed by ALL-SMART/test_rabin_karp_substring_search_DYNAMOSA.py::test_case_0

def test_case_0():
        str_0 = 'Bod2?F7=\t\r_j{Tix`>'
>       var_0 = module_0.rabin_karp_find_substring(str_0, str_0)

ALL-SMART/test_rabin_karp_substring_search_DYNAMOSA.py:7: 
_ _ _ _ _ _ _ _ _ _ _ _ _ _ _ _ _ _ _ _ _ _ _ _ _ _ _ _ _ _ _ _ _ _ _ _ _ _ _ _ 

string = 'Bod2?F7=\t\r_j{Tix`>', substring = 'Bod2?F7=\t\r_j{Tix`>', base = 256
prime_modulus = 487

>   ???
E   ZeroDivisionError: integer division or modulo by zero

rabin_karp_substring_search:31: ZeroDivisionError
   - [#  11] AOR rabin_karp_substring_search: 
--------------------------------------------------------------------------------
  27:     
  28:     
  29:     for i in range(len(substring)):
  30:         rolling_hash = ((base * rolling_hash) + ord(string[i])) % prime_modulus
- 31:         substring_hash = ((base * substring_hash) + ord(substring[i])) % prime_modulus
+ 31:         substring_hash = ((base ** substring_hash) + ord(substring[i])) % prime_modulus
  32:     
  33:     for i in range((len(string) - len(substring)) + 1):
  34:         
  35:         if rolling_hash == substring_hash:
--------------------------------------------------------------------------------
[0.07958 s] killed by ALL-SMART/test_rabin_karp_substring_search_DYNAMOSA.py::test_case_0

def test_case_0():
        str_0 = 'Bod2?F7=\t\r_j{Tix`>'
        var_0 = module_0.rabin_karp_find_substring(str_0, str_0)
>       assert var_0 == 0
E       AssertionError

ALL-SMART/test_rabin_karp_substring_search_DYNAMOSA.py:8: AssertionError
   - [#  12] AOR rabin_karp_substring_search: 
--------------------------------------------------------------------------------
  27:     
  28:     
  29:     for i in range(len(substring)):
  30:         rolling_hash = ((base * rolling_hash) + ord(string[i])) % prime_modulus
- 31:         substring_hash = ((base * substring_hash) + ord(substring[i])) % prime_modulus
+ 31:         substring_hash = ((base * substring_hash) - ord(substring[i])) % prime_modulus
  32:     
  33:     for i in range((len(string) - len(substring)) + 1):
  34:         
  35:         if rolling_hash == substring_hash:
--------------------------------------------------------------------------------
[0.07781 s] killed by ALL-SMART/test_rabin_karp_substring_search_DYNAMOSA.py::test_case_0

def test_case_0():
        str_0 = 'Bod2?F7=\t\r_j{Tix`>'
        var_0 = module_0.rabin_karp_find_substring(str_0, str_0)
>       assert var_0 == 0
E       AssertionError

ALL-SMART/test_rabin_karp_substring_search_DYNAMOSA.py:8: AssertionError
   - [#  13] AOR rabin_karp_substring_search: 
--------------------------------------------------------------------------------
  27:     
  28:     
  29:     for i in range(len(substring)):
  30:         rolling_hash = ((base * rolling_hash) + ord(string[i])) % prime_modulus
- 31:         substring_hash = ((base * substring_hash) + ord(substring[i])) % prime_modulus
+ 31:         substring_hash = ((base * substring_hash) + ord(substring[i])) * prime_modulus
  32:     
  33:     for i in range((len(string) - len(substring)) + 1):
  34:         
  35:         if rolling_hash == substring_hash:
--------------------------------------------------------------------------------
[0.08033 s] killed by ALL-SMART/test_rabin_karp_substring_search_DYNAMOSA.py::test_case_0

def test_case_0():
        str_0 = 'Bod2?F7=\t\r_j{Tix`>'
        var_0 = module_0.rabin_karp_find_substring(str_0, str_0)
>       assert var_0 == 0
E       AssertionError

ALL-SMART/test_rabin_karp_substring_search_DYNAMOSA.py:8: AssertionError
   - [#  14] AOR rabin_karp_substring_search: 
--------------------------------------------------------------------------------
  29:     for i in range(len(substring)):
  30:         rolling_hash = ((base * rolling_hash) + ord(string[i])) % prime_modulus
  31:         substring_hash = ((base * substring_hash) + ord(substring[i])) % prime_modulus
  32:     
- 33:     for i in range((len(string) - len(substring)) + 1):
+ 33:     for i in range((len(string) + len(substring)) + 1):
  34:         
  35:         if rolling_hash == substring_hash:
  36:             
  37:             for (s_i, letter) in enumerate(substring):
--------------------------------------------------------------------------------
[0.08849 s] killed by ALL-SMART/test_rabin_karp_substring_search_MOSA.py::test_case_5

def test_case_5():
        str_0 = "*Q~z'&KS/5aMcsX\th0#S"
        str_1 = "*Q~z'&1S/5aMcsX\th0#S"
        bool_0 = False
>       var_0 = module_0.rabin_karp_find_substring(str_1, str_0, bool_0)

ALL-SMART/test_rabin_karp_substring_search_MOSA.py:35: 
_ _ _ _ _ _ _ _ _ _ _ _ _ _ _ _ _ _ _ _ _ _ _ _ _ _ _ _ _ _ _ _ _ _ _ _ _ _ _ _ 

string = "*Q~z'&1S/5aMcsX\th0#S", substring = "*Q~z'&KS/5aMcsX\th0#S"
base = False, prime_modulus = 487

>   ???
E   IndexError: string index out of range

rabin_karp_substring_search:38: IndexError
   - [#  15] AOR rabin_karp_substring_search: 
--------------------------------------------------------------------------------
  29:     for i in range(len(substring)):
  30:         rolling_hash = ((base * rolling_hash) + ord(string[i])) % prime_modulus
  31:         substring_hash = ((base * substring_hash) + ord(substring[i])) % prime_modulus
  32:     
- 33:     for i in range((len(string) - len(substring)) + 1):
+ 33:     for i in range((len(string) - len(substring)) - 1):
  34:         
  35:         if rolling_hash == substring_hash:
  36:             
  37:             for (s_i, letter) in enumerate(substring):
--------------------------------------------------------------------------------
[0.07995 s] killed by ALL-SMART/test_rabin_karp_substring_search_DYNAMOSA.py::test_case_0

def test_case_0():
        str_0 = 'Bod2?F7=\t\r_j{Tix`>'
        var_0 = module_0.rabin_karp_find_substring(str_0, str_0)
>       assert var_0 == 0
E       AssertionError

ALL-SMART/test_rabin_karp_substring_search_DYNAMOSA.py:8: AssertionError
   - [#  16] AOR rabin_karp_substring_search: 
--------------------------------------------------------------------------------
  34:         
  35:         if rolling_hash == substring_hash:
  36:             
  37:             for (s_i, letter) in enumerate(substring):
- 38:                 if letter != string[i + s_i]:
+ 38:                 if letter != string[i - s_i]:
  39:                     break
  40:             else:
  41:                 return i
  42:         
--------------------------------------------------------------------------------
[0.08203 s] killed by ALL-SMART/test_rabin_karp_substring_search_DYNAMOSA.py::test_case_0

def test_case_0():
        str_0 = 'Bod2?F7=\t\r_j{Tix`>'
        var_0 = module_0.rabin_karp_find_substring(str_0, str_0)
>       assert var_0 == 0
E       AssertionError

ALL-SMART/test_rabin_karp_substring_search_DYNAMOSA.py:8: AssertionError
   - [#  17] AOR rabin_karp_substring_search: 
--------------------------------------------------------------------------------
  39:                     break
  40:             else:
  41:                 return i
  42:         
- 43:         if i < len(string) - len(substring):
+ 43:         if i < len(string) + len(substring):
  44:             
  45:             rolling_hash = ((rolling_hash - (base_n * ord(string[i]))) * base) + (ord(string[i + len(substring)]) % prime_modulus)
  46:             
  47:             
--------------------------------------------------------------------------------
[0.07730 s] killed by ALL-SMART/test_rabin_karp_substring_search_DYNAMOSA.py::test_case_2

def test_case_2():
        str_0 = '6\x0b3+'
        str_1 = 'Np\x0cK`m$(lyi?B|yNSv'
>       var_0 = module_0.rabin_karp_find_substring(str_1, str_0)

ALL-SMART/test_rabin_karp_substring_search_DYNAMOSA.py:16: 
_ _ _ _ _ _ _ _ _ _ _ _ _ _ _ _ _ _ _ _ _ _ _ _ _ _ _ _ _ _ _ _ _ _ _ _ _ _ _ _ 

string = 'Np\x0cK`m$(lyi?B|yNSv', substring = '6\x0b3+', base = 256
prime_modulus = 487

>   ???
E   IndexError: string index out of range

rabin_karp_substring_search:45: IndexError
   - [#  18] AOR rabin_karp_substring_search: 
--------------------------------------------------------------------------------
  41:                 return i
  42:         
  43:         if i < len(string) - len(substring):
  44:             
- 45:             rolling_hash = ((rolling_hash - (base_n * ord(string[i]))) * base) + (ord(string[i + len(substring)]) % prime_modulus)
+ 45:             rolling_hash = ((rolling_hash + (base_n * ord(string[i]))) * base) + (ord(string[i + len(substring)]) % prime_modulus)
  46:             
  47:             
  48:             rolling_hash = (rolling_hash + prime_modulus) % prime_modulus
  49:     
--------------------------------------------------------------------------------
[0.06819 s] survived
   - [#  19] AOR rabin_karp_substring_search: 
--------------------------------------------------------------------------------
  41:                 return i
  42:         
  43:         if i < len(string) - len(substring):
  44:             
- 45:             rolling_hash = ((rolling_hash - (base_n * ord(string[i]))) * base) + (ord(string[i + len(substring)]) % prime_modulus)
+ 45:             rolling_hash = ((rolling_hash - (base_n / ord(string[i]))) * base) + (ord(string[i + len(substring)]) % prime_modulus)
  46:             
  47:             
  48:             rolling_hash = (rolling_hash + prime_modulus) % prime_modulus
  49:     
--------------------------------------------------------------------------------
[0.06964 s] survived
   - [#  20] AOR rabin_karp_substring_search: 
--------------------------------------------------------------------------------
  41:                 return i
  42:         
  43:         if i < len(string) - len(substring):
  44:             
- 45:             rolling_hash = ((rolling_hash - (base_n * ord(string[i]))) * base) + (ord(string[i + len(substring)]) % prime_modulus)
+ 45:             rolling_hash = ((rolling_hash - (base_n // ord(string[i]))) * base) + (ord(string[i + len(substring)]) % prime_modulus)
  46:             
  47:             
  48:             rolling_hash = (rolling_hash + prime_modulus) % prime_modulus
  49:     
--------------------------------------------------------------------------------
[0.06724 s] survived
   - [#  21] AOR rabin_karp_substring_search: 
--------------------------------------------------------------------------------
  41:                 return i
  42:         
  43:         if i < len(string) - len(substring):
  44:             
- 45:             rolling_hash = ((rolling_hash - (base_n * ord(string[i]))) * base) + (ord(string[i + len(substring)]) % prime_modulus)
+ 45:             rolling_hash = ((rolling_hash - (base_n ** ord(string[i]))) * base) + (ord(string[i + len(substring)]) % prime_modulus)
  46:             
  47:             
  48:             rolling_hash = (rolling_hash + prime_modulus) % prime_modulus
  49:     
--------------------------------------------------------------------------------
[0.06779 s] survived
   - [#  22] AOR rabin_karp_substring_search: 
--------------------------------------------------------------------------------
  41:                 return i
  42:         
  43:         if i < len(string) - len(substring):
  44:             
- 45:             rolling_hash = ((rolling_hash - (base_n * ord(string[i]))) * base) + (ord(string[i + len(substring)]) % prime_modulus)
+ 45:             rolling_hash = ((rolling_hash - (base_n * ord(string[i]))) / base) + (ord(string[i + len(substring)]) % prime_modulus)
  46:             
  47:             
  48:             rolling_hash = (rolling_hash + prime_modulus) % prime_modulus
  49:     
--------------------------------------------------------------------------------
[0.06691 s] survived
   - [#  23] AOR rabin_karp_substring_search: 
--------------------------------------------------------------------------------
  41:                 return i
  42:         
  43:         if i < len(string) - len(substring):
  44:             
- 45:             rolling_hash = ((rolling_hash - (base_n * ord(string[i]))) * base) + (ord(string[i + len(substring)]) % prime_modulus)
+ 45:             rolling_hash = ((rolling_hash - (base_n * ord(string[i]))) // base) + (ord(string[i + len(substring)]) % prime_modulus)
  46:             
  47:             
  48:             rolling_hash = (rolling_hash + prime_modulus) % prime_modulus
  49:     
--------------------------------------------------------------------------------
[0.06975 s] survived
   - [#  24] AOR rabin_karp_substring_search: 
--------------------------------------------------------------------------------
  41:                 return i
  42:         
  43:         if i < len(string) - len(substring):
  44:             
- 45:             rolling_hash = ((rolling_hash - (base_n * ord(string[i]))) * base) + (ord(string[i + len(substring)]) % prime_modulus)
+ 45:             rolling_hash = ((rolling_hash - (base_n * ord(string[i]))) ** base) + (ord(string[i + len(substring)]) % prime_modulus)
  46:             
  47:             
  48:             rolling_hash = (rolling_hash + prime_modulus) % prime_modulus
  49:     
--------------------------------------------------------------------------------
[0.06752 s] survived
   - [#  25] AOR rabin_karp_substring_search: 
--------------------------------------------------------------------------------
  41:                 return i
  42:         
  43:         if i < len(string) - len(substring):
  44:             
- 45:             rolling_hash = ((rolling_hash - (base_n * ord(string[i]))) * base) + (ord(string[i + len(substring)]) % prime_modulus)
+ 45:             rolling_hash = ((rolling_hash - (base_n * ord(string[i]))) * base) - (ord(string[i + len(substring)]) % prime_modulus)
  46:             
  47:             
  48:             rolling_hash = (rolling_hash + prime_modulus) % prime_modulus
  49:     
--------------------------------------------------------------------------------
[0.06426 s] survived
   - [#  26] AOR rabin_karp_substring_search: 
--------------------------------------------------------------------------------
  41:                 return i
  42:         
  43:         if i < len(string) - len(substring):
  44:             
- 45:             rolling_hash = ((rolling_hash - (base_n * ord(string[i]))) * base) + (ord(string[i + len(substring)]) % prime_modulus)
+ 45:             rolling_hash = ((rolling_hash - (base_n * ord(string[i]))) * base) + (ord(string[i - len(substring)]) % prime_modulus)
  46:             
  47:             
  48:             rolling_hash = (rolling_hash + prime_modulus) % prime_modulus
  49:     
--------------------------------------------------------------------------------
[0.07898 s] survived
   - [#  27] AOR rabin_karp_substring_search: 
--------------------------------------------------------------------------------
  41:                 return i
  42:         
  43:         if i < len(string) - len(substring):
  44:             
- 45:             rolling_hash = ((rolling_hash - (base_n * ord(string[i]))) * base) + (ord(string[i + len(substring)]) % prime_modulus)
+ 45:             rolling_hash = ((rolling_hash - (base_n * ord(string[i]))) * base) + (ord(string[i + len(substring)]) * prime_modulus)
  46:             
  47:             
  48:             rolling_hash = (rolling_hash + prime_modulus) % prime_modulus
  49:     
--------------------------------------------------------------------------------
[0.06548 s] survived
   - [#  28] AOR rabin_karp_substring_search: 
--------------------------------------------------------------------------------
  44:             
  45:             rolling_hash = ((rolling_hash - (base_n * ord(string[i]))) * base) + (ord(string[i + len(substring)]) % prime_modulus)
  46:             
  47:             
- 48:             rolling_hash = (rolling_hash + prime_modulus) % prime_modulus
+ 48:             rolling_hash = (rolling_hash - prime_modulus) % prime_modulus
  49:     
  50:     return -1
--------------------------------------------------------------------------------
[0.06828 s] survived
   - [#  29] AOR rabin_karp_substring_search: 
--------------------------------------------------------------------------------
  44:             
  45:             rolling_hash = ((rolling_hash - (base_n * ord(string[i]))) * base) + (ord(string[i + len(substring)]) % prime_modulus)
  46:             
  47:             
- 48:             rolling_hash = (rolling_hash + prime_modulus) % prime_modulus
+ 48:             rolling_hash = (rolling_hash + prime_modulus) * prime_modulus
  49:     
  50:     return -1
--------------------------------------------------------------------------------
[0.06680 s] survived
   - [#  30] AOR rabin_karp_substring_search: 
--------------------------------------------------------------------------------
  46:             
  47:             
  48:             rolling_hash = (rolling_hash + prime_modulus) % prime_modulus
  49:     
- 50:     return -1
+ 50:     return +1
--------------------------------------------------------------------------------
[0.07536 s] killed by ALL-SMART/test_rabin_karp_substring_search_DYNAMOSA.py::test_case_2

def test_case_2():
        str_0 = '6\x0b3+'
        str_1 = 'Np\x0cK`m$(lyi?B|yNSv'
        var_0 = module_0.rabin_karp_find_substring(str_1, str_0)
>       assert var_0 == -1
E       AssertionError

ALL-SMART/test_rabin_karp_substring_search_DYNAMOSA.py:17: AssertionError
   - [#  31] BCR rabin_karp_substring_search: 
--------------------------------------------------------------------------------
  35:         if rolling_hash == substring_hash:
  36:             
  37:             for (s_i, letter) in enumerate(substring):
  38:                 if letter != string[i + s_i]:
- 39:                     break
+ 39:                     continue
  40:             else:
  41:                 return i
  42:         
  43:         if i < len(string) - len(substring):
--------------------------------------------------------------------------------
[0.07965 s] killed by ALL-SMART/test_rabin_karp_substring_search_DYNAMOSA.py::test_case_2

def test_case_2():
        str_0 = '6\x0b3+'
        str_1 = 'Np\x0cK`m$(lyi?B|yNSv'
        var_0 = module_0.rabin_karp_find_substring(str_1, str_0)
>       assert var_0 == -1
E       AssertionError

ALL-SMART/test_rabin_karp_substring_search_DYNAMOSA.py:17: AssertionError
   - [#  32] COI rabin_karp_substring_search: 
--------------------------------------------------------------------------------
  31:         substring_hash = ((base * substring_hash) + ord(substring[i])) % prime_modulus
  32:     
  33:     for i in range((len(string) - len(substring)) + 1):
  34:         
- 35:         if rolling_hash == substring_hash:
+ 35:         if not (rolling_hash == substring_hash):
  36:             
  37:             for (s_i, letter) in enumerate(substring):
  38:                 if letter != string[i + s_i]:
  39:                     break
--------------------------------------------------------------------------------
[0.08308 s] killed by ALL-SMART/test_rabin_karp_substring_search_DYNAMOSA.py::test_case_0

def test_case_0():
        str_0 = 'Bod2?F7=\t\r_j{Tix`>'
        var_0 = module_0.rabin_karp_find_substring(str_0, str_0)
>       assert var_0 == 0
E       AssertionError

ALL-SMART/test_rabin_karp_substring_search_DYNAMOSA.py:8: AssertionError
   - [#  33] COI rabin_karp_substring_search: 
--------------------------------------------------------------------------------
  34:         
  35:         if rolling_hash == substring_hash:
  36:             
  37:             for (s_i, letter) in enumerate(substring):
- 38:                 if letter != string[i + s_i]:
+ 38:                 if not (letter != string[i + s_i]):
  39:                     break
  40:             else:
  41:                 return i
  42:         
--------------------------------------------------------------------------------
[0.08352 s] killed by ALL-SMART/test_rabin_karp_substring_search_DYNAMOSA.py::test_case_0

def test_case_0():
        str_0 = 'Bod2?F7=\t\r_j{Tix`>'
        var_0 = module_0.rabin_karp_find_substring(str_0, str_0)
>       assert var_0 == 0
E       AssertionError

ALL-SMART/test_rabin_karp_substring_search_DYNAMOSA.py:8: AssertionError
   - [#  34] COI rabin_karp_substring_search: 
--------------------------------------------------------------------------------
  39:                     break
  40:             else:
  41:                 return i
  42:         
- 43:         if i < len(string) - len(substring):
+ 43:         if not (i < len(string) - len(substring)):
  44:             
  45:             rolling_hash = ((rolling_hash - (base_n * ord(string[i]))) * base) + (ord(string[i + len(substring)]) % prime_modulus)
  46:             
  47:             
--------------------------------------------------------------------------------
[0.08026 s] killed by ALL-SMART/test_rabin_karp_substring_search_DYNAMOSA.py::test_case_2

def test_case_2():
        str_0 = '6\x0b3+'
        str_1 = 'Np\x0cK`m$(lyi?B|yNSv'
>       var_0 = module_0.rabin_karp_find_substring(str_1, str_0)

ALL-SMART/test_rabin_karp_substring_search_DYNAMOSA.py:16: 
_ _ _ _ _ _ _ _ _ _ _ _ _ _ _ _ _ _ _ _ _ _ _ _ _ _ _ _ _ _ _ _ _ _ _ _ _ _ _ _ 

string = 'Np\x0cK`m$(lyi?B|yNSv', substring = '6\x0b3+', base = 256
prime_modulus = 487

>   ???
E   IndexError: string index out of range

rabin_karp_substring_search:45: IndexError
   - [#  35] OIL rabin_karp_substring_search: 
--------------------------------------------------------------------------------
  28:     
  29:     for i in range(len(substring)):
  30:         rolling_hash = ((base * rolling_hash) + ord(string[i])) % prime_modulus
  31:         substring_hash = ((base * substring_hash) + ord(substring[i])) % prime_modulus
- 32:     
+ 32:         break
  33:     for i in range((len(string) - len(substring)) + 1):
  34:         
  35:         if rolling_hash == substring_hash:
  36:             
--------------------------------------------------------------------------------
[0.06799 s] survived
   - [#  36] OIL rabin_karp_substring_search: 
--------------------------------------------------------------------------------
  45:             rolling_hash = ((rolling_hash - (base_n * ord(string[i]))) * base) + (ord(string[i + len(substring)]) % prime_modulus)
  46:             
  47:             
  48:             rolling_hash = (rolling_hash + prime_modulus) % prime_modulus
- 49:     
+ 49:         break
  50:     return -1
--------------------------------------------------------------------------------
[0.06960 s] survived
   - [#  37] OIL rabin_karp_substring_search: 
--------------------------------------------------------------------------------
  36:             
  37:             for (s_i, letter) in enumerate(substring):
  38:                 if letter != string[i + s_i]:
  39:                     break
- 40:             else:
- 41:                 return i
+ 40:                 break
+ 41:             else:return i
  42:         
  43:         if i < len(string) - len(substring):
  44:             
  45:             rolling_hash = ((rolling_hash - (base_n * ord(string[i]))) * base) + (ord(string[i + len(substring)]) % prime_modulus)
--------------------------------------------------------------------------------
[0.08073 s] killed by ALL-SMART/test_rabin_karp_substring_search_DYNAMOSA.py::test_case_0

def test_case_0():
        str_0 = 'Bod2?F7=\t\r_j{Tix`>'
        var_0 = module_0.rabin_karp_find_substring(str_0, str_0)
>       assert var_0 == 0
E       AssertionError

ALL-SMART/test_rabin_karp_substring_search_DYNAMOSA.py:8: AssertionError
   - [#  38] RIL rabin_karp_substring_search: 
--------------------------------------------------------------------------------
  25:     rolling_hash = 0
  26:     base_n = pow(base, len(substring) - 1) % prime_modulus
  27:     
  28:     
- 29:     for i in range(len(substring)):
+ 29:     for i in reversed(range(len(substring))):
  30:         rolling_hash = ((base * rolling_hash) + ord(string[i])) % prime_modulus
  31:         substring_hash = ((base * substring_hash) + ord(substring[i])) % prime_modulus
  32:     
  33:     for i in range((len(string) - len(substring)) + 1):
--------------------------------------------------------------------------------
[0.06922 s] survived
   - [#  39] RIL rabin_karp_substring_search: 
--------------------------------------------------------------------------------
  29:     for i in range(len(substring)):
  30:         rolling_hash = ((base * rolling_hash) + ord(string[i])) % prime_modulus
  31:         substring_hash = ((base * substring_hash) + ord(substring[i])) % prime_modulus
  32:     
- 33:     for i in range((len(string) - len(substring)) + 1):
+ 33:     for i in reversed(range((len(string) - len(substring)) + 1)):
  34:         
  35:         if rolling_hash == substring_hash:
  36:             
  37:             for (s_i, letter) in enumerate(substring):
--------------------------------------------------------------------------------
[0.06547 s] survived
   - [#  40] RIL rabin_karp_substring_search: 
--------------------------------------------------------------------------------
  33:     for i in range((len(string) - len(substring)) + 1):
  34:         
  35:         if rolling_hash == substring_hash:
  36:             
- 37:             for (s_i, letter) in enumerate(substring):
+ 37:             for (s_i, letter) in reversed(enumerate(substring)):
  38:                 if letter != string[i + s_i]:
  39:                     break
  40:             else:
  41:                 return i
--------------------------------------------------------------------------------
[0.07823 s] incompetent

TypeError: rabin_karp_substring_search:37: TypeError: 'enumerate' object is not reversible

   - [#  41] ROR rabin_karp_substring_search: 
--------------------------------------------------------------------------------
  31:         substring_hash = ((base * substring_hash) + ord(substring[i])) % prime_modulus
  32:     
  33:     for i in range((len(string) - len(substring)) + 1):
  34:         
- 35:         if rolling_hash == substring_hash:
+ 35:         if rolling_hash != substring_hash:
  36:             
  37:             for (s_i, letter) in enumerate(substring):
  38:                 if letter != string[i + s_i]:
  39:                     break
--------------------------------------------------------------------------------
[0.07989 s] killed by ALL-SMART/test_rabin_karp_substring_search_DYNAMOSA.py::test_case_0

def test_case_0():
        str_0 = 'Bod2?F7=\t\r_j{Tix`>'
        var_0 = module_0.rabin_karp_find_substring(str_0, str_0)
>       assert var_0 == 0
E       AssertionError

ALL-SMART/test_rabin_karp_substring_search_DYNAMOSA.py:8: AssertionError
   - [#  42] ROR rabin_karp_substring_search: 
--------------------------------------------------------------------------------
  34:         
  35:         if rolling_hash == substring_hash:
  36:             
  37:             for (s_i, letter) in enumerate(substring):
- 38:                 if letter != string[i + s_i]:
+ 38:                 if letter == string[i + s_i]:
  39:                     break
  40:             else:
  41:                 return i
  42:         
--------------------------------------------------------------------------------
[0.08033 s] killed by ALL-SMART/test_rabin_karp_substring_search_DYNAMOSA.py::test_case_0

def test_case_0():
        str_0 = 'Bod2?F7=\t\r_j{Tix`>'
        var_0 = module_0.rabin_karp_find_substring(str_0, str_0)
>       assert var_0 == 0
E       AssertionError

ALL-SMART/test_rabin_karp_substring_search_DYNAMOSA.py:8: AssertionError
   - [#  43] ROR rabin_karp_substring_search: 
--------------------------------------------------------------------------------
  39:                     break
  40:             else:
  41:                 return i
  42:         
- 43:         if i < len(string) - len(substring):
+ 43:         if i > len(string) - len(substring):
  44:             
  45:             rolling_hash = ((rolling_hash - (base_n * ord(string[i]))) * base) + (ord(string[i + len(substring)]) % prime_modulus)
  46:             
  47:             
--------------------------------------------------------------------------------
[0.06623 s] survived
   - [#  44] ROR rabin_karp_substring_search: 
--------------------------------------------------------------------------------
  39:                     break
  40:             else:
  41:                 return i
  42:         
- 43:         if i < len(string) - len(substring):
+ 43:         if i <= len(string) - len(substring):
  44:             
  45:             rolling_hash = ((rolling_hash - (base_n * ord(string[i]))) * base) + (ord(string[i + len(substring)]) % prime_modulus)
  46:             
  47:             
--------------------------------------------------------------------------------
[0.07722 s] killed by ALL-SMART/test_rabin_karp_substring_search_DYNAMOSA.py::test_case_2

def test_case_2():
        str_0 = '6\x0b3+'
        str_1 = 'Np\x0cK`m$(lyi?B|yNSv'
>       var_0 = module_0.rabin_karp_find_substring(str_1, str_0)

ALL-SMART/test_rabin_karp_substring_search_DYNAMOSA.py:16: 
_ _ _ _ _ _ _ _ _ _ _ _ _ _ _ _ _ _ _ _ _ _ _ _ _ _ _ _ _ _ _ _ _ _ _ _ _ _ _ _ 

string = 'Np\x0cK`m$(lyi?B|yNSv', substring = '6\x0b3+', base = 256
prime_modulus = 487

>   ???
E   IndexError: string index out of range

rabin_karp_substring_search:45: IndexError
   - [#  45] SDL rabin_karp_substring_search: 
--------------------------------------------------------------------------------
  20:         of a substring that is within the string.
  21: 
  22:     '''
  23:     
- 24:     substring_hash = 0
+ 24:     pass
  25:     rolling_hash = 0
  26:     base_n = pow(base, len(substring) - 1) % prime_modulus
  27:     
  28:     
--------------------------------------------------------------------------------
[0.07516 s] killed by ALL-SMART/test_rabin_karp_substring_search_DYNAMOSA.py::test_case_0

def test_case_0():
        str_0 = 'Bod2?F7=\t\r_j{Tix`>'
>       var_0 = module_0.rabin_karp_find_substring(str_0, str_0)

ALL-SMART/test_rabin_karp_substring_search_DYNAMOSA.py:7: 
_ _ _ _ _ _ _ _ _ _ _ _ _ _ _ _ _ _ _ _ _ _ _ _ _ _ _ _ _ _ _ _ _ _ _ _ _ _ _ _ 

string = 'Bod2?F7=\t\r_j{Tix`>', substring = 'Bod2?F7=\t\r_j{Tix`>', base = 256
prime_modulus = 487

>   ???
E   UnboundLocalError: local variable 'substring_hash' referenced before assignment

rabin_karp_substring_search:31: UnboundLocalError
   - [#  46] SDL rabin_karp_substring_search: 
--------------------------------------------------------------------------------
  21: 
  22:     '''
  23:     
  24:     substring_hash = 0
- 25:     rolling_hash = 0
+ 25:     pass
  26:     base_n = pow(base, len(substring) - 1) % prime_modulus
  27:     
  28:     
  29:     for i in range(len(substring)):
--------------------------------------------------------------------------------
[0.07831 s] killed by ALL-SMART/test_rabin_karp_substring_search_DYNAMOSA.py::test_case_0

def test_case_0():
        str_0 = 'Bod2?F7=\t\r_j{Tix`>'
>       var_0 = module_0.rabin_karp_find_substring(str_0, str_0)

ALL-SMART/test_rabin_karp_substring_search_DYNAMOSA.py:7: 
_ _ _ _ _ _ _ _ _ _ _ _ _ _ _ _ _ _ _ _ _ _ _ _ _ _ _ _ _ _ _ _ _ _ _ _ _ _ _ _ 

string = 'Bod2?F7=\t\r_j{Tix`>', substring = 'Bod2?F7=\t\r_j{Tix`>', base = 256
prime_modulus = 487

>   ???
E   UnboundLocalError: local variable 'rolling_hash' referenced before assignment

rabin_karp_substring_search:30: UnboundLocalError
   - [#  47] SDL rabin_karp_substring_search: 
--------------------------------------------------------------------------------
  22:     '''
  23:     
  24:     substring_hash = 0
  25:     rolling_hash = 0
- 26:     base_n = pow(base, len(substring) - 1) % prime_modulus
+ 26:     pass
  27:     
  28:     
  29:     for i in range(len(substring)):
  30:         rolling_hash = ((base * rolling_hash) + ord(string[i])) % prime_modulus
--------------------------------------------------------------------------------
[0.07665 s] killed by ALL-SMART/test_rabin_karp_substring_search_DYNAMOSA.py::test_case_2

def test_case_2():
        str_0 = '6\x0b3+'
        str_1 = 'Np\x0cK`m$(lyi?B|yNSv'
>       var_0 = module_0.rabin_karp_find_substring(str_1, str_0)

ALL-SMART/test_rabin_karp_substring_search_DYNAMOSA.py:16: 
_ _ _ _ _ _ _ _ _ _ _ _ _ _ _ _ _ _ _ _ _ _ _ _ _ _ _ _ _ _ _ _ _ _ _ _ _ _ _ _ 

string = 'Np\x0cK`m$(lyi?B|yNSv', substring = '6\x0b3+', base = 256
prime_modulus = 487

>   ???
E   NameError: name 'base_n' is not defined

rabin_karp_substring_search:45: NameError
   - [#  48] SDL rabin_karp_substring_search: 
--------------------------------------------------------------------------------
  26:     base_n = pow(base, len(substring) - 1) % prime_modulus
  27:     
  28:     
  29:     for i in range(len(substring)):
- 30:         rolling_hash = ((base * rolling_hash) + ord(string[i])) % prime_modulus
+ 30:         pass
  31:         substring_hash = ((base * substring_hash) + ord(substring[i])) % prime_modulus
  32:     
  33:     for i in range((len(string) - len(substring)) + 1):
  34:         
--------------------------------------------------------------------------------
[0.09179 s] killed by ALL-SMART/test_rabin_karp_substring_search_DYNAMOSA.py::test_case_0

def test_case_0():
        str_0 = 'Bod2?F7=\t\r_j{Tix`>'
        var_0 = module_0.rabin_karp_find_substring(str_0, str_0)
>       assert var_0 == 0
E       AssertionError

ALL-SMART/test_rabin_karp_substring_search_DYNAMOSA.py:8: AssertionError
   - [#  49] SDL rabin_karp_substring_search: 
--------------------------------------------------------------------------------
  27:     
  28:     
  29:     for i in range(len(substring)):
  30:         rolling_hash = ((base * rolling_hash) + ord(string[i])) % prime_modulus
- 31:         substring_hash = ((base * substring_hash) + ord(substring[i])) % prime_modulus
+ 31:         pass
  32:     
  33:     for i in range((len(string) - len(substring)) + 1):
  34:         
  35:         if rolling_hash == substring_hash:
--------------------------------------------------------------------------------
[0.09307 s] killed by ALL-SMART/test_rabin_karp_substring_search_DYNAMOSA.py::test_case_0

def test_case_0():
        str_0 = 'Bod2?F7=\t\r_j{Tix`>'
        var_0 = module_0.rabin_karp_find_substring(str_0, str_0)
>       assert var_0 == 0
E       AssertionError

ALL-SMART/test_rabin_karp_substring_search_DYNAMOSA.py:8: AssertionError
   - [#  50] SDL rabin_karp_substring_search: 
--------------------------------------------------------------------------------
  37:             for (s_i, letter) in enumerate(substring):
  38:                 if letter != string[i + s_i]:
  39:                     break
  40:             else:
- 41:                 return i
+ 41:                 pass
  42:         
  43:         if i < len(string) - len(substring):
  44:             
  45:             rolling_hash = ((rolling_hash - (base_n * ord(string[i]))) * base) + (ord(string[i + len(substring)]) % prime_modulus)
--------------------------------------------------------------------------------
[0.08200 s] killed by ALL-SMART/test_rabin_karp_substring_search_DYNAMOSA.py::test_case_0

def test_case_0():
        str_0 = 'Bod2?F7=\t\r_j{Tix`>'
        var_0 = module_0.rabin_karp_find_substring(str_0, str_0)
>       assert var_0 == 0
E       AssertionError

ALL-SMART/test_rabin_karp_substring_search_DYNAMOSA.py:8: AssertionError
   - [#  51] SDL rabin_karp_substring_search: 
--------------------------------------------------------------------------------
  41:                 return i
  42:         
  43:         if i < len(string) - len(substring):
  44:             
- 45:             rolling_hash = ((rolling_hash - (base_n * ord(string[i]))) * base) + (ord(string[i + len(substring)]) % prime_modulus)
+ 45:             pass
  46:             
  47:             
  48:             rolling_hash = (rolling_hash + prime_modulus) % prime_modulus
  49:     
--------------------------------------------------------------------------------
[0.06776 s] survived
   - [#  52] SDL rabin_karp_substring_search: 
--------------------------------------------------------------------------------
  44:             
  45:             rolling_hash = ((rolling_hash - (base_n * ord(string[i]))) * base) + (ord(string[i + len(substring)]) % prime_modulus)
  46:             
  47:             
- 48:             rolling_hash = (rolling_hash + prime_modulus) % prime_modulus
+ 48:             pass
  49:     
  50:     return -1
--------------------------------------------------------------------------------
[0.06646 s] survived
   - [#  53] SDL rabin_karp_substring_search: 
--------------------------------------------------------------------------------
  46:             
  47:             
  48:             rolling_hash = (rolling_hash + prime_modulus) % prime_modulus
  49:     
- 50:     return -1
+ 50:     pass
--------------------------------------------------------------------------------
[0.08084 s] killed by ALL-SMART/test_rabin_karp_substring_search_DYNAMOSA.py::test_case_2

def test_case_2():
        str_0 = '6\x0b3+'
        str_1 = 'Np\x0cK`m$(lyi?B|yNSv'
        var_0 = module_0.rabin_karp_find_substring(str_1, str_0)
>       assert var_0 == -1
E       AssertionError

ALL-SMART/test_rabin_karp_substring_search_DYNAMOSA.py:17: AssertionError
   - [#  54] ZIL rabin_karp_substring_search: 
--------------------------------------------------------------------------------
  26:     base_n = pow(base, len(substring) - 1) % prime_modulus
  27:     
  28:     
  29:     for i in range(len(substring)):
- 30:         rolling_hash = ((base * rolling_hash) + ord(string[i])) % prime_modulus
- 31:         substring_hash = ((base * substring_hash) + ord(substring[i])) % prime_modulus
+ 30:         break
+ 31:     
  32:     
  33:     for i in range((len(string) - len(substring)) + 1):
  34:         
  35:         if rolling_hash == substring_hash:
--------------------------------------------------------------------------------
[0.06871 s] survived
   - [#  55] ZIL rabin_karp_substring_search: 
--------------------------------------------------------------------------------
  31:         substring_hash = ((base * substring_hash) + ord(substring[i])) % prime_modulus
  32:     
  33:     for i in range((len(string) - len(substring)) + 1):
  34:         
- 35:         if rolling_hash == substring_hash:
- 36:             
- 37:             for (s_i, letter) in enumerate(substring):
- 38:                 if letter != string[i + s_i]:
- 39:                     break
- 40:             else:
- 41:                 return i
- 42:         
- 43:         if i < len(string) - len(substring):
- 44:             
- 45:             rolling_hash = ((rolling_hash - (base_n * ord(string[i]))) * base) + (ord(string[i + len(substring)]) % prime_modulus)
- 46:             
- 47:             
- 48:             rolling_hash = (rolling_hash + prime_modulus) % prime_modulus
+ 35:         break
+ 36:     
+ 37:     
+ 38:     
+ 39:     
+ 40:     
+ 41:     
+ 42:     
+ 43:     
+ 44:     
+ 45:     
+ 46:     
+ 47:     
+ 48:     
  49:     
  50:     return -1
--------------------------------------------------------------------------------
[0.08310 s] killed by ALL-SMART/test_rabin_karp_substring_search_DYNAMOSA.py::test_case_0

def test_case_0():
        str_0 = 'Bod2?F7=\t\r_j{Tix`>'
        var_0 = module_0.rabin_karp_find_substring(str_0, str_0)
>       assert var_0 == 0
E       AssertionError

ALL-SMART/test_rabin_karp_substring_search_DYNAMOSA.py:8: AssertionError
   - [#  56] ZIL rabin_karp_substring_search: 
--------------------------------------------------------------------------------
  34:         
  35:         if rolling_hash == substring_hash:
  36:             
  37:             for (s_i, letter) in enumerate(substring):
- 38:                 if letter != string[i + s_i]:
- 39:                     break
- 40:             else:
+ 38:                 break
+ 39:             else:
+ 40:                 
  41:                 return i
  42:         
  43:         if i < len(string) - len(substring):
  44:             
--------------------------------------------------------------------------------
[0.07773 s] killed by ALL-SMART/test_rabin_karp_substring_search_DYNAMOSA.py::test_case_0

def test_case_0():
        str_0 = 'Bod2?F7=\t\r_j{Tix`>'
        var_0 = module_0.rabin_karp_find_substring(str_0, str_0)
>       assert var_0 == 0
E       AssertionError

ALL-SMART/test_rabin_karp_substring_search_DYNAMOSA.py:8: AssertionError
[*] Mutation score [5.79804 s]: 60.0%
   - all: 56
   - killed: 33 (58.9%)
   - survived: 22 (39.3%)
   - incompetent: 1 (1.8%)
   - timeout: 0 (0.0%)
