[34m[*][0m Start mutation process:
[36m   -[0m targets: rabin_karp_substring_search.py
[36m   -[0m tests: ./0-ts
[34m[*][0m 4 tests passed:
[36m   -[0m test_rabin_karp [0.16275 s]
[34m[*][0m Start mutants generation and execution:
[36m   -[0m [#   1] AOD rabin_karp_substring_search: 
--------------------------------------------------------------------------------
  46:             
  47:             
  48:             rolling_hash = (rolling_hash + prime_modulus) % prime_modulus
  49:     
[34m- 50:     return -1[0m
[32m+ 50:     return 1[0m
--------------------------------------------------------------------------------
[0.12745 s] [32mkilled[0m by 0-ts/test_rabin_karp.py::test_rabin_karp_miss

def test_rabin_karp_miss():
>       assert rabin_karp_find_substring('hello','af') == -1
E       AssertionError

0-ts/test_rabin_karp.py:9: AssertionError
[36m   -[0m [#   2] AOR rabin_karp_substring_search: 
--------------------------------------------------------------------------------
  22:     '''
  23:     
  24:     substring_hash = 0
  25:     rolling_hash = 0
[34m- 26:     base_n = pow(base, len(substring) - 1) % prime_modulus[0m
[32m+ 26:     base_n = pow(base, len(substring) + 1) % prime_modulus[0m
  27:     
  28:     
  29:     for i in range(len(substring)):
  30:         rolling_hash = ((base * rolling_hash) + ord(string[i])) % prime_modulus
--------------------------------------------------------------------------------
[0.09616 s] [32mkilled[0m by 0-ts/test_rabin_karp.py::test_rabin_karp

def test_rabin_karp():
>       assert rabin_karp_find_substring('hello','llo') == 2
E       AssertionError

0-ts/test_rabin_karp.py:5: AssertionError
[36m   -[0m [#   3] AOR rabin_karp_substring_search: 
--------------------------------------------------------------------------------
  22:     '''
  23:     
  24:     substring_hash = 0
  25:     rolling_hash = 0
[34m- 26:     base_n = pow(base, len(substring) - 1) % prime_modulus[0m
[32m+ 26:     base_n = pow(base, len(substring) - 1) * prime_modulus[0m
  27:     
  28:     
  29:     for i in range(len(substring)):
  30:         rolling_hash = ((base * rolling_hash) + ord(string[i])) % prime_modulus
--------------------------------------------------------------------------------
[0.12466 s] [32mkilled[0m by 0-ts/test_rabin_karp.py::test_rabin_karp

def test_rabin_karp():
>       assert rabin_karp_find_substring('hello','llo') == 2
E       AssertionError

0-ts/test_rabin_karp.py:5: AssertionError
[36m   -[0m [#   4] AOR rabin_karp_substring_search: 
--------------------------------------------------------------------------------
  26:     base_n = pow(base, len(substring) - 1) % prime_modulus
  27:     
  28:     
  29:     for i in range(len(substring)):
[34m- 30:         rolling_hash = ((base * rolling_hash) + ord(string[i])) % prime_modulus[0m
[32m+ 30:         rolling_hash = ((base / rolling_hash) + ord(string[i])) % prime_modulus[0m
  31:         substring_hash = ((base * substring_hash) + ord(substring[i])) % prime_modulus
  32:     
  33:     for i in range((len(string) - len(substring)) + 1):
  34:         
--------------------------------------------------------------------------------
[0.11791 s] [32mkilled[0m by 0-ts/test_rabin_karp.py::test_rabin_karp

def test_rabin_karp():
>       assert rabin_karp_find_substring('hello','llo') == 2

0-ts/test_rabin_karp.py:5: 
_ _ _ _ _ _ _ _ _ _ _ _ _ _ _ _ _ _ _ _ _ _ _ _ _ _ _ _ _ _ _ _ _ _ _ _ _ _ _ _ 

string = 'hello', substring = 'llo', base = 256, prime_modulus = 487

>   ???
E   ZeroDivisionError: division by zero

rabin_karp_substring_search:30: ZeroDivisionError
[36m   -[0m [#   5] AOR rabin_karp_substring_search: 
--------------------------------------------------------------------------------
  26:     base_n = pow(base, len(substring) - 1) % prime_modulus
  27:     
  28:     
  29:     for i in range(len(substring)):
[34m- 30:         rolling_hash = ((base * rolling_hash) + ord(string[i])) % prime_modulus[0m
[32m+ 30:         rolling_hash = ((base // rolling_hash) + ord(string[i])) % prime_modulus[0m
  31:         substring_hash = ((base * substring_hash) + ord(substring[i])) % prime_modulus
  32:     
  33:     for i in range((len(string) - len(substring)) + 1):
  34:         
--------------------------------------------------------------------------------
[0.11731 s] [32mkilled[0m by 0-ts/test_rabin_karp.py::test_rabin_karp

def test_rabin_karp():
>       assert rabin_karp_find_substring('hello','llo') == 2

0-ts/test_rabin_karp.py:5: 
_ _ _ _ _ _ _ _ _ _ _ _ _ _ _ _ _ _ _ _ _ _ _ _ _ _ _ _ _ _ _ _ _ _ _ _ _ _ _ _ 

string = 'hello', substring = 'llo', base = 256, prime_modulus = 487

>   ???
E   ZeroDivisionError: integer division or modulo by zero

rabin_karp_substring_search:30: ZeroDivisionError
[36m   -[0m [#   6] AOR rabin_karp_substring_search: 
--------------------------------------------------------------------------------
  26:     base_n = pow(base, len(substring) - 1) % prime_modulus
  27:     
  28:     
  29:     for i in range(len(substring)):
[34m- 30:         rolling_hash = ((base * rolling_hash) + ord(string[i])) % prime_modulus[0m
[32m+ 30:         rolling_hash = ((base ** rolling_hash) + ord(string[i])) % prime_modulus[0m
  31:         substring_hash = ((base * substring_hash) + ord(substring[i])) % prime_modulus
  32:     
  33:     for i in range((len(string) - len(substring)) + 1):
  34:         
--------------------------------------------------------------------------------
[0.12321 s] [32mkilled[0m by 0-ts/test_rabin_karp.py::test_rabin_karp

def test_rabin_karp():
>       assert rabin_karp_find_substring('hello','llo') == 2
E       AssertionError

0-ts/test_rabin_karp.py:5: AssertionError
[36m   -[0m [#   7] AOR rabin_karp_substring_search: 
--------------------------------------------------------------------------------
  26:     base_n = pow(base, len(substring) - 1) % prime_modulus
  27:     
  28:     
  29:     for i in range(len(substring)):
[34m- 30:         rolling_hash = ((base * rolling_hash) + ord(string[i])) % prime_modulus[0m
[32m+ 30:         rolling_hash = ((base * rolling_hash) - ord(string[i])) % prime_modulus[0m
  31:         substring_hash = ((base * substring_hash) + ord(substring[i])) % prime_modulus
  32:     
  33:     for i in range((len(string) - len(substring)) + 1):
  34:         
--------------------------------------------------------------------------------
[0.12209 s] [32mkilled[0m by 0-ts/test_rabin_karp.py::test_rabin_karp

def test_rabin_karp():
>       assert rabin_karp_find_substring('hello','llo') == 2
E       AssertionError

0-ts/test_rabin_karp.py:5: AssertionError
[36m   -[0m [#   8] AOR rabin_karp_substring_search: 
--------------------------------------------------------------------------------
  26:     base_n = pow(base, len(substring) - 1) % prime_modulus
  27:     
  28:     
  29:     for i in range(len(substring)):
[34m- 30:         rolling_hash = ((base * rolling_hash) + ord(string[i])) % prime_modulus[0m
[32m+ 30:         rolling_hash = ((base * rolling_hash) + ord(string[i])) * prime_modulus[0m
  31:         substring_hash = ((base * substring_hash) + ord(substring[i])) % prime_modulus
  32:     
  33:     for i in range((len(string) - len(substring)) + 1):
  34:         
--------------------------------------------------------------------------------
[0.12376 s] [32mkilled[0m by 0-ts/test_rabin_karp.py::test_rabin_karp

def test_rabin_karp():
>       assert rabin_karp_find_substring('hello','llo') == 2
E       AssertionError

0-ts/test_rabin_karp.py:5: AssertionError
[36m   -[0m [#   9] AOR rabin_karp_substring_search: 
--------------------------------------------------------------------------------
  27:     
  28:     
  29:     for i in range(len(substring)):
  30:         rolling_hash = ((base * rolling_hash) + ord(string[i])) % prime_modulus
[34m- 31:         substring_hash = ((base * substring_hash) + ord(substring[i])) % prime_modulus[0m
[32m+ 31:         substring_hash = ((base / substring_hash) + ord(substring[i])) % prime_modulus[0m
  32:     
  33:     for i in range((len(string) - len(substring)) + 1):
  34:         
  35:         if rolling_hash == substring_hash:
--------------------------------------------------------------------------------
[0.12357 s] [32mkilled[0m by 0-ts/test_rabin_karp.py::test_rabin_karp

def test_rabin_karp():
>       assert rabin_karp_find_substring('hello','llo') == 2

0-ts/test_rabin_karp.py:5: 
_ _ _ _ _ _ _ _ _ _ _ _ _ _ _ _ _ _ _ _ _ _ _ _ _ _ _ _ _ _ _ _ _ _ _ _ _ _ _ _ 

string = 'hello', substring = 'llo', base = 256, prime_modulus = 487

>   ???
E   ZeroDivisionError: division by zero

rabin_karp_substring_search:31: ZeroDivisionError
[36m   -[0m [#  10] AOR rabin_karp_substring_search: 
--------------------------------------------------------------------------------
  27:     
  28:     
  29:     for i in range(len(substring)):
  30:         rolling_hash = ((base * rolling_hash) + ord(string[i])) % prime_modulus
[34m- 31:         substring_hash = ((base * substring_hash) + ord(substring[i])) % prime_modulus[0m
[32m+ 31:         substring_hash = ((base // substring_hash) + ord(substring[i])) % prime_modulus[0m
  32:     
  33:     for i in range((len(string) - len(substring)) + 1):
  34:         
  35:         if rolling_hash == substring_hash:
--------------------------------------------------------------------------------
[0.12463 s] [32mkilled[0m by 0-ts/test_rabin_karp.py::test_rabin_karp

def test_rabin_karp():
>       assert rabin_karp_find_substring('hello','llo') == 2

0-ts/test_rabin_karp.py:5: 
_ _ _ _ _ _ _ _ _ _ _ _ _ _ _ _ _ _ _ _ _ _ _ _ _ _ _ _ _ _ _ _ _ _ _ _ _ _ _ _ 

string = 'hello', substring = 'llo', base = 256, prime_modulus = 487

>   ???
E   ZeroDivisionError: integer division or modulo by zero

rabin_karp_substring_search:31: ZeroDivisionError
[36m   -[0m [#  11] AOR rabin_karp_substring_search: 
--------------------------------------------------------------------------------
  27:     
  28:     
  29:     for i in range(len(substring)):
  30:         rolling_hash = ((base * rolling_hash) + ord(string[i])) % prime_modulus
[34m- 31:         substring_hash = ((base * substring_hash) + ord(substring[i])) % prime_modulus[0m
[32m+ 31:         substring_hash = ((base ** substring_hash) + ord(substring[i])) % prime_modulus[0m
  32:     
  33:     for i in range((len(string) - len(substring)) + 1):
  34:         
  35:         if rolling_hash == substring_hash:
--------------------------------------------------------------------------------
[0.12370 s] [32mkilled[0m by 0-ts/test_rabin_karp.py::test_rabin_karp

def test_rabin_karp():
>       assert rabin_karp_find_substring('hello','llo') == 2
E       AssertionError

0-ts/test_rabin_karp.py:5: AssertionError
[36m   -[0m [#  12] AOR rabin_karp_substring_search: 
--------------------------------------------------------------------------------
  27:     
  28:     
  29:     for i in range(len(substring)):
  30:         rolling_hash = ((base * rolling_hash) + ord(string[i])) % prime_modulus
[34m- 31:         substring_hash = ((base * substring_hash) + ord(substring[i])) % prime_modulus[0m
[32m+ 31:         substring_hash = ((base * substring_hash) - ord(substring[i])) % prime_modulus[0m
  32:     
  33:     for i in range((len(string) - len(substring)) + 1):
  34:         
  35:         if rolling_hash == substring_hash:
--------------------------------------------------------------------------------
[0.12440 s] [32mkilled[0m by 0-ts/test_rabin_karp.py::test_rabin_karp

def test_rabin_karp():
>       assert rabin_karp_find_substring('hello','llo') == 2
E       AssertionError

0-ts/test_rabin_karp.py:5: AssertionError
[36m   -[0m [#  13] AOR rabin_karp_substring_search: 
--------------------------------------------------------------------------------
  27:     
  28:     
  29:     for i in range(len(substring)):
  30:         rolling_hash = ((base * rolling_hash) + ord(string[i])) % prime_modulus
[34m- 31:         substring_hash = ((base * substring_hash) + ord(substring[i])) % prime_modulus[0m
[32m+ 31:         substring_hash = ((base * substring_hash) + ord(substring[i])) * prime_modulus[0m
  32:     
  33:     for i in range((len(string) - len(substring)) + 1):
  34:         
  35:         if rolling_hash == substring_hash:
--------------------------------------------------------------------------------
[0.09384 s] [32mkilled[0m by 0-ts/test_rabin_karp.py::test_rabin_karp

def test_rabin_karp():
>       assert rabin_karp_find_substring('hello','llo') == 2
E       AssertionError

0-ts/test_rabin_karp.py:5: AssertionError
[36m   -[0m [#  14] AOR rabin_karp_substring_search: 
--------------------------------------------------------------------------------
  29:     for i in range(len(substring)):
  30:         rolling_hash = ((base * rolling_hash) + ord(string[i])) % prime_modulus
  31:         substring_hash = ((base * substring_hash) + ord(substring[i])) % prime_modulus
  32:     
[34m- 33:     for i in range((len(string) - len(substring)) + 1):[0m
[32m+ 33:     for i in range((len(string) + len(substring)) + 1):[0m
  34:         
  35:         if rolling_hash == substring_hash:
  36:             
  37:             for (s_i, letter) in enumerate(substring):
--------------------------------------------------------------------------------
[0.08217 s] [31msurvived[0m
[36m   -[0m [#  15] AOR rabin_karp_substring_search: 
--------------------------------------------------------------------------------
  29:     for i in range(len(substring)):
  30:         rolling_hash = ((base * rolling_hash) + ord(string[i])) % prime_modulus
  31:         substring_hash = ((base * substring_hash) + ord(substring[i])) % prime_modulus
  32:     
[34m- 33:     for i in range((len(string) - len(substring)) + 1):[0m
[32m+ 33:     for i in range((len(string) - len(substring)) - 1):[0m
  34:         
  35:         if rolling_hash == substring_hash:
  36:             
  37:             for (s_i, letter) in enumerate(substring):
--------------------------------------------------------------------------------
[0.12291 s] [32mkilled[0m by 0-ts/test_rabin_karp.py::test_rabin_karp

def test_rabin_karp():
>       assert rabin_karp_find_substring('hello','llo') == 2
E       AssertionError

0-ts/test_rabin_karp.py:5: AssertionError
[36m   -[0m [#  16] AOR rabin_karp_substring_search: 
--------------------------------------------------------------------------------
  34:         
  35:         if rolling_hash == substring_hash:
  36:             
  37:             for (s_i, letter) in enumerate(substring):
[34m- 38:                 if letter != string[i + s_i]:[0m
[32m+ 38:                 if letter != string[i - s_i]:[0m
  39:                     break
  40:             else:
  41:                 return i
  42:         
--------------------------------------------------------------------------------
[0.10508 s] [32mkilled[0m by 0-ts/test_rabin_karp.py::test_rabin_karp

def test_rabin_karp():
>       assert rabin_karp_find_substring('hello','llo') == 2
E       AssertionError

0-ts/test_rabin_karp.py:5: AssertionError
[36m   -[0m [#  17] AOR rabin_karp_substring_search: 
--------------------------------------------------------------------------------
  39:                     break
  40:             else:
  41:                 return i
  42:         
[34m- 43:         if i < len(string) - len(substring):[0m
[32m+ 43:         if i < len(string) + len(substring):[0m
  44:             
  45:             rolling_hash = ((rolling_hash - (base_n * ord(string[i]))) * base) + (ord(string[i + len(substring)]) % prime_modulus)
  46:             
  47:             
--------------------------------------------------------------------------------
[0.09753 s] [32mkilled[0m by 0-ts/test_rabin_karp.py::test_rabin_karp_miss

def test_rabin_karp_miss():
>       assert rabin_karp_find_substring('hello','af') == -1

0-ts/test_rabin_karp.py:9: 
_ _ _ _ _ _ _ _ _ _ _ _ _ _ _ _ _ _ _ _ _ _ _ _ _ _ _ _ _ _ _ _ _ _ _ _ _ _ _ _ 

string = 'hello', substring = 'af', base = 256, prime_modulus = 487

>   ???
E   IndexError: string index out of range

rabin_karp_substring_search:45: IndexError
[36m   -[0m [#  18] AOR rabin_karp_substring_search: 
--------------------------------------------------------------------------------
  41:                 return i
  42:         
  43:         if i < len(string) - len(substring):
  44:             
[34m- 45:             rolling_hash = ((rolling_hash - (base_n * ord(string[i]))) * base) + (ord(string[i + len(substring)]) % prime_modulus)[0m
[32m+ 45:             rolling_hash = ((rolling_hash + (base_n * ord(string[i]))) * base) + (ord(string[i + len(substring)]) % prime_modulus)[0m
  46:             
  47:             
  48:             rolling_hash = (rolling_hash + prime_modulus) % prime_modulus
  49:     
--------------------------------------------------------------------------------
[0.09475 s] [32mkilled[0m by 0-ts/test_rabin_karp.py::test_rabin_karp

def test_rabin_karp():
>       assert rabin_karp_find_substring('hello','llo') == 2
E       AssertionError

0-ts/test_rabin_karp.py:5: AssertionError
[36m   -[0m [#  19] AOR rabin_karp_substring_search: 
--------------------------------------------------------------------------------
  41:                 return i
  42:         
  43:         if i < len(string) - len(substring):
  44:             
[34m- 45:             rolling_hash = ((rolling_hash - (base_n * ord(string[i]))) * base) + (ord(string[i + len(substring)]) % prime_modulus)[0m
[32m+ 45:             rolling_hash = ((rolling_hash - (base_n / ord(string[i]))) * base) + (ord(string[i + len(substring)]) % prime_modulus)[0m
  46:             
  47:             
  48:             rolling_hash = (rolling_hash + prime_modulus) % prime_modulus
  49:     
--------------------------------------------------------------------------------
[0.09492 s] [32mkilled[0m by 0-ts/test_rabin_karp.py::test_rabin_karp

def test_rabin_karp():
>       assert rabin_karp_find_substring('hello','llo') == 2
E       AssertionError

0-ts/test_rabin_karp.py:5: AssertionError
[36m   -[0m [#  20] AOR rabin_karp_substring_search: 
--------------------------------------------------------------------------------
  41:                 return i
  42:         
  43:         if i < len(string) - len(substring):
  44:             
[34m- 45:             rolling_hash = ((rolling_hash - (base_n * ord(string[i]))) * base) + (ord(string[i + len(substring)]) % prime_modulus)[0m
[32m+ 45:             rolling_hash = ((rolling_hash - (base_n // ord(string[i]))) * base) + (ord(string[i + len(substring)]) % prime_modulus)[0m
  46:             
  47:             
  48:             rolling_hash = (rolling_hash + prime_modulus) % prime_modulus
  49:     
--------------------------------------------------------------------------------
[0.09589 s] [32mkilled[0m by 0-ts/test_rabin_karp.py::test_rabin_karp

def test_rabin_karp():
>       assert rabin_karp_find_substring('hello','llo') == 2
E       AssertionError

0-ts/test_rabin_karp.py:5: AssertionError
[36m   -[0m [#  21] AOR rabin_karp_substring_search: 
--------------------------------------------------------------------------------
  41:                 return i
  42:         
  43:         if i < len(string) - len(substring):
  44:             
[34m- 45:             rolling_hash = ((rolling_hash - (base_n * ord(string[i]))) * base) + (ord(string[i + len(substring)]) % prime_modulus)[0m
[32m+ 45:             rolling_hash = ((rolling_hash - (base_n ** ord(string[i]))) * base) + (ord(string[i + len(substring)]) % prime_modulus)[0m
  46:             
  47:             
  48:             rolling_hash = (rolling_hash + prime_modulus) % prime_modulus
  49:     
--------------------------------------------------------------------------------
[0.10991 s] [32mkilled[0m by 0-ts/test_rabin_karp.py::test_rabin_karp

def test_rabin_karp():
>       assert rabin_karp_find_substring('hello','llo') == 2
E       AssertionError

0-ts/test_rabin_karp.py:5: AssertionError
[36m   -[0m [#  22] AOR rabin_karp_substring_search: 
--------------------------------------------------------------------------------
  41:                 return i
  42:         
  43:         if i < len(string) - len(substring):
  44:             
[34m- 45:             rolling_hash = ((rolling_hash - (base_n * ord(string[i]))) * base) + (ord(string[i + len(substring)]) % prime_modulus)[0m
[32m+ 45:             rolling_hash = ((rolling_hash - (base_n * ord(string[i]))) / base) + (ord(string[i + len(substring)]) % prime_modulus)[0m
  46:             
  47:             
  48:             rolling_hash = (rolling_hash + prime_modulus) % prime_modulus
  49:     
--------------------------------------------------------------------------------
[0.12409 s] [32mkilled[0m by 0-ts/test_rabin_karp.py::test_rabin_karp

def test_rabin_karp():
>       assert rabin_karp_find_substring('hello','llo') == 2
E       AssertionError

0-ts/test_rabin_karp.py:5: AssertionError
[36m   -[0m [#  23] AOR rabin_karp_substring_search: 
--------------------------------------------------------------------------------
  41:                 return i
  42:         
  43:         if i < len(string) - len(substring):
  44:             
[34m- 45:             rolling_hash = ((rolling_hash - (base_n * ord(string[i]))) * base) + (ord(string[i + len(substring)]) % prime_modulus)[0m
[32m+ 45:             rolling_hash = ((rolling_hash - (base_n * ord(string[i]))) // base) + (ord(string[i + len(substring)]) % prime_modulus)[0m
  46:             
  47:             
  48:             rolling_hash = (rolling_hash + prime_modulus) % prime_modulus
  49:     
--------------------------------------------------------------------------------
[0.11841 s] [32mkilled[0m by 0-ts/test_rabin_karp.py::test_rabin_karp

def test_rabin_karp():
>       assert rabin_karp_find_substring('hello','llo') == 2
E       AssertionError

0-ts/test_rabin_karp.py:5: AssertionError
[36m   -[0m [#  24] AOR rabin_karp_substring_search: 
--------------------------------------------------------------------------------
  41:                 return i
  42:         
  43:         if i < len(string) - len(substring):
  44:             
[34m- 45:             rolling_hash = ((rolling_hash - (base_n * ord(string[i]))) * base) + (ord(string[i + len(substring)]) % prime_modulus)[0m
[32m+ 45:             rolling_hash = ((rolling_hash - (base_n * ord(string[i]))) ** base) + (ord(string[i + len(substring)]) % prime_modulus)[0m
  46:             
  47:             
  48:             rolling_hash = (rolling_hash + prime_modulus) % prime_modulus
  49:     
--------------------------------------------------------------------------------
[0.14259 s] [32mkilled[0m by 0-ts/test_rabin_karp.py::test_rabin_karp

def test_rabin_karp():
>       assert rabin_karp_find_substring('hello','llo') == 2
E       AssertionError

0-ts/test_rabin_karp.py:5: AssertionError
[36m   -[0m [#  25] AOR rabin_karp_substring_search: 
--------------------------------------------------------------------------------
  41:                 return i
  42:         
  43:         if i < len(string) - len(substring):
  44:             
[34m- 45:             rolling_hash = ((rolling_hash - (base_n * ord(string[i]))) * base) + (ord(string[i + len(substring)]) % prime_modulus)[0m
[32m+ 45:             rolling_hash = ((rolling_hash - (base_n * ord(string[i]))) * base) - (ord(string[i + len(substring)]) % prime_modulus)[0m
  46:             
  47:             
  48:             rolling_hash = (rolling_hash + prime_modulus) % prime_modulus
  49:     
--------------------------------------------------------------------------------
[0.13955 s] [32mkilled[0m by 0-ts/test_rabin_karp.py::test_rabin_karp

def test_rabin_karp():
        assert rabin_karp_find_substring('hello','llo') == 2
>       assert rabin_karp_find_substring('aabbababaa','babaa') == 5
E       AssertionError

0-ts/test_rabin_karp.py:6: AssertionError
[36m   -[0m [#  26] AOR rabin_karp_substring_search: 
--------------------------------------------------------------------------------
  41:                 return i
  42:         
  43:         if i < len(string) - len(substring):
  44:             
[34m- 45:             rolling_hash = ((rolling_hash - (base_n * ord(string[i]))) * base) + (ord(string[i + len(substring)]) % prime_modulus)[0m
[32m+ 45:             rolling_hash = ((rolling_hash - (base_n * ord(string[i]))) * base) + (ord(string[i - len(substring)]) % prime_modulus)[0m
  46:             
  47:             
  48:             rolling_hash = (rolling_hash + prime_modulus) % prime_modulus
  49:     
--------------------------------------------------------------------------------
[0.14355 s] [32mkilled[0m by 0-ts/test_rabin_karp.py::test_rabin_karp

def test_rabin_karp():
>       assert rabin_karp_find_substring('hello','llo') == 2
E       AssertionError

0-ts/test_rabin_karp.py:5: AssertionError
[36m   -[0m [#  27] AOR rabin_karp_substring_search: 
--------------------------------------------------------------------------------
  41:                 return i
  42:         
  43:         if i < len(string) - len(substring):
  44:             
[34m- 45:             rolling_hash = ((rolling_hash - (base_n * ord(string[i]))) * base) + (ord(string[i + len(substring)]) % prime_modulus)[0m
[32m+ 45:             rolling_hash = ((rolling_hash - (base_n * ord(string[i]))) * base) + (ord(string[i + len(substring)]) * prime_modulus)[0m
  46:             
  47:             
  48:             rolling_hash = (rolling_hash + prime_modulus) % prime_modulus
  49:     
--------------------------------------------------------------------------------
[0.09662 s] [32mkilled[0m by 0-ts/test_rabin_karp.py::test_rabin_karp

def test_rabin_karp():
        assert rabin_karp_find_substring('hello','llo') == 2
>       assert rabin_karp_find_substring('aabbababaa','babaa') == 5
E       AssertionError

0-ts/test_rabin_karp.py:6: AssertionError
[36m   -[0m [#  28] AOR rabin_karp_substring_search: 
--------------------------------------------------------------------------------
  44:             
  45:             rolling_hash = ((rolling_hash - (base_n * ord(string[i]))) * base) + (ord(string[i + len(substring)]) % prime_modulus)
  46:             
  47:             
[34m- 48:             rolling_hash = (rolling_hash + prime_modulus) % prime_modulus[0m
[32m+ 48:             rolling_hash = (rolling_hash - prime_modulus) % prime_modulus[0m
  49:     
  50:     return -1
--------------------------------------------------------------------------------
[0.07999 s] [31msurvived[0m
[36m   -[0m [#  29] AOR rabin_karp_substring_search: 
--------------------------------------------------------------------------------
  44:             
  45:             rolling_hash = ((rolling_hash - (base_n * ord(string[i]))) * base) + (ord(string[i + len(substring)]) % prime_modulus)
  46:             
  47:             
[34m- 48:             rolling_hash = (rolling_hash + prime_modulus) % prime_modulus[0m
[32m+ 48:             rolling_hash = (rolling_hash + prime_modulus) * prime_modulus[0m
  49:     
  50:     return -1
--------------------------------------------------------------------------------
[0.10752 s] [32mkilled[0m by 0-ts/test_rabin_karp.py::test_rabin_karp

def test_rabin_karp():
>       assert rabin_karp_find_substring('hello','llo') == 2
E       AssertionError

0-ts/test_rabin_karp.py:5: AssertionError
[36m   -[0m [#  30] AOR rabin_karp_substring_search: 
--------------------------------------------------------------------------------
  46:             
  47:             
  48:             rolling_hash = (rolling_hash + prime_modulus) % prime_modulus
  49:     
[34m- 50:     return -1[0m
[32m+ 50:     return +1[0m
--------------------------------------------------------------------------------
[0.09887 s] [32mkilled[0m by 0-ts/test_rabin_karp.py::test_rabin_karp_miss

def test_rabin_karp_miss():
>       assert rabin_karp_find_substring('hello','af') == -1
E       AssertionError

0-ts/test_rabin_karp.py:9: AssertionError
[36m   -[0m [#  31] BCR rabin_karp_substring_search: 
--------------------------------------------------------------------------------
  35:         if rolling_hash == substring_hash:
  36:             
  37:             for (s_i, letter) in enumerate(substring):
  38:                 if letter != string[i + s_i]:
[34m- 39:                     break[0m
[32m+ 39:                     continue[0m
  40:             else:
  41:                 return i
  42:         
  43:         if i < len(string) - len(substring):
--------------------------------------------------------------------------------
[0.12771 s] [32mkilled[0m by 0-ts/test_rabin_karp.py::test_same_hash_diff_order

def test_same_hash_diff_order():
>       assert rabin_karp_find_substring('Where are your ears?', 'ear', base=0) == 15
E       AssertionError

0-ts/test_rabin_karp.py:15: AssertionError
[36m   -[0m [#  32] COI rabin_karp_substring_search: 
--------------------------------------------------------------------------------
  31:         substring_hash = ((base * substring_hash) + ord(substring[i])) % prime_modulus
  32:     
  33:     for i in range((len(string) - len(substring)) + 1):
  34:         
[34m- 35:         if rolling_hash == substring_hash:[0m
[32m+ 35:         if not (rolling_hash == substring_hash):[0m
  36:             
  37:             for (s_i, letter) in enumerate(substring):
  38:                 if letter != string[i + s_i]:
  39:                     break
--------------------------------------------------------------------------------
[0.12617 s] [32mkilled[0m by 0-ts/test_rabin_karp.py::test_rabin_karp

def test_rabin_karp():
>       assert rabin_karp_find_substring('hello','llo') == 2
E       AssertionError

0-ts/test_rabin_karp.py:5: AssertionError
[36m   -[0m [#  33] COI rabin_karp_substring_search: 
--------------------------------------------------------------------------------
  34:         
  35:         if rolling_hash == substring_hash:
  36:             
  37:             for (s_i, letter) in enumerate(substring):
[34m- 38:                 if letter != string[i + s_i]:[0m
[32m+ 38:                 if not (letter != string[i + s_i]):[0m
  39:                     break
  40:             else:
  41:                 return i
  42:         
--------------------------------------------------------------------------------
[0.11910 s] [32mkilled[0m by 0-ts/test_rabin_karp.py::test_rabin_karp

def test_rabin_karp():
>       assert rabin_karp_find_substring('hello','llo') == 2
E       AssertionError

0-ts/test_rabin_karp.py:5: AssertionError
[36m   -[0m [#  34] COI rabin_karp_substring_search: 
--------------------------------------------------------------------------------
  39:                     break
  40:             else:
  41:                 return i
  42:         
[34m- 43:         if i < len(string) - len(substring):[0m
[32m+ 43:         if not (i < len(string) - len(substring)):[0m
  44:             
  45:             rolling_hash = ((rolling_hash - (base_n * ord(string[i]))) * base) + (ord(string[i + len(substring)]) % prime_modulus)
  46:             
  47:             
--------------------------------------------------------------------------------
[0.12630 s] [32mkilled[0m by 0-ts/test_rabin_karp.py::test_rabin_karp

def test_rabin_karp():
>       assert rabin_karp_find_substring('hello','llo') == 2

0-ts/test_rabin_karp.py:5: 
_ _ _ _ _ _ _ _ _ _ _ _ _ _ _ _ _ _ _ _ _ _ _ _ _ _ _ _ _ _ _ _ _ _ _ _ _ _ _ _ 

string = 'hello', substring = 'llo', base = 256, prime_modulus = 487

>   ???
E   IndexError: string index out of range

rabin_karp_substring_search:45: IndexError
[36m   -[0m [#  35] CRP rabin_karp_substring_search: 
--------------------------------------------------------------------------------
[34m-  1: def rabin_karp_find_substring(string, substring, base=256, prime_modulus=487):[0m
[32m+  1: def rabin_karp_find_substring(string, substring, base=257, prime_modulus=487):[0m
   2:     '''
   3:     Finds occurances of a substring in a string.
   4: 
   5:     This uses the Rabin-Karp rolling hash to calculate a rolling hash
--------------------------------------------------------------------------------
[0.08240 s] [31msurvived[0m
[36m   -[0m [#  36] CRP rabin_karp_substring_search: 
--------------------------------------------------------------------------------
[34m-  1: def rabin_karp_find_substring(string, substring, base=256, prime_modulus=487):[0m
[32m+  1: def rabin_karp_find_substring(string, substring, base=256, prime_modulus=488):[0m
   2:     '''
   3:     Finds occurances of a substring in a string.
   4: 
   5:     This uses the Rabin-Karp rolling hash to calculate a rolling hash
--------------------------------------------------------------------------------
[0.08054 s] [31msurvived[0m
[36m   -[0m [#  37] CRP rabin_karp_substring_search: 
--------------------------------------------------------------------------------
  20:         of a substring that is within the string.
  21: 
  22:     '''
  23:     
[34m- 24:     substring_hash = 0[0m
[32m+ 24:     substring_hash = 1[0m
  25:     rolling_hash = 0
  26:     base_n = pow(base, len(substring) - 1) % prime_modulus
  27:     
  28:     
--------------------------------------------------------------------------------
[0.09663 s] [32mkilled[0m by 0-ts/test_rabin_karp.py::test_rabin_karp

def test_rabin_karp():
>       assert rabin_karp_find_substring('hello','llo') == 2
E       AssertionError

0-ts/test_rabin_karp.py:5: AssertionError
[36m   -[0m [#  38] CRP rabin_karp_substring_search: 
--------------------------------------------------------------------------------
  21: 
  22:     '''
  23:     
  24:     substring_hash = 0
[34m- 25:     rolling_hash = 0[0m
[32m+ 25:     rolling_hash = 1[0m
  26:     base_n = pow(base, len(substring) - 1) % prime_modulus
  27:     
  28:     
  29:     for i in range(len(substring)):
--------------------------------------------------------------------------------
[0.12339 s] [32mkilled[0m by 0-ts/test_rabin_karp.py::test_rabin_karp

def test_rabin_karp():
>       assert rabin_karp_find_substring('hello','llo') == 2
E       AssertionError

0-ts/test_rabin_karp.py:5: AssertionError
[36m   -[0m [#  39] CRP rabin_karp_substring_search: 
--------------------------------------------------------------------------------
  22:     '''
  23:     
  24:     substring_hash = 0
  25:     rolling_hash = 0
[34m- 26:     base_n = pow(base, len(substring) - 1) % prime_modulus[0m
[32m+ 26:     base_n = pow(base, len(substring) - 2) % prime_modulus[0m
  27:     
  28:     
  29:     for i in range(len(substring)):
  30:         rolling_hash = ((base * rolling_hash) + ord(string[i])) % prime_modulus
--------------------------------------------------------------------------------
[0.10526 s] [32mkilled[0m by 0-ts/test_rabin_karp.py::test_rabin_karp

def test_rabin_karp():
>       assert rabin_karp_find_substring('hello','llo') == 2
E       AssertionError

0-ts/test_rabin_karp.py:5: AssertionError
[36m   -[0m [#  40] CRP rabin_karp_substring_search: 
--------------------------------------------------------------------------------
  29:     for i in range(len(substring)):
  30:         rolling_hash = ((base * rolling_hash) + ord(string[i])) % prime_modulus
  31:         substring_hash = ((base * substring_hash) + ord(substring[i])) % prime_modulus
  32:     
[34m- 33:     for i in range((len(string) - len(substring)) + 1):[0m
[32m+ 33:     for i in range((len(string) - len(substring)) + 2):[0m
  34:         
  35:         if rolling_hash == substring_hash:
  36:             
  37:             for (s_i, letter) in enumerate(substring):
--------------------------------------------------------------------------------
[0.10266 s] [31msurvived[0m
[36m   -[0m [#  41] CRP rabin_karp_substring_search: 
--------------------------------------------------------------------------------
  46:             
  47:             
  48:             rolling_hash = (rolling_hash + prime_modulus) % prime_modulus
  49:     
[34m- 50:     return -1[0m
[32m+ 50:     return -2[0m
--------------------------------------------------------------------------------
[0.12009 s] [32mkilled[0m by 0-ts/test_rabin_karp.py::test_rabin_karp_miss

def test_rabin_karp_miss():
>       assert rabin_karp_find_substring('hello','af') == -1
E       AssertionError

0-ts/test_rabin_karp.py:9: AssertionError
[36m   -[0m [#  42] OIL rabin_karp_substring_search: 
--------------------------------------------------------------------------------
  28:     
  29:     for i in range(len(substring)):
  30:         rolling_hash = ((base * rolling_hash) + ord(string[i])) % prime_modulus
  31:         substring_hash = ((base * substring_hash) + ord(substring[i])) % prime_modulus
[34m- 32:     [0m
[32m+ 32:         break[0m
  33:     for i in range((len(string) - len(substring)) + 1):
  34:         
  35:         if rolling_hash == substring_hash:
  36:             
--------------------------------------------------------------------------------
[0.09924 s] [32mkilled[0m by 0-ts/test_rabin_karp.py::test_rabin_karp

def test_rabin_karp():
>       assert rabin_karp_find_substring('hello','llo') == 2
E       AssertionError

0-ts/test_rabin_karp.py:5: AssertionError
[36m   -[0m [#  43] OIL rabin_karp_substring_search: 
--------------------------------------------------------------------------------
  45:             rolling_hash = ((rolling_hash - (base_n * ord(string[i]))) * base) + (ord(string[i + len(substring)]) % prime_modulus)
  46:             
  47:             
  48:             rolling_hash = (rolling_hash + prime_modulus) % prime_modulus
[34m- 49:     [0m
[32m+ 49:         break[0m
  50:     return -1
--------------------------------------------------------------------------------
[0.09937 s] [32mkilled[0m by 0-ts/test_rabin_karp.py::test_rabin_karp

def test_rabin_karp():
>       assert rabin_karp_find_substring('hello','llo') == 2
E       AssertionError

0-ts/test_rabin_karp.py:5: AssertionError
[36m   -[0m [#  44] OIL rabin_karp_substring_search: 
--------------------------------------------------------------------------------
  36:             
  37:             for (s_i, letter) in enumerate(substring):
  38:                 if letter != string[i + s_i]:
  39:                     break
[34m- 40:             else:[0m
[34m- 41:                 return i[0m
[32m+ 40:                 break[0m
[32m+ 41:             else:return i[0m
  42:         
  43:         if i < len(string) - len(substring):
  44:             
  45:             rolling_hash = ((rolling_hash - (base_n * ord(string[i]))) * base) + (ord(string[i + len(substring)]) % prime_modulus)
--------------------------------------------------------------------------------
[0.09666 s] [32mkilled[0m by 0-ts/test_rabin_karp.py::test_rabin_karp

def test_rabin_karp():
>       assert rabin_karp_find_substring('hello','llo') == 2
E       AssertionError

0-ts/test_rabin_karp.py:5: AssertionError
[36m   -[0m [#  45] RIL rabin_karp_substring_search: 
--------------------------------------------------------------------------------
  25:     rolling_hash = 0
  26:     base_n = pow(base, len(substring) - 1) % prime_modulus
  27:     
  28:     
[34m- 29:     for i in range(len(substring)):[0m
[32m+ 29:     for i in reversed(range(len(substring))):[0m
  30:         rolling_hash = ((base * rolling_hash) + ord(string[i])) % prime_modulus
  31:         substring_hash = ((base * substring_hash) + ord(substring[i])) % prime_modulus
  32:     
  33:     for i in range((len(string) - len(substring)) + 1):
--------------------------------------------------------------------------------
[0.09629 s] [32mkilled[0m by 0-ts/test_rabin_karp.py::test_rabin_karp

def test_rabin_karp():
>       assert rabin_karp_find_substring('hello','llo') == 2
E       AssertionError

0-ts/test_rabin_karp.py:5: AssertionError
[36m   -[0m [#  46] RIL rabin_karp_substring_search: 
--------------------------------------------------------------------------------
  29:     for i in range(len(substring)):
  30:         rolling_hash = ((base * rolling_hash) + ord(string[i])) % prime_modulus
  31:         substring_hash = ((base * substring_hash) + ord(substring[i])) % prime_modulus
  32:     
[34m- 33:     for i in range((len(string) - len(substring)) + 1):[0m
[32m+ 33:     for i in reversed(range((len(string) - len(substring)) + 1)):[0m
  34:         
  35:         if rolling_hash == substring_hash:
  36:             
  37:             for (s_i, letter) in enumerate(substring):
--------------------------------------------------------------------------------
[0.09489 s] [32mkilled[0m by 0-ts/test_rabin_karp.py::test_rabin_karp

def test_rabin_karp():
>       assert rabin_karp_find_substring('hello','llo') == 2
E       AssertionError

0-ts/test_rabin_karp.py:5: AssertionError
[36m   -[0m [#  47] RIL rabin_karp_substring_search: 
--------------------------------------------------------------------------------
  33:     for i in range((len(string) - len(substring)) + 1):
  34:         
  35:         if rolling_hash == substring_hash:
  36:             
[34m- 37:             for (s_i, letter) in enumerate(substring):[0m
[32m+ 37:             for (s_i, letter) in reversed(enumerate(substring)):[0m
  38:                 if letter != string[i + s_i]:
  39:                     break
  40:             else:
  41:                 return i
--------------------------------------------------------------------------------
[0.10195 s] [36mincompetent[0m

TypeError: rabin_karp_substring_search:37: TypeError: 'enumerate' object is not reversible

[36m   -[0m [#  48] ROR rabin_karp_substring_search: 
--------------------------------------------------------------------------------
  31:         substring_hash = ((base * substring_hash) + ord(substring[i])) % prime_modulus
  32:     
  33:     for i in range((len(string) - len(substring)) + 1):
  34:         
[34m- 35:         if rolling_hash == substring_hash:[0m
[32m+ 35:         if rolling_hash != substring_hash:[0m
  36:             
  37:             for (s_i, letter) in enumerate(substring):
  38:                 if letter != string[i + s_i]:
  39:                     break
--------------------------------------------------------------------------------
[0.13896 s] [32mkilled[0m by 0-ts/test_rabin_karp.py::test_rabin_karp

def test_rabin_karp():
>       assert rabin_karp_find_substring('hello','llo') == 2
E       AssertionError

0-ts/test_rabin_karp.py:5: AssertionError
[36m   -[0m [#  49] ROR rabin_karp_substring_search: 
--------------------------------------------------------------------------------
  34:         
  35:         if rolling_hash == substring_hash:
  36:             
  37:             for (s_i, letter) in enumerate(substring):
[34m- 38:                 if letter != string[i + s_i]:[0m
[32m+ 38:                 if letter == string[i + s_i]:[0m
  39:                     break
  40:             else:
  41:                 return i
  42:         
--------------------------------------------------------------------------------
[0.12950 s] [32mkilled[0m by 0-ts/test_rabin_karp.py::test_rabin_karp

def test_rabin_karp():
>       assert rabin_karp_find_substring('hello','llo') == 2
E       AssertionError

0-ts/test_rabin_karp.py:5: AssertionError
[36m   -[0m [#  50] ROR rabin_karp_substring_search: 
--------------------------------------------------------------------------------
  39:                     break
  40:             else:
  41:                 return i
  42:         
[34m- 43:         if i < len(string) - len(substring):[0m
[32m+ 43:         if i > len(string) - len(substring):[0m
  44:             
  45:             rolling_hash = ((rolling_hash - (base_n * ord(string[i]))) * base) + (ord(string[i + len(substring)]) % prime_modulus)
  46:             
  47:             
--------------------------------------------------------------------------------
[0.13523 s] [32mkilled[0m by 0-ts/test_rabin_karp.py::test_rabin_karp

def test_rabin_karp():
>       assert rabin_karp_find_substring('hello','llo') == 2
E       AssertionError

0-ts/test_rabin_karp.py:5: AssertionError
[36m   -[0m [#  51] ROR rabin_karp_substring_search: 
--------------------------------------------------------------------------------
  39:                     break
  40:             else:
  41:                 return i
  42:         
[34m- 43:         if i < len(string) - len(substring):[0m
[32m+ 43:         if i <= len(string) - len(substring):[0m
  44:             
  45:             rolling_hash = ((rolling_hash - (base_n * ord(string[i]))) * base) + (ord(string[i + len(substring)]) % prime_modulus)
  46:             
  47:             
--------------------------------------------------------------------------------
[0.12131 s] [32mkilled[0m by 0-ts/test_rabin_karp.py::test_rabin_karp_miss

def test_rabin_karp_miss():
>       assert rabin_karp_find_substring('hello','af') == -1

0-ts/test_rabin_karp.py:9: 
_ _ _ _ _ _ _ _ _ _ _ _ _ _ _ _ _ _ _ _ _ _ _ _ _ _ _ _ _ _ _ _ _ _ _ _ _ _ _ _ 

string = 'hello', substring = 'af', base = 256, prime_modulus = 487

>   ???
E   IndexError: string index out of range

rabin_karp_substring_search:45: IndexError
[36m   -[0m [#  52] SDL rabin_karp_substring_search: 
--------------------------------------------------------------------------------
  20:         of a substring that is within the string.
  21: 
  22:     '''
  23:     
[34m- 24:     substring_hash = 0[0m
[32m+ 24:     pass[0m
  25:     rolling_hash = 0
  26:     base_n = pow(base, len(substring) - 1) % prime_modulus
  27:     
  28:     
--------------------------------------------------------------------------------
[0.09519 s] [32mkilled[0m by 0-ts/test_rabin_karp.py::test_rabin_karp

def test_rabin_karp():
>       assert rabin_karp_find_substring('hello','llo') == 2

0-ts/test_rabin_karp.py:5: 
_ _ _ _ _ _ _ _ _ _ _ _ _ _ _ _ _ _ _ _ _ _ _ _ _ _ _ _ _ _ _ _ _ _ _ _ _ _ _ _ 

string = 'hello', substring = 'llo', base = 256, prime_modulus = 487

>   ???
E   UnboundLocalError: local variable 'substring_hash' referenced before assignment

rabin_karp_substring_search:31: UnboundLocalError
[36m   -[0m [#  53] SDL rabin_karp_substring_search: 
--------------------------------------------------------------------------------
  21: 
  22:     '''
  23:     
  24:     substring_hash = 0
[34m- 25:     rolling_hash = 0[0m
[32m+ 25:     pass[0m
  26:     base_n = pow(base, len(substring) - 1) % prime_modulus
  27:     
  28:     
  29:     for i in range(len(substring)):
--------------------------------------------------------------------------------
[0.12814 s] [32mkilled[0m by 0-ts/test_rabin_karp.py::test_rabin_karp

def test_rabin_karp():
>       assert rabin_karp_find_substring('hello','llo') == 2

0-ts/test_rabin_karp.py:5: 
_ _ _ _ _ _ _ _ _ _ _ _ _ _ _ _ _ _ _ _ _ _ _ _ _ _ _ _ _ _ _ _ _ _ _ _ _ _ _ _ 

string = 'hello', substring = 'llo', base = 256, prime_modulus = 487

>   ???
E   UnboundLocalError: local variable 'rolling_hash' referenced before assignment

rabin_karp_substring_search:30: UnboundLocalError
[36m   -[0m [#  54] SDL rabin_karp_substring_search: 
--------------------------------------------------------------------------------
  22:     '''
  23:     
  24:     substring_hash = 0
  25:     rolling_hash = 0
[34m- 26:     base_n = pow(base, len(substring) - 1) % prime_modulus[0m
[32m+ 26:     pass[0m
  27:     
  28:     
  29:     for i in range(len(substring)):
  30:         rolling_hash = ((base * rolling_hash) + ord(string[i])) % prime_modulus
--------------------------------------------------------------------------------
[0.12677 s] [32mkilled[0m by 0-ts/test_rabin_karp.py::test_rabin_karp

def test_rabin_karp():
>       assert rabin_karp_find_substring('hello','llo') == 2

0-ts/test_rabin_karp.py:5: 
_ _ _ _ _ _ _ _ _ _ _ _ _ _ _ _ _ _ _ _ _ _ _ _ _ _ _ _ _ _ _ _ _ _ _ _ _ _ _ _ 

string = 'hello', substring = 'llo', base = 256, prime_modulus = 487

>   ???
E   NameError: name 'base_n' is not defined

rabin_karp_substring_search:45: NameError
[36m   -[0m [#  55] SDL rabin_karp_substring_search: 
--------------------------------------------------------------------------------
  26:     base_n = pow(base, len(substring) - 1) % prime_modulus
  27:     
  28:     
  29:     for i in range(len(substring)):
[34m- 30:         rolling_hash = ((base * rolling_hash) + ord(string[i])) % prime_modulus[0m
[32m+ 30:         pass[0m
  31:         substring_hash = ((base * substring_hash) + ord(substring[i])) % prime_modulus
  32:     
  33:     for i in range((len(string) - len(substring)) + 1):
  34:         
--------------------------------------------------------------------------------
[0.11891 s] [32mkilled[0m by 0-ts/test_rabin_karp.py::test_rabin_karp

def test_rabin_karp():
>       assert rabin_karp_find_substring('hello','llo') == 2
E       AssertionError

0-ts/test_rabin_karp.py:5: AssertionError
[36m   -[0m [#  56] SDL rabin_karp_substring_search: 
--------------------------------------------------------------------------------
  27:     
  28:     
  29:     for i in range(len(substring)):
  30:         rolling_hash = ((base * rolling_hash) + ord(string[i])) % prime_modulus
[34m- 31:         substring_hash = ((base * substring_hash) + ord(substring[i])) % prime_modulus[0m
[32m+ 31:         pass[0m
  32:     
  33:     for i in range((len(string) - len(substring)) + 1):
  34:         
  35:         if rolling_hash == substring_hash:
--------------------------------------------------------------------------------
[0.12235 s] [32mkilled[0m by 0-ts/test_rabin_karp.py::test_rabin_karp

def test_rabin_karp():
>       assert rabin_karp_find_substring('hello','llo') == 2
E       AssertionError

0-ts/test_rabin_karp.py:5: AssertionError
[36m   -[0m [#  57] SDL rabin_karp_substring_search: 
--------------------------------------------------------------------------------
  37:             for (s_i, letter) in enumerate(substring):
  38:                 if letter != string[i + s_i]:
  39:                     break
  40:             else:
[34m- 41:                 return i[0m
[32m+ 41:                 pass[0m
  42:         
  43:         if i < len(string) - len(substring):
  44:             
  45:             rolling_hash = ((rolling_hash - (base_n * ord(string[i]))) * base) + (ord(string[i + len(substring)]) % prime_modulus)
--------------------------------------------------------------------------------
[0.11553 s] [32mkilled[0m by 0-ts/test_rabin_karp.py::test_rabin_karp

def test_rabin_karp():
>       assert rabin_karp_find_substring('hello','llo') == 2
E       AssertionError

0-ts/test_rabin_karp.py:5: AssertionError
[36m   -[0m [#  58] SDL rabin_karp_substring_search: 
--------------------------------------------------------------------------------
  41:                 return i
  42:         
  43:         if i < len(string) - len(substring):
  44:             
[34m- 45:             rolling_hash = ((rolling_hash - (base_n * ord(string[i]))) * base) + (ord(string[i + len(substring)]) % prime_modulus)[0m
[32m+ 45:             pass[0m
  46:             
  47:             
  48:             rolling_hash = (rolling_hash + prime_modulus) % prime_modulus
  49:     
--------------------------------------------------------------------------------
[0.11159 s] [32mkilled[0m by 0-ts/test_rabin_karp.py::test_rabin_karp

def test_rabin_karp():
>       assert rabin_karp_find_substring('hello','llo') == 2
E       AssertionError

0-ts/test_rabin_karp.py:5: AssertionError
[36m   -[0m [#  59] SDL rabin_karp_substring_search: 
--------------------------------------------------------------------------------
  44:             
  45:             rolling_hash = ((rolling_hash - (base_n * ord(string[i]))) * base) + (ord(string[i + len(substring)]) % prime_modulus)
  46:             
  47:             
[34m- 48:             rolling_hash = (rolling_hash + prime_modulus) % prime_modulus[0m
[32m+ 48:             pass[0m
  49:     
  50:     return -1
--------------------------------------------------------------------------------
[0.12190 s] [32mkilled[0m by 0-ts/test_rabin_karp.py::test_rabin_karp

def test_rabin_karp():
>       assert rabin_karp_find_substring('hello','llo') == 2
E       AssertionError

0-ts/test_rabin_karp.py:5: AssertionError
[36m   -[0m [#  60] SDL rabin_karp_substring_search: 
--------------------------------------------------------------------------------
  46:             
  47:             
  48:             rolling_hash = (rolling_hash + prime_modulus) % prime_modulus
  49:     
[34m- 50:     return -1[0m
[32m+ 50:     pass[0m
--------------------------------------------------------------------------------
[0.12049 s] [32mkilled[0m by 0-ts/test_rabin_karp.py::test_rabin_karp_miss

def test_rabin_karp_miss():
>       assert rabin_karp_find_substring('hello','af') == -1
E       AssertionError

0-ts/test_rabin_karp.py:9: AssertionError
[36m   -[0m [#  61] ZIL rabin_karp_substring_search: 
--------------------------------------------------------------------------------
  26:     base_n = pow(base, len(substring) - 1) % prime_modulus
  27:     
  28:     
  29:     for i in range(len(substring)):
[34m- 30:         rolling_hash = ((base * rolling_hash) + ord(string[i])) % prime_modulus[0m
[34m- 31:         substring_hash = ((base * substring_hash) + ord(substring[i])) % prime_modulus[0m
[32m+ 30:         break[0m
[32m+ 31:     [0m
  32:     
  33:     for i in range((len(string) - len(substring)) + 1):
  34:         
  35:         if rolling_hash == substring_hash:
--------------------------------------------------------------------------------
[0.12614 s] [32mkilled[0m by 0-ts/test_rabin_karp.py::test_rabin_karp

def test_rabin_karp():
>       assert rabin_karp_find_substring('hello','llo') == 2
E       AssertionError

0-ts/test_rabin_karp.py:5: AssertionError
[36m   -[0m [#  62] ZIL rabin_karp_substring_search: 
--------------------------------------------------------------------------------
  31:         substring_hash = ((base * substring_hash) + ord(substring[i])) % prime_modulus
  32:     
  33:     for i in range((len(string) - len(substring)) + 1):
  34:         
[34m- 35:         if rolling_hash == substring_hash:[0m
[34m- 36:             [0m
[34m- 37:             for (s_i, letter) in enumerate(substring):[0m
[34m- 38:                 if letter != string[i + s_i]:[0m
[34m- 39:                     break[0m
[34m- 40:             else:[0m
[34m- 41:                 return i[0m
[34m- 42:         [0m
[34m- 43:         if i < len(string) - len(substring):[0m
[34m- 44:             [0m
[34m- 45:             rolling_hash = ((rolling_hash - (base_n * ord(string[i]))) * base) + (ord(string[i + len(substring)]) % prime_modulus)[0m
[34m- 46:             [0m
[34m- 47:             [0m
[34m- 48:             rolling_hash = (rolling_hash + prime_modulus) % prime_modulus[0m
[32m+ 35:         break[0m
[32m+ 36:     [0m
[32m+ 37:     [0m
[32m+ 38:     [0m
[32m+ 39:     [0m
[32m+ 40:     [0m
[32m+ 41:     [0m
[32m+ 42:     [0m
[32m+ 43:     [0m
[32m+ 44:     [0m
[32m+ 45:     [0m
[32m+ 46:     [0m
[32m+ 47:     [0m
[32m+ 48:     [0m
  49:     
  50:     return -1
--------------------------------------------------------------------------------
[0.11672 s] [32mkilled[0m by 0-ts/test_rabin_karp.py::test_rabin_karp

def test_rabin_karp():
>       assert rabin_karp_find_substring('hello','llo') == 2
E       AssertionError

0-ts/test_rabin_karp.py:5: AssertionError
[36m   -[0m [#  63] ZIL rabin_karp_substring_search: 
--------------------------------------------------------------------------------
  34:         
  35:         if rolling_hash == substring_hash:
  36:             
  37:             for (s_i, letter) in enumerate(substring):
[34m- 38:                 if letter != string[i + s_i]:[0m
[34m- 39:                     break[0m
[34m- 40:             else:[0m
[32m+ 38:                 break[0m
[32m+ 39:             else:[0m
[32m+ 40:                 [0m
  41:                 return i
  42:         
  43:         if i < len(string) - len(substring):
  44:             
--------------------------------------------------------------------------------
[0.12388 s] [32mkilled[0m by 0-ts/test_rabin_karp.py::test_rabin_karp

def test_rabin_karp():
>       assert rabin_karp_find_substring('hello','llo') == 2
E       AssertionError

0-ts/test_rabin_karp.py:5: AssertionError
[34m[*][0m Mutation score [10.31560 s]: [1m[34m91.9%[0m
[36m   -[0m all: 63
[36m   -[0m killed: 57 (90.5%)
[36m   -[0m survived: 5 (7.9%)
[36m   -[0m incompetent: 1 (1.6%)
[36m   -[0m timeout: 0 (0.0%)
