[34m[*][0m Start mutation process:
[36m   -[0m targets: fizz_buzz.py
[36m   -[0m tests: ./0-ts
[34m[*][0m 1 tests passed:
[36m   -[0m test_fizz_buzz [0.15879 s]
[34m[*][0m Start mutants generation and execution:
[36m   -[0m [#   1] AOR fizz_buzz: 
--------------------------------------------------------------------------------
  5:     divisible by 5, add "Buzz", if it is 
  6:     divisible by both, add "FizzBuzz"
  7: 
  8:     '''
[34m- 9:     return [(('Fizz' if x % 3 == 0 else '') + ('Buzz' if x % 5 == 0 else '') or str(x)) for x in range(1, n + 1)][0m
[32m+ 9:     return [(('Fizz' if x * 3 == 0 else '') + ('Buzz' if x % 5 == 0 else '') or str(x)) for x in range(1, n + 1)][0m
--------------------------------------------------------------------------------
[0.11099 s] [32mkilled[0m by 0-ts/test_fizz_buzz.py::test_fizz_buzz

def test_fizz_buzz():
>       assert fizz_buzz(100) == ['1', '2', 'Fizz', '4', 'Buzz', 'Fizz', '7', '8', 'Fizz', 'Buzz', '11', 'Fizz', '13', '14', 'FizzBuzz', '16', '17', 'Fizz', '19', 'Buzz', 'Fizz', '22', '23', 'Fizz', 'Buzz', '26', 'Fizz', '28', '29', 'FizzBuzz', '31', '32', 'Fizz', '34', 'Buzz', 'Fizz', '37', '38', 'Fizz', 'Buzz', '41', 'Fizz', '43', '44', 'FizzBuzz', '46', '47', 'Fizz', '49', 'Buzz', 'Fizz', '52', '53', 'Fizz', 'Buzz', '56', 'Fizz', '58', '59', 'FizzBuzz', '61', '62', 'Fizz', '64', 'Buzz', 'Fizz', '67', '68', 'Fizz', 'Buzz', '71', 'Fizz', '73', '74', 'FizzBuzz', '76', '77', 'Fizz', '79', 'Buzz', 'Fizz', '82', '83', 'Fizz', 'Buzz', '86', 'Fizz', '88', '89', 'FizzBuzz', '91', '92', 'Fizz', '94', 'Buzz', 'Fizz', '97', '98', 'Fizz', 'Buzz']
E       AssertionError

0-ts/test_fizz_buzz.py:5: AssertionError
[36m   -[0m [#   2] AOR fizz_buzz: 
--------------------------------------------------------------------------------
  5:     divisible by 5, add "Buzz", if it is 
  6:     divisible by both, add "FizzBuzz"
  7: 
  8:     '''
[34m- 9:     return [(('Fizz' if x % 3 == 0 else '') + ('Buzz' if x % 5 == 0 else '') or str(x)) for x in range(1, n + 1)][0m
[32m+ 9:     return [(('Fizz' if x % 3 == 0 else '') - ('Buzz' if x % 5 == 0 else '') or str(x)) for x in range(1, n + 1)][0m
--------------------------------------------------------------------------------
[0.09451 s] [36mincompetent[0m

TypeError: fizz_buzz:9: TypeError: unsupported operand type(s) for -: 'str' and 'str'

[36m   -[0m [#   3] AOR fizz_buzz: 
--------------------------------------------------------------------------------
  5:     divisible by 5, add "Buzz", if it is 
  6:     divisible by both, add "FizzBuzz"
  7: 
  8:     '''
[34m- 9:     return [(('Fizz' if x % 3 == 0 else '') + ('Buzz' if x % 5 == 0 else '') or str(x)) for x in range(1, n + 1)][0m
[32m+ 9:     return [(('Fizz' if x % 3 == 0 else '') + ('Buzz' if x * 5 == 0 else '') or str(x)) for x in range(1, n + 1)][0m
--------------------------------------------------------------------------------
[0.09419 s] [32mkilled[0m by 0-ts/test_fizz_buzz.py::test_fizz_buzz

def test_fizz_buzz():
>       assert fizz_buzz(100) == ['1', '2', 'Fizz', '4', 'Buzz', 'Fizz', '7', '8', 'Fizz', 'Buzz', '11', 'Fizz', '13', '14', 'FizzBuzz', '16', '17', 'Fizz', '19', 'Buzz', 'Fizz', '22', '23', 'Fizz', 'Buzz', '26', 'Fizz', '28', '29', 'FizzBuzz', '31', '32', 'Fizz', '34', 'Buzz', 'Fizz', '37', '38', 'Fizz', 'Buzz', '41', 'Fizz', '43', '44', 'FizzBuzz', '46', '47', 'Fizz', '49', 'Buzz', 'Fizz', '52', '53', 'Fizz', 'Buzz', '56', 'Fizz', '58', '59', 'FizzBuzz', '61', '62', 'Fizz', '64', 'Buzz', 'Fizz', '67', '68', 'Fizz', 'Buzz', '71', 'Fizz', '73', '74', 'FizzBuzz', '76', '77', 'Fizz', '79', 'Buzz', 'Fizz', '82', '83', 'Fizz', 'Buzz', '86', 'Fizz', '88', '89', 'FizzBuzz', '91', '92', 'Fizz', '94', 'Buzz', 'Fizz', '97', '98', 'Fizz', 'Buzz']
E       AssertionError

0-ts/test_fizz_buzz.py:5: AssertionError
[36m   -[0m [#   4] AOR fizz_buzz: 
--------------------------------------------------------------------------------
  5:     divisible by 5, add "Buzz", if it is 
  6:     divisible by both, add "FizzBuzz"
  7: 
  8:     '''
[34m- 9:     return [(('Fizz' if x % 3 == 0 else '') + ('Buzz' if x % 5 == 0 else '') or str(x)) for x in range(1, n + 1)][0m
[32m+ 9:     return [(('Fizz' if x % 3 == 0 else '') + ('Buzz' if x % 5 == 0 else '') or str(x)) for x in range(1, n - 1)][0m
--------------------------------------------------------------------------------
[0.12079 s] [32mkilled[0m by 0-ts/test_fizz_buzz.py::test_fizz_buzz

def test_fizz_buzz():
>       assert fizz_buzz(100) == ['1', '2', 'Fizz', '4', 'Buzz', 'Fizz', '7', '8', 'Fizz', 'Buzz', '11', 'Fizz', '13', '14', 'FizzBuzz', '16', '17', 'Fizz', '19', 'Buzz', 'Fizz', '22', '23', 'Fizz', 'Buzz', '26', 'Fizz', '28', '29', 'FizzBuzz', '31', '32', 'Fizz', '34', 'Buzz', 'Fizz', '37', '38', 'Fizz', 'Buzz', '41', 'Fizz', '43', '44', 'FizzBuzz', '46', '47', 'Fizz', '49', 'Buzz', 'Fizz', '52', '53', 'Fizz', 'Buzz', '56', 'Fizz', '58', '59', 'FizzBuzz', '61', '62', 'Fizz', '64', 'Buzz', 'Fizz', '67', '68', 'Fizz', 'Buzz', '71', 'Fizz', '73', '74', 'FizzBuzz', '76', '77', 'Fizz', '79', 'Buzz', 'Fizz', '82', '83', 'Fizz', 'Buzz', '86', 'Fizz', '88', '89', 'FizzBuzz', '91', '92', 'Fizz', '94', 'Buzz', 'Fizz', '97', '98', 'Fizz', 'Buzz']
E       AssertionError

0-ts/test_fizz_buzz.py:5: AssertionError
[36m   -[0m [#   5] CRP fizz_buzz: 
--------------------------------------------------------------------------------
  5:     divisible by 5, add "Buzz", if it is 
  6:     divisible by both, add "FizzBuzz"
  7: 
  8:     '''
[34m- 9:     return [(('Fizz' if x % 3 == 0 else '') + ('Buzz' if x % 5 == 0 else '') or str(x)) for x in range(1, n + 1)][0m
[32m+ 9:     return [(('Fizz' if x % 4 == 0 else '') + ('Buzz' if x % 5 == 0 else '') or str(x)) for x in range(1, n + 1)][0m
--------------------------------------------------------------------------------
[0.12120 s] [32mkilled[0m by 0-ts/test_fizz_buzz.py::test_fizz_buzz

def test_fizz_buzz():
>       assert fizz_buzz(100) == ['1', '2', 'Fizz', '4', 'Buzz', 'Fizz', '7', '8', 'Fizz', 'Buzz', '11', 'Fizz', '13', '14', 'FizzBuzz', '16', '17', 'Fizz', '19', 'Buzz', 'Fizz', '22', '23', 'Fizz', 'Buzz', '26', 'Fizz', '28', '29', 'FizzBuzz', '31', '32', 'Fizz', '34', 'Buzz', 'Fizz', '37', '38', 'Fizz', 'Buzz', '41', 'Fizz', '43', '44', 'FizzBuzz', '46', '47', 'Fizz', '49', 'Buzz', 'Fizz', '52', '53', 'Fizz', 'Buzz', '56', 'Fizz', '58', '59', 'FizzBuzz', '61', '62', 'Fizz', '64', 'Buzz', 'Fizz', '67', '68', 'Fizz', 'Buzz', '71', 'Fizz', '73', '74', 'FizzBuzz', '76', '77', 'Fizz', '79', 'Buzz', 'Fizz', '82', '83', 'Fizz', 'Buzz', '86', 'Fizz', '88', '89', 'FizzBuzz', '91', '92', 'Fizz', '94', 'Buzz', 'Fizz', '97', '98', 'Fizz', 'Buzz']
E       AssertionError

0-ts/test_fizz_buzz.py:5: AssertionError
[36m   -[0m [#   6] CRP fizz_buzz: 
--------------------------------------------------------------------------------
  5:     divisible by 5, add "Buzz", if it is 
  6:     divisible by both, add "FizzBuzz"
  7: 
  8:     '''
[34m- 9:     return [(('Fizz' if x % 3 == 0 else '') + ('Buzz' if x % 5 == 0 else '') or str(x)) for x in range(1, n + 1)][0m
[32m+ 9:     return [(('Fizz' if x % 3 == 1 else '') + ('Buzz' if x % 5 == 0 else '') or str(x)) for x in range(1, n + 1)][0m
--------------------------------------------------------------------------------
[0.12154 s] [32mkilled[0m by 0-ts/test_fizz_buzz.py::test_fizz_buzz

def test_fizz_buzz():
>       assert fizz_buzz(100) == ['1', '2', 'Fizz', '4', 'Buzz', 'Fizz', '7', '8', 'Fizz', 'Buzz', '11', 'Fizz', '13', '14', 'FizzBuzz', '16', '17', 'Fizz', '19', 'Buzz', 'Fizz', '22', '23', 'Fizz', 'Buzz', '26', 'Fizz', '28', '29', 'FizzBuzz', '31', '32', 'Fizz', '34', 'Buzz', 'Fizz', '37', '38', 'Fizz', 'Buzz', '41', 'Fizz', '43', '44', 'FizzBuzz', '46', '47', 'Fizz', '49', 'Buzz', 'Fizz', '52', '53', 'Fizz', 'Buzz', '56', 'Fizz', '58', '59', 'FizzBuzz', '61', '62', 'Fizz', '64', 'Buzz', 'Fizz', '67', '68', 'Fizz', 'Buzz', '71', 'Fizz', '73', '74', 'FizzBuzz', '76', '77', 'Fizz', '79', 'Buzz', 'Fizz', '82', '83', 'Fizz', 'Buzz', '86', 'Fizz', '88', '89', 'FizzBuzz', '91', '92', 'Fizz', '94', 'Buzz', 'Fizz', '97', '98', 'Fizz', 'Buzz']
E       AssertionError

0-ts/test_fizz_buzz.py:5: AssertionError
[36m   -[0m [#   7] CRP fizz_buzz: 
--------------------------------------------------------------------------------
  5:     divisible by 5, add "Buzz", if it is 
  6:     divisible by both, add "FizzBuzz"
  7: 
  8:     '''
[34m- 9:     return [(('Fizz' if x % 3 == 0 else '') + ('Buzz' if x % 5 == 0 else '') or str(x)) for x in range(1, n + 1)][0m
[32m+ 9:     return [(('mutpy' if x % 3 == 0 else '') + ('Buzz' if x % 5 == 0 else '') or str(x)) for x in range(1, n + 1)][0m
--------------------------------------------------------------------------------
[0.12449 s] [32mkilled[0m by 0-ts/test_fizz_buzz.py::test_fizz_buzz

def test_fizz_buzz():
>       assert fizz_buzz(100) == ['1', '2', 'Fizz', '4', 'Buzz', 'Fizz', '7', '8', 'Fizz', 'Buzz', '11', 'Fizz', '13', '14', 'FizzBuzz', '16', '17', 'Fizz', '19', 'Buzz', 'Fizz', '22', '23', 'Fizz', 'Buzz', '26', 'Fizz', '28', '29', 'FizzBuzz', '31', '32', 'Fizz', '34', 'Buzz', 'Fizz', '37', '38', 'Fizz', 'Buzz', '41', 'Fizz', '43', '44', 'FizzBuzz', '46', '47', 'Fizz', '49', 'Buzz', 'Fizz', '52', '53', 'Fizz', 'Buzz', '56', 'Fizz', '58', '59', 'FizzBuzz', '61', '62', 'Fizz', '64', 'Buzz', 'Fizz', '67', '68', 'Fizz', 'Buzz', '71', 'Fizz', '73', '74', 'FizzBuzz', '76', '77', 'Fizz', '79', 'Buzz', 'Fizz', '82', '83', 'Fizz', 'Buzz', '86', 'Fizz', '88', '89', 'FizzBuzz', '91', '92', 'Fizz', '94', 'Buzz', 'Fizz', '97', '98', 'Fizz', 'Buzz']
E       AssertionError

0-ts/test_fizz_buzz.py:5: AssertionError
[36m   -[0m [#   8] CRP fizz_buzz: 
--------------------------------------------------------------------------------
  5:     divisible by 5, add "Buzz", if it is 
  6:     divisible by both, add "FizzBuzz"
  7: 
  8:     '''
[34m- 9:     return [(('Fizz' if x % 3 == 0 else '') + ('Buzz' if x % 5 == 0 else '') or str(x)) for x in range(1, n + 1)][0m
[32m+ 9:     return [(('' if x % 3 == 0 else '') + ('Buzz' if x % 5 == 0 else '') or str(x)) for x in range(1, n + 1)][0m
--------------------------------------------------------------------------------
[0.12230 s] [32mkilled[0m by 0-ts/test_fizz_buzz.py::test_fizz_buzz

def test_fizz_buzz():
>       assert fizz_buzz(100) == ['1', '2', 'Fizz', '4', 'Buzz', 'Fizz', '7', '8', 'Fizz', 'Buzz', '11', 'Fizz', '13', '14', 'FizzBuzz', '16', '17', 'Fizz', '19', 'Buzz', 'Fizz', '22', '23', 'Fizz', 'Buzz', '26', 'Fizz', '28', '29', 'FizzBuzz', '31', '32', 'Fizz', '34', 'Buzz', 'Fizz', '37', '38', 'Fizz', 'Buzz', '41', 'Fizz', '43', '44', 'FizzBuzz', '46', '47', 'Fizz', '49', 'Buzz', 'Fizz', '52', '53', 'Fizz', 'Buzz', '56', 'Fizz', '58', '59', 'FizzBuzz', '61', '62', 'Fizz', '64', 'Buzz', 'Fizz', '67', '68', 'Fizz', 'Buzz', '71', 'Fizz', '73', '74', 'FizzBuzz', '76', '77', 'Fizz', '79', 'Buzz', 'Fizz', '82', '83', 'Fizz', 'Buzz', '86', 'Fizz', '88', '89', 'FizzBuzz', '91', '92', 'Fizz', '94', 'Buzz', 'Fizz', '97', '98', 'Fizz', 'Buzz']
E       AssertionError

0-ts/test_fizz_buzz.py:5: AssertionError
[36m   -[0m [#   9] CRP fizz_buzz: 
--------------------------------------------------------------------------------
  5:     divisible by 5, add "Buzz", if it is 
  6:     divisible by both, add "FizzBuzz"
  7: 
  8:     '''
[34m- 9:     return [(('Fizz' if x % 3 == 0 else '') + ('Buzz' if x % 5 == 0 else '') or str(x)) for x in range(1, n + 1)][0m
[32m+ 9:     return [(('Fizz' if x % 3 == 0 else 'mutpy') + ('Buzz' if x % 5 == 0 else '') or str(x)) for x in range(1, n + 1)][0m
--------------------------------------------------------------------------------
[0.12119 s] [32mkilled[0m by 0-ts/test_fizz_buzz.py::test_fizz_buzz

def test_fizz_buzz():
>       assert fizz_buzz(100) == ['1', '2', 'Fizz', '4', 'Buzz', 'Fizz', '7', '8', 'Fizz', 'Buzz', '11', 'Fizz', '13', '14', 'FizzBuzz', '16', '17', 'Fizz', '19', 'Buzz', 'Fizz', '22', '23', 'Fizz', 'Buzz', '26', 'Fizz', '28', '29', 'FizzBuzz', '31', '32', 'Fizz', '34', 'Buzz', 'Fizz', '37', '38', 'Fizz', 'Buzz', '41', 'Fizz', '43', '44', 'FizzBuzz', '46', '47', 'Fizz', '49', 'Buzz', 'Fizz', '52', '53', 'Fizz', 'Buzz', '56', 'Fizz', '58', '59', 'FizzBuzz', '61', '62', 'Fizz', '64', 'Buzz', 'Fizz', '67', '68', 'Fizz', 'Buzz', '71', 'Fizz', '73', '74', 'FizzBuzz', '76', '77', 'Fizz', '79', 'Buzz', 'Fizz', '82', '83', 'Fizz', 'Buzz', '86', 'Fizz', '88', '89', 'FizzBuzz', '91', '92', 'Fizz', '94', 'Buzz', 'Fizz', '97', '98', 'Fizz', 'Buzz']
E       AssertionError

0-ts/test_fizz_buzz.py:5: AssertionError
[36m   -[0m [#  10] CRP fizz_buzz: 
--------------------------------------------------------------------------------
  5:     divisible by 5, add "Buzz", if it is 
  6:     divisible by both, add "FizzBuzz"
  7: 
  8:     '''
[34m- 9:     return [(('Fizz' if x % 3 == 0 else '') + ('Buzz' if x % 5 == 0 else '') or str(x)) for x in range(1, n + 1)][0m
[32m+ 9:     return [(('Fizz' if x % 3 == 0 else '') + ('Buzz' if x % 6 == 0 else '') or str(x)) for x in range(1, n + 1)][0m
--------------------------------------------------------------------------------
[0.12327 s] [32mkilled[0m by 0-ts/test_fizz_buzz.py::test_fizz_buzz

def test_fizz_buzz():
>       assert fizz_buzz(100) == ['1', '2', 'Fizz', '4', 'Buzz', 'Fizz', '7', '8', 'Fizz', 'Buzz', '11', 'Fizz', '13', '14', 'FizzBuzz', '16', '17', 'Fizz', '19', 'Buzz', 'Fizz', '22', '23', 'Fizz', 'Buzz', '26', 'Fizz', '28', '29', 'FizzBuzz', '31', '32', 'Fizz', '34', 'Buzz', 'Fizz', '37', '38', 'Fizz', 'Buzz', '41', 'Fizz', '43', '44', 'FizzBuzz', '46', '47', 'Fizz', '49', 'Buzz', 'Fizz', '52', '53', 'Fizz', 'Buzz', '56', 'Fizz', '58', '59', 'FizzBuzz', '61', '62', 'Fizz', '64', 'Buzz', 'Fizz', '67', '68', 'Fizz', 'Buzz', '71', 'Fizz', '73', '74', 'FizzBuzz', '76', '77', 'Fizz', '79', 'Buzz', 'Fizz', '82', '83', 'Fizz', 'Buzz', '86', 'Fizz', '88', '89', 'FizzBuzz', '91', '92', 'Fizz', '94', 'Buzz', 'Fizz', '97', '98', 'Fizz', 'Buzz']
E       AssertionError

0-ts/test_fizz_buzz.py:5: AssertionError
[36m   -[0m [#  11] CRP fizz_buzz: 
--------------------------------------------------------------------------------
  5:     divisible by 5, add "Buzz", if it is 
  6:     divisible by both, add "FizzBuzz"
  7: 
  8:     '''
[34m- 9:     return [(('Fizz' if x % 3 == 0 else '') + ('Buzz' if x % 5 == 0 else '') or str(x)) for x in range(1, n + 1)][0m
[32m+ 9:     return [(('Fizz' if x % 3 == 0 else '') + ('Buzz' if x % 5 == 1 else '') or str(x)) for x in range(1, n + 1)][0m
--------------------------------------------------------------------------------
[0.10718 s] [32mkilled[0m by 0-ts/test_fizz_buzz.py::test_fizz_buzz

def test_fizz_buzz():
>       assert fizz_buzz(100) == ['1', '2', 'Fizz', '4', 'Buzz', 'Fizz', '7', '8', 'Fizz', 'Buzz', '11', 'Fizz', '13', '14', 'FizzBuzz', '16', '17', 'Fizz', '19', 'Buzz', 'Fizz', '22', '23', 'Fizz', 'Buzz', '26', 'Fizz', '28', '29', 'FizzBuzz', '31', '32', 'Fizz', '34', 'Buzz', 'Fizz', '37', '38', 'Fizz', 'Buzz', '41', 'Fizz', '43', '44', 'FizzBuzz', '46', '47', 'Fizz', '49', 'Buzz', 'Fizz', '52', '53', 'Fizz', 'Buzz', '56', 'Fizz', '58', '59', 'FizzBuzz', '61', '62', 'Fizz', '64', 'Buzz', 'Fizz', '67', '68', 'Fizz', 'Buzz', '71', 'Fizz', '73', '74', 'FizzBuzz', '76', '77', 'Fizz', '79', 'Buzz', 'Fizz', '82', '83', 'Fizz', 'Buzz', '86', 'Fizz', '88', '89', 'FizzBuzz', '91', '92', 'Fizz', '94', 'Buzz', 'Fizz', '97', '98', 'Fizz', 'Buzz']
E       AssertionError

0-ts/test_fizz_buzz.py:5: AssertionError
[36m   -[0m [#  12] CRP fizz_buzz: 
--------------------------------------------------------------------------------
  5:     divisible by 5, add "Buzz", if it is 
  6:     divisible by both, add "FizzBuzz"
  7: 
  8:     '''
[34m- 9:     return [(('Fizz' if x % 3 == 0 else '') + ('Buzz' if x % 5 == 0 else '') or str(x)) for x in range(1, n + 1)][0m
[32m+ 9:     return [(('Fizz' if x % 3 == 0 else '') + ('mutpy' if x % 5 == 0 else '') or str(x)) for x in range(1, n + 1)][0m
--------------------------------------------------------------------------------
[0.09341 s] [32mkilled[0m by 0-ts/test_fizz_buzz.py::test_fizz_buzz

def test_fizz_buzz():
>       assert fizz_buzz(100) == ['1', '2', 'Fizz', '4', 'Buzz', 'Fizz', '7', '8', 'Fizz', 'Buzz', '11', 'Fizz', '13', '14', 'FizzBuzz', '16', '17', 'Fizz', '19', 'Buzz', 'Fizz', '22', '23', 'Fizz', 'Buzz', '26', 'Fizz', '28', '29', 'FizzBuzz', '31', '32', 'Fizz', '34', 'Buzz', 'Fizz', '37', '38', 'Fizz', 'Buzz', '41', 'Fizz', '43', '44', 'FizzBuzz', '46', '47', 'Fizz', '49', 'Buzz', 'Fizz', '52', '53', 'Fizz', 'Buzz', '56', 'Fizz', '58', '59', 'FizzBuzz', '61', '62', 'Fizz', '64', 'Buzz', 'Fizz', '67', '68', 'Fizz', 'Buzz', '71', 'Fizz', '73', '74', 'FizzBuzz', '76', '77', 'Fizz', '79', 'Buzz', 'Fizz', '82', '83', 'Fizz', 'Buzz', '86', 'Fizz', '88', '89', 'FizzBuzz', '91', '92', 'Fizz', '94', 'Buzz', 'Fizz', '97', '98', 'Fizz', 'Buzz']
E       AssertionError

0-ts/test_fizz_buzz.py:5: AssertionError
[36m   -[0m [#  13] CRP fizz_buzz: 
--------------------------------------------------------------------------------
  5:     divisible by 5, add "Buzz", if it is 
  6:     divisible by both, add "FizzBuzz"
  7: 
  8:     '''
[34m- 9:     return [(('Fizz' if x % 3 == 0 else '') + ('Buzz' if x % 5 == 0 else '') or str(x)) for x in range(1, n + 1)][0m
[32m+ 9:     return [(('Fizz' if x % 3 == 0 else '') + ('' if x % 5 == 0 else '') or str(x)) for x in range(1, n + 1)][0m
--------------------------------------------------------------------------------
[0.09319 s] [32mkilled[0m by 0-ts/test_fizz_buzz.py::test_fizz_buzz

def test_fizz_buzz():
>       assert fizz_buzz(100) == ['1', '2', 'Fizz', '4', 'Buzz', 'Fizz', '7', '8', 'Fizz', 'Buzz', '11', 'Fizz', '13', '14', 'FizzBuzz', '16', '17', 'Fizz', '19', 'Buzz', 'Fizz', '22', '23', 'Fizz', 'Buzz', '26', 'Fizz', '28', '29', 'FizzBuzz', '31', '32', 'Fizz', '34', 'Buzz', 'Fizz', '37', '38', 'Fizz', 'Buzz', '41', 'Fizz', '43', '44', 'FizzBuzz', '46', '47', 'Fizz', '49', 'Buzz', 'Fizz', '52', '53', 'Fizz', 'Buzz', '56', 'Fizz', '58', '59', 'FizzBuzz', '61', '62', 'Fizz', '64', 'Buzz', 'Fizz', '67', '68', 'Fizz', 'Buzz', '71', 'Fizz', '73', '74', 'FizzBuzz', '76', '77', 'Fizz', '79', 'Buzz', 'Fizz', '82', '83', 'Fizz', 'Buzz', '86', 'Fizz', '88', '89', 'FizzBuzz', '91', '92', 'Fizz', '94', 'Buzz', 'Fizz', '97', '98', 'Fizz', 'Buzz']
E       AssertionError

0-ts/test_fizz_buzz.py:5: AssertionError
[36m   -[0m [#  14] CRP fizz_buzz: 
--------------------------------------------------------------------------------
  5:     divisible by 5, add "Buzz", if it is 
  6:     divisible by both, add "FizzBuzz"
  7: 
  8:     '''
[34m- 9:     return [(('Fizz' if x % 3 == 0 else '') + ('Buzz' if x % 5 == 0 else '') or str(x)) for x in range(1, n + 1)][0m
[32m+ 9:     return [(('Fizz' if x % 3 == 0 else '') + ('Buzz' if x % 5 == 0 else 'mutpy') or str(x)) for x in range(1, n + 1)][0m
--------------------------------------------------------------------------------
[0.12188 s] [32mkilled[0m by 0-ts/test_fizz_buzz.py::test_fizz_buzz

def test_fizz_buzz():
>       assert fizz_buzz(100) == ['1', '2', 'Fizz', '4', 'Buzz', 'Fizz', '7', '8', 'Fizz', 'Buzz', '11', 'Fizz', '13', '14', 'FizzBuzz', '16', '17', 'Fizz', '19', 'Buzz', 'Fizz', '22', '23', 'Fizz', 'Buzz', '26', 'Fizz', '28', '29', 'FizzBuzz', '31', '32', 'Fizz', '34', 'Buzz', 'Fizz', '37', '38', 'Fizz', 'Buzz', '41', 'Fizz', '43', '44', 'FizzBuzz', '46', '47', 'Fizz', '49', 'Buzz', 'Fizz', '52', '53', 'Fizz', 'Buzz', '56', 'Fizz', '58', '59', 'FizzBuzz', '61', '62', 'Fizz', '64', 'Buzz', 'Fizz', '67', '68', 'Fizz', 'Buzz', '71', 'Fizz', '73', '74', 'FizzBuzz', '76', '77', 'Fizz', '79', 'Buzz', 'Fizz', '82', '83', 'Fizz', 'Buzz', '86', 'Fizz', '88', '89', 'FizzBuzz', '91', '92', 'Fizz', '94', 'Buzz', 'Fizz', '97', '98', 'Fizz', 'Buzz']
E       AssertionError

0-ts/test_fizz_buzz.py:5: AssertionError
[36m   -[0m [#  15] CRP fizz_buzz: 
--------------------------------------------------------------------------------
  5:     divisible by 5, add "Buzz", if it is 
  6:     divisible by both, add "FizzBuzz"
  7: 
  8:     '''
[34m- 9:     return [(('Fizz' if x % 3 == 0 else '') + ('Buzz' if x % 5 == 0 else '') or str(x)) for x in range(1, n + 1)][0m
[32m+ 9:     return [(('Fizz' if x % 3 == 0 else '') + ('Buzz' if x % 5 == 0 else '') or str(x)) for x in range(2, n + 1)][0m
--------------------------------------------------------------------------------
[0.12549 s] [32mkilled[0m by 0-ts/test_fizz_buzz.py::test_fizz_buzz

def test_fizz_buzz():
>       assert fizz_buzz(100) == ['1', '2', 'Fizz', '4', 'Buzz', 'Fizz', '7', '8', 'Fizz', 'Buzz', '11', 'Fizz', '13', '14', 'FizzBuzz', '16', '17', 'Fizz', '19', 'Buzz', 'Fizz', '22', '23', 'Fizz', 'Buzz', '26', 'Fizz', '28', '29', 'FizzBuzz', '31', '32', 'Fizz', '34', 'Buzz', 'Fizz', '37', '38', 'Fizz', 'Buzz', '41', 'Fizz', '43', '44', 'FizzBuzz', '46', '47', 'Fizz', '49', 'Buzz', 'Fizz', '52', '53', 'Fizz', 'Buzz', '56', 'Fizz', '58', '59', 'FizzBuzz', '61', '62', 'Fizz', '64', 'Buzz', 'Fizz', '67', '68', 'Fizz', 'Buzz', '71', 'Fizz', '73', '74', 'FizzBuzz', '76', '77', 'Fizz', '79', 'Buzz', 'Fizz', '82', '83', 'Fizz', 'Buzz', '86', 'Fizz', '88', '89', 'FizzBuzz', '91', '92', 'Fizz', '94', 'Buzz', 'Fizz', '97', '98', 'Fizz', 'Buzz']
E       AssertionError

0-ts/test_fizz_buzz.py:5: AssertionError
[36m   -[0m [#  16] CRP fizz_buzz: 
--------------------------------------------------------------------------------
  5:     divisible by 5, add "Buzz", if it is 
  6:     divisible by both, add "FizzBuzz"
  7: 
  8:     '''
[34m- 9:     return [(('Fizz' if x % 3 == 0 else '') + ('Buzz' if x % 5 == 0 else '') or str(x)) for x in range(1, n + 1)][0m
[32m+ 9:     return [(('Fizz' if x % 3 == 0 else '') + ('Buzz' if x % 5 == 0 else '') or str(x)) for x in range(1, n + 2)][0m
--------------------------------------------------------------------------------
[0.09663 s] [32mkilled[0m by 0-ts/test_fizz_buzz.py::test_fizz_buzz

def test_fizz_buzz():
>       assert fizz_buzz(100) == ['1', '2', 'Fizz', '4', 'Buzz', 'Fizz', '7', '8', 'Fizz', 'Buzz', '11', 'Fizz', '13', '14', 'FizzBuzz', '16', '17', 'Fizz', '19', 'Buzz', 'Fizz', '22', '23', 'Fizz', 'Buzz', '26', 'Fizz', '28', '29', 'FizzBuzz', '31', '32', 'Fizz', '34', 'Buzz', 'Fizz', '37', '38', 'Fizz', 'Buzz', '41', 'Fizz', '43', '44', 'FizzBuzz', '46', '47', 'Fizz', '49', 'Buzz', 'Fizz', '52', '53', 'Fizz', 'Buzz', '56', 'Fizz', '58', '59', 'FizzBuzz', '61', '62', 'Fizz', '64', 'Buzz', 'Fizz', '67', '68', 'Fizz', 'Buzz', '71', 'Fizz', '73', '74', 'FizzBuzz', '76', '77', 'Fizz', '79', 'Buzz', 'Fizz', '82', '83', 'Fizz', 'Buzz', '86', 'Fizz', '88', '89', 'FizzBuzz', '91', '92', 'Fizz', '94', 'Buzz', 'Fizz', '97', '98', 'Fizz', 'Buzz']
E       AssertionError

0-ts/test_fizz_buzz.py:5: AssertionError
[36m   -[0m [#  17] LCR fizz_buzz: 
--------------------------------------------------------------------------------
  5:     divisible by 5, add "Buzz", if it is 
  6:     divisible by both, add "FizzBuzz"
  7: 
  8:     '''
[34m- 9:     return [(('Fizz' if x % 3 == 0 else '') + ('Buzz' if x % 5 == 0 else '') or str(x)) for x in range(1, n + 1)][0m
[32m+ 9:     return [(('Fizz' if x % 3 == 0 else '') + ('Buzz' if x % 5 == 0 else '') and str(x)) for x in range(1, n + 1)][0m
--------------------------------------------------------------------------------
[0.12662 s] [32mkilled[0m by 0-ts/test_fizz_buzz.py::test_fizz_buzz

def test_fizz_buzz():
>       assert fizz_buzz(100) == ['1', '2', 'Fizz', '4', 'Buzz', 'Fizz', '7', '8', 'Fizz', 'Buzz', '11', 'Fizz', '13', '14', 'FizzBuzz', '16', '17', 'Fizz', '19', 'Buzz', 'Fizz', '22', '23', 'Fizz', 'Buzz', '26', 'Fizz', '28', '29', 'FizzBuzz', '31', '32', 'Fizz', '34', 'Buzz', 'Fizz', '37', '38', 'Fizz', 'Buzz', '41', 'Fizz', '43', '44', 'FizzBuzz', '46', '47', 'Fizz', '49', 'Buzz', 'Fizz', '52', '53', 'Fizz', 'Buzz', '56', 'Fizz', '58', '59', 'FizzBuzz', '61', '62', 'Fizz', '64', 'Buzz', 'Fizz', '67', '68', 'Fizz', 'Buzz', '71', 'Fizz', '73', '74', 'FizzBuzz', '76', '77', 'Fizz', '79', 'Buzz', 'Fizz', '82', '83', 'Fizz', 'Buzz', '86', 'Fizz', '88', '89', 'FizzBuzz', '91', '92', 'Fizz', '94', 'Buzz', 'Fizz', '97', '98', 'Fizz', 'Buzz']
E       AssertionError

0-ts/test_fizz_buzz.py:5: AssertionError
[36m   -[0m [#  18] ROR fizz_buzz: 
--------------------------------------------------------------------------------
  5:     divisible by 5, add "Buzz", if it is 
  6:     divisible by both, add "FizzBuzz"
  7: 
  8:     '''
[34m- 9:     return [(('Fizz' if x % 3 == 0 else '') + ('Buzz' if x % 5 == 0 else '') or str(x)) for x in range(1, n + 1)][0m
[32m+ 9:     return [(('Fizz' if x % 3 != 0 else '') + ('Buzz' if x % 5 == 0 else '') or str(x)) for x in range(1, n + 1)][0m
--------------------------------------------------------------------------------
[0.12458 s] [32mkilled[0m by 0-ts/test_fizz_buzz.py::test_fizz_buzz

def test_fizz_buzz():
>       assert fizz_buzz(100) == ['1', '2', 'Fizz', '4', 'Buzz', 'Fizz', '7', '8', 'Fizz', 'Buzz', '11', 'Fizz', '13', '14', 'FizzBuzz', '16', '17', 'Fizz', '19', 'Buzz', 'Fizz', '22', '23', 'Fizz', 'Buzz', '26', 'Fizz', '28', '29', 'FizzBuzz', '31', '32', 'Fizz', '34', 'Buzz', 'Fizz', '37', '38', 'Fizz', 'Buzz', '41', 'Fizz', '43', '44', 'FizzBuzz', '46', '47', 'Fizz', '49', 'Buzz', 'Fizz', '52', '53', 'Fizz', 'Buzz', '56', 'Fizz', '58', '59', 'FizzBuzz', '61', '62', 'Fizz', '64', 'Buzz', 'Fizz', '67', '68', 'Fizz', 'Buzz', '71', 'Fizz', '73', '74', 'FizzBuzz', '76', '77', 'Fizz', '79', 'Buzz', 'Fizz', '82', '83', 'Fizz', 'Buzz', '86', 'Fizz', '88', '89', 'FizzBuzz', '91', '92', 'Fizz', '94', 'Buzz', 'Fizz', '97', '98', 'Fizz', 'Buzz']
E       AssertionError

0-ts/test_fizz_buzz.py:5: AssertionError
[36m   -[0m [#  19] ROR fizz_buzz: 
--------------------------------------------------------------------------------
  5:     divisible by 5, add "Buzz", if it is 
  6:     divisible by both, add "FizzBuzz"
  7: 
  8:     '''
[34m- 9:     return [(('Fizz' if x % 3 == 0 else '') + ('Buzz' if x % 5 == 0 else '') or str(x)) for x in range(1, n + 1)][0m
[32m+ 9:     return [(('Fizz' if x % 3 == 0 else '') + ('Buzz' if x % 5 != 0 else '') or str(x)) for x in range(1, n + 1)][0m
--------------------------------------------------------------------------------
[0.12715 s] [32mkilled[0m by 0-ts/test_fizz_buzz.py::test_fizz_buzz

def test_fizz_buzz():
>       assert fizz_buzz(100) == ['1', '2', 'Fizz', '4', 'Buzz', 'Fizz', '7', '8', 'Fizz', 'Buzz', '11', 'Fizz', '13', '14', 'FizzBuzz', '16', '17', 'Fizz', '19', 'Buzz', 'Fizz', '22', '23', 'Fizz', 'Buzz', '26', 'Fizz', '28', '29', 'FizzBuzz', '31', '32', 'Fizz', '34', 'Buzz', 'Fizz', '37', '38', 'Fizz', 'Buzz', '41', 'Fizz', '43', '44', 'FizzBuzz', '46', '47', 'Fizz', '49', 'Buzz', 'Fizz', '52', '53', 'Fizz', 'Buzz', '56', 'Fizz', '58', '59', 'FizzBuzz', '61', '62', 'Fizz', '64', 'Buzz', 'Fizz', '67', '68', 'Fizz', 'Buzz', '71', 'Fizz', '73', '74', 'FizzBuzz', '76', '77', 'Fizz', '79', 'Buzz', 'Fizz', '82', '83', 'Fizz', 'Buzz', '86', 'Fizz', '88', '89', 'FizzBuzz', '91', '92', 'Fizz', '94', 'Buzz', 'Fizz', '97', '98', 'Fizz', 'Buzz']
E       AssertionError

0-ts/test_fizz_buzz.py:5: AssertionError
[36m   -[0m [#  20] SDL fizz_buzz: 
--------------------------------------------------------------------------------
  5:     divisible by 5, add "Buzz", if it is 
  6:     divisible by both, add "FizzBuzz"
  7: 
  8:     '''
[34m- 9:     return [(('Fizz' if x % 3 == 0 else '') + ('Buzz' if x % 5 == 0 else '') or str(x)) for x in range(1, n + 1)][0m
[32m+ 9:     pass[0m
--------------------------------------------------------------------------------
[0.11030 s] [32mkilled[0m by 0-ts/test_fizz_buzz.py::test_fizz_buzz

def test_fizz_buzz():
>       assert fizz_buzz(100) == ['1', '2', 'Fizz', '4', 'Buzz', 'Fizz', '7', '8', 'Fizz', 'Buzz', '11', 'Fizz', '13', '14', 'FizzBuzz', '16', '17', 'Fizz', '19', 'Buzz', 'Fizz', '22', '23', 'Fizz', 'Buzz', '26', 'Fizz', '28', '29', 'FizzBuzz', '31', '32', 'Fizz', '34', 'Buzz', 'Fizz', '37', '38', 'Fizz', 'Buzz', '41', 'Fizz', '43', '44', 'FizzBuzz', '46', '47', 'Fizz', '49', 'Buzz', 'Fizz', '52', '53', 'Fizz', 'Buzz', '56', 'Fizz', '58', '59', 'FizzBuzz', '61', '62', 'Fizz', '64', 'Buzz', 'Fizz', '67', '68', 'Fizz', 'Buzz', '71', 'Fizz', '73', '74', 'FizzBuzz', '76', '77', 'Fizz', '79', 'Buzz', 'Fizz', '82', '83', 'Fizz', 'Buzz', '86', 'Fizz', '88', '89', 'FizzBuzz', '91', '92', 'Fizz', '94', 'Buzz', 'Fizz', '97', '98', 'Fizz', 'Buzz']
E       AssertionError

0-ts/test_fizz_buzz.py:5: AssertionError
[34m[*][0m Mutation score [2.86070 s]: [1m[34m100.0%[0m
[36m   -[0m all: 20
[36m   -[0m killed: 19 (95.0%)
[36m   -[0m survived: 0 (0.0%)
[36m   -[0m incompetent: 1 (5.0%)
[36m   -[0m timeout: 0 (0.0%)
