[*] Start mutation process:
   - targets: breadth_first_search.py
   - tests: ./ALL-SMART
[*] 28 tests passed:
   - test_breadth_first_search_MOSA [0.05979 s]
   - test_breadth_first_search_DYNAMOSA [0.04251 s]
   - test_breadth_first_search_MIO [0.04142 s]
   - test_breadth_first_search_WHOLE_SUITE [0.04254 s]
[*] Start mutants generation and execution:
   - [#   1] AOR breadth_first_search: 
--------------------------------------------------------------------------------
  31:     while queue:
  32:         current = queue.pop()
  33:         
  34:         
- 35:         for coor in [(current[0], current[1] - 1), (current[0] - 1, current[1]), (current[0] + 1, current[1]), (current[0], current[1] + 1)]:
+ 35:         for coor in [(current[0], current[1] + 1), (current[0] - 1, current[1]), (current[0] + 1, current[1]), (current[0], current[1] + 1)]:
  36:             if (coor[0] < 0 or coor[0] > width - 1 or coor[1] < 0 or coor[1] > height - 1):
  37:                 continue
  38:             if grid[coor[1]][coor[0]] == target:
  39:                 return coor
--------------------------------------------------------------------------------
[0.07263 s] survived
   - [#   2] AOR breadth_first_search: 
--------------------------------------------------------------------------------
  31:     while queue:
  32:         current = queue.pop()
  33:         
  34:         
- 35:         for coor in [(current[0], current[1] - 1), (current[0] - 1, current[1]), (current[0] + 1, current[1]), (current[0], current[1] + 1)]:
+ 35:         for coor in [(current[0], current[1] - 1), (current[0] + 1, current[1]), (current[0] + 1, current[1]), (current[0], current[1] + 1)]:
  36:             if (coor[0] < 0 or coor[0] > width - 1 or coor[1] < 0 or coor[1] > height - 1):
  37:                 continue
  38:             if grid[coor[1]][coor[0]] == target:
  39:                 return coor
--------------------------------------------------------------------------------
[0.06890 s] survived
   - [#   3] AOR breadth_first_search: 
--------------------------------------------------------------------------------
  31:     while queue:
  32:         current = queue.pop()
  33:         
  34:         
- 35:         for coor in [(current[0], current[1] - 1), (current[0] - 1, current[1]), (current[0] + 1, current[1]), (current[0], current[1] + 1)]:
+ 35:         for coor in [(current[0], current[1] - 1), (current[0] - 1, current[1]), (current[0] - 1, current[1]), (current[0], current[1] + 1)]:
  36:             if (coor[0] < 0 or coor[0] > width - 1 or coor[1] < 0 or coor[1] > height - 1):
  37:                 continue
  38:             if grid[coor[1]][coor[0]] == target:
  39:                 return coor
--------------------------------------------------------------------------------
[0.06864 s] survived
   - [#   4] AOR breadth_first_search: 
--------------------------------------------------------------------------------
  31:     while queue:
  32:         current = queue.pop()
  33:         
  34:         
- 35:         for coor in [(current[0], current[1] - 1), (current[0] - 1, current[1]), (current[0] + 1, current[1]), (current[0], current[1] + 1)]:
+ 35:         for coor in [(current[0], current[1] - 1), (current[0] - 1, current[1]), (current[0] + 1, current[1]), (current[0], current[1] - 1)]:
  36:             if (coor[0] < 0 or coor[0] > width - 1 or coor[1] < 0 or coor[1] > height - 1):
  37:                 continue
  38:             if grid[coor[1]][coor[0]] == target:
  39:                 return coor
--------------------------------------------------------------------------------
[0.07044 s] survived
   - [#   5] AOR breadth_first_search: 
--------------------------------------------------------------------------------
  32:         current = queue.pop()
  33:         
  34:         
  35:         for coor in [(current[0], current[1] - 1), (current[0] - 1, current[1]), (current[0] + 1, current[1]), (current[0], current[1] + 1)]:
- 36:             if (coor[0] < 0 or coor[0] > width - 1 or coor[1] < 0 or coor[1] > height - 1):
+ 36:             if (coor[0] < 0 or coor[0] > width + 1 or coor[1] < 0 or coor[1] > height - 1):
  37:                 continue
  38:             if grid[coor[1]][coor[0]] == target:
  39:                 return coor
  40:             
--------------------------------------------------------------------------------
[0.08516 s] killed by ALL-SMART/test_breadth_first_search_MOSA.py::test_case_3

def test_case_3():
        bool_0 = False
        list_0 = [bool_0, bool_0, bool_0, bool_0]
        list_1 = [list_0]
>       var_0 = module_0.breadth_first_search(list_1, list_0, list_1)

ALL-SMART/test_breadth_first_search_MOSA.py:20: 
_ _ _ _ _ _ _ _ _ _ _ _ _ _ _ _ _ _ _ _ _ _ _ _ _ _ _ _ _ _ _ _ _ _ _ _ _ _ _ _ 

grid = [[False, False, False, False]], start = [False, False, False, False]
target = [[False, False, False, False]]

>   ???
E   IndexError: list index out of range

breadth_first_search:38: IndexError
   - [#   6] AOR breadth_first_search: 
--------------------------------------------------------------------------------
  32:         current = queue.pop()
  33:         
  34:         
  35:         for coor in [(current[0], current[1] - 1), (current[0] - 1, current[1]), (current[0] + 1, current[1]), (current[0], current[1] + 1)]:
- 36:             if (coor[0] < 0 or coor[0] > width - 1 or coor[1] < 0 or coor[1] > height - 1):
+ 36:             if (coor[0] < 0 or coor[0] > width - 1 or coor[1] < 0 or coor[1] > height + 1):
  37:                 continue
  38:             if grid[coor[1]][coor[0]] == target:
  39:                 return coor
  40:             
--------------------------------------------------------------------------------
[0.08424 s] killed by ALL-SMART/test_breadth_first_search_MOSA.py::test_case_3

def test_case_3():
        bool_0 = False
        list_0 = [bool_0, bool_0, bool_0, bool_0]
        list_1 = [list_0]
>       var_0 = module_0.breadth_first_search(list_1, list_0, list_1)

ALL-SMART/test_breadth_first_search_MOSA.py:20: 
_ _ _ _ _ _ _ _ _ _ _ _ _ _ _ _ _ _ _ _ _ _ _ _ _ _ _ _ _ _ _ _ _ _ _ _ _ _ _ _ 

grid = [[False, False, False, False]], start = [False, False, False, False]
target = [[False, False, False, False]]

>   ???
E   IndexError: list index out of range

breadth_first_search:38: IndexError
   - [#   7] BCR breadth_first_search: 
--------------------------------------------------------------------------------
  33:         
  34:         
  35:         for coor in [(current[0], current[1] - 1), (current[0] - 1, current[1]), (current[0] + 1, current[1]), (current[0], current[1] + 1)]:
  36:             if (coor[0] < 0 or coor[0] > width - 1 or coor[1] < 0 or coor[1] > height - 1):
- 37:                 continue
+ 37:                 break
  38:             if grid[coor[1]][coor[0]] == target:
  39:                 return coor
  40:             
  41:             elif coor not in visited:
--------------------------------------------------------------------------------
[0.07307 s] survived
   - [#   8] BCR breadth_first_search: 
--------------------------------------------------------------------------------
  61:         current = queue.pop()
  62:         
  63:         for adjacent in current.adjacent_list:
  64:             if adjacent in visited:
- 65:                 continue
+ 65:                 break
  66:             
  67:             if adjacent.val == target:
  68:                 return adjacent
  69:             else:
--------------------------------------------------------------------------------
[0.06962 s] survived
   - [#   9] COD breadth_first_search: 
--------------------------------------------------------------------------------
  11:     Returns:
  12:         Coordinate of the target. Or None if cannot be found. 
  13:     '''
  14:     height = len(grid)
- 15:     if not height:
+ 15:     if height:
  16:         return None
  17:     width = len(grid[0])
  18:     
  19:     x_start = start[0]
--------------------------------------------------------------------------------
[0.07924 s] killed by ALL-SMART/test_breadth_first_search_DYNAMOSA.py::test_case_1

def test_case_1():
        list_0 = []
>       var_0 = module_0.breadth_first_search(list_0, list_0, list_0)

ALL-SMART/test_breadth_first_search_DYNAMOSA.py:11: 
_ _ _ _ _ _ _ _ _ _ _ _ _ _ _ _ _ _ _ _ _ _ _ _ _ _ _ _ _ _ _ _ _ _ _ _ _ _ _ _ 

grid = [], start = [], target = []

>   ???
E   IndexError: list index out of range

breadth_first_search:17: IndexError
   - [#  10] COD breadth_first_search: 
--------------------------------------------------------------------------------
  37:                 continue
  38:             if grid[coor[1]][coor[0]] == target:
  39:                 return coor
  40:             
- 41:             elif coor not in visited:
+ 41:             elif coor in visited:
  42:                 queue.appendleft(coor)
  43:                 visited.add(current)
  44:     return None
  45: 
--------------------------------------------------------------------------------
[0.07482 s] survived
   - [#  11] COI breadth_first_search: 
--------------------------------------------------------------------------------
  11:     Returns:
  12:         Coordinate of the target. Or None if cannot be found. 
  13:     '''
  14:     height = len(grid)
- 15:     if not height:
+ 15:     if not ((not height)):
  16:         return None
  17:     width = len(grid[0])
  18:     
  19:     x_start = start[0]
--------------------------------------------------------------------------------
[0.08305 s] killed by ALL-SMART/test_breadth_first_search_DYNAMOSA.py::test_case_1

def test_case_1():
        list_0 = []
>       var_0 = module_0.breadth_first_search(list_0, list_0, list_0)

ALL-SMART/test_breadth_first_search_DYNAMOSA.py:11: 
_ _ _ _ _ _ _ _ _ _ _ _ _ _ _ _ _ _ _ _ _ _ _ _ _ _ _ _ _ _ _ _ _ _ _ _ _ _ _ _ 

grid = [], start = [], target = []

>   ???
E   IndexError: list index out of range

breadth_first_search:17: IndexError
   - [#  12] COI breadth_first_search: 
--------------------------------------------------------------------------------
  19:     x_start = start[0]
  20:     y_start = start[1]
  21:     
  22:     
- 23:     if grid[y_start][x_start] == target:
+ 23:     if not (grid[y_start][x_start] == target):
  24:         return (x_start, y_start)
  25:     
  26:     visited = set()
  27:     
--------------------------------------------------------------------------------
[0.08363 s] killed by ALL-SMART/test_breadth_first_search_MOSA.py::test_case_5

def test_case_5():
        bool_0 = False
        list_0 = [bool_0, bool_0]
        list_1 = [list_0]
        var_0 = module_0.breadth_first_search(list_1, list_0, bool_0)
        list_2 = [list_1, list_0, list_1, list_0, list_0]
        var_1 = module_0.breadth_first_search(list_2, list_0, list_1)
>       var_2 = module_0.breadth_first_search(list_2, var_0, bool_0)

ALL-SMART/test_breadth_first_search_MOSA.py:37: 
_ _ _ _ _ _ _ _ _ _ _ _ _ _ _ _ _ _ _ _ _ _ _ _ _ _ _ _ _ _ _ _ _ _ _ _ _ _ _ _ 

grid = [[[False, False]], [False, False], [[False, False]], [False, False], [False, False]]
start = (1, False), target = False

>   ???
E   IndexError: list index out of range

breadth_first_search:23: IndexError
   - [#  13] COI breadth_first_search: 
--------------------------------------------------------------------------------
  27:     
  28:     queue = deque([(x_start, y_start)])
  29:     visited.add((x_start, y_start))
  30:     
- 31:     while queue:
+ 31:     while not queue:
  32:         current = queue.pop()
  33:         
  34:         
  35:         for coor in [(current[0], current[1] - 1), (current[0] - 1, current[1]), (current[0] + 1, current[1]), (current[0], current[1] + 1)]:
--------------------------------------------------------------------------------
[0.07056 s] survived
   - [#  14] COI breadth_first_search: 
--------------------------------------------------------------------------------
  32:         current = queue.pop()
  33:         
  34:         
  35:         for coor in [(current[0], current[1] - 1), (current[0] - 1, current[1]), (current[0] + 1, current[1]), (current[0], current[1] + 1)]:
- 36:             if (coor[0] < 0 or coor[0] > width - 1 or coor[1] < 0 or coor[1] > height - 1):
+ 36:             if not ((coor[0] < 0 or coor[0] > width - 1 or coor[1] < 0 or coor[1] > height - 1)):
  37:                 continue
  38:             if grid[coor[1]][coor[0]] == target:
  39:                 return coor
  40:             
--------------------------------------------------------------------------------
[0.08649 s] killed by ALL-SMART/test_breadth_first_search_MOSA.py::test_case_3

def test_case_3():
        bool_0 = False
        list_0 = [bool_0, bool_0, bool_0, bool_0]
        list_1 = [list_0]
>       var_0 = module_0.breadth_first_search(list_1, list_0, list_1)

ALL-SMART/test_breadth_first_search_MOSA.py:20: 
_ _ _ _ _ _ _ _ _ _ _ _ _ _ _ _ _ _ _ _ _ _ _ _ _ _ _ _ _ _ _ _ _ _ _ _ _ _ _ _ 

grid = [[False, False, False, False]], start = [False, False, False, False]
target = [[False, False, False, False]]

>   ???
E   IndexError: list index out of range

breadth_first_search:38: IndexError
   - [#  15] COI breadth_first_search: 
--------------------------------------------------------------------------------
  34:         
  35:         for coor in [(current[0], current[1] - 1), (current[0] - 1, current[1]), (current[0] + 1, current[1]), (current[0], current[1] + 1)]:
  36:             if (coor[0] < 0 or coor[0] > width - 1 or coor[1] < 0 or coor[1] > height - 1):
  37:                 continue
- 38:             if grid[coor[1]][coor[0]] == target:
+ 38:             if not (grid[coor[1]][coor[0]] == target):
  39:                 return coor
  40:             
  41:             elif coor not in visited:
  42:                 queue.appendleft(coor)
--------------------------------------------------------------------------------
[0.08710 s] survived
   - [#  16] COI breadth_first_search: 
--------------------------------------------------------------------------------
  37:                 continue
  38:             if grid[coor[1]][coor[0]] == target:
  39:                 return coor
  40:             
- 41:             elif coor not in visited:
+ 41:             elif not (coor not in visited):
  42:                 queue.appendleft(coor)
  43:                 visited.add(current)
  44:     return None
  45: 
--------------------------------------------------------------------------------
[0.07136 s] survived
   - [#  17] COI breadth_first_search: 
--------------------------------------------------------------------------------
  56:     '''
  57:     visited = set([head])
  58:     queue = [head]
  59:     
- 60:     while queue:
+ 60:     while not queue:
  61:         current = queue.pop()
  62:         
  63:         for adjacent in current.adjacent_list:
  64:             if adjacent in visited:
--------------------------------------------------------------------------------
[0.07040 s] survived
   - [#  18] COI breadth_first_search: 
--------------------------------------------------------------------------------
  60:     while queue:
  61:         current = queue.pop()
  62:         
  63:         for adjacent in current.adjacent_list:
- 64:             if adjacent in visited:
+ 64:             if not (adjacent in visited):
  65:                 continue
  66:             
  67:             if adjacent.val == target:
  68:                 return adjacent
--------------------------------------------------------------------------------
[0.07428 s] survived
   - [#  19] COI breadth_first_search: 
--------------------------------------------------------------------------------
  60:     while queue:
  61:         current = queue.pop()
  62:         
  63:         for adjacent in current.adjacent_list:
- 64:             if adjacent in visited:
+ 64:             if adjacent not in visited:
  65:                 continue
  66:             
  67:             if adjacent.val == target:
  68:                 return adjacent
--------------------------------------------------------------------------------
[0.07471 s] survived
   - [#  20] COI breadth_first_search: 
--------------------------------------------------------------------------------
  63:         for adjacent in current.adjacent_list:
  64:             if adjacent in visited:
  65:                 continue
  66:             
- 67:             if adjacent.val == target:
+ 67:             if not (adjacent.val == target):
  68:                 return adjacent
  69:             else:
  70:                 queue.insert(0, adjacent)
  71:                 visited.add(adjacent)
--------------------------------------------------------------------------------
[0.07489 s] survived
   - [#  21] LCR breadth_first_search: 
--------------------------------------------------------------------------------
  32:         current = queue.pop()
  33:         
  34:         
  35:         for coor in [(current[0], current[1] - 1), (current[0] - 1, current[1]), (current[0] + 1, current[1]), (current[0], current[1] + 1)]:
- 36:             if (coor[0] < 0 or coor[0] > width - 1 or coor[1] < 0 or coor[1] > height - 1):
+ 36:             if (coor[0] < 0 and coor[0] > width - 1 and coor[1] < 0 and coor[1] > height - 1):
  37:                 continue
  38:             if grid[coor[1]][coor[0]] == target:
  39:                 return coor
  40:             
--------------------------------------------------------------------------------
[0.08575 s] killed by ALL-SMART/test_breadth_first_search_MOSA.py::test_case_3

def test_case_3():
        bool_0 = False
        list_0 = [bool_0, bool_0, bool_0, bool_0]
        list_1 = [list_0]
>       var_0 = module_0.breadth_first_search(list_1, list_0, list_1)

ALL-SMART/test_breadth_first_search_MOSA.py:20: 
_ _ _ _ _ _ _ _ _ _ _ _ _ _ _ _ _ _ _ _ _ _ _ _ _ _ _ _ _ _ _ _ _ _ _ _ _ _ _ _ 

grid = [[False, False, False, False]], start = [False, False, False, False]
target = [[False, False, False, False]]

>   ???
E   IndexError: list index out of range

breadth_first_search:38: IndexError
   - [#  22] OIL breadth_first_search: 
--------------------------------------------------------------------------------
  39:                 return coor
  40:             
  41:             elif coor not in visited:
  42:                 queue.appendleft(coor)
- 43:                 visited.add(current)
+ 43:                 visited.add(current)break
  44:     return None
  45: 
  46: def breadth_first_search_graph(head, target):
  47:     '''
--------------------------------------------------------------------------------
[0.07351 s] survived
   - [#  23] OIL breadth_first_search: 
--------------------------------------------------------------------------------
  39:                 return coor
  40:             
  41:             elif coor not in visited:
  42:                 queue.appendleft(coor)
- 43:                 visited.add(current)
+ 43:                 visited.add(current)break
  44:     return None
  45: 
  46: def breadth_first_search_graph(head, target):
  47:     '''
--------------------------------------------------------------------------------
[0.07322 s] survived
   - [#  24] OIL breadth_first_search: 
--------------------------------------------------------------------------------
  67:             if adjacent.val == target:
  68:                 return adjacent
  69:             else:
  70:                 queue.insert(0, adjacent)
- 71:                 visited.add(adjacent)
+ 71:                 visited.add(adjacent)break
  72:     return None
--------------------------------------------------------------------------------
[0.07305 s] survived
   - [#  25] OIL breadth_first_search: 
--------------------------------------------------------------------------------
  67:             if adjacent.val == target:
  68:                 return adjacent
  69:             else:
  70:                 queue.insert(0, adjacent)
- 71:                 visited.add(adjacent)
+ 71:                 visited.add(adjacent)break
  72:     return None
--------------------------------------------------------------------------------
[0.07295 s] survived
   - [#  26] RIL breadth_first_search: 
--------------------------------------------------------------------------------
  31:     while queue:
  32:         current = queue.pop()
  33:         
  34:         
- 35:         for coor in [(current[0], current[1] - 1), (current[0] - 1, current[1]), (current[0] + 1, current[1]), (current[0], current[1] + 1)]:
+ 35:         for coor in reversed([(current[0], current[1] - 1), (current[0] - 1, current[1]), (current[0] + 1, current[1]), (current[0], current[1] + 1)]):
  36:             if (coor[0] < 0 or coor[0] > width - 1 or coor[1] < 0 or coor[1] > height - 1):
  37:                 continue
  38:             if grid[coor[1]][coor[0]] == target:
  39:                 return coor
--------------------------------------------------------------------------------
[0.07134 s] survived
   - [#  27] RIL breadth_first_search: 
--------------------------------------------------------------------------------
  59:     
  60:     while queue:
  61:         current = queue.pop()
  62:         
- 63:         for adjacent in current.adjacent_list:
+ 63:         for adjacent in reversed(current.adjacent_list):
  64:             if adjacent in visited:
  65:                 continue
  66:             
  67:             if adjacent.val == target:
--------------------------------------------------------------------------------
[0.07151 s] survived
   - [#  28] ROR breadth_first_search: 
--------------------------------------------------------------------------------
  19:     x_start = start[0]
  20:     y_start = start[1]
  21:     
  22:     
- 23:     if grid[y_start][x_start] == target:
+ 23:     if grid[y_start][x_start] != target:
  24:         return (x_start, y_start)
  25:     
  26:     visited = set()
  27:     
--------------------------------------------------------------------------------
[0.08746 s] killed by ALL-SMART/test_breadth_first_search_MOSA.py::test_case_5

def test_case_5():
        bool_0 = False
        list_0 = [bool_0, bool_0]
        list_1 = [list_0]
        var_0 = module_0.breadth_first_search(list_1, list_0, bool_0)
        list_2 = [list_1, list_0, list_1, list_0, list_0]
        var_1 = module_0.breadth_first_search(list_2, list_0, list_1)
>       var_2 = module_0.breadth_first_search(list_2, var_0, bool_0)

ALL-SMART/test_breadth_first_search_MOSA.py:37: 
_ _ _ _ _ _ _ _ _ _ _ _ _ _ _ _ _ _ _ _ _ _ _ _ _ _ _ _ _ _ _ _ _ _ _ _ _ _ _ _ 

grid = [[[False, False]], [False, False], [[False, False]], [False, False], [False, False]]
start = (1, False), target = False

>   ???
E   IndexError: list index out of range

breadth_first_search:23: IndexError
   - [#  29] ROR breadth_first_search: 
--------------------------------------------------------------------------------
  32:         current = queue.pop()
  33:         
  34:         
  35:         for coor in [(current[0], current[1] - 1), (current[0] - 1, current[1]), (current[0] + 1, current[1]), (current[0], current[1] + 1)]:
- 36:             if (coor[0] < 0 or coor[0] > width - 1 or coor[1] < 0 or coor[1] > height - 1):
+ 36:             if (coor[0] > 0 or coor[0] > width - 1 or coor[1] < 0 or coor[1] > height - 1):
  37:                 continue
  38:             if grid[coor[1]][coor[0]] == target:
  39:                 return coor
  40:             
--------------------------------------------------------------------------------
[0.10501 s] killed by ALL-SMART/test_breadth_first_search_MOSA.py::test_case_3

def test_case_3():
        bool_0 = False
        list_0 = [bool_0, bool_0, bool_0, bool_0]
        list_1 = [list_0]
>       var_0 = module_0.breadth_first_search(list_1, list_0, list_1)

ALL-SMART/test_breadth_first_search_MOSA.py:20: 
_ _ _ _ _ _ _ _ _ _ _ _ _ _ _ _ _ _ _ _ _ _ _ _ _ _ _ _ _ _ _ _ _ _ _ _ _ _ _ _ 

grid = [[False, False, False, False]], start = [False, False, False, False]
target = [[False, False, False, False]]

>   ???
E   IndexError: list index out of range

breadth_first_search:38: IndexError
   - [#  30] ROR breadth_first_search: 
--------------------------------------------------------------------------------
  32:         current = queue.pop()
  33:         
  34:         
  35:         for coor in [(current[0], current[1] - 1), (current[0] - 1, current[1]), (current[0] + 1, current[1]), (current[0], current[1] + 1)]:
- 36:             if (coor[0] < 0 or coor[0] > width - 1 or coor[1] < 0 or coor[1] > height - 1):
+ 36:             if (coor[0] <= 0 or coor[0] > width - 1 or coor[1] < 0 or coor[1] > height - 1):
  37:                 continue
  38:             if grid[coor[1]][coor[0]] == target:
  39:                 return coor
  40:             
--------------------------------------------------------------------------------
[0.07203 s] survived
   - [#  31] ROR breadth_first_search: 
--------------------------------------------------------------------------------
  32:         current = queue.pop()
  33:         
  34:         
  35:         for coor in [(current[0], current[1] - 1), (current[0] - 1, current[1]), (current[0] + 1, current[1]), (current[0], current[1] + 1)]:
- 36:             if (coor[0] < 0 or coor[0] > width - 1 or coor[1] < 0 or coor[1] > height - 1):
+ 36:             if (coor[0] < 0 or coor[0] < width - 1 or coor[1] < 0 or coor[1] > height - 1):
  37:                 continue
  38:             if grid[coor[1]][coor[0]] == target:
  39:                 return coor
  40:             
--------------------------------------------------------------------------------
[0.08991 s] killed by ALL-SMART/test_breadth_first_search_MOSA.py::test_case_4

def test_case_4():
        bool_0 = False
        list_0 = [bool_0, bool_0]
        list_1 = [list_0]
        var_0 = module_0.breadth_first_search(list_1, list_0, bool_0)
        list_2 = [list_1, list_0, list_1, list_0, list_0]
>       var_1 = module_0.breadth_first_search(list_2, list_0, list_1)

ALL-SMART/test_breadth_first_search_MOSA.py:28: 
_ _ _ _ _ _ _ _ _ _ _ _ _ _ _ _ _ _ _ _ _ _ _ _ _ _ _ _ _ _ _ _ _ _ _ _ _ _ _ _ 

grid = [[[False, False]], [False, False], [[False, False]], [False, False], [False, False]]
start = [False, False], target = [[False, False]]

>   ???
E   IndexError: list index out of range

breadth_first_search:38: IndexError
   - [#  32] ROR breadth_first_search: 
--------------------------------------------------------------------------------
  32:         current = queue.pop()
  33:         
  34:         
  35:         for coor in [(current[0], current[1] - 1), (current[0] - 1, current[1]), (current[0] + 1, current[1]), (current[0], current[1] + 1)]:
- 36:             if (coor[0] < 0 or coor[0] > width - 1 or coor[1] < 0 or coor[1] > height - 1):
+ 36:             if (coor[0] < 0 or coor[0] >= width - 1 or coor[1] < 0 or coor[1] > height - 1):
  37:                 continue
  38:             if grid[coor[1]][coor[0]] == target:
  39:                 return coor
  40:             
--------------------------------------------------------------------------------
[0.07293 s] survived
   - [#  33] ROR breadth_first_search: 
--------------------------------------------------------------------------------
  32:         current = queue.pop()
  33:         
  34:         
  35:         for coor in [(current[0], current[1] - 1), (current[0] - 1, current[1]), (current[0] + 1, current[1]), (current[0], current[1] + 1)]:
- 36:             if (coor[0] < 0 or coor[0] > width - 1 or coor[1] < 0 or coor[1] > height - 1):
+ 36:             if (coor[0] < 0 or coor[0] > width - 1 or coor[1] > 0 or coor[1] > height - 1):
  37:                 continue
  38:             if grid[coor[1]][coor[0]] == target:
  39:                 return coor
  40:             
--------------------------------------------------------------------------------
[0.08689 s] killed by ALL-SMART/test_breadth_first_search_MOSA.py::test_case_3

def test_case_3():
        bool_0 = False
        list_0 = [bool_0, bool_0, bool_0, bool_0]
        list_1 = [list_0]
>       var_0 = module_0.breadth_first_search(list_1, list_0, list_1)

ALL-SMART/test_breadth_first_search_MOSA.py:20: 
_ _ _ _ _ _ _ _ _ _ _ _ _ _ _ _ _ _ _ _ _ _ _ _ _ _ _ _ _ _ _ _ _ _ _ _ _ _ _ _ 

grid = [[False, False, False, False]], start = [False, False, False, False]
target = [[False, False, False, False]]

>   ???
E   IndexError: list index out of range

breadth_first_search:38: IndexError
   - [#  34] ROR breadth_first_search: 
--------------------------------------------------------------------------------
  32:         current = queue.pop()
  33:         
  34:         
  35:         for coor in [(current[0], current[1] - 1), (current[0] - 1, current[1]), (current[0] + 1, current[1]), (current[0], current[1] + 1)]:
- 36:             if (coor[0] < 0 or coor[0] > width - 1 or coor[1] < 0 or coor[1] > height - 1):
+ 36:             if (coor[0] < 0 or coor[0] > width - 1 or coor[1] <= 0 or coor[1] > height - 1):
  37:                 continue
  38:             if grid[coor[1]][coor[0]] == target:
  39:                 return coor
  40:             
--------------------------------------------------------------------------------
[0.07278 s] survived
   - [#  35] ROR breadth_first_search: 
--------------------------------------------------------------------------------
  32:         current = queue.pop()
  33:         
  34:         
  35:         for coor in [(current[0], current[1] - 1), (current[0] - 1, current[1]), (current[0] + 1, current[1]), (current[0], current[1] + 1)]:
- 36:             if (coor[0] < 0 or coor[0] > width - 1 or coor[1] < 0 or coor[1] > height - 1):
+ 36:             if (coor[0] < 0 or coor[0] > width - 1 or coor[1] < 0 or coor[1] < height - 1):
  37:                 continue
  38:             if grid[coor[1]][coor[0]] == target:
  39:                 return coor
  40:             
--------------------------------------------------------------------------------
[0.08683 s] killed by ALL-SMART/test_breadth_first_search_MOSA.py::test_case_3

def test_case_3():
        bool_0 = False
        list_0 = [bool_0, bool_0, bool_0, bool_0]
        list_1 = [list_0]
>       var_0 = module_0.breadth_first_search(list_1, list_0, list_1)

ALL-SMART/test_breadth_first_search_MOSA.py:20: 
_ _ _ _ _ _ _ _ _ _ _ _ _ _ _ _ _ _ _ _ _ _ _ _ _ _ _ _ _ _ _ _ _ _ _ _ _ _ _ _ 

grid = [[False, False, False, False]], start = [False, False, False, False]
target = [[False, False, False, False]]

>   ???
E   IndexError: list index out of range

breadth_first_search:38: IndexError
   - [#  36] ROR breadth_first_search: 
--------------------------------------------------------------------------------
  32:         current = queue.pop()
  33:         
  34:         
  35:         for coor in [(current[0], current[1] - 1), (current[0] - 1, current[1]), (current[0] + 1, current[1]), (current[0], current[1] + 1)]:
- 36:             if (coor[0] < 0 or coor[0] > width - 1 or coor[1] < 0 or coor[1] > height - 1):
+ 36:             if (coor[0] < 0 or coor[0] > width - 1 or coor[1] < 0 or coor[1] >= height - 1):
  37:                 continue
  38:             if grid[coor[1]][coor[0]] == target:
  39:                 return coor
  40:             
--------------------------------------------------------------------------------
[0.07185 s] survived
   - [#  37] ROR breadth_first_search: 
--------------------------------------------------------------------------------
  34:         
  35:         for coor in [(current[0], current[1] - 1), (current[0] - 1, current[1]), (current[0] + 1, current[1]), (current[0], current[1] + 1)]:
  36:             if (coor[0] < 0 or coor[0] > width - 1 or coor[1] < 0 or coor[1] > height - 1):
  37:                 continue
- 38:             if grid[coor[1]][coor[0]] == target:
+ 38:             if grid[coor[1]][coor[0]] != target:
  39:                 return coor
  40:             
  41:             elif coor not in visited:
  42:                 queue.appendleft(coor)
--------------------------------------------------------------------------------
[0.07293 s] survived
   - [#  38] ROR breadth_first_search: 
--------------------------------------------------------------------------------
  63:         for adjacent in current.adjacent_list:
  64:             if adjacent in visited:
  65:                 continue
  66:             
- 67:             if adjacent.val == target:
+ 67:             if adjacent.val != target:
  68:                 return adjacent
  69:             else:
  70:                 queue.insert(0, adjacent)
  71:                 visited.add(adjacent)
--------------------------------------------------------------------------------
[0.07160 s] survived
   - [#  39] SDL breadth_first_search: 
--------------------------------------------------------------------------------
  10:         target: the target value to find in the grid
  11:     Returns:
  12:         Coordinate of the target. Or None if cannot be found. 
  13:     '''
- 14:     height = len(grid)
+ 14:     pass
  15:     if not height:
  16:         return None
  17:     width = len(grid[0])
  18:     
--------------------------------------------------------------------------------
[0.08194 s] killed by ALL-SMART/test_breadth_first_search_DYNAMOSA.py::test_case_1

def test_case_1():
        list_0 = []
>       var_0 = module_0.breadth_first_search(list_0, list_0, list_0)

ALL-SMART/test_breadth_first_search_DYNAMOSA.py:11: 
_ _ _ _ _ _ _ _ _ _ _ _ _ _ _ _ _ _ _ _ _ _ _ _ _ _ _ _ _ _ _ _ _ _ _ _ _ _ _ _ 

grid = [], start = [], target = []

>   ???
E   NameError: name 'height' is not defined

breadth_first_search:15: NameError
   - [#  40] SDL breadth_first_search: 
--------------------------------------------------------------------------------
  12:         Coordinate of the target. Or None if cannot be found. 
  13:     '''
  14:     height = len(grid)
  15:     if not height:
- 16:         return None
+ 16:         pass
  17:     width = len(grid[0])
  18:     
  19:     x_start = start[0]
  20:     y_start = start[1]
--------------------------------------------------------------------------------
[0.08099 s] killed by ALL-SMART/test_breadth_first_search_DYNAMOSA.py::test_case_1

def test_case_1():
        list_0 = []
>       var_0 = module_0.breadth_first_search(list_0, list_0, list_0)

ALL-SMART/test_breadth_first_search_DYNAMOSA.py:11: 
_ _ _ _ _ _ _ _ _ _ _ _ _ _ _ _ _ _ _ _ _ _ _ _ _ _ _ _ _ _ _ _ _ _ _ _ _ _ _ _ 

grid = [], start = [], target = []

>   ???
E   IndexError: list index out of range

breadth_first_search:17: IndexError
   - [#  41] SDL breadth_first_search: 
--------------------------------------------------------------------------------
  13:     '''
  14:     height = len(grid)
  15:     if not height:
  16:         return None
- 17:     width = len(grid[0])
+ 17:     pass
  18:     
  19:     x_start = start[0]
  20:     y_start = start[1]
  21:     
--------------------------------------------------------------------------------
[0.09091 s] killed by ALL-SMART/test_breadth_first_search_MOSA.py::test_case_3

def test_case_3():
        bool_0 = False
        list_0 = [bool_0, bool_0, bool_0, bool_0]
        list_1 = [list_0]
>       var_0 = module_0.breadth_first_search(list_1, list_0, list_1)

ALL-SMART/test_breadth_first_search_MOSA.py:20: 
_ _ _ _ _ _ _ _ _ _ _ _ _ _ _ _ _ _ _ _ _ _ _ _ _ _ _ _ _ _ _ _ _ _ _ _ _ _ _ _ 

grid = [[False, False, False, False]], start = [False, False, False, False]
target = [[False, False, False, False]]

>   ???
E   NameError: name 'width' is not defined

breadth_first_search:36: NameError
   - [#  42] SDL breadth_first_search: 
--------------------------------------------------------------------------------
  15:     if not height:
  16:         return None
  17:     width = len(grid[0])
  18:     
- 19:     x_start = start[0]
+ 19:     pass
  20:     y_start = start[1]
  21:     
  22:     
  23:     if grid[y_start][x_start] == target:
--------------------------------------------------------------------------------
[0.08204 s] killed by ALL-SMART/test_breadth_first_search_DYNAMOSA.py::test_case_6

def test_case_6():
        bool_0 = False
        list_0 = [bool_0, bool_0]
        list_1 = [list_0, list_0, bool_0, bool_0]
>       var_0 = module_0.breadth_first_search(list_1, list_0, bool_0)

ALL-SMART/test_breadth_first_search_DYNAMOSA.py:35: 
_ _ _ _ _ _ _ _ _ _ _ _ _ _ _ _ _ _ _ _ _ _ _ _ _ _ _ _ _ _ _ _ _ _ _ _ _ _ _ _ 

grid = [[False, False], [False, False], False, False], start = [False, False]
target = False

>   ???
E   NameError: name 'x_start' is not defined

breadth_first_search:23: NameError
   - [#  43] SDL breadth_first_search: 
--------------------------------------------------------------------------------
  16:         return None
  17:     width = len(grid[0])
  18:     
  19:     x_start = start[0]
- 20:     y_start = start[1]
+ 20:     pass
  21:     
  22:     
  23:     if grid[y_start][x_start] == target:
  24:         return (x_start, y_start)
--------------------------------------------------------------------------------
[0.08222 s] killed by ALL-SMART/test_breadth_first_search_DYNAMOSA.py::test_case_6

def test_case_6():
        bool_0 = False
        list_0 = [bool_0, bool_0]
        list_1 = [list_0, list_0, bool_0, bool_0]
>       var_0 = module_0.breadth_first_search(list_1, list_0, bool_0)

ALL-SMART/test_breadth_first_search_DYNAMOSA.py:35: 
_ _ _ _ _ _ _ _ _ _ _ _ _ _ _ _ _ _ _ _ _ _ _ _ _ _ _ _ _ _ _ _ _ _ _ _ _ _ _ _ 

grid = [[False, False], [False, False], False, False], start = [False, False]
target = False

>   ???
E   NameError: name 'y_start' is not defined

breadth_first_search:23: NameError
   - [#  44] SDL breadth_first_search: 
--------------------------------------------------------------------------------
  20:     y_start = start[1]
  21:     
  22:     
  23:     if grid[y_start][x_start] == target:
- 24:         return (x_start, y_start)
+ 24:         pass
  25:     
  26:     visited = set()
  27:     
  28:     queue = deque([(x_start, y_start)])
--------------------------------------------------------------------------------
[0.08589 s] killed by ALL-SMART/test_breadth_first_search_MOSA.py::test_case_5

def test_case_5():
        bool_0 = False
        list_0 = [bool_0, bool_0]
        list_1 = [list_0]
        var_0 = module_0.breadth_first_search(list_1, list_0, bool_0)
        list_2 = [list_1, list_0, list_1, list_0, list_0]
        var_1 = module_0.breadth_first_search(list_2, list_0, list_1)
>       var_2 = module_0.breadth_first_search(list_2, var_0, bool_0)

ALL-SMART/test_breadth_first_search_MOSA.py:37: 
_ _ _ _ _ _ _ _ _ _ _ _ _ _ _ _ _ _ _ _ _ _ _ _ _ _ _ _ _ _ _ _ _ _ _ _ _ _ _ _ 

grid = [[[False, False]], [False, False], [[False, False]], [False, False], [False, False]]
start = (1, False), target = False

>   ???
E   IndexError: list index out of range

breadth_first_search:23: IndexError
   - [#  45] SDL breadth_first_search: 
--------------------------------------------------------------------------------
  22:     
  23:     if grid[y_start][x_start] == target:
  24:         return (x_start, y_start)
  25:     
- 26:     visited = set()
+ 26:     pass
  27:     
  28:     queue = deque([(x_start, y_start)])
  29:     visited.add((x_start, y_start))
  30:     
--------------------------------------------------------------------------------
[0.10199 s] killed by ALL-SMART/test_breadth_first_search_MOSA.py::test_case_3

def test_case_3():
        bool_0 = False
        list_0 = [bool_0, bool_0, bool_0, bool_0]
        list_1 = [list_0]
>       var_0 = module_0.breadth_first_search(list_1, list_0, list_1)

ALL-SMART/test_breadth_first_search_MOSA.py:20: 
_ _ _ _ _ _ _ _ _ _ _ _ _ _ _ _ _ _ _ _ _ _ _ _ _ _ _ _ _ _ _ _ _ _ _ _ _ _ _ _ 

grid = [[False, False, False, False]], start = [False, False, False, False]
target = [[False, False, False, False]]

>   ???
E   NameError: name 'visited' is not defined

breadth_first_search:29: NameError
   - [#  46] SDL breadth_first_search: 
--------------------------------------------------------------------------------
  24:         return (x_start, y_start)
  25:     
  26:     visited = set()
  27:     
- 28:     queue = deque([(x_start, y_start)])
+ 28:     pass
  29:     visited.add((x_start, y_start))
  30:     
  31:     while queue:
  32:         current = queue.pop()
--------------------------------------------------------------------------------
[0.08737 s] killed by ALL-SMART/test_breadth_first_search_MOSA.py::test_case_3

def test_case_3():
        bool_0 = False
        list_0 = [bool_0, bool_0, bool_0, bool_0]
        list_1 = [list_0]
>       var_0 = module_0.breadth_first_search(list_1, list_0, list_1)

ALL-SMART/test_breadth_first_search_MOSA.py:20: 
_ _ _ _ _ _ _ _ _ _ _ _ _ _ _ _ _ _ _ _ _ _ _ _ _ _ _ _ _ _ _ _ _ _ _ _ _ _ _ _ 

grid = [[False, False, False, False]], start = [False, False, False, False]
target = [[False, False, False, False]]

>   ???
E   NameError: name 'queue' is not defined

breadth_first_search:31: NameError
   - [#  47] SDL breadth_first_search: 
--------------------------------------------------------------------------------
  25:     
  26:     visited = set()
  27:     
  28:     queue = deque([(x_start, y_start)])
- 29:     visited.add((x_start, y_start))
+ 29:     pass
  30:     
  31:     while queue:
  32:         current = queue.pop()
  33:         
--------------------------------------------------------------------------------
[0.07362 s] survived
   - [#  48] SDL breadth_first_search: 
--------------------------------------------------------------------------------
  28:     queue = deque([(x_start, y_start)])
  29:     visited.add((x_start, y_start))
  30:     
  31:     while queue:
- 32:         current = queue.pop()
+ 32:         pass
  33:         
  34:         
  35:         for coor in [(current[0], current[1] - 1), (current[0] - 1, current[1]), (current[0] + 1, current[1]), (current[0], current[1] + 1)]:
  36:             if (coor[0] < 0 or coor[0] > width - 1 or coor[1] < 0 or coor[1] > height - 1):
--------------------------------------------------------------------------------
[0.08894 s] killed by ALL-SMART/test_breadth_first_search_MOSA.py::test_case_3

def test_case_3():
        bool_0 = False
        list_0 = [bool_0, bool_0, bool_0, bool_0]
        list_1 = [list_0]
>       var_0 = module_0.breadth_first_search(list_1, list_0, list_1)

ALL-SMART/test_breadth_first_search_MOSA.py:20: 
_ _ _ _ _ _ _ _ _ _ _ _ _ _ _ _ _ _ _ _ _ _ _ _ _ _ _ _ _ _ _ _ _ _ _ _ _ _ _ _ 

grid = [[False, False, False, False]], start = [False, False, False, False]
target = [[False, False, False, False]]

>   ???
E   NameError: name 'current' is not defined

breadth_first_search:35: NameError
   - [#  49] SDL breadth_first_search: 
--------------------------------------------------------------------------------
  35:         for coor in [(current[0], current[1] - 1), (current[0] - 1, current[1]), (current[0] + 1, current[1]), (current[0], current[1] + 1)]:
  36:             if (coor[0] < 0 or coor[0] > width - 1 or coor[1] < 0 or coor[1] > height - 1):
  37:                 continue
  38:             if grid[coor[1]][coor[0]] == target:
- 39:                 return coor
+ 39:                 pass
  40:             
  41:             elif coor not in visited:
  42:                 queue.appendleft(coor)
  43:                 visited.add(current)
--------------------------------------------------------------------------------
[0.07676 s] survived
   - [#  50] SDL breadth_first_search: 
--------------------------------------------------------------------------------
  38:             if grid[coor[1]][coor[0]] == target:
  39:                 return coor
  40:             
  41:             elif coor not in visited:
- 42:                 queue.appendleft(coor)
+ 42:                 pass
  43:                 visited.add(current)
  44:     return None
  45: 
  46: def breadth_first_search_graph(head, target):
--------------------------------------------------------------------------------
[0.07402 s] survived
   - [#  51] SDL breadth_first_search: 
--------------------------------------------------------------------------------
  39:                 return coor
  40:             
  41:             elif coor not in visited:
  42:                 queue.appendleft(coor)
- 43:                 visited.add(current)
+ 43:                 pass
  44:     return None
  45: 
  46: def breadth_first_search_graph(head, target):
  47:     '''
--------------------------------------------------------------------------------
[5.00637 s] timeout
   - [#  52] SDL breadth_first_search: 
--------------------------------------------------------------------------------
  40:             
  41:             elif coor not in visited:
  42:                 queue.appendleft(coor)
  43:                 visited.add(current)
- 44:     return None
+ 44:     pass
  45: 
  46: def breadth_first_search_graph(head, target):
  47:     '''
  48:     Search a graph for a target value.
--------------------------------------------------------------------------------
[0.06971 s] survived
   - [#  53] SDL breadth_first_search: 
--------------------------------------------------------------------------------
  53:     
  54:     Returns:
  55:         Node which has value = target.
  56:     '''
- 57:     visited = set([head])
+ 57:     pass
  58:     queue = [head]
  59:     
  60:     while queue:
  61:         current = queue.pop()
--------------------------------------------------------------------------------
[0.07197 s] survived
   - [#  54] SDL breadth_first_search: 
--------------------------------------------------------------------------------
  54:     Returns:
  55:         Node which has value = target.
  56:     '''
  57:     visited = set([head])
- 58:     queue = [head]
+ 58:     pass
  59:     
  60:     while queue:
  61:         current = queue.pop()
  62:         
--------------------------------------------------------------------------------
[0.07074 s] survived
   - [#  55] SDL breadth_first_search: 
--------------------------------------------------------------------------------
  57:     visited = set([head])
  58:     queue = [head]
  59:     
  60:     while queue:
- 61:         current = queue.pop()
+ 61:         pass
  62:         
  63:         for adjacent in current.adjacent_list:
  64:             if adjacent in visited:
  65:                 continue
--------------------------------------------------------------------------------
[0.07086 s] survived
   - [#  56] SDL breadth_first_search: 
--------------------------------------------------------------------------------
  64:             if adjacent in visited:
  65:                 continue
  66:             
  67:             if adjacent.val == target:
- 68:                 return adjacent
+ 68:                 pass
  69:             else:
  70:                 queue.insert(0, adjacent)
  71:                 visited.add(adjacent)
  72:     return None
--------------------------------------------------------------------------------
[0.07271 s] survived
   - [#  57] SDL breadth_first_search: 
--------------------------------------------------------------------------------
  66:             
  67:             if adjacent.val == target:
  68:                 return adjacent
  69:             else:
- 70:                 queue.insert(0, adjacent)
+ 70:                 pass
  71:                 visited.add(adjacent)
  72:     return None
--------------------------------------------------------------------------------
[0.07072 s] survived
   - [#  58] SDL breadth_first_search: 
--------------------------------------------------------------------------------
  67:             if adjacent.val == target:
  68:                 return adjacent
  69:             else:
  70:                 queue.insert(0, adjacent)
- 71:                 visited.add(adjacent)
+ 71:                 pass
  72:     return None
--------------------------------------------------------------------------------
[0.07097 s] survived
   - [#  59] SDL breadth_first_search: 
--------------------------------------------------------------------------------
  68:                 return adjacent
  69:             else:
  70:                 queue.insert(0, adjacent)
  71:                 visited.add(adjacent)
- 72:     return None
+ 72:     pass
--------------------------------------------------------------------------------
[0.07276 s] survived
   - [#  60] ZIL breadth_first_search: 
--------------------------------------------------------------------------------
  28:     queue = deque([(x_start, y_start)])
  29:     visited.add((x_start, y_start))
  30:     
  31:     while queue:
- 32:         current = queue.pop()
- 33:         
- 34:         
- 35:         for coor in [(current[0], current[1] - 1), (current[0] - 1, current[1]), (current[0] + 1, current[1]), (current[0], current[1] + 1)]:
- 36:             if (coor[0] < 0 or coor[0] > width - 1 or coor[1] < 0 or coor[1] > height - 1):
- 37:                 continue
- 38:             if grid[coor[1]][coor[0]] == target:
- 39:                 return coor
- 40:             
- 41:             elif coor not in visited:
- 42:                 queue.appendleft(coor)
- 43:                 visited.add(current)
+ 32:         break
+ 33:     
+ 34:     
+ 35:     
+ 36:     
+ 37:     
+ 38:     
+ 39:     
+ 40:     
+ 41:     
+ 42:     
+ 43:     
  44:     return None
  45: 
  46: def breadth_first_search_graph(head, target):
  47:     '''
--------------------------------------------------------------------------------
[0.07611 s] survived
   - [#  61] ZIL breadth_first_search: 
--------------------------------------------------------------------------------
  32:         current = queue.pop()
  33:         
  34:         
  35:         for coor in [(current[0], current[1] - 1), (current[0] - 1, current[1]), (current[0] + 1, current[1]), (current[0], current[1] + 1)]:
- 36:             if (coor[0] < 0 or coor[0] > width - 1 or coor[1] < 0 or coor[1] > height - 1):
- 37:                 continue
- 38:             if grid[coor[1]][coor[0]] == target:
- 39:                 return coor
- 40:             
- 41:             elif coor not in visited:
- 42:                 queue.appendleft(coor)
- 43:                 visited.add(current)
+ 36:             break
+ 37:     
+ 38:     
+ 39:     
+ 40:     
+ 41:     
+ 42:     
+ 43:     
  44:     return None
  45: 
  46: def breadth_first_search_graph(head, target):
  47:     '''
--------------------------------------------------------------------------------
[0.07151 s] survived
   - [#  62] ZIL breadth_first_search: 
--------------------------------------------------------------------------------
  57:     visited = set([head])
  58:     queue = [head]
  59:     
  60:     while queue:
- 61:         current = queue.pop()
- 62:         
- 63:         for adjacent in current.adjacent_list:
- 64:             if adjacent in visited:
- 65:                 continue
- 66:             
- 67:             if adjacent.val == target:
- 68:                 return adjacent
- 69:             else:
- 70:                 queue.insert(0, adjacent)
- 71:                 visited.add(adjacent)
+ 61:         break
+ 62:     
+ 63:     
+ 64:     
+ 65:     
+ 66:     
+ 67:     
+ 68:     
+ 69:     
+ 70:     
+ 71:     
  72:     return None
--------------------------------------------------------------------------------
[0.07076 s] survived
   - [#  63] ZIL breadth_first_search: 
--------------------------------------------------------------------------------
  60:     while queue:
  61:         current = queue.pop()
  62:         
  63:         for adjacent in current.adjacent_list:
- 64:             if adjacent in visited:
- 65:                 continue
- 66:             
- 67:             if adjacent.val == target:
- 68:                 return adjacent
- 69:             else:
- 70:                 queue.insert(0, adjacent)
- 71:                 visited.add(adjacent)
+ 64:             break
+ 65:     
+ 66:     
+ 67:     
+ 68:     
+ 69:     
+ 70:     
+ 71:     
  72:     return None
--------------------------------------------------------------------------------
[0.07100 s] survived
[*] Mutation score [12.29737 s]: 34.9%
   - all: 63
   - killed: 21 (33.3%)
   - survived: 41 (65.1%)
   - incompetent: 0 (0.0%)
   - timeout: 1 (1.6%)
