[*] Start mutation process:
   - targets: mergesort.py
   - tests: ./ALL-SMART
[*] 12 tests passed:
   - test_mergesort_MOSA [0.04949 s]
   - test_mergesort_WHOLE_SUITE [0.04123 s]
   - test_mergesort_DYNAMOSA [0.03624 s]
   - test_mergesort_MIO [0.03737 s]
[*] Start mutants generation and execution:
   - [#   1] AOR mergesort: 
--------------------------------------------------------------------------------
   6:         
   7:         if len(l) <= 1:
   8:             return l
   9:         
- 10:         left = sort(l[:len(l) // 2])
+ 10:         left = sort(l[:len(l) / 2])
  11:         right = sort(l[len(l) // 2:])
  12:         
  13:         output = merge(left, right)
  14:         
--------------------------------------------------------------------------------
[0.07796 s] incompetent

TypeError: mergesort:10: TypeError: slice indices must be integers or None or have an __index__ method

   - [#   2] AOR mergesort: 
--------------------------------------------------------------------------------
   6:         
   7:         if len(l) <= 1:
   8:             return l
   9:         
- 10:         left = sort(l[:len(l) // 2])
+ 10:         left = sort(l[:len(l) * 2])
  11:         right = sort(l[len(l) // 2:])
  12:         
  13:         output = merge(left, right)
  14:         
--------------------------------------------------------------------------------
[0.08427 s] killed by ALL-SMART/test_mergesort_MIO.py::test_case_0

def test_case_0():
        bytes_0 = b"\x85\xbb\xed>\xb7\xd6\xb0\x03\xed&\x0b\xb6'\xa7\xfb}"
>       var_0 = module_0.mergesort(bytes_0)

ALL-SMART/test_mergesort_MIO.py:6: 
_ _ _ _ _ _ _ _ _ _ _ _ _ _ _ _ _ _ _ _ _ _ _ _ _ _ _ _ _ _ _ _ _ _ _ _ _ _ _ _ 
mergesort:34: in mergesort
    ???
mergesort:10: in sort
    ???
mergesort:10: in sort
    ???
E   RecursionError: maximum recursion depth exceeded while calling a Python object
!!! Recursion detected (same locals & position)
   - [#   3] AOR mergesort: 
--------------------------------------------------------------------------------
   7:         if len(l) <= 1:
   8:             return l
   9:         
  10:         left = sort(l[:len(l) // 2])
- 11:         right = sort(l[len(l) // 2:])
+ 11:         right = sort(l[len(l) / 2:])
  12:         
  13:         output = merge(left, right)
  14:         
  15:         return output
--------------------------------------------------------------------------------
[0.08069 s] incompetent

TypeError: mergesort:11: TypeError: slice indices must be integers or None or have an __index__ method

   - [#   4] AOR mergesort: 
--------------------------------------------------------------------------------
   7:         if len(l) <= 1:
   8:             return l
   9:         
  10:         left = sort(l[:len(l) // 2])
- 11:         right = sort(l[len(l) // 2:])
+ 11:         right = sort(l[len(l) * 2:])
  12:         
  13:         output = merge(left, right)
  14:         
  15:         return output
--------------------------------------------------------------------------------
[0.06093 s] survived
   - [#   5] COI mergesort: 
--------------------------------------------------------------------------------
   3: def mergesort(list):
   4:     
   5:     def sort(l):
   6:         
-  7:         if len(l) <= 1:
+  7:         if not (len(l) <= 1):
   8:             return l
   9:         
  10:         left = sort(l[:len(l) // 2])
  11:         right = sort(l[len(l) // 2:])
--------------------------------------------------------------------------------
[0.08273 s] incompetent

TypeError: mergesort:10: TypeError: unhashable type: 'slice'

   - [#   6] COI mergesort: 
--------------------------------------------------------------------------------
  19:         res = []
  20:         l1 = deque(l1)
  21:         l2 = deque(l2)
  22:         
- 23:         while (l1 and l2):
+ 23:         while not ((l1 and l2)):
  24:             if l1[0] < l2[0]:
  25:                 res.append(l1.popleft())
  26:             else:
  27:                 res.append(l2.popleft())
--------------------------------------------------------------------------------
[0.06206 s] survived
   - [#   7] COI mergesort: 
--------------------------------------------------------------------------------
  20:         l1 = deque(l1)
  21:         l2 = deque(l2)
  22:         
  23:         while (l1 and l2):
- 24:             if l1[0] < l2[0]:
+ 24:             if not (l1[0] < l2[0]):
  25:                 res.append(l1.popleft())
  26:             else:
  27:                 res.append(l2.popleft())
  28:         while l1:
--------------------------------------------------------------------------------
[0.06303 s] survived
   - [#   8] COI mergesort: 
--------------------------------------------------------------------------------
  24:             if l1[0] < l2[0]:
  25:                 res.append(l1.popleft())
  26:             else:
  27:                 res.append(l2.popleft())
- 28:         while l1:
+ 28:         while not l1:
  29:             res.append(l1.popleft())
  30:         while l2:
  31:             res.append(l2.popleft())
  32:         return res
--------------------------------------------------------------------------------
[0.08162 s] killed by ALL-SMART/test_mergesort_MIO.py::test_case_0

def test_case_0():
        bytes_0 = b"\x85\xbb\xed>\xb7\xd6\xb0\x03\xed&\x0b\xb6'\xa7\xfb}"
>       var_0 = module_0.mergesort(bytes_0)

ALL-SMART/test_mergesort_MIO.py:6: 
_ _ _ _ _ _ _ _ _ _ _ _ _ _ _ _ _ _ _ _ _ _ _ _ _ _ _ _ _ _ _ _ _ _ _ _ _ _ _ _ 
mergesort:34: in mergesort
    ???
mergesort:10: in sort
    ???
mergesort:10: in sort
    ???
mergesort:10: in sort
    ???
mergesort:13: in sort
    ???
_ _ _ _ _ _ _ _ _ _ _ _ _ _ _ _ _ _ _ _ _ _ _ _ _ _ _ _ _ _ _ _ _ _ _ _ _ _ _ _ 

l1 = deque([]), l2 = deque([187])

>   ???
E   IndexError: pop from an empty deque

mergesort:29: IndexError
   - [#   9] COI mergesort: 
--------------------------------------------------------------------------------
  26:             else:
  27:                 res.append(l2.popleft())
  28:         while l1:
  29:             res.append(l1.popleft())
- 30:         while l2:
+ 30:         while not l2:
  31:             res.append(l2.popleft())
  32:         return res
  33:     
  34:     return sort(list)
--------------------------------------------------------------------------------
[0.08266 s] killed by ALL-SMART/test_mergesort_MIO.py::test_case_0

def test_case_0():
        bytes_0 = b"\x85\xbb\xed>\xb7\xd6\xb0\x03\xed&\x0b\xb6'\xa7\xfb}"
>       var_0 = module_0.mergesort(bytes_0)

ALL-SMART/test_mergesort_MIO.py:6: 
_ _ _ _ _ _ _ _ _ _ _ _ _ _ _ _ _ _ _ _ _ _ _ _ _ _ _ _ _ _ _ _ _ _ _ _ _ _ _ _ 
mergesort:34: in mergesort
    ???
mergesort:10: in sort
    ???
mergesort:10: in sort
    ???
mergesort:11: in sort
    ???
mergesort:13: in sort
    ???
_ _ _ _ _ _ _ _ _ _ _ _ _ _ _ _ _ _ _ _ _ _ _ _ _ _ _ _ _ _ _ _ _ _ _ _ _ _ _ _ 

l1 = deque([]), l2 = deque([])

>   ???
E   IndexError: pop from an empty deque

mergesort:31: IndexError
   - [#  10] LCR mergesort: 
--------------------------------------------------------------------------------
  19:         res = []
  20:         l1 = deque(l1)
  21:         l2 = deque(l2)
  22:         
- 23:         while (l1 and l2):
+ 23:         while (l1 or l2):
  24:             if l1[0] < l2[0]:
  25:                 res.append(l1.popleft())
  26:             else:
  27:                 res.append(l2.popleft())
--------------------------------------------------------------------------------
[0.08111 s] killed by ALL-SMART/test_mergesort_MIO.py::test_case_0

def test_case_0():
        bytes_0 = b"\x85\xbb\xed>\xb7\xd6\xb0\x03\xed&\x0b\xb6'\xa7\xfb}"
>       var_0 = module_0.mergesort(bytes_0)

ALL-SMART/test_mergesort_MIO.py:6: 
_ _ _ _ _ _ _ _ _ _ _ _ _ _ _ _ _ _ _ _ _ _ _ _ _ _ _ _ _ _ _ _ _ _ _ _ _ _ _ _ 
mergesort:34: in mergesort
    ???
mergesort:10: in sort
    ???
mergesort:10: in sort
    ???
mergesort:10: in sort
    ???
mergesort:13: in sort
    ???
_ _ _ _ _ _ _ _ _ _ _ _ _ _ _ _ _ _ _ _ _ _ _ _ _ _ _ _ _ _ _ _ _ _ _ _ _ _ _ _ 

l1 = deque([]), l2 = deque([187])

>   ???
E   IndexError: deque index out of range

mergesort:24: IndexError
   - [#  11] OIL mergesort: 
--------------------------------------------------------------------------------
  23:         while (l1 and l2):
  24:             if l1[0] < l2[0]:
  25:                 res.append(l1.popleft())
  26:             else:
- 27:                 res.append(l2.popleft())
+ 27:                 res.append(l2.popleft())break
  28:         while l1:
  29:             res.append(l1.popleft())
  30:         while l2:
  31:             res.append(l2.popleft())
--------------------------------------------------------------------------------
[0.06088 s] survived
   - [#  12] OIL mergesort: 
--------------------------------------------------------------------------------
  26:             else:
  27:                 res.append(l2.popleft())
  28:         while l1:
  29:             res.append(l1.popleft())
- 30:         while l2:
- 31:             res.append(l2.popleft())
- 32:         return res
- 33:     
+ 30:             break
+ 31:         while l2:
+ 32:             res.append(l2.popleft())
+ 33:         return res
  34:     return sort(list)
--------------------------------------------------------------------------------
[0.06382 s] survived
   - [#  13] OIL mergesort: 
--------------------------------------------------------------------------------
  28:         while l1:
  29:             res.append(l1.popleft())
  30:         while l2:
  31:             res.append(l2.popleft())
- 32:         return res
- 33:     
+ 32:             break
+ 33:         return res
  34:     return sort(list)
--------------------------------------------------------------------------------
[0.06205 s] survived
   - [#  14] ROR mergesort: 
--------------------------------------------------------------------------------
   3: def mergesort(list):
   4:     
   5:     def sort(l):
   6:         
-  7:         if len(l) <= 1:
+  7:         if len(l) >= 1:
   8:             return l
   9:         
  10:         left = sort(l[:len(l) // 2])
  11:         right = sort(l[len(l) // 2:])
--------------------------------------------------------------------------------
[0.08377 s] incompetent

TypeError: mergesort:10: TypeError: unhashable type: 'slice'

   - [#  15] ROR mergesort: 
--------------------------------------------------------------------------------
   3: def mergesort(list):
   4:     
   5:     def sort(l):
   6:         
-  7:         if len(l) <= 1:
+  7:         if len(l) < 1:
   8:             return l
   9:         
  10:         left = sort(l[:len(l) // 2])
  11:         right = sort(l[len(l) // 2:])
--------------------------------------------------------------------------------
[0.08825 s] killed by ALL-SMART/test_mergesort_MIO.py::test_case_0

def test_case_0():
        bytes_0 = b"\x85\xbb\xed>\xb7\xd6\xb0\x03\xed&\x0b\xb6'\xa7\xfb}"
>       var_0 = module_0.mergesort(bytes_0)

ALL-SMART/test_mergesort_MIO.py:6: 
_ _ _ _ _ _ _ _ _ _ _ _ _ _ _ _ _ _ _ _ _ _ _ _ _ _ _ _ _ _ _ _ _ _ _ _ _ _ _ _ 
mergesort:34: in mergesort
    ???
mergesort:10: in sort
    ???
mergesort:10: in sort
    ???
mergesort:10: in sort
    ???
mergesort:10: in sort
    ???
mergesort:11: in sort
    ???
mergesort:11: in sort
    ???
E   RecursionError: maximum recursion depth exceeded while calling a Python object
!!! Recursion detected (same locals & position)
   - [#  16] ROR mergesort: 
--------------------------------------------------------------------------------
  20:         l1 = deque(l1)
  21:         l2 = deque(l2)
  22:         
  23:         while (l1 and l2):
- 24:             if l1[0] < l2[0]:
+ 24:             if l1[0] > l2[0]:
  25:                 res.append(l1.popleft())
  26:             else:
  27:                 res.append(l2.popleft())
  28:         while l1:
--------------------------------------------------------------------------------
[0.06114 s] survived
   - [#  17] ROR mergesort: 
--------------------------------------------------------------------------------
  20:         l1 = deque(l1)
  21:         l2 = deque(l2)
  22:         
  23:         while (l1 and l2):
- 24:             if l1[0] < l2[0]:
+ 24:             if l1[0] <= l2[0]:
  25:                 res.append(l1.popleft())
  26:             else:
  27:                 res.append(l2.popleft())
  28:         while l1:
--------------------------------------------------------------------------------
[0.06232 s] survived
   - [#  18] SDL mergesort: 
--------------------------------------------------------------------------------
   4:     
   5:     def sort(l):
   6:         
   7:         if len(l) <= 1:
-  8:             return l
+  8:             pass
   9:         
  10:         left = sort(l[:len(l) // 2])
  11:         right = sort(l[len(l) // 2:])
  12:         
--------------------------------------------------------------------------------
[0.08751 s] killed by ALL-SMART/test_mergesort_MIO.py::test_case_0

def test_case_0():
        bytes_0 = b"\x85\xbb\xed>\xb7\xd6\xb0\x03\xed&\x0b\xb6'\xa7\xfb}"
>       var_0 = module_0.mergesort(bytes_0)

ALL-SMART/test_mergesort_MIO.py:6: 
_ _ _ _ _ _ _ _ _ _ _ _ _ _ _ _ _ _ _ _ _ _ _ _ _ _ _ _ _ _ _ _ _ _ _ _ _ _ _ _ 
mergesort:34: in mergesort
    ???
mergesort:10: in sort
    ???
mergesort:10: in sort
    ???
mergesort:10: in sort
    ???
mergesort:10: in sort
    ???
mergesort:10: in sort
    ???
mergesort:10: in sort
    ???
mergesort:10: in sort
    ???
E   RecursionError: maximum recursion depth exceeded while calling a Python object
!!! Recursion detected (same locals & position)
   - [#  19] SDL mergesort: 
--------------------------------------------------------------------------------
   6:         
   7:         if len(l) <= 1:
   8:             return l
   9:         
- 10:         left = sort(l[:len(l) // 2])
+ 10:         pass
  11:         right = sort(l[len(l) // 2:])
  12:         
  13:         output = merge(left, right)
  14:         
--------------------------------------------------------------------------------
[0.08121 s] killed by ALL-SMART/test_mergesort_MIO.py::test_case_0

def test_case_0():
        bytes_0 = b"\x85\xbb\xed>\xb7\xd6\xb0\x03\xed&\x0b\xb6'\xa7\xfb}"
>       var_0 = module_0.mergesort(bytes_0)

ALL-SMART/test_mergesort_MIO.py:6: 
_ _ _ _ _ _ _ _ _ _ _ _ _ _ _ _ _ _ _ _ _ _ _ _ _ _ _ _ _ _ _ _ _ _ _ _ _ _ _ _ 
mergesort:34: in mergesort
    ???
mergesort:11: in sort
    ???
mergesort:11: in sort
    ???
mergesort:11: in sort
    ???
_ _ _ _ _ _ _ _ _ _ _ _ _ _ _ _ _ _ _ _ _ _ _ _ _ _ _ _ _ _ _ _ _ _ _ _ _ _ _ _ 

l = b'\xfb}'

>   ???
E   NameError: name 'left' is not defined

mergesort:13: NameError
   - [#  20] SDL mergesort: 
--------------------------------------------------------------------------------
   7:         if len(l) <= 1:
   8:             return l
   9:         
  10:         left = sort(l[:len(l) // 2])
- 11:         right = sort(l[len(l) // 2:])
+ 11:         pass
  12:         
  13:         output = merge(left, right)
  14:         
  15:         return output
--------------------------------------------------------------------------------
[0.08188 s] killed by ALL-SMART/test_mergesort_MIO.py::test_case_0

def test_case_0():
        bytes_0 = b"\x85\xbb\xed>\xb7\xd6\xb0\x03\xed&\x0b\xb6'\xa7\xfb}"
>       var_0 = module_0.mergesort(bytes_0)

ALL-SMART/test_mergesort_MIO.py:6: 
_ _ _ _ _ _ _ _ _ _ _ _ _ _ _ _ _ _ _ _ _ _ _ _ _ _ _ _ _ _ _ _ _ _ _ _ _ _ _ _ 
mergesort:34: in mergesort
    ???
mergesort:10: in sort
    ???
mergesort:10: in sort
    ???
mergesort:10: in sort
    ???
_ _ _ _ _ _ _ _ _ _ _ _ _ _ _ _ _ _ _ _ _ _ _ _ _ _ _ _ _ _ _ _ _ _ _ _ _ _ _ _ 

l = b'\x85\xbb'

>   ???
E   NameError: name 'right' is not defined

mergesort:13: NameError
   - [#  21] SDL mergesort: 
--------------------------------------------------------------------------------
   9:         
  10:         left = sort(l[:len(l) // 2])
  11:         right = sort(l[len(l) // 2:])
  12:         
- 13:         output = merge(left, right)
+ 13:         pass
  14:         
  15:         return output
  16:     
  17:     def merge(l1, l2):
--------------------------------------------------------------------------------
[0.07792 s] killed by ALL-SMART/test_mergesort_MIO.py::test_case_0

def test_case_0():
        bytes_0 = b"\x85\xbb\xed>\xb7\xd6\xb0\x03\xed&\x0b\xb6'\xa7\xfb}"
>       var_0 = module_0.mergesort(bytes_0)

ALL-SMART/test_mergesort_MIO.py:6: 
_ _ _ _ _ _ _ _ _ _ _ _ _ _ _ _ _ _ _ _ _ _ _ _ _ _ _ _ _ _ _ _ _ _ _ _ _ _ _ _ 
mergesort:34: in mergesort
    ???
mergesort:10: in sort
    ???
mergesort:10: in sort
    ???
mergesort:10: in sort
    ???
_ _ _ _ _ _ _ _ _ _ _ _ _ _ _ _ _ _ _ _ _ _ _ _ _ _ _ _ _ _ _ _ _ _ _ _ _ _ _ _ 

l = b'\x85\xbb'

>   ???
E   NameError: name 'output' is not defined

mergesort:15: NameError
   - [#  22] SDL mergesort: 
--------------------------------------------------------------------------------
  11:         right = sort(l[len(l) // 2:])
  12:         
  13:         output = merge(left, right)
  14:         
- 15:         return output
+ 15:         pass
  16:     
  17:     def merge(l1, l2):
  18:         
  19:         res = []
--------------------------------------------------------------------------------
[0.08142 s] incompetent

TypeError: mergesort:20: TypeError: 'NoneType' object is not iterable

   - [#  23] SDL mergesort: 
--------------------------------------------------------------------------------
  15:         return output
  16:     
  17:     def merge(l1, l2):
  18:         
- 19:         res = []
+ 19:         pass
  20:         l1 = deque(l1)
  21:         l2 = deque(l2)
  22:         
  23:         while (l1 and l2):
--------------------------------------------------------------------------------
[0.08292 s] killed by ALL-SMART/test_mergesort_MIO.py::test_case_0

def test_case_0():
        bytes_0 = b"\x85\xbb\xed>\xb7\xd6\xb0\x03\xed&\x0b\xb6'\xa7\xfb}"
>       var_0 = module_0.mergesort(bytes_0)

ALL-SMART/test_mergesort_MIO.py:6: 
_ _ _ _ _ _ _ _ _ _ _ _ _ _ _ _ _ _ _ _ _ _ _ _ _ _ _ _ _ _ _ _ _ _ _ _ _ _ _ _ 
mergesort:34: in mergesort
    ???
mergesort:10: in sort
    ???
mergesort:10: in sort
    ???
mergesort:10: in sort
    ???
mergesort:13: in sort
    ???
_ _ _ _ _ _ _ _ _ _ _ _ _ _ _ _ _ _ _ _ _ _ _ _ _ _ _ _ _ _ _ _ _ _ _ _ _ _ _ _ 

l1 = deque([133]), l2 = deque([187])

>   ???
E   NameError: name 'res' is not defined

mergesort:25: NameError
   - [#  24] SDL mergesort: 
--------------------------------------------------------------------------------
  16:     
  17:     def merge(l1, l2):
  18:         
  19:         res = []
- 20:         l1 = deque(l1)
+ 20:         pass
  21:         l2 = deque(l2)
  22:         
  23:         while (l1 and l2):
  24:             if l1[0] < l2[0]:
--------------------------------------------------------------------------------
[0.08422 s] killed by ALL-SMART/test_mergesort_MIO.py::test_case_0

def test_case_0():
        bytes_0 = b"\x85\xbb\xed>\xb7\xd6\xb0\x03\xed&\x0b\xb6'\xa7\xfb}"
>       var_0 = module_0.mergesort(bytes_0)

ALL-SMART/test_mergesort_MIO.py:6: 
_ _ _ _ _ _ _ _ _ _ _ _ _ _ _ _ _ _ _ _ _ _ _ _ _ _ _ _ _ _ _ _ _ _ _ _ _ _ _ _ 
mergesort:34: in mergesort
    ???
mergesort:10: in sort
    ???
mergesort:10: in sort
    ???
mergesort:10: in sort
    ???
mergesort:13: in sort
    ???
_ _ _ _ _ _ _ _ _ _ _ _ _ _ _ _ _ _ _ _ _ _ _ _ _ _ _ _ _ _ _ _ _ _ _ _ _ _ _ _ 

l1 = b'\x85', l2 = deque([187])

>   ???
E   AttributeError: 'bytes' object has no attribute 'popleft'

mergesort:25: AttributeError
   - [#  25] SDL mergesort: 
--------------------------------------------------------------------------------
  17:     def merge(l1, l2):
  18:         
  19:         res = []
  20:         l1 = deque(l1)
- 21:         l2 = deque(l2)
+ 21:         pass
  22:         
  23:         while (l1 and l2):
  24:             if l1[0] < l2[0]:
  25:                 res.append(l1.popleft())
--------------------------------------------------------------------------------
[0.08558 s] killed by ALL-SMART/test_mergesort_MIO.py::test_case_0

def test_case_0():
        bytes_0 = b"\x85\xbb\xed>\xb7\xd6\xb0\x03\xed&\x0b\xb6'\xa7\xfb}"
>       var_0 = module_0.mergesort(bytes_0)

ALL-SMART/test_mergesort_MIO.py:6: 
_ _ _ _ _ _ _ _ _ _ _ _ _ _ _ _ _ _ _ _ _ _ _ _ _ _ _ _ _ _ _ _ _ _ _ _ _ _ _ _ 
mergesort:34: in mergesort
    ???
mergesort:10: in sort
    ???
mergesort:10: in sort
    ???
mergesort:10: in sort
    ???
mergesort:13: in sort
    ???
_ _ _ _ _ _ _ _ _ _ _ _ _ _ _ _ _ _ _ _ _ _ _ _ _ _ _ _ _ _ _ _ _ _ _ _ _ _ _ _ 

l1 = deque([]), l2 = b'\xbb'

>   ???
E   AttributeError: 'bytes' object has no attribute 'popleft'

mergesort:31: AttributeError
   - [#  26] SDL mergesort: 
--------------------------------------------------------------------------------
  21:         l2 = deque(l2)
  22:         
  23:         while (l1 and l2):
  24:             if l1[0] < l2[0]:
- 25:                 res.append(l1.popleft())
+ 25:                 pass
  26:             else:
  27:                 res.append(l2.popleft())
  28:         while l1:
  29:             res.append(l1.popleft())
--------------------------------------------------------------------------------
[5.00660 s] timeout
   - [#  27] SDL mergesort: 
--------------------------------------------------------------------------------
  23:         while (l1 and l2):
  24:             if l1[0] < l2[0]:
  25:                 res.append(l1.popleft())
  26:             else:
- 27:                 res.append(l2.popleft())
+ 27:                 pass
  28:         while l1:
  29:             res.append(l1.popleft())
  30:         while l2:
  31:             res.append(l2.popleft())
--------------------------------------------------------------------------------
[5.00700 s] timeout
   - [#  28] SDL mergesort: 
--------------------------------------------------------------------------------
  25:                 res.append(l1.popleft())
  26:             else:
  27:                 res.append(l2.popleft())
  28:         while l1:
- 29:             res.append(l1.popleft())
+ 29:             pass
  30:         while l2:
  31:             res.append(l2.popleft())
  32:         return res
  33:     
--------------------------------------------------------------------------------
[5.00672 s] timeout
   - [#  29] SDL mergesort: 
--------------------------------------------------------------------------------
  27:                 res.append(l2.popleft())
  28:         while l1:
  29:             res.append(l1.popleft())
  30:         while l2:
- 31:             res.append(l2.popleft())
+ 31:             pass
  32:         return res
  33:     
  34:     return sort(list)
--------------------------------------------------------------------------------
[5.00659 s] timeout
   - [#  30] SDL mergesort: 
--------------------------------------------------------------------------------
  28:         while l1:
  29:             res.append(l1.popleft())
  30:         while l2:
  31:             res.append(l2.popleft())
- 32:         return res
+ 32:         pass
  33:     
  34:     return sort(list)
--------------------------------------------------------------------------------
[0.07679 s] incompetent

TypeError: mergesort:20: TypeError: 'NoneType' object is not iterable

   - [#  31] SDL mergesort: 
--------------------------------------------------------------------------------
  30:         while l2:
  31:             res.append(l2.popleft())
  32:         return res
  33:     
- 34:     return sort(list)
+ 34:     pass
--------------------------------------------------------------------------------
[0.10284 s] killed by ALL-SMART/test_mergesort_WHOLE_SUITE.py::test_case_5

def test_case_5():
        dict_0 = {}
        deque_0 = module_1.deque(**dict_0)
        var_0 = module_0.mergesort(deque_0)
>       assert f'{type(var_0).__module__}.{type(var_0).__qualname__}' == 'collections.deque'
E       AssertionError

ALL-SMART/test_mergesort_WHOLE_SUITE.py:61: AssertionError
   - [#  32] SIR mergesort: 
--------------------------------------------------------------------------------
   6:         
   7:         if len(l) <= 1:
   8:             return l
   9:         
- 10:         left = sort(l[:len(l) // 2])
+ 10:         left = sort(l[:])
  11:         right = sort(l[len(l) // 2:])
  12:         
  13:         output = merge(left, right)
  14:         
--------------------------------------------------------------------------------
[0.08423 s] killed by ALL-SMART/test_mergesort_MIO.py::test_case_0

def test_case_0():
        bytes_0 = b"\x85\xbb\xed>\xb7\xd6\xb0\x03\xed&\x0b\xb6'\xa7\xfb}"
>       var_0 = module_0.mergesort(bytes_0)

ALL-SMART/test_mergesort_MIO.py:6: 
_ _ _ _ _ _ _ _ _ _ _ _ _ _ _ _ _ _ _ _ _ _ _ _ _ _ _ _ _ _ _ _ _ _ _ _ _ _ _ _ 
mergesort:34: in mergesort
    ???
mergesort:10: in sort
    ???
mergesort:10: in sort
    ???
E   RecursionError: maximum recursion depth exceeded while calling a Python object
!!! Recursion detected (same locals & position)
   - [#  33] SIR mergesort: 
--------------------------------------------------------------------------------
   7:         if len(l) <= 1:
   8:             return l
   9:         
  10:         left = sort(l[:len(l) // 2])
- 11:         right = sort(l[len(l) // 2:])
+ 11:         right = sort(l[:])
  12:         
  13:         output = merge(left, right)
  14:         
  15:         return output
--------------------------------------------------------------------------------
[0.08496 s] killed by ALL-SMART/test_mergesort_MIO.py::test_case_0

def test_case_0():
        bytes_0 = b"\x85\xbb\xed>\xb7\xd6\xb0\x03\xed&\x0b\xb6'\xa7\xfb}"
>       var_0 = module_0.mergesort(bytes_0)

ALL-SMART/test_mergesort_MIO.py:6: 
_ _ _ _ _ _ _ _ _ _ _ _ _ _ _ _ _ _ _ _ _ _ _ _ _ _ _ _ _ _ _ _ _ _ _ _ _ _ _ _ 
mergesort:34: in mergesort
    ???
mergesort:10: in sort
    ???
mergesort:10: in sort
    ???
mergesort:10: in sort
    ???
mergesort:11: in sort
    ???
mergesort:11: in sort
    ???
E   RecursionError: maximum recursion depth exceeded while calling a Python object
!!! Recursion detected (same locals & position)
   - [#  34] ZIL mergesort: 
--------------------------------------------------------------------------------
  20:         l1 = deque(l1)
  21:         l2 = deque(l2)
  22:         
  23:         while (l1 and l2):
- 24:             if l1[0] < l2[0]:
- 25:                 res.append(l1.popleft())
- 26:             else:
- 27:                 res.append(l2.popleft())
+ 24:             break
+ 25:         
+ 26:         
+ 27:         
  28:         while l1:
  29:             res.append(l1.popleft())
  30:         while l2:
  31:             res.append(l2.popleft())
--------------------------------------------------------------------------------
[0.06187 s] survived
   - [#  35] ZIL mergesort: 
--------------------------------------------------------------------------------
  25:                 res.append(l1.popleft())
  26:             else:
  27:                 res.append(l2.popleft())
  28:         while l1:
- 29:             res.append(l1.popleft())
+ 29:             break
  30:         while l2:
  31:             res.append(l2.popleft())
  32:         return res
  33:     
--------------------------------------------------------------------------------
[0.06366 s] survived
   - [#  36] ZIL mergesort: 
--------------------------------------------------------------------------------
  27:                 res.append(l2.popleft())
  28:         while l1:
  29:             res.append(l1.popleft())
  30:         while l2:
- 31:             res.append(l2.popleft())
+ 31:             break
  32:         return res
  33:     
  34:     return sort(list)
--------------------------------------------------------------------------------
[0.06055 s] survived
[*] Mutation score [23.37725 s]: 63.3%
   - all: 36
   - killed: 15 (41.7%)
   - survived: 11 (30.6%)
   - incompetent: 6 (16.7%)
   - timeout: 4 (11.1%)
