[*] Start mutation process:
   - targets: fizz_buzz.py
   - tests: ./ALL-SMART
[*] 20 tests passed:
   - test_fizz_buzz_WHOLE_SUITE [0.05877 s]
   - test_fizz_buzz_MIO [0.04171 s]
   - test_fizz_buzz_DYNAMOSA [0.04118 s]
   - test_fizz_buzz_MOSA [0.04150 s]
[*] Start mutants generation and execution:
   - [#   1] AOR fizz_buzz: 
--------------------------------------------------------------------------------
  5:     divisible by 5, add "Buzz", if it is 
  6:     divisible by both, add "FizzBuzz"
  7: 
  8:     '''
- 9:     return [(('Fizz' if x % 3 == 0 else '') + ('Buzz' if x % 5 == 0 else '') or str(x)) for x in range(1, n + 1)]
+ 9:     return [(('Fizz' if x * 3 == 0 else '') + ('Buzz' if x % 5 == 0 else '') or str(x)) for x in range(1, n + 1)]
--------------------------------------------------------------------------------
[0.06863 s] survived
   - [#   2] AOR fizz_buzz: 
--------------------------------------------------------------------------------
  5:     divisible by 5, add "Buzz", if it is 
  6:     divisible by both, add "FizzBuzz"
  7: 
  8:     '''
- 9:     return [(('Fizz' if x % 3 == 0 else '') + ('Buzz' if x % 5 == 0 else '') or str(x)) for x in range(1, n + 1)]
+ 9:     return [(('Fizz' if x % 3 == 0 else '') - ('Buzz' if x % 5 == 0 else '') or str(x)) for x in range(1, n + 1)]
--------------------------------------------------------------------------------
[0.07557 s] incompetent

TypeError: fizz_buzz:9: TypeError: unsupported operand type(s) for -: 'str' and 'str'

   - [#   3] AOR fizz_buzz: 
--------------------------------------------------------------------------------
  5:     divisible by 5, add "Buzz", if it is 
  6:     divisible by both, add "FizzBuzz"
  7: 
  8:     '''
- 9:     return [(('Fizz' if x % 3 == 0 else '') + ('Buzz' if x % 5 == 0 else '') or str(x)) for x in range(1, n + 1)]
+ 9:     return [(('Fizz' if x % 3 == 0 else '') + ('Buzz' if x * 5 == 0 else '') or str(x)) for x in range(1, n + 1)]
--------------------------------------------------------------------------------
[0.06924 s] survived
   - [#   4] AOR fizz_buzz: 
--------------------------------------------------------------------------------
  5:     divisible by 5, add "Buzz", if it is 
  6:     divisible by both, add "FizzBuzz"
  7: 
  8:     '''
- 9:     return [(('Fizz' if x % 3 == 0 else '') + ('Buzz' if x % 5 == 0 else '') or str(x)) for x in range(1, n + 1)]
+ 9:     return [(('Fizz' if x % 3 == 0 else '') + ('Buzz' if x % 5 == 0 else '') or str(x)) for x in range(1, n - 1)]
--------------------------------------------------------------------------------
[0.06797 s] survived
   - [#   5] LCR fizz_buzz: 
--------------------------------------------------------------------------------
  5:     divisible by 5, add "Buzz", if it is 
  6:     divisible by both, add "FizzBuzz"
  7: 
  8:     '''
- 9:     return [(('Fizz' if x % 3 == 0 else '') + ('Buzz' if x % 5 == 0 else '') or str(x)) for x in range(1, n + 1)]
+ 9:     return [(('Fizz' if x % 3 == 0 else '') + ('Buzz' if x % 5 == 0 else '') and str(x)) for x in range(1, n + 1)]
--------------------------------------------------------------------------------
[0.06817 s] survived
   - [#   6] ROR fizz_buzz: 
--------------------------------------------------------------------------------
  5:     divisible by 5, add "Buzz", if it is 
  6:     divisible by both, add "FizzBuzz"
  7: 
  8:     '''
- 9:     return [(('Fizz' if x % 3 == 0 else '') + ('Buzz' if x % 5 == 0 else '') or str(x)) for x in range(1, n + 1)]
+ 9:     return [(('Fizz' if x % 3 != 0 else '') + ('Buzz' if x % 5 == 0 else '') or str(x)) for x in range(1, n + 1)]
--------------------------------------------------------------------------------
[0.06919 s] survived
   - [#   7] ROR fizz_buzz: 
--------------------------------------------------------------------------------
  5:     divisible by 5, add "Buzz", if it is 
  6:     divisible by both, add "FizzBuzz"
  7: 
  8:     '''
- 9:     return [(('Fizz' if x % 3 == 0 else '') + ('Buzz' if x % 5 == 0 else '') or str(x)) for x in range(1, n + 1)]
+ 9:     return [(('Fizz' if x % 3 == 0 else '') + ('Buzz' if x % 5 != 0 else '') or str(x)) for x in range(1, n + 1)]
--------------------------------------------------------------------------------
[0.06804 s] survived
   - [#   8] SDL fizz_buzz: 
--------------------------------------------------------------------------------
  5:     divisible by 5, add "Buzz", if it is 
  6:     divisible by both, add "FizzBuzz"
  7: 
  8:     '''
- 9:     return [(('Fizz' if x % 3 == 0 else '') + ('Buzz' if x % 5 == 0 else '') or str(x)) for x in range(1, n + 1)]
+ 9:     pass
--------------------------------------------------------------------------------
[0.06529 s] survived
[*] Mutation score [0.84123 s]: 0.0%
   - all: 8
   - killed: 0 (0.0%)
   - survived: 7 (87.5%)
   - incompetent: 1 (12.5%)
   - timeout: 0 (0.0%)
