[*] Start mutation process:
   - targets: permutations.py
   - tests: ./ALL-SMART
[*] 6 tests passed:
   - test_permutations_MOSA [0.05613 s]
   - test_permutations_DYNAMOSA [0.04170 s]
   - test_permutations_MIO [0.10420 s]
   - test_permutations_WHOLE_SUITE [0.03939 s]
[*] Start mutants generation and execution:
   - [#   1] AOR permutations: 
--------------------------------------------------------------------------------
   7:         if not remaining:
   8:             permute.list.append(current)
   9:             return
  10:         for i in range(0, len(remaining)):
- 11:             permute(current + remaining[i], remaining[:i] + remaining[i + 1:])
+ 11:             permute(current - remaining[i], remaining[:i] + remaining[i + 1:])
  12:     
  13:     permute.list = []
  14:     permute('', list(string))
  15:     return permute.list
--------------------------------------------------------------------------------
[0.07639 s] incompetent

TypeError: permutations:11: TypeError: unsupported operand type(s) for -: 'str' and 'str'

   - [#   2] AOR permutations: 
--------------------------------------------------------------------------------
   7:         if not remaining:
   8:             permute.list.append(current)
   9:             return
  10:         for i in range(0, len(remaining)):
- 11:             permute(current + remaining[i], remaining[:i] + remaining[i + 1:])
+ 11:             permute(current + remaining[i], remaining[:i] - remaining[i + 1:])
  12:     
  13:     permute.list = []
  14:     permute('', list(string))
  15:     return permute.list
--------------------------------------------------------------------------------
[0.07756 s] incompetent

TypeError: permutations:11: TypeError: unsupported operand type(s) for -: 'list' and 'list'

   - [#   3] AOR permutations: 
--------------------------------------------------------------------------------
   7:         if not remaining:
   8:             permute.list.append(current)
   9:             return
  10:         for i in range(0, len(remaining)):
- 11:             permute(current + remaining[i], remaining[:i] + remaining[i + 1:])
+ 11:             permute(current + remaining[i], remaining[:i] + remaining[i - 1:])
  12:     
  13:     permute.list = []
  14:     permute('', list(string))
  15:     return permute.list
--------------------------------------------------------------------------------
[0.37079 s] killed by ALL-SMART/test_permutations_DYNAMOSA.py::test_case_0

def test_case_0():
        str_0 = 'Kh'
>       var_0 = module_0.permutations_of_word(str_0)

ALL-SMART/test_permutations_DYNAMOSA.py:7: 
_ _ _ _ _ _ _ _ _ _ _ _ _ _ _ _ _ _ _ _ _ _ _ _ _ _ _ _ _ _ _ _ _ _ _ _ _ _ _ _ 
permutations:14: in permutations_of_word
    ???
permutations:11: in permute
    ???
permutations:11: in permute
    ???
permutations:11: in permute
    ???
permutations:11: in permute
    ???
permutations:11: in permute
    ???
permutations:11: in permute
    ???
permutations:11: in permute
    ???
permutations:11: in permute
    ???
permutations:11: in permute
    ???
permutations:11: in permute
    ???
permutations:11: in permute
    ???
permutations:11: in permute
    ???
permutations:11: in permute
    ???
permutations:11: in permute
    ???
permutations:11: in permute
    ???
permutations:11: in permute
    ???
permutations:11: in permute
    ???
permutations:11: in permute
    ???
permutations:11: in permute
    ???
permutations:11: in permute
    ???
permutations:11: in permute
    ???
permutations:11: in permute
    ???
permutations:11: in permute
    ???
permutations:11: in permute
    ???
permutations:11: in permute
    ???
permutations:11: in permute
    ???
permutations:11: in permute
    ???
permutations:11: in permute
    ???
permutations:11: in permute
    ???
permutations:11: in permute
    ???
permutations:11: in permute
    ???
permutations:11: in permute
    ???
permutations:11: in permute
    ???
permutations:11: in permute
    ???
permutations:11: in permute
    ???
permutations:11: in permute
    ???
permutations:11: in permute
    ???
permutations:11: in permute
    ???
permutations:11: in permute
    ???
permutations:11: in permute
    ???
permutations:11: in permute
    ???
permutations:11: in permute
    ???
permutations:11: in permute
    ???
permutations:11: in permute
    ???
permutations:11: in permute
    ???
permutations:11: in permute
    ???
permutations:11: in permute
    ???
permutations:11: in permute
    ???
permutations:11: in permute
    ???
permutations:11: in permute
    ???
permutations:11: in permute
    ???
permutations:11: in permute
    ???
permutations:11: in permute
    ???
permutations:11: in permute
    ???
permutations:11: in permute
    ???
permutations:11: in permute
    ???
permutations:11: in permute
    ???
permutations:11: in permute
    ???
permutations:11: in permute
    ???
permutations:11: in permute
    ???
permutations:11: in permute
    ???
permutations:11: in permute
    ???
permutations:11: in permute
    ???
permutations:11: in permute
    ???
permutations:11: in permute
    ???
permutations:11: in permute
    ???
permutations:11: in permute
    ???
permutations:11: in permute
    ???
permutations:11: in permute
    ???
permutations:11: in permute
    ???
permutations:11: in permute
    ???
permutations:11: in permute
    ???
permutations:11: in permute
    ???
permutations:11: in permute
    ???
permutations:11: in permute
    ???
permutations:11: in permute
    ???
permutations:11: in permute
    ???
permutations:11: in permute
    ???
permutations:11: in permute
    ???
permutations:11: in permute
    ???
permutations:11: in permute
    ???
permutations:11: in permute
    ???
permutations:11: in permute
    ???
permutations:11: in permute
    ???
permutations:11: in permute
    ???
permutations:11: in permute
    ???
permutations:11: in permute
    ???
permutations:11: in permute
    ???
permutations:11: in permute
    ???
permutations:11: in permute
    ???
permutations:11: in permute
    ???
permutations:11: in permute
    ???
permutations:11: in permute
    ???
permutations:11: in permute
    ???
permutations:11: in permute
    ???
permutations:11: in permute
    ???
permutations:11: in permute
    ???
permutations:11: in permute
    ???
permutations:11: in permute
    ???
permutations:11: in permute
    ???
permutations:11: in permute
    ???
permutations:11: in permute
    ???
permutations:11: in permute
    ???
permutations:11: in permute
    ???
permutations:11: in permute
    ???
permutations:11: in permute
    ???
permutations:11: in permute
    ???
permutations:11: in permute
    ???
permutations:11: in permute
    ???
permutations:11: in permute
    ???
permutations:11: in permute
    ???
permutations:11: in permute
    ???
permutations:11: in permute
    ???
permutations:11: in permute
    ???
permutations:11: in permute
    ???
permutations:11: in permute
    ???
permutations:11: in permute
    ???
permutations:11: in permute
    ???
permutations:11: in permute
    ???
permutations:11: in permute
    ???
permutations:11: in permute
    ???
permutations:11: in permute
    ???
permutations:11: in permute
    ???
permutations:11: in permute
    ???
permutations:11: in permute
    ???
permutations:11: in permute
    ???
permutations:11: in permute
    ???
permutations:11: in permute
    ???
permutations:11: in permute
    ???
permutations:11: in permute
    ???
permutations:11: in permute
    ???
permutations:11: in permute
    ???
permutations:11: in permute
    ???
permutations:11: in permute
    ???
permutations:11: in permute
    ???
permutations:11: in permute
    ???
permutations:11: in permute
    ???
permutations:11: in permute
    ???
permutations:11: in permute
    ???
permutations:11: in permute
    ???
permutations:11: in permute
    ???
permutations:11: in permute
    ???
permutations:11: in permute
    ???
permutations:11: in permute
    ???
permutations:11: in permute
    ???
permutations:11: in permute
    ???
permutations:11: in permute
    ???
permutations:11: in permute
    ???
permutations:11: in permute
    ???
permutations:11: in permute
    ???
permutations:11: in permute
    ???
permutations:11: in permute
    ???
permutations:11: in permute
    ???
permutations:11: in permute
    ???
permutations:11: in permute
    ???
permutations:11: in permute
    ???
permutations:11: in permute
    ???
permutations:11: in permute
    ???
permutations:11: in permute
    ???
permutations:11: in permute
    ???
permutations:11: in permute
    ???
permutations:11: in permute
    ???
permutations:11: in permute
    ???
permutations:11: in permute
    ???
permutations:11: in permute
    ???
permutations:11: in permute
    ???
permutations:11: in permute
    ???
permutations:11: in permute
    ???
permutations:11: in permute
    ???
permutations:11: in permute
    ???
permutations:11: in permute
    ???
permutations:11: in permute
    ???
permutations:11: in permute
    ???
permutations:11: in permute
    ???
permutations:11: in permute
    ???
permutations:11: in permute
    ???
permutations:11: in permute
    ???
permutations:11: in permute
    ???
permutations:11: in permute
    ???
permutations:11: in permute
    ???
permutations:11: in permute
    ???
permutations:11: in permute
    ???
permutations:11: in permute
    ???
permutations:11: in permute
    ???
permutations:11: in permute
    ???
permutations:11: in permute
    ???
permutations:11: in permute
    ???
permutations:11: in permute
    ???
permutations:11: in permute
    ???
permutations:11: in permute
    ???
permutations:11: in permute
    ???
permutations:11: in permute
    ???
permutations:11: in permute
    ???
permutations:11: in permute
    ???
permutations:11: in permute
    ???
permutations:11: in permute
    ???
permutations:11: in permute
    ???
permutations:11: in permute
    ???
permutations:11: in permute
    ???
permutations:11: in permute
    ???
permutations:11: in permute
    ???
permutations:11: in permute
    ???
permutations:11: in permute
    ???
permutations:11: in permute
    ???
permutations:11: in permute
    ???
permutations:11: in permute
    ???
permutations:11: in permute
    ???
permutations:11: in permute
    ???
permutations:11: in permute
    ???
permutations:11: in permute
    ???
permutations:11: in permute
    ???
permutations:11: in permute
    ???
permutations:11: in permute
    ???
permutations:11: in permute
    ???
permutations:11: in permute
    ???
permutations:11: in permute
    ???
permutations:11: in permute
    ???
permutations:11: in permute
    ???
permutations:11: in permute
    ???
permutations:11: in permute
    ???
permutations:11: in permute
    ???
permutations:11: in permute
    ???
permutations:11: in permute
    ???
permutations:11: in permute
    ???
permutations:11: in permute
    ???
permutations:11: in permute
    ???
permutations:11: in permute
    ???
permutations:11: in permute
    ???
permutations:11: in permute
    ???
permutations:11: in permute
    ???
permutations:11: in permute
    ???
permutations:11: in permute
    ???
permutations:11: in permute
    ???
permutations:11: in permute
    ???
permutations:11: in permute
    ???
permutations:11: in permute
    ???
permutations:11: in permute
    ???
permutations:11: in permute
    ???
permutations:11: in permute
    ???
permutations:11: in permute
    ???
permutations:11: in permute
    ???
permutations:11: in permute
    ???
permutations:11: in permute
    ???
permutations:11: in permute
    ???
permutations:11: in permute
    ???
permutations:11: in permute
    ???
permutations:11: in permute
    ???
permutations:11: in permute
    ???
permutations:11: in permute
    ???
permutations:11: in permute
    ???
permutations:11: in permute
    ???
permutations:11: in permute
    ???
permutations:11: in permute
    ???
permutations:11: in permute
    ???
permutations:11: in permute
    ???
permutations:11: in permute
    ???
permutations:11: in permute
    ???
permutations:11: in permute
    ???
permutations:11: in permute
    ???
permutations:11: in permute
    ???
permutations:11: in permute
    ???
permutations:11: in permute
    ???
permutations:11: in permute
    ???
permutations:11: in permute
    ???
permutations:11: in permute
    ???
permutations:11: in permute
    ???
permutations:11: in permute
    ???
permutations:11: in permute
    ???
permutations:11: in permute
    ???
permutations:11: in permute
    ???
permutations:11: in permute
    ???
permutations:11: in permute
    ???
permutations:11: in permute
    ???
permutations:11: in permute
    ???
permutations:11: in permute
    ???
permutations:11: in permute
    ???
permutations:11: in permute
    ???
permutations:11: in permute
    ???
permutations:11: in permute
    ???
permutations:11: in permute
    ???
permutations:11: in permute
    ???
permutations:11: in permute
    ???
permutations:11: in permute
    ???
permutations:11: in permute
    ???
permutations:11: in permute
    ???
permutations:11: in permute
    ???
permutations:11: in permute
    ???
permutations:11: in permute
    ???
permutations:11: in permute
    ???
permutations:11: in permute
    ???
permutations:11: in permute
    ???
permutations:11: in permute
    ???
permutations:11: in permute
    ???
permutations:11: in permute
    ???
permutations:11: in permute
    ???
permutations:11: in permute
    ???
permutations:11: in permute
    ???
permutations:11: in permute
    ???
permutations:11: in permute
    ???
permutations:11: in permute
    ???
permutations:11: in permute
    ???
permutations:11: in permute
    ???
permutations:11: in permute
    ???
permutations:11: in permute
    ???
permutations:11: in permute
    ???
permutations:11: in permute
    ???
permutations:11: in permute
    ???
permutations:11: in permute
    ???
permutations:11: in permute
    ???
permutations:11: in permute
    ???
permutations:11: in permute
    ???
permutations:11: in permute
    ???
permutations:11: in permute
    ???
permutations:11: in permute
    ???
permutations:11: in permute
    ???
permutations:11: in permute
    ???
permutations:11: in permute
    ???
permutations:11: in permute
    ???
permutations:11: in permute
    ???
permutations:11: in permute
    ???
permutations:11: in permute
    ???
permutations:11: in permute
    ???
permutations:11: in permute
    ???
permutations:11: in permute
    ???
permutations:11: in permute
    ???
permutations:11: in permute
    ???
permutations:11: in permute
    ???
permutations:11: in permute
    ???
permutations:11: in permute
    ???
permutations:11: in permute
    ???
permutations:11: in permute
    ???
permutations:11: in permute
    ???
permutations:11: in permute
    ???
permutations:11: in permute
    ???
permutations:11: in permute
    ???
permutations:11: in permute
    ???
permutations:11: in permute
    ???
permutations:11: in permute
    ???
permutations:11: in permute
    ???
permutations:11: in permute
    ???
permutations:11: in permute
    ???
permutations:11: in permute
    ???
permutations:11: in permute
    ???
permutations:11: in permute
    ???
permutations:11: in permute
    ???
permutations:11: in permute
    ???
permutations:11: in permute
    ???
permutations:11: in permute
    ???
permutations:11: in permute
    ???
permutations:11: in permute
    ???
permutations:11: in permute
    ???
permutations:11: in permute
    ???
permutations:11: in permute
    ???
permutations:11: in permute
    ???
permutations:11: in permute
    ???
permutations:11: in permute
    ???
permutations:11: in permute
    ???
permutations:11: in permute
    ???
permutations:11: in permute
    ???
permutations:11: in permute
    ???
permutations:11: in permute
    ???
permutations:11: in permute
    ???
permutations:11: in permute
    ???
permutations:11: in permute
    ???
permutations:11: in permute
    ???
permutations:11: in permute
    ???
permutations:11: in permute
    ???
permutations:11: in permute
    ???
permutations:11: in permute
    ???
permutations:11: in permute
    ???
permutations:11: in permute
    ???
permutations:11: in permute
    ???
permutations:11: in permute
    ???
permutations:11: in permute
    ???
permutations:11: in permute
    ???
permutations:11: in permute
    ???
permutations:11: in permute
    ???
permutations:11: in permute
    ???
permutations:11: in permute
    ???
permutations:11: in permute
    ???
permutations:11: in permute
    ???
permutations:11: in permute
    ???
permutations:11: in permute
    ???
permutations:11: in permute
    ???
permutations:11: in permute
    ???
permutations:11: in permute
    ???
permutations:11: in permute
    ???
permutations:11: in permute
    ???
permutations:11: in permute
    ???
permutations:11: in permute
    ???
permutations:11: in permute
    ???
permutations:11: in permute
    ???
permutations:11: in permute
    ???
permutations:11: in permute
    ???
permutations:11: in permute
    ???
permutations:11: in permute
    ???
permutations:11: in permute
    ???
permutations:11: in permute
    ???
permutations:11: in permute
    ???
permutations:11: in permute
    ???
permutations:11: in permute
    ???
permutations:11: in permute
    ???
permutations:11: in permute
    ???
permutations:11: in permute
    ???
permutations:11: in permute
    ???
permutations:11: in permute
    ???
permutations:11: in permute
    ???
permutations:11: in permute
    ???
permutations:11: in permute
    ???
permutations:11: in permute
    ???
permutations:11: in permute
    ???
permutations:11: in permute
    ???
permutations:11: in permute
    ???
permutations:11: in permute
    ???
permutations:11: in permute
    ???
permutations:11: in permute
    ???
permutations:11: in permute
    ???
permutations:11: in permute
    ???
permutations:11: in permute
    ???
permutations:11: in permute
    ???
permutations:11: in permute
    ???
permutations:11: in permute
    ???
permutations:11: in permute
    ???
permutations:11: in permute
    ???
permutations:11: in permute
    ???
permutations:11: in permute
    ???
permutations:11: in permute
    ???
permutations:11: in permute
    ???
permutations:11: in permute
    ???
permutations:11: in permute
    ???
permutations:11: in permute
    ???
permutations:11: in permute
    ???
permutations:11: in permute
    ???
permutations:11: in permute
    ???
permutations:11: in permute
    ???
permutations:11: in permute
    ???
permutations:11: in permute
    ???
permutations:11: in permute
    ???
permutations:11: in permute
    ???
permutations:11: in permute
    ???
permutations:11: in permute
    ???
permutations:11: in permute
    ???
permutations:11: in permute
    ???
permutations:11: in permute
    ???
permutations:11: in permute
    ???
permutations:11: in permute
    ???
permutations:11: in permute
    ???
permutations:11: in permute
    ???
permutations:11: in permute
    ???
permutations:11: in permute
    ???
permutations:11: in permute
    ???
permutations:11: in permute
    ???
permutations:11: in permute
    ???
permutations:11: in permute
    ???
permutations:11: in permute
    ???
permutations:11: in permute
    ???
permutations:11: in permute
    ???
permutations:11: in permute
    ???
permutations:11: in permute
    ???
permutations:11: in permute
    ???
permutations:11: in permute
    ???
permutations:11: in permute
    ???
permutations:11: in permute
    ???
permutations:11: in permute
    ???
permutations:11: in permute
    ???
permutations:11: in permute
    ???
permutations:11: in permute
    ???
permutations:11: in permute
    ???
permutations:11: in permute
    ???
permutations:11: in permute
    ???
permutations:11: in permute
    ???
permutations:11: in permute
    ???
permutations:11: in permute
    ???
permutations:11: in permute
    ???
permutations:11: in permute
    ???
permutations:11: in permute
    ???
permutations:11: in permute
    ???
permutations:11: in permute
    ???
permutations:11: in permute
    ???
permutations:11: in permute
    ???
permutations:11: in permute
    ???
permutations:11: in permute
    ???
permutations:11: in permute
    ???
permutations:11: in permute
    ???
permutations:11: in permute
    ???
permutations:11: in permute
    ???
permutations:11: in permute
    ???
permutations:11: in permute
    ???
permutations:11: in permute
    ???
permutations:11: in permute
    ???
permutations:11: in permute
    ???
permutations:11: in permute
    ???
permutations:11: in permute
    ???
permutations:11: in permute
    ???
permutations:11: in permute
    ???
permutations:11: in permute
    ???
permutations:11: in permute
    ???
permutations:11: in permute
    ???
permutations:11: in permute
    ???
permutations:11: in permute
    ???
permutations:11: in permute
    ???
permutations:11: in permute
    ???
permutations:11: in permute
    ???
permutations:11: in permute
    ???
permutations:11: in permute
    ???
permutations:11: in permute
    ???
permutations:11: in permute
    ???
permutations:11: in permute
    ???
permutations:11: in permute
    ???
permutations:11: in permute
    ???
permutations:11: in permute
    ???
permutations:11: in permute
    ???
permutations:11: in permute
    ???
permutations:11: in permute
    ???
permutations:11: in permute
    ???
permutations:11: in permute
    ???
permutations:11: in permute
    ???
permutations:11: in permute
    ???
permutations:11: in permute
    ???
permutations:11: in permute
    ???
permutations:11: in permute
    ???
permutations:11: in permute
    ???
permutations:11: in permute
    ???
permutations:11: in permute
    ???
permutations:11: in permute
    ???
permutations:11: in permute
    ???
permutations:11: in permute
    ???
permutations:11: in permute
    ???
permutations:11: in permute
    ???
permutations:11: in permute
    ???
permutations:11: in permute
    ???
permutations:11: in permute
    ???
permutations:11: in permute
    ???
permutations:11: in permute
    ???
permutations:11: in permute
    ???
permutations:11: in permute
    ???
permutations:11: in permute
    ???
permutations:11: in permute
    ???
permutations:11: in permute
    ???
permutations:11: in permute
    ???
permutations:11: in permute
    ???
permutations:11: in permute
    ???
permutations:11: in permute
    ???
permutations:11: in permute
    ???
permutations:11: in permute
    ???
permutations:11: in permute
    ???
permutations:11: in permute
    ???
permutations:11: in permute
    ???
permutations:11: in permute
    ???
permutations:11: in permute
    ???
permutations:11: in permute
    ???
permutations:11: in permute
    ???
permutations:11: in permute
    ???
permutations:11: in permute
    ???
permutations:11: in permute
    ???
permutations:11: in permute
    ???
permutations:11: in permute
    ???
permutations:11: in permute
    ???
permutations:11: in permute
    ???
permutations:11: in permute
    ???
permutations:11: in permute
    ???
permutations:11: in permute
    ???
permutations:11: in permute
    ???
permutations:11: in permute
    ???
permutations:11: in permute
    ???
permutations:11: in permute
    ???
permutations:11: in permute
    ???
permutations:11: in permute
    ???
permutations:11: in permute
    ???
permutations:11: in permute
    ???
permutations:11: in permute
    ???
permutations:11: in permute
    ???
permutations:11: in permute
    ???
permutations:11: in permute
    ???
permutations:11: in permute
    ???
permutations:11: in permute
    ???
permutations:11: in permute
    ???
permutations:11: in permute
    ???
permutations:11: in permute
    ???
permutations:11: in permute
    ???
permutations:11: in permute
    ???
permutations:11: in permute
    ???
permutations:11: in permute
    ???
permutations:11: in permute
    ???
permutations:11: in permute
    ???
permutations:11: in permute
    ???
permutations:11: in permute
    ???
permutations:11: in permute
    ???
permutations:11: in permute
    ???
permutations:11: in permute
    ???
permutations:11: in permute
    ???
permutations:11: in permute
    ???
permutations:11: in permute
    ???
permutations:11: in permute
    ???
permutations:11: in permute
    ???
permutations:11: in permute
    ???
permutations:11: in permute
    ???
permutations:11: in permute
    ???
permutations:11: in permute
    ???
permutations:11: in permute
    ???
permutations:11: in permute
    ???
permutations:11: in permute
    ???
permutations:11: in permute
    ???
permutations:11: in permute
    ???
permutations:11: in permute
    ???
permutations:11: in permute
    ???
permutations:11: in permute
    ???
permutations:11: in permute
    ???
permutations:11: in permute
    ???
permutations:11: in permute
    ???
permutations:11: in permute
    ???
permutations:11: in permute
    ???
permutations:11: in permute
    ???
permutations:11: in permute
    ???
permutations:11: in permute
    ???
permutations:11: in permute
    ???
permutations:11: in permute
    ???
permutations:11: in permute
    ???
permutations:11: in permute
    ???
permutations:11: in permute
    ???
permutations:11: in permute
    ???
permutations:11: in permute
    ???
permutations:11: in permute
    ???
permutations:11: in permute
    ???
permutations:11: in permute
    ???
permutations:11: in permute
    ???
permutations:11: in permute
    ???
permutations:11: in permute
    ???
permutations:11: in permute
    ???
permutations:11: in permute
    ???
permutations:11: in permute
    ???
permutations:11: in permute
    ???
permutations:11: in permute
    ???
permutations:11: in permute
    ???
permutations:11: in permute
    ???
permutations:11: in permute
    ???
permutations:11: in permute
    ???
permutations:11: in permute
    ???
permutations:11: in permute
    ???
permutations:11: in permute
    ???
permutations:11: in permute
    ???
permutations:11: in permute
    ???
permutations:11: in permute
    ???
permutations:11: in permute
    ???
permutations:11: in permute
    ???
permutations:11: in permute
    ???
permutations:11: in permute
    ???
permutations:11: in permute
    ???
permutations:11: in permute
    ???
permutations:11: in permute
    ???
permutations:11: in permute
    ???
permutations:11: in permute
    ???
permutations:11: in permute
    ???
permutations:11: in permute
    ???
permutations:11: in permute
    ???
permutations:11: in permute
    ???
permutations:11: in permute
    ???
permutations:11: in permute
    ???
permutations:11: in permute
    ???
permutations:11: in permute
    ???
permutations:11: in permute
    ???
permutations:11: in permute
    ???
permutations:11: in permute
    ???
permutations:11: in permute
    ???
permutations:11: in permute
    ???
permutations:11: in permute
    ???
permutations:11: in permute
    ???
permutations:11: in permute
    ???
permutations:11: in permute
    ???
permutations:11: in permute
    ???
permutations:11: in permute
    ???
permutations:11: in permute
    ???
permutations:11: in permute
    ???
permutations:11: in permute
    ???
permutations:11: in permute
    ???
permutations:11: in permute
    ???
permutations:11: in permute
    ???
permutations:11: in permute
    ???
permutations:11: in permute
    ???
permutations:11: in permute
    ???
permutations:11: in permute
    ???
permutations:11: in permute
    ???
permutations:11: in permute
    ???
permutations:11: in permute
    ???
permutations:11: in permute
    ???
permutations:11: in permute
    ???
permutations:11: in permute
    ???
permutations:11: in permute
    ???
permutations:11: in permute
    ???
permutations:11: in permute
    ???
permutations:11: in permute
    ???
permutations:11: in permute
    ???
permutations:11: in permute
    ???
permutations:11: in permute
    ???
permutations:11: in permute
    ???
permutations:11: in permute
    ???
permutations:11: in permute
    ???
permutations:11: in permute
    ???
permutations:11: in permute
    ???
permutations:11: in permute
    ???
permutations:11: in permute
    ???
permutations:11: in permute
    ???
permutations:11: in permute
    ???
permutations:11: in permute
    ???
permutations:11: in permute
    ???
permutations:11: in permute
    ???
permutations:11: in permute
    ???
permutations:11: in permute
    ???
permutations:11: in permute
    ???
permutations:11: in permute
    ???
permutations:11: in permute
    ???
permutations:11: in permute
    ???
permutations:11: in permute
    ???
permutations:11: in permute
    ???
permutations:11: in permute
    ???
permutations:11: in permute
    ???
permutations:11: in permute
    ???
permutations:11: in permute
    ???
permutations:11: in permute
    ???
permutations:11: in permute
    ???
permutations:11: in permute
    ???
permutations:11: in permute
    ???
permutations:11: in permute
    ???
permutations:11: in permute
    ???
permutations:11: in permute
    ???
permutations:11: in permute
    ???
permutations:11: in permute
    ???
permutations:11: in permute
    ???
permutations:11: in permute
    ???
permutations:11: in permute
    ???
permutations:11: in permute
    ???
permutations:11: in permute
    ???
permutations:11: in permute
    ???
permutations:11: in permute
    ???
permutations:11: in permute
    ???
permutations:11: in permute
    ???
permutations:11: in permute
    ???
permutations:11: in permute
    ???
permutations:11: in permute
    ???
permutations:11: in permute
    ???
permutations:11: in permute
    ???
permutations:11: in permute
    ???
permutations:11: in permute
    ???
permutations:11: in permute
    ???
permutations:11: in permute
    ???
permutations:11: in permute
    ???
permutations:11: in permute
    ???
permutations:11: in permute
    ???
permutations:11: in permute
    ???
permutations:11: in permute
    ???
permutations:11: in permute
    ???
permutations:11: in permute
    ???
permutations:11: in permute
    ???
permutations:11: in permute
    ???
permutations:11: in permute
    ???
permutations:11: in permute
    ???
permutations:11: in permute
    ???
permutations:11: in permute
    ???
permutations:11: in permute
    ???
permutations:11: in permute
    ???
permutations:11: in permute
    ???
permutations:11: in permute
    ???
permutations:11: in permute
    ???
permutations:11: in permute
    ???
permutations:11: in permute
    ???
permutations:11: in permute
    ???
permutations:11: in permute
    ???
permutations:11: in permute
    ???
permutations:11: in permute
    ???
permutations:11: in permute
    ???
permutations:11: in permute
    ???
permutations:11: in permute
    ???
permutations:11: in permute
    ???
permutations:11: in permute
    ???
permutations:11: in permute
    ???
permutations:11: in permute
    ???
permutations:11: in permute
    ???
permutations:11: in permute
    ???
permutations:11: in permute
    ???
permutations:11: in permute
    ???
permutations:11: in permute
    ???
permutations:11: in permute
    ???
permutations:11: in permute
    ???
permutations:11: in permute
    ???
permutations:11: in permute
    ???
permutations:11: in permute
    ???
permutations:11: in permute
    ???
permutations:11: in permute
    ???
permutations:11: in permute
    ???
permutations:11: in permute
    ???
permutations:11: in permute
    ???
permutations:11: in permute
    ???
permutations:11: in permute
    ???
permutations:11: in permute
    ???
permutations:11: in permute
    ???
permutations:11: in permute
    ???
permutations:11: in permute
    ???
permutations:11: in permute
    ???
permutations:11: in permute
    ???
permutations:11: in permute
    ???
permutations:11: in permute
    ???
permutations:11: in permute
    ???
permutations:11: in permute
    ???
permutations:11: in permute
    ???
permutations:11: in permute
    ???
permutations:11: in permute
    ???
permutations:11: in permute
    ???
permutations:11: in permute
    ???
permutations:11: in permute
    ???
permutations:11: in permute
    ???
permutations:11: in permute
    ???
permutations:11: in permute
    ???
permutations:11: in permute
    ???
permutations:11: in permute
    ???
permutations:11: in permute
    ???
permutations:11: in permute
    ???
permutations:11: in permute
    ???
permutations:11: in permute
    ???
permutations:11: in permute
    ???
permutations:11: in permute
    ???
permutations:11: in permute
    ???
permutations:11: in permute
    ???
permutations:11: in permute
    ???
permutations:11: in permute
    ???
permutations:11: in permute
    ???
permutations:11: in permute
    ???
permutations:11: in permute
    ???
permutations:11: in permute
    ???
permutations:11: in permute
    ???
permutations:11: in permute
    ???
permutations:11: in permute
    ???
permutations:11: in permute
    ???
permutations:11: in permute
    ???
permutations:11: in permute
    ???
permutations:11: in permute
    ???
permutations:11: in permute
    ???
permutations:11: in permute
    ???
permutations:11: in permute
    ???
permutations:11: in permute
    ???
permutations:11: in permute
    ???
permutations:11: in permute
    ???
permutations:11: in permute
    ???
permutations:11: in permute
    ???
permutations:11: in permute
    ???
permutations:11: in permute
    ???
permutations:11: in permute
    ???
permutations:11: in permute
    ???
permutations:11: in permute
    ???
permutations:11: in permute
    ???
permutations:11: in permute
    ???
permutations:11: in permute
    ???
permutations:11: in permute
    ???
permutations:11: in permute
    ???
permutations:11: in permute
    ???
permutations:11: in permute
    ???
permutations:11: in permute
    ???
permutations:11: in permute
    ???
permutations:11: in permute
    ???
permutations:11: in permute
    ???
permutations:11: in permute
    ???
permutations:11: in permute
    ???
permutations:11: in permute
    ???
permutations:11: in permute
    ???
permutations:11: in permute
    ???
permutations:11: in permute
    ???
permutations:11: in permute
    ???
permutations:11: in permute
    ???
permutations:11: in permute
    ???
permutations:11: in permute
    ???
permutations:11: in permute
    ???
permutations:11: in permute
    ???
permutations:11: in permute
    ???
permutations:11: in permute
    ???
permutations:11: in permute
    ???
permutations:11: in permute
    ???
permutations:11: in permute
    ???
permutations:11: in permute
    ???
permutations:11: in permute
    ???
permutations:11: in permute
    ???
permutations:11: in permute
    ???
permutations:11: in permute
    ???
permutations:11: in permute
    ???
permutations:11: in permute
    ???
permutations:11: in permute
    ???
permutations:11: in permute
    ???
permutations:11: in permute
    ???
permutations:11: in permute
    ???
permutations:11: in permute
    ???
permutations:11: in permute
    ???
permutations:11: in permute
    ???
permutations:11: in permute
    ???
permutations:11: in permute
    ???
permutations:11: in permute
    ???
permutations:11: in permute
    ???
permutations:11: in permute
    ???
permutations:11: in permute
    ???
permutations:11: in permute
    ???
permutations:11: in permute
    ???
permutations:11: in permute
    ???
permutations:11: in permute
    ???
permutations:11: in permute
    ???
permutations:11: in permute
    ???
permutations:11: in permute
    ???
permutations:11: in permute
    ???
permutations:11: in permute
    ???
permutations:11: in permute
    ???
permutations:11: in permute
    ???
permutations:11: in permute
    ???
permutations:11: in permute
    ???
permutations:11: in permute
    ???
permutations:11: in permute
    ???
permutations:11: in permute
    ???
permutations:11: in permute
    ???
permutations:11: in permute
    ???
permutations:11: in permute
    ???
permutations:11: in permute
    ???
permutations:11: in permute
    ???
permutations:11: in permute
    ???
permutations:11: in permute
    ???
permutations:11: in permute
    ???
permutations:11: in permute
    ???
permutations:11: in permute
    ???
permutations:11: in permute
    ???
permutations:11: in permute
    ???
permutations:11: in permute
    ???
permutations:11: in permute
    ???
permutations:11: in permute
    ???
permutations:11: in permute
    ???
permutations:11: in permute
    ???
permutations:11: in permute
    ???
permutations:11: in permute
    ???
permutations:11: in permute
    ???
permutations:11: in permute
    ???
permutations:11: in permute
    ???
permutations:11: in permute
    ???
permutations:11: in permute
    ???
permutations:11: in permute
    ???
permutations:11: in permute
    ???
permutations:11: in permute
    ???
permutations:11: in permute
    ???
permutations:11: in permute
    ???
permutations:11: in permute
    ???
_ _ _ _ _ _ _ _ _ _ _ _ _ _ _ _ _ _ _ _ _ _ _ _ _ _ _ _ _ _ _ _ _ _ _ _ _ _ _ _ 

current = 'Khhhhhhhhhhhhhhhhhhhhhhhhhhhhhhhhhhhhhhhhhhhhhhhhhhhhhhhhhhhhhhhhhhhhhhhhhhhhhhhhhhhhhhhhhhhhhhhhhhhhhhhhhhhhhhhhhhhh...hhhhhhhhhhhhhhhhhhhhhhhhhhhhhhhhhhhhhhhhhhhhhhhhhhhhhhhhhhhhhhhhhhhhhhhhhhhhhhhhhhhhhhhhhhhhhhhhhhhhhhhhhhhhhhhhhhhhhh'
remaining = ['h']

>   ???
E   RecursionError: maximum recursion depth exceeded while calling a Python object

permutations:10: RecursionError
   - [#   4] COD permutations: 
--------------------------------------------------------------------------------
   3:     Find all permutations of letters in a word.
   4: 
   5:     '''
   6:     def permute(current, remaining):
-  7:         if not remaining:
+  7:         if remaining:
   8:             permute.list.append(current)
   9:             return
  10:         for i in range(0, len(remaining)):
  11:             permute(current + remaining[i], remaining[:i] + remaining[i + 1:])
--------------------------------------------------------------------------------
[0.05620 s] survived
   - [#   5] COI permutations: 
--------------------------------------------------------------------------------
   3:     Find all permutations of letters in a word.
   4: 
   5:     '''
   6:     def permute(current, remaining):
-  7:         if not remaining:
+  7:         if not ((not remaining)):
   8:             permute.list.append(current)
   9:             return
  10:         for i in range(0, len(remaining)):
  11:             permute(current + remaining[i], remaining[:i] + remaining[i + 1:])
--------------------------------------------------------------------------------
[0.05390 s] survived
   - [#   6] OIL permutations: 
--------------------------------------------------------------------------------
   8:             permute.list.append(current)
   9:             return
  10:         for i in range(0, len(remaining)):
  11:             permute(current + remaining[i], remaining[:i] + remaining[i + 1:])
- 12:     
+ 12:             break
  13:     permute.list = []
  14:     permute('', list(string))
  15:     return permute.list
--------------------------------------------------------------------------------
[0.05469 s] survived
   - [#   7] RIL permutations: 
--------------------------------------------------------------------------------
   6:     def permute(current, remaining):
   7:         if not remaining:
   8:             permute.list.append(current)
   9:             return
- 10:         for i in range(0, len(remaining)):
+ 10:         for i in reversed(range(0, len(remaining))):
  11:             permute(current + remaining[i], remaining[:i] + remaining[i + 1:])
  12:     
  13:     permute.list = []
  14:     permute('', list(string))
--------------------------------------------------------------------------------
[0.12199 s] survived
   - [#   8] SDL permutations: 
--------------------------------------------------------------------------------
   4: 
   5:     '''
   6:     def permute(current, remaining):
   7:         if not remaining:
-  8:             permute.list.append(current)
+  8:             pass
   9:             return
  10:         for i in range(0, len(remaining)):
  11:             permute(current + remaining[i], remaining[:i] + remaining[i + 1:])
  12:     
--------------------------------------------------------------------------------
[0.11683 s] survived
   - [#   9] SDL permutations: 
--------------------------------------------------------------------------------
   5:     '''
   6:     def permute(current, remaining):
   7:         if not remaining:
   8:             permute.list.append(current)
-  9:             return
+  9:             pass
  10:         for i in range(0, len(remaining)):
  11:             permute(current + remaining[i], remaining[:i] + remaining[i + 1:])
  12:     
  13:     permute.list = []
--------------------------------------------------------------------------------
[0.12471 s] survived
   - [#  10] SDL permutations: 
--------------------------------------------------------------------------------
   7:         if not remaining:
   8:             permute.list.append(current)
   9:             return
  10:         for i in range(0, len(remaining)):
- 11:             permute(current + remaining[i], remaining[:i] + remaining[i + 1:])
+ 11:             pass
  12:     
  13:     permute.list = []
  14:     permute('', list(string))
  15:     return permute.list
--------------------------------------------------------------------------------
[0.05439 s] survived
   - [#  11] SDL permutations: 
--------------------------------------------------------------------------------
   9:             return
  10:         for i in range(0, len(remaining)):
  11:             permute(current + remaining[i], remaining[:i] + remaining[i + 1:])
  12:     
- 13:     permute.list = []
+ 13:     pass
  14:     permute('', list(string))
  15:     return permute.list
--------------------------------------------------------------------------------
[0.07687 s] killed by ALL-SMART/test_permutations_DYNAMOSA.py::test_case_0

def test_case_0():
        str_0 = 'Kh'
>       var_0 = module_0.permutations_of_word(str_0)

ALL-SMART/test_permutations_DYNAMOSA.py:7: 
_ _ _ _ _ _ _ _ _ _ _ _ _ _ _ _ _ _ _ _ _ _ _ _ _ _ _ _ _ _ _ _ _ _ _ _ _ _ _ _ 
permutations:14: in permutations_of_word
    ???
permutations:11: in permute
    ???
permutations:11: in permute
    ???
_ _ _ _ _ _ _ _ _ _ _ _ _ _ _ _ _ _ _ _ _ _ _ _ _ _ _ _ _ _ _ _ _ _ _ _ _ _ _ _ 

current = 'Kh', remaining = []

>   ???
E   AttributeError: 'function' object has no attribute 'list'

permutations:8: AttributeError
   - [#  12] SDL permutations: 
--------------------------------------------------------------------------------
  10:         for i in range(0, len(remaining)):
  11:             permute(current + remaining[i], remaining[:i] + remaining[i + 1:])
  12:     
  13:     permute.list = []
- 14:     permute('', list(string))
+ 14:     pass
  15:     return permute.list
--------------------------------------------------------------------------------
[0.05562 s] survived
   - [#  13] SDL permutations: 
--------------------------------------------------------------------------------
  11:             permute(current + remaining[i], remaining[:i] + remaining[i + 1:])
  12:     
  13:     permute.list = []
  14:     permute('', list(string))
- 15:     return permute.list
+ 15:     pass
--------------------------------------------------------------------------------
[0.11822 s] survived
   - [#  14] SIR permutations: 
--------------------------------------------------------------------------------
   7:         if not remaining:
   8:             permute.list.append(current)
   9:             return
  10:         for i in range(0, len(remaining)):
- 11:             permute(current + remaining[i], remaining[:i] + remaining[i + 1:])
+ 11:             permute(current + remaining[i], remaining[:] + remaining[i + 1:])
  12:     
  13:     permute.list = []
  14:     permute('', list(string))
  15:     return permute.list
--------------------------------------------------------------------------------
[5.00649 s] timeout
   - [#  15] SIR permutations: 
--------------------------------------------------------------------------------
   7:         if not remaining:
   8:             permute.list.append(current)
   9:             return
  10:         for i in range(0, len(remaining)):
- 11:             permute(current + remaining[i], remaining[:i] + remaining[i + 1:])
+ 11:             permute(current + remaining[i], remaining[:i] + remaining[:])
  12:     
  13:     permute.list = []
  14:     permute('', list(string))
  15:     return permute.list
--------------------------------------------------------------------------------
[0.37590 s] killed by ALL-SMART/test_permutations_DYNAMOSA.py::test_case_0

def test_case_0():
        str_0 = 'Kh'
>       var_0 = module_0.permutations_of_word(str_0)

ALL-SMART/test_permutations_DYNAMOSA.py:7: 
_ _ _ _ _ _ _ _ _ _ _ _ _ _ _ _ _ _ _ _ _ _ _ _ _ _ _ _ _ _ _ _ _ _ _ _ _ _ _ _ 
permutations:14: in permutations_of_word
    ???
permutations:11: in permute
    ???
permutations:11: in permute
    ???
permutations:11: in permute
    ???
permutations:11: in permute
    ???
permutations:11: in permute
    ???
permutations:11: in permute
    ???
permutations:11: in permute
    ???
permutations:11: in permute
    ???
permutations:11: in permute
    ???
permutations:11: in permute
    ???
permutations:11: in permute
    ???
permutations:11: in permute
    ???
permutations:11: in permute
    ???
permutations:11: in permute
    ???
permutations:11: in permute
    ???
permutations:11: in permute
    ???
permutations:11: in permute
    ???
permutations:11: in permute
    ???
permutations:11: in permute
    ???
permutations:11: in permute
    ???
permutations:11: in permute
    ???
permutations:11: in permute
    ???
permutations:11: in permute
    ???
permutations:11: in permute
    ???
permutations:11: in permute
    ???
permutations:11: in permute
    ???
permutations:11: in permute
    ???
permutations:11: in permute
    ???
permutations:11: in permute
    ???
permutations:11: in permute
    ???
permutations:11: in permute
    ???
permutations:11: in permute
    ???
permutations:11: in permute
    ???
permutations:11: in permute
    ???
permutations:11: in permute
    ???
permutations:11: in permute
    ???
permutations:11: in permute
    ???
permutations:11: in permute
    ???
permutations:11: in permute
    ???
permutations:11: in permute
    ???
permutations:11: in permute
    ???
permutations:11: in permute
    ???
permutations:11: in permute
    ???
permutations:11: in permute
    ???
permutations:11: in permute
    ???
permutations:11: in permute
    ???
permutations:11: in permute
    ???
permutations:11: in permute
    ???
permutations:11: in permute
    ???
permutations:11: in permute
    ???
permutations:11: in permute
    ???
permutations:11: in permute
    ???
permutations:11: in permute
    ???
permutations:11: in permute
    ???
permutations:11: in permute
    ???
permutations:11: in permute
    ???
permutations:11: in permute
    ???
permutations:11: in permute
    ???
permutations:11: in permute
    ???
permutations:11: in permute
    ???
permutations:11: in permute
    ???
permutations:11: in permute
    ???
permutations:11: in permute
    ???
permutations:11: in permute
    ???
permutations:11: in permute
    ???
permutations:11: in permute
    ???
permutations:11: in permute
    ???
permutations:11: in permute
    ???
permutations:11: in permute
    ???
permutations:11: in permute
    ???
permutations:11: in permute
    ???
permutations:11: in permute
    ???
permutations:11: in permute
    ???
permutations:11: in permute
    ???
permutations:11: in permute
    ???
permutations:11: in permute
    ???
permutations:11: in permute
    ???
permutations:11: in permute
    ???
permutations:11: in permute
    ???
permutations:11: in permute
    ???
permutations:11: in permute
    ???
permutations:11: in permute
    ???
permutations:11: in permute
    ???
permutations:11: in permute
    ???
permutations:11: in permute
    ???
permutations:11: in permute
    ???
permutations:11: in permute
    ???
permutations:11: in permute
    ???
permutations:11: in permute
    ???
permutations:11: in permute
    ???
permutations:11: in permute
    ???
permutations:11: in permute
    ???
permutations:11: in permute
    ???
permutations:11: in permute
    ???
permutations:11: in permute
    ???
permutations:11: in permute
    ???
permutations:11: in permute
    ???
permutations:11: in permute
    ???
permutations:11: in permute
    ???
permutations:11: in permute
    ???
permutations:11: in permute
    ???
permutations:11: in permute
    ???
permutations:11: in permute
    ???
permutations:11: in permute
    ???
permutations:11: in permute
    ???
permutations:11: in permute
    ???
permutations:11: in permute
    ???
permutations:11: in permute
    ???
permutations:11: in permute
    ???
permutations:11: in permute
    ???
permutations:11: in permute
    ???
permutations:11: in permute
    ???
permutations:11: in permute
    ???
permutations:11: in permute
    ???
permutations:11: in permute
    ???
permutations:11: in permute
    ???
permutations:11: in permute
    ???
permutations:11: in permute
    ???
permutations:11: in permute
    ???
permutations:11: in permute
    ???
permutations:11: in permute
    ???
permutations:11: in permute
    ???
permutations:11: in permute
    ???
permutations:11: in permute
    ???
permutations:11: in permute
    ???
permutations:11: in permute
    ???
permutations:11: in permute
    ???
permutations:11: in permute
    ???
permutations:11: in permute
    ???
permutations:11: in permute
    ???
permutations:11: in permute
    ???
permutations:11: in permute
    ???
permutations:11: in permute
    ???
permutations:11: in permute
    ???
permutations:11: in permute
    ???
permutations:11: in permute
    ???
permutations:11: in permute
    ???
permutations:11: in permute
    ???
permutations:11: in permute
    ???
permutations:11: in permute
    ???
permutations:11: in permute
    ???
permutations:11: in permute
    ???
permutations:11: in permute
    ???
permutations:11: in permute
    ???
permutations:11: in permute
    ???
permutations:11: in permute
    ???
permutations:11: in permute
    ???
permutations:11: in permute
    ???
permutations:11: in permute
    ???
permutations:11: in permute
    ???
permutations:11: in permute
    ???
permutations:11: in permute
    ???
permutations:11: in permute
    ???
permutations:11: in permute
    ???
permutations:11: in permute
    ???
permutations:11: in permute
    ???
permutations:11: in permute
    ???
permutations:11: in permute
    ???
permutations:11: in permute
    ???
permutations:11: in permute
    ???
permutations:11: in permute
    ???
permutations:11: in permute
    ???
permutations:11: in permute
    ???
permutations:11: in permute
    ???
permutations:11: in permute
    ???
permutations:11: in permute
    ???
permutations:11: in permute
    ???
permutations:11: in permute
    ???
permutations:11: in permute
    ???
permutations:11: in permute
    ???
permutations:11: in permute
    ???
permutations:11: in permute
    ???
permutations:11: in permute
    ???
permutations:11: in permute
    ???
permutations:11: in permute
    ???
permutations:11: in permute
    ???
permutations:11: in permute
    ???
permutations:11: in permute
    ???
permutations:11: in permute
    ???
permutations:11: in permute
    ???
permutations:11: in permute
    ???
permutations:11: in permute
    ???
permutations:11: in permute
    ???
permutations:11: in permute
    ???
permutations:11: in permute
    ???
permutations:11: in permute
    ???
permutations:11: in permute
    ???
permutations:11: in permute
    ???
permutations:11: in permute
    ???
permutations:11: in permute
    ???
permutations:11: in permute
    ???
permutations:11: in permute
    ???
permutations:11: in permute
    ???
permutations:11: in permute
    ???
permutations:11: in permute
    ???
permutations:11: in permute
    ???
permutations:11: in permute
    ???
permutations:11: in permute
    ???
permutations:11: in permute
    ???
permutations:11: in permute
    ???
permutations:11: in permute
    ???
permutations:11: in permute
    ???
permutations:11: in permute
    ???
permutations:11: in permute
    ???
permutations:11: in permute
    ???
permutations:11: in permute
    ???
permutations:11: in permute
    ???
permutations:11: in permute
    ???
permutations:11: in permute
    ???
permutations:11: in permute
    ???
permutations:11: in permute
    ???
permutations:11: in permute
    ???
permutations:11: in permute
    ???
permutations:11: in permute
    ???
permutations:11: in permute
    ???
permutations:11: in permute
    ???
permutations:11: in permute
    ???
permutations:11: in permute
    ???
permutations:11: in permute
    ???
permutations:11: in permute
    ???
permutations:11: in permute
    ???
permutations:11: in permute
    ???
permutations:11: in permute
    ???
permutations:11: in permute
    ???
permutations:11: in permute
    ???
permutations:11: in permute
    ???
permutations:11: in permute
    ???
permutations:11: in permute
    ???
permutations:11: in permute
    ???
permutations:11: in permute
    ???
permutations:11: in permute
    ???
permutations:11: in permute
    ???
permutations:11: in permute
    ???
permutations:11: in permute
    ???
permutations:11: in permute
    ???
permutations:11: in permute
    ???
permutations:11: in permute
    ???
permutations:11: in permute
    ???
permutations:11: in permute
    ???
permutations:11: in permute
    ???
permutations:11: in permute
    ???
permutations:11: in permute
    ???
permutations:11: in permute
    ???
permutations:11: in permute
    ???
permutations:11: in permute
    ???
permutations:11: in permute
    ???
permutations:11: in permute
    ???
permutations:11: in permute
    ???
permutations:11: in permute
    ???
permutations:11: in permute
    ???
permutations:11: in permute
    ???
permutations:11: in permute
    ???
permutations:11: in permute
    ???
permutations:11: in permute
    ???
permutations:11: in permute
    ???
permutations:11: in permute
    ???
permutations:11: in permute
    ???
permutations:11: in permute
    ???
permutations:11: in permute
    ???
permutations:11: in permute
    ???
permutations:11: in permute
    ???
permutations:11: in permute
    ???
permutations:11: in permute
    ???
permutations:11: in permute
    ???
permutations:11: in permute
    ???
permutations:11: in permute
    ???
permutations:11: in permute
    ???
permutations:11: in permute
    ???
permutations:11: in permute
    ???
permutations:11: in permute
    ???
permutations:11: in permute
    ???
permutations:11: in permute
    ???
permutations:11: in permute
    ???
permutations:11: in permute
    ???
permutations:11: in permute
    ???
permutations:11: in permute
    ???
permutations:11: in permute
    ???
permutations:11: in permute
    ???
permutations:11: in permute
    ???
permutations:11: in permute
    ???
permutations:11: in permute
    ???
permutations:11: in permute
    ???
permutations:11: in permute
    ???
permutations:11: in permute
    ???
permutations:11: in permute
    ???
permutations:11: in permute
    ???
permutations:11: in permute
    ???
permutations:11: in permute
    ???
permutations:11: in permute
    ???
permutations:11: in permute
    ???
permutations:11: in permute
    ???
permutations:11: in permute
    ???
permutations:11: in permute
    ???
permutations:11: in permute
    ???
permutations:11: in permute
    ???
permutations:11: in permute
    ???
permutations:11: in permute
    ???
permutations:11: in permute
    ???
permutations:11: in permute
    ???
permutations:11: in permute
    ???
permutations:11: in permute
    ???
permutations:11: in permute
    ???
permutations:11: in permute
    ???
permutations:11: in permute
    ???
permutations:11: in permute
    ???
permutations:11: in permute
    ???
permutations:11: in permute
    ???
permutations:11: in permute
    ???
permutations:11: in permute
    ???
permutations:11: in permute
    ???
permutations:11: in permute
    ???
permutations:11: in permute
    ???
permutations:11: in permute
    ???
permutations:11: in permute
    ???
permutations:11: in permute
    ???
permutations:11: in permute
    ???
permutations:11: in permute
    ???
permutations:11: in permute
    ???
permutations:11: in permute
    ???
permutations:11: in permute
    ???
permutations:11: in permute
    ???
permutations:11: in permute
    ???
permutations:11: in permute
    ???
permutations:11: in permute
    ???
permutations:11: in permute
    ???
permutations:11: in permute
    ???
permutations:11: in permute
    ???
permutations:11: in permute
    ???
permutations:11: in permute
    ???
permutations:11: in permute
    ???
permutations:11: in permute
    ???
permutations:11: in permute
    ???
permutations:11: in permute
    ???
permutations:11: in permute
    ???
permutations:11: in permute
    ???
permutations:11: in permute
    ???
permutations:11: in permute
    ???
permutations:11: in permute
    ???
permutations:11: in permute
    ???
permutations:11: in permute
    ???
permutations:11: in permute
    ???
permutations:11: in permute
    ???
permutations:11: in permute
    ???
permutations:11: in permute
    ???
permutations:11: in permute
    ???
permutations:11: in permute
    ???
permutations:11: in permute
    ???
permutations:11: in permute
    ???
permutations:11: in permute
    ???
permutations:11: in permute
    ???
permutations:11: in permute
    ???
permutations:11: in permute
    ???
permutations:11: in permute
    ???
permutations:11: in permute
    ???
permutations:11: in permute
    ???
permutations:11: in permute
    ???
permutations:11: in permute
    ???
permutations:11: in permute
    ???
permutations:11: in permute
    ???
permutations:11: in permute
    ???
permutations:11: in permute
    ???
permutations:11: in permute
    ???
permutations:11: in permute
    ???
permutations:11: in permute
    ???
permutations:11: in permute
    ???
permutations:11: in permute
    ???
permutations:11: in permute
    ???
permutations:11: in permute
    ???
permutations:11: in permute
    ???
permutations:11: in permute
    ???
permutations:11: in permute
    ???
permutations:11: in permute
    ???
permutations:11: in permute
    ???
permutations:11: in permute
    ???
permutations:11: in permute
    ???
permutations:11: in permute
    ???
permutations:11: in permute
    ???
permutations:11: in permute
    ???
permutations:11: in permute
    ???
permutations:11: in permute
    ???
permutations:11: in permute
    ???
permutations:11: in permute
    ???
permutations:11: in permute
    ???
permutations:11: in permute
    ???
permutations:11: in permute
    ???
permutations:11: in permute
    ???
permutations:11: in permute
    ???
permutations:11: in permute
    ???
permutations:11: in permute
    ???
permutations:11: in permute
    ???
permutations:11: in permute
    ???
permutations:11: in permute
    ???
permutations:11: in permute
    ???
permutations:11: in permute
    ???
permutations:11: in permute
    ???
permutations:11: in permute
    ???
permutations:11: in permute
    ???
permutations:11: in permute
    ???
permutations:11: in permute
    ???
permutations:11: in permute
    ???
permutations:11: in permute
    ???
permutations:11: in permute
    ???
permutations:11: in permute
    ???
permutations:11: in permute
    ???
permutations:11: in permute
    ???
permutations:11: in permute
    ???
permutations:11: in permute
    ???
permutations:11: in permute
    ???
permutations:11: in permute
    ???
permutations:11: in permute
    ???
permutations:11: in permute
    ???
permutations:11: in permute
    ???
permutations:11: in permute
    ???
permutations:11: in permute
    ???
permutations:11: in permute
    ???
permutations:11: in permute
    ???
permutations:11: in permute
    ???
permutations:11: in permute
    ???
permutations:11: in permute
    ???
permutations:11: in permute
    ???
permutations:11: in permute
    ???
permutations:11: in permute
    ???
permutations:11: in permute
    ???
permutations:11: in permute
    ???
permutations:11: in permute
    ???
permutations:11: in permute
    ???
permutations:11: in permute
    ???
permutations:11: in permute
    ???
permutations:11: in permute
    ???
permutations:11: in permute
    ???
permutations:11: in permute
    ???
permutations:11: in permute
    ???
permutations:11: in permute
    ???
permutations:11: in permute
    ???
permutations:11: in permute
    ???
permutations:11: in permute
    ???
permutations:11: in permute
    ???
permutations:11: in permute
    ???
permutations:11: in permute
    ???
permutations:11: in permute
    ???
permutations:11: in permute
    ???
permutations:11: in permute
    ???
permutations:11: in permute
    ???
permutations:11: in permute
    ???
permutations:11: in permute
    ???
permutations:11: in permute
    ???
permutations:11: in permute
    ???
permutations:11: in permute
    ???
permutations:11: in permute
    ???
permutations:11: in permute
    ???
permutations:11: in permute
    ???
permutations:11: in permute
    ???
permutations:11: in permute
    ???
permutations:11: in permute
    ???
permutations:11: in permute
    ???
permutations:11: in permute
    ???
permutations:11: in permute
    ???
permutations:11: in permute
    ???
permutations:11: in permute
    ???
permutations:11: in permute
    ???
permutations:11: in permute
    ???
permutations:11: in permute
    ???
permutations:11: in permute
    ???
permutations:11: in permute
    ???
permutations:11: in permute
    ???
permutations:11: in permute
    ???
permutations:11: in permute
    ???
permutations:11: in permute
    ???
permutations:11: in permute
    ???
permutations:11: in permute
    ???
permutations:11: in permute
    ???
permutations:11: in permute
    ???
permutations:11: in permute
    ???
permutations:11: in permute
    ???
permutations:11: in permute
    ???
permutations:11: in permute
    ???
permutations:11: in permute
    ???
permutations:11: in permute
    ???
permutations:11: in permute
    ???
permutations:11: in permute
    ???
permutations:11: in permute
    ???
permutations:11: in permute
    ???
permutations:11: in permute
    ???
permutations:11: in permute
    ???
permutations:11: in permute
    ???
permutations:11: in permute
    ???
permutations:11: in permute
    ???
permutations:11: in permute
    ???
permutations:11: in permute
    ???
permutations:11: in permute
    ???
permutations:11: in permute
    ???
permutations:11: in permute
    ???
permutations:11: in permute
    ???
permutations:11: in permute
    ???
permutations:11: in permute
    ???
permutations:11: in permute
    ???
permutations:11: in permute
    ???
permutations:11: in permute
    ???
permutations:11: in permute
    ???
permutations:11: in permute
    ???
permutations:11: in permute
    ???
permutations:11: in permute
    ???
permutations:11: in permute
    ???
permutations:11: in permute
    ???
permutations:11: in permute
    ???
permutations:11: in permute
    ???
permutations:11: in permute
    ???
permutations:11: in permute
    ???
permutations:11: in permute
    ???
permutations:11: in permute
    ???
permutations:11: in permute
    ???
permutations:11: in permute
    ???
permutations:11: in permute
    ???
permutations:11: in permute
    ???
permutations:11: in permute
    ???
permutations:11: in permute
    ???
permutations:11: in permute
    ???
permutations:11: in permute
    ???
permutations:11: in permute
    ???
permutations:11: in permute
    ???
permutations:11: in permute
    ???
permutations:11: in permute
    ???
permutations:11: in permute
    ???
permutations:11: in permute
    ???
permutations:11: in permute
    ???
permutations:11: in permute
    ???
permutations:11: in permute
    ???
permutations:11: in permute
    ???
permutations:11: in permute
    ???
permutations:11: in permute
    ???
permutations:11: in permute
    ???
permutations:11: in permute
    ???
permutations:11: in permute
    ???
permutations:11: in permute
    ???
permutations:11: in permute
    ???
permutations:11: in permute
    ???
permutations:11: in permute
    ???
permutations:11: in permute
    ???
permutations:11: in permute
    ???
permutations:11: in permute
    ???
permutations:11: in permute
    ???
permutations:11: in permute
    ???
permutations:11: in permute
    ???
permutations:11: in permute
    ???
permutations:11: in permute
    ???
permutations:11: in permute
    ???
permutations:11: in permute
    ???
permutations:11: in permute
    ???
permutations:11: in permute
    ???
permutations:11: in permute
    ???
permutations:11: in permute
    ???
permutations:11: in permute
    ???
permutations:11: in permute
    ???
permutations:11: in permute
    ???
permutations:11: in permute
    ???
permutations:11: in permute
    ???
permutations:11: in permute
    ???
permutations:11: in permute
    ???
permutations:11: in permute
    ???
permutations:11: in permute
    ???
permutations:11: in permute
    ???
permutations:11: in permute
    ???
permutations:11: in permute
    ???
permutations:11: in permute
    ???
permutations:11: in permute
    ???
permutations:11: in permute
    ???
permutations:11: in permute
    ???
permutations:11: in permute
    ???
permutations:11: in permute
    ???
permutations:11: in permute
    ???
permutations:11: in permute
    ???
permutations:11: in permute
    ???
permutations:11: in permute
    ???
permutations:11: in permute
    ???
permutations:11: in permute
    ???
permutations:11: in permute
    ???
permutations:11: in permute
    ???
permutations:11: in permute
    ???
permutations:11: in permute
    ???
permutations:11: in permute
    ???
permutations:11: in permute
    ???
permutations:11: in permute
    ???
permutations:11: in permute
    ???
permutations:11: in permute
    ???
permutations:11: in permute
    ???
permutations:11: in permute
    ???
permutations:11: in permute
    ???
permutations:11: in permute
    ???
permutations:11: in permute
    ???
permutations:11: in permute
    ???
permutations:11: in permute
    ???
permutations:11: in permute
    ???
permutations:11: in permute
    ???
permutations:11: in permute
    ???
permutations:11: in permute
    ???
permutations:11: in permute
    ???
permutations:11: in permute
    ???
permutations:11: in permute
    ???
permutations:11: in permute
    ???
permutations:11: in permute
    ???
permutations:11: in permute
    ???
permutations:11: in permute
    ???
permutations:11: in permute
    ???
permutations:11: in permute
    ???
permutations:11: in permute
    ???
permutations:11: in permute
    ???
permutations:11: in permute
    ???
permutations:11: in permute
    ???
permutations:11: in permute
    ???
permutations:11: in permute
    ???
permutations:11: in permute
    ???
permutations:11: in permute
    ???
permutations:11: in permute
    ???
permutations:11: in permute
    ???
permutations:11: in permute
    ???
permutations:11: in permute
    ???
permutations:11: in permute
    ???
permutations:11: in permute
    ???
permutations:11: in permute
    ???
permutations:11: in permute
    ???
permutations:11: in permute
    ???
permutations:11: in permute
    ???
permutations:11: in permute
    ???
permutations:11: in permute
    ???
permutations:11: in permute
    ???
permutations:11: in permute
    ???
permutations:11: in permute
    ???
permutations:11: in permute
    ???
permutations:11: in permute
    ???
permutations:11: in permute
    ???
permutations:11: in permute
    ???
permutations:11: in permute
    ???
permutations:11: in permute
    ???
permutations:11: in permute
    ???
permutations:11: in permute
    ???
permutations:11: in permute
    ???
permutations:11: in permute
    ???
permutations:11: in permute
    ???
permutations:11: in permute
    ???
permutations:11: in permute
    ???
permutations:11: in permute
    ???
permutations:11: in permute
    ???
permutations:11: in permute
    ???
permutations:11: in permute
    ???
permutations:11: in permute
    ???
permutations:11: in permute
    ???
permutations:11: in permute
    ???
permutations:11: in permute
    ???
permutations:11: in permute
    ???
permutations:11: in permute
    ???
permutations:11: in permute
    ???
permutations:11: in permute
    ???
permutations:11: in permute
    ???
permutations:11: in permute
    ???
permutations:11: in permute
    ???
permutations:11: in permute
    ???
permutations:11: in permute
    ???
permutations:11: in permute
    ???
permutations:11: in permute
    ???
permutations:11: in permute
    ???
permutations:11: in permute
    ???
permutations:11: in permute
    ???
permutations:11: in permute
    ???
permutations:11: in permute
    ???
permutations:11: in permute
    ???
permutations:11: in permute
    ???
permutations:11: in permute
    ???
permutations:11: in permute
    ???
permutations:11: in permute
    ???
permutations:11: in permute
    ???
permutations:11: in permute
    ???
permutations:11: in permute
    ???
permutations:11: in permute
    ???
permutations:11: in permute
    ???
permutations:11: in permute
    ???
permutations:11: in permute
    ???
permutations:11: in permute
    ???
permutations:11: in permute
    ???
permutations:11: in permute
    ???
permutations:11: in permute
    ???
permutations:11: in permute
    ???
permutations:11: in permute
    ???
permutations:11: in permute
    ???
permutations:11: in permute
    ???
permutations:11: in permute
    ???
permutations:11: in permute
    ???
permutations:11: in permute
    ???
permutations:11: in permute
    ???
permutations:11: in permute
    ???
permutations:11: in permute
    ???
permutations:11: in permute
    ???
permutations:11: in permute
    ???
permutations:11: in permute
    ???
permutations:11: in permute
    ???
permutations:11: in permute
    ???
permutations:11: in permute
    ???
permutations:11: in permute
    ???
permutations:11: in permute
    ???
permutations:11: in permute
    ???
permutations:11: in permute
    ???
permutations:11: in permute
    ???
permutations:11: in permute
    ???
permutations:11: in permute
    ???
permutations:11: in permute
    ???
permutations:11: in permute
    ???
permutations:11: in permute
    ???
permutations:11: in permute
    ???
permutations:11: in permute
    ???
permutations:11: in permute
    ???
permutations:11: in permute
    ???
permutations:11: in permute
    ???
permutations:11: in permute
    ???
permutations:11: in permute
    ???
permutations:11: in permute
    ???
permutations:11: in permute
    ???
permutations:11: in permute
    ???
permutations:11: in permute
    ???
permutations:11: in permute
    ???
permutations:11: in permute
    ???
permutations:11: in permute
    ???
permutations:11: in permute
    ???
permutations:11: in permute
    ???
permutations:11: in permute
    ???
permutations:11: in permute
    ???
permutations:11: in permute
    ???
permutations:11: in permute
    ???
permutations:11: in permute
    ???
permutations:11: in permute
    ???
permutations:11: in permute
    ???
permutations:11: in permute
    ???
permutations:11: in permute
    ???
permutations:11: in permute
    ???
permutations:11: in permute
    ???
permutations:11: in permute
    ???
permutations:11: in permute
    ???
permutations:11: in permute
    ???
permutations:11: in permute
    ???
permutations:11: in permute
    ???
permutations:11: in permute
    ???
permutations:11: in permute
    ???
permutations:11: in permute
    ???
permutations:11: in permute
    ???
permutations:11: in permute
    ???
permutations:11: in permute
    ???
permutations:11: in permute
    ???
permutations:11: in permute
    ???
permutations:11: in permute
    ???
permutations:11: in permute
    ???
permutations:11: in permute
    ???
permutations:11: in permute
    ???
permutations:11: in permute
    ???
permutations:11: in permute
    ???
permutations:11: in permute
    ???
permutations:11: in permute
    ???
permutations:11: in permute
    ???
permutations:11: in permute
    ???
permutations:11: in permute
    ???
permutations:11: in permute
    ???
permutations:11: in permute
    ???
permutations:11: in permute
    ???
permutations:11: in permute
    ???
permutations:11: in permute
    ???
permutations:11: in permute
    ???
permutations:11: in permute
    ???
permutations:11: in permute
    ???
permutations:11: in permute
    ???
permutations:11: in permute
    ???
permutations:11: in permute
    ???
permutations:11: in permute
    ???
permutations:11: in permute
    ???
permutations:11: in permute
    ???
permutations:11: in permute
    ???
permutations:11: in permute
    ???
permutations:11: in permute
    ???
permutations:11: in permute
    ???
permutations:11: in permute
    ???
permutations:11: in permute
    ???
permutations:11: in permute
    ???
permutations:11: in permute
    ???
permutations:11: in permute
    ???
permutations:11: in permute
    ???
permutations:11: in permute
    ???
permutations:11: in permute
    ???
permutations:11: in permute
    ???
permutations:11: in permute
    ???
permutations:11: in permute
    ???
permutations:11: in permute
    ???
permutations:11: in permute
    ???
permutations:11: in permute
    ???
permutations:11: in permute
    ???
permutations:11: in permute
    ???
permutations:11: in permute
    ???
permutations:11: in permute
    ???
permutations:11: in permute
    ???
permutations:11: in permute
    ???
permutations:11: in permute
    ???
permutations:11: in permute
    ???
permutations:11: in permute
    ???
permutations:11: in permute
    ???
permutations:11: in permute
    ???
permutations:11: in permute
    ???
permutations:11: in permute
    ???
permutations:11: in permute
    ???
permutations:11: in permute
    ???
permutations:11: in permute
    ???
permutations:11: in permute
    ???
permutations:11: in permute
    ???
permutations:11: in permute
    ???
permutations:11: in permute
    ???
permutations:11: in permute
    ???
permutations:11: in permute
    ???
permutations:11: in permute
    ???
permutations:11: in permute
    ???
permutations:11: in permute
    ???
permutations:11: in permute
    ???
permutations:11: in permute
    ???
permutations:11: in permute
    ???
permutations:11: in permute
    ???
permutations:11: in permute
    ???
permutations:11: in permute
    ???
permutations:11: in permute
    ???
permutations:11: in permute
    ???
permutations:11: in permute
    ???
permutations:11: in permute
    ???
permutations:11: in permute
    ???
permutations:11: in permute
    ???
permutations:11: in permute
    ???
permutations:11: in permute
    ???
permutations:11: in permute
    ???
permutations:11: in permute
    ???
permutations:11: in permute
    ???
permutations:11: in permute
    ???
permutations:11: in permute
    ???
permutations:11: in permute
    ???
permutations:11: in permute
    ???
permutations:11: in permute
    ???
permutations:11: in permute
    ???
permutations:11: in permute
    ???
permutations:11: in permute
    ???
permutations:11: in permute
    ???
permutations:11: in permute
    ???
permutations:11: in permute
    ???
permutations:11: in permute
    ???
permutations:11: in permute
    ???
permutations:11: in permute
    ???
permutations:11: in permute
    ???
permutations:11: in permute
    ???
permutations:11: in permute
    ???
permutations:11: in permute
    ???
permutations:11: in permute
    ???
permutations:11: in permute
    ???
permutations:11: in permute
    ???
permutations:11: in permute
    ???
permutations:11: in permute
    ???
permutations:11: in permute
    ???
permutations:11: in permute
    ???
permutations:11: in permute
    ???
permutations:11: in permute
    ???
permutations:11: in permute
    ???
permutations:11: in permute
    ???
permutations:11: in permute
    ???
permutations:11: in permute
    ???
permutations:11: in permute
    ???
permutations:11: in permute
    ???
permutations:11: in permute
    ???
permutations:11: in permute
    ???
permutations:11: in permute
    ???
permutations:11: in permute
    ???
permutations:11: in permute
    ???
permutations:11: in permute
    ???
permutations:11: in permute
    ???
permutations:11: in permute
    ???
permutations:11: in permute
    ???
permutations:11: in permute
    ???
permutations:11: in permute
    ???
permutations:11: in permute
    ???
permutations:11: in permute
    ???
permutations:11: in permute
    ???
permutations:11: in permute
    ???
permutations:11: in permute
    ???
permutations:11: in permute
    ???
permutations:11: in permute
    ???
permutations:11: in permute
    ???
permutations:11: in permute
    ???
permutations:11: in permute
    ???
permutations:11: in permute
    ???
permutations:11: in permute
    ???
permutations:11: in permute
    ???
permutations:11: in permute
    ???
permutations:11: in permute
    ???
permutations:11: in permute
    ???
permutations:11: in permute
    ???
permutations:11: in permute
    ???
permutations:11: in permute
    ???
permutations:11: in permute
    ???
permutations:11: in permute
    ???
permutations:11: in permute
    ???
permutations:11: in permute
    ???
permutations:11: in permute
    ???
permutations:11: in permute
    ???
permutations:11: in permute
    ???
permutations:11: in permute
    ???
permutations:11: in permute
    ???
permutations:11: in permute
    ???
permutations:11: in permute
    ???
permutations:11: in permute
    ???
permutations:11: in permute
    ???
permutations:11: in permute
    ???
permutations:11: in permute
    ???
permutations:11: in permute
    ???
permutations:11: in permute
    ???
permutations:11: in permute
    ???
permutations:11: in permute
    ???
permutations:11: in permute
    ???
permutations:11: in permute
    ???
permutations:11: in permute
    ???
permutations:11: in permute
    ???
permutations:11: in permute
    ???
permutations:11: in permute
    ???
permutations:11: in permute
    ???
permutations:11: in permute
    ???
permutations:11: in permute
    ???
permutations:11: in permute
    ???
permutations:11: in permute
    ???
permutations:11: in permute
    ???
permutations:11: in permute
    ???
permutations:11: in permute
    ???
permutations:11: in permute
    ???
permutations:11: in permute
    ???
permutations:11: in permute
    ???
permutations:11: in permute
    ???
permutations:11: in permute
    ???
permutations:11: in permute
    ???
permutations:11: in permute
    ???
permutations:11: in permute
    ???
permutations:11: in permute
    ???
permutations:11: in permute
    ???
permutations:11: in permute
    ???
permutations:11: in permute
    ???
permutations:11: in permute
    ???
permutations:11: in permute
    ???
permutations:11: in permute
    ???
_ _ _ _ _ _ _ _ _ _ _ _ _ _ _ _ _ _ _ _ _ _ _ _ _ _ _ _ _ _ _ _ _ _ _ _ _ _ _ _ 

current = 'KKKKKKKKKKKKKKKKKKKKKKKKKKKKKKKKKKKKKKKKKKKKKKKKKKKKKKKKKKKKKKKKKKKKKKKKKKKKKKKKKKKKKKKKKKKKKKKKKKKKKKKKKKKKKKKKKKKKK...KKKKKKKKKKKKKKKKKKKKKKKKKKKKKKKKKKKKKKKKKKKKKKKKKKKKKKKKKKKKKKKKKKKKKKKKKKKKKKKKKKKKKKKKKKKKKKKKKKKKKKKKKKKKKKKKKKKKKK'
remaining = ['K', 'h']

>   ???
E   RecursionError: maximum recursion depth exceeded while calling a Python object

permutations:10: RecursionError
   - [#  16] ZIL permutations: 
--------------------------------------------------------------------------------
   7:         if not remaining:
   8:             permute.list.append(current)
   9:             return
  10:         for i in range(0, len(remaining)):
- 11:             permute(current + remaining[i], remaining[:i] + remaining[i + 1:])
+ 11:             break
  12:     
  13:     permute.list = []
  14:     permute('', list(string))
  15:     return permute.list
--------------------------------------------------------------------------------
[0.05445 s] survived
[*] Mutation score [7.27982 s]: 28.6%
   - all: 16
   - killed: 3 (18.8%)
   - survived: 10 (62.5%)
   - incompetent: 2 (12.5%)
   - timeout: 1 (6.2%)
