[*] Start mutation process:
   - targets: dijkstras.py
   - tests: ./ALL-SMART
[*] 11 tests passed:
   - test_dijkstras_MOSA [0.05321 s]
   - test_dijkstras_DYNAMOSA [0.04040 s]
   - test_dijkstras_MIO [0.03970 s]
   - test_dijkstras_WHOLE_SUITE [0.04547 s]
[*] Start mutants generation and execution:
   - [#   1] AOD dijkstras: 
--------------------------------------------------------------------------------
  37:         path.append(current)
  38:         current = prev[current]
  39:     path.append(current)
  40:     
- 41:     return path[::-1]
+ 41:     return path[::1]
--------------------------------------------------------------------------------
[0.05837 s] survived
   - [#   2] AOR dijkstras: 
--------------------------------------------------------------------------------
  37:         path.append(current)
  38:         current = prev[current]
  39:     path.append(current)
  40:     
- 41:     return path[::-1]
+ 41:     return path[::+1]
--------------------------------------------------------------------------------
[0.06000 s] survived
   - [#   3] BCR dijkstras: 
--------------------------------------------------------------------------------
  17:     while vertices:
  18:         min_dist_node = min(list(filter((lambda x: (x[0] in vertices)), dist.items())), key=lambda x: (x[1]))[0]
  19:         
  20:         if min_dist_node == dst:
- 21:             break
+ 21:             continue
  22:         
  23:         vertices.remove(min_dist_node)
  24:         
  25:         for neighbor in weighted_graph.vertices[min_dist_node].adjacent:
--------------------------------------------------------------------------------
[0.05930 s] survived
   - [#   4] COI dijkstras: 
--------------------------------------------------------------------------------
  13:         prev[vertex] = None
  14:     
  15:     dist[src] = 0
  16:     
- 17:     while vertices:
+ 17:     while not vertices:
  18:         min_dist_node = min(list(filter((lambda x: (x[0] in vertices)), dist.items())), key=lambda x: (x[1]))[0]
  19:         
  20:         if min_dist_node == dst:
  21:             break
--------------------------------------------------------------------------------
[0.06061 s] survived
   - [#   5] COI dijkstras: 
--------------------------------------------------------------------------------
  14:     
  15:     dist[src] = 0
  16:     
  17:     while vertices:
- 18:         min_dist_node = min(list(filter((lambda x: (x[0] in vertices)), dist.items())), key=lambda x: (x[1]))[0]
+ 18:         min_dist_node = min(list(filter((lambda x: (x[0] not in vertices)), dist.items())), key=lambda x: (x[1]))[0]
  19:         
  20:         if min_dist_node == dst:
  21:             break
  22:         
--------------------------------------------------------------------------------
[0.05847 s] survived
   - [#   6] COI dijkstras: 
--------------------------------------------------------------------------------
  16:     
  17:     while vertices:
  18:         min_dist_node = min(list(filter((lambda x: (x[0] in vertices)), dist.items())), key=lambda x: (x[1]))[0]
  19:         
- 20:         if min_dist_node == dst:
+ 20:         if not (min_dist_node == dst):
  21:             break
  22:         
  23:         vertices.remove(min_dist_node)
  24:         
--------------------------------------------------------------------------------
[0.06033 s] survived
   - [#   7] COI dijkstras: 
--------------------------------------------------------------------------------
  25:         for neighbor in weighted_graph.vertices[min_dist_node].adjacent:
  26:             
  27:             distance = weighted_graph.vertices[min_dist_node].adjacent[neighbor]
  28:             
- 29:             if distance < dist[neighbor]:
+ 29:             if not (distance < dist[neighbor]):
  30:                 dist[neighbor] = distance
  31:                 prev[neighbor] = min_dist_node
  32:     
  33:     
--------------------------------------------------------------------------------
[0.05925 s] survived
   - [#   8] COI dijkstras: 
--------------------------------------------------------------------------------
  32:     
  33:     
  34:     path = []
  35:     current = dst
- 36:     while prev[current]:
+ 36:     while not (prev[current]):
  37:         path.append(current)
  38:         current = prev[current]
  39:     path.append(current)
  40:     
--------------------------------------------------------------------------------
[0.06087 s] survived
   - [#   9] OIL dijkstras: 
--------------------------------------------------------------------------------
  10:     for vertex in weighted_graph.vertices:
  11:         vertices.add(vertex)
  12:         dist[vertex] = float('inf')
  13:         prev[vertex] = None
- 14:     
+ 14:         break
  15:     dist[src] = 0
  16:     
  17:     while vertices:
  18:         min_dist_node = min(list(filter((lambda x: (x[0] in vertices)), dist.items())), key=lambda x: (x[1]))[0]
--------------------------------------------------------------------------------
[0.05841 s] survived
   - [#  10] OIL dijkstras: 
--------------------------------------------------------------------------------
  28:             
  29:             if distance < dist[neighbor]:
  30:                 dist[neighbor] = distance
  31:                 prev[neighbor] = min_dist_node
- 32:     
+ 32:         break
  33:     
  34:     path = []
  35:     current = dst
  36:     while prev[current]:
--------------------------------------------------------------------------------
[0.06329 s] survived
   - [#  11] OIL dijkstras: 
--------------------------------------------------------------------------------
  28:             
  29:             if distance < dist[neighbor]:
  30:                 dist[neighbor] = distance
  31:                 prev[neighbor] = min_dist_node
- 32:     
+ 32:             break
  33:     
  34:     path = []
  35:     current = dst
  36:     while prev[current]:
--------------------------------------------------------------------------------
[0.06131 s] survived
   - [#  12] OIL dijkstras: 
--------------------------------------------------------------------------------
  35:     current = dst
  36:     while prev[current]:
  37:         path.append(current)
  38:         current = prev[current]
- 39:     path.append(current)
- 40:     
+ 39:         break
+ 40:     path.append(current)
  41:     return path[::-1]
--------------------------------------------------------------------------------
[0.06234 s] survived
   - [#  13] RIL dijkstras: 
--------------------------------------------------------------------------------
   6:     dist = {}
   7:     prev = {}
   8:     
   9:     
- 10:     for vertex in weighted_graph.vertices:
+ 10:     for vertex in reversed(weighted_graph.vertices):
  11:         vertices.add(vertex)
  12:         dist[vertex] = float('inf')
  13:         prev[vertex] = None
  14:     
--------------------------------------------------------------------------------
[0.06005 s] survived
   - [#  14] RIL dijkstras: 
--------------------------------------------------------------------------------
  21:             break
  22:         
  23:         vertices.remove(min_dist_node)
  24:         
- 25:         for neighbor in weighted_graph.vertices[min_dist_node].adjacent:
+ 25:         for neighbor in reversed(weighted_graph.vertices[min_dist_node].adjacent):
  26:             
  27:             distance = weighted_graph.vertices[min_dist_node].adjacent[neighbor]
  28:             
  29:             if distance < dist[neighbor]:
--------------------------------------------------------------------------------
[0.06139 s] survived
   - [#  15] ROR dijkstras: 
--------------------------------------------------------------------------------
  16:     
  17:     while vertices:
  18:         min_dist_node = min(list(filter((lambda x: (x[0] in vertices)), dist.items())), key=lambda x: (x[1]))[0]
  19:         
- 20:         if min_dist_node == dst:
+ 20:         if min_dist_node != dst:
  21:             break
  22:         
  23:         vertices.remove(min_dist_node)
  24:         
--------------------------------------------------------------------------------
[0.05792 s] survived
   - [#  16] ROR dijkstras: 
--------------------------------------------------------------------------------
  25:         for neighbor in weighted_graph.vertices[min_dist_node].adjacent:
  26:             
  27:             distance = weighted_graph.vertices[min_dist_node].adjacent[neighbor]
  28:             
- 29:             if distance < dist[neighbor]:
+ 29:             if distance > dist[neighbor]:
  30:                 dist[neighbor] = distance
  31:                 prev[neighbor] = min_dist_node
  32:     
  33:     
--------------------------------------------------------------------------------
[0.06052 s] survived
   - [#  17] ROR dijkstras: 
--------------------------------------------------------------------------------
  25:         for neighbor in weighted_graph.vertices[min_dist_node].adjacent:
  26:             
  27:             distance = weighted_graph.vertices[min_dist_node].adjacent[neighbor]
  28:             
- 29:             if distance < dist[neighbor]:
+ 29:             if distance <= dist[neighbor]:
  30:                 dist[neighbor] = distance
  31:                 prev[neighbor] = min_dist_node
  32:     
  33:     
--------------------------------------------------------------------------------
[0.06205 s] survived
   - [#  18] SDL dijkstras: 
--------------------------------------------------------------------------------
   1: from functools import reduce
   2: 
   3: def dijkstras(weighted_graph, src, dst):
   4:     
-  5:     vertices = set()
+  5:     pass
   6:     dist = {}
   7:     prev = {}
   8:     
   9:     
--------------------------------------------------------------------------------
[0.06282 s] survived
   - [#  19] SDL dijkstras: 
--------------------------------------------------------------------------------
   2: 
   3: def dijkstras(weighted_graph, src, dst):
   4:     
   5:     vertices = set()
-  6:     dist = {}
+  6:     pass
   7:     prev = {}
   8:     
   9:     
  10:     for vertex in weighted_graph.vertices:
--------------------------------------------------------------------------------
[0.06040 s] survived
   - [#  20] SDL dijkstras: 
--------------------------------------------------------------------------------
   3: def dijkstras(weighted_graph, src, dst):
   4:     
   5:     vertices = set()
   6:     dist = {}
-  7:     prev = {}
+  7:     pass
   8:     
   9:     
  10:     for vertex in weighted_graph.vertices:
  11:         vertices.add(vertex)
--------------------------------------------------------------------------------
[0.06244 s] survived
   - [#  21] SDL dijkstras: 
--------------------------------------------------------------------------------
   7:     prev = {}
   8:     
   9:     
  10:     for vertex in weighted_graph.vertices:
- 11:         vertices.add(vertex)
+ 11:         pass
  12:         dist[vertex] = float('inf')
  13:         prev[vertex] = None
  14:     
  15:     dist[src] = 0
--------------------------------------------------------------------------------
[0.05963 s] survived
   - [#  22] SDL dijkstras: 
--------------------------------------------------------------------------------
   8:     
   9:     
  10:     for vertex in weighted_graph.vertices:
  11:         vertices.add(vertex)
- 12:         dist[vertex] = float('inf')
+ 12:         pass
  13:         prev[vertex] = None
  14:     
  15:     dist[src] = 0
  16:     
--------------------------------------------------------------------------------
[0.06046 s] survived
   - [#  23] SDL dijkstras: 
--------------------------------------------------------------------------------
   9:     
  10:     for vertex in weighted_graph.vertices:
  11:         vertices.add(vertex)
  12:         dist[vertex] = float('inf')
- 13:         prev[vertex] = None
+ 13:         pass
  14:     
  15:     dist[src] = 0
  16:     
  17:     while vertices:
--------------------------------------------------------------------------------
[0.07525 s] survived
   - [#  24] SDL dijkstras: 
--------------------------------------------------------------------------------
  11:         vertices.add(vertex)
  12:         dist[vertex] = float('inf')
  13:         prev[vertex] = None
  14:     
- 15:     dist[src] = 0
+ 15:     pass
  16:     
  17:     while vertices:
  18:         min_dist_node = min(list(filter((lambda x: (x[0] in vertices)), dist.items())), key=lambda x: (x[1]))[0]
  19:         
--------------------------------------------------------------------------------
[0.05919 s] survived
   - [#  25] SDL dijkstras: 
--------------------------------------------------------------------------------
  14:     
  15:     dist[src] = 0
  16:     
  17:     while vertices:
- 18:         min_dist_node = min(list(filter((lambda x: (x[0] in vertices)), dist.items())), key=lambda x: (x[1]))[0]
+ 18:         pass
  19:         
  20:         if min_dist_node == dst:
  21:             break
  22:         
--------------------------------------------------------------------------------
[0.06178 s] survived
   - [#  26] SDL dijkstras: 
--------------------------------------------------------------------------------
  19:         
  20:         if min_dist_node == dst:
  21:             break
  22:         
- 23:         vertices.remove(min_dist_node)
+ 23:         pass
  24:         
  25:         for neighbor in weighted_graph.vertices[min_dist_node].adjacent:
  26:             
  27:             distance = weighted_graph.vertices[min_dist_node].adjacent[neighbor]
--------------------------------------------------------------------------------
[0.05955 s] survived
   - [#  27] SDL dijkstras: 
--------------------------------------------------------------------------------
  23:         vertices.remove(min_dist_node)
  24:         
  25:         for neighbor in weighted_graph.vertices[min_dist_node].adjacent:
  26:             
- 27:             distance = weighted_graph.vertices[min_dist_node].adjacent[neighbor]
+ 27:             pass
  28:             
  29:             if distance < dist[neighbor]:
  30:                 dist[neighbor] = distance
  31:                 prev[neighbor] = min_dist_node
--------------------------------------------------------------------------------
[0.06159 s] survived
   - [#  28] SDL dijkstras: 
--------------------------------------------------------------------------------
  26:             
  27:             distance = weighted_graph.vertices[min_dist_node].adjacent[neighbor]
  28:             
  29:             if distance < dist[neighbor]:
- 30:                 dist[neighbor] = distance
+ 30:                 pass
  31:                 prev[neighbor] = min_dist_node
  32:     
  33:     
  34:     path = []
--------------------------------------------------------------------------------
[0.06200 s] survived
   - [#  29] SDL dijkstras: 
--------------------------------------------------------------------------------
  27:             distance = weighted_graph.vertices[min_dist_node].adjacent[neighbor]
  28:             
  29:             if distance < dist[neighbor]:
  30:                 dist[neighbor] = distance
- 31:                 prev[neighbor] = min_dist_node
+ 31:                 pass
  32:     
  33:     
  34:     path = []
  35:     current = dst
--------------------------------------------------------------------------------
[0.06033 s] survived
   - [#  30] SDL dijkstras: 
--------------------------------------------------------------------------------
  30:                 dist[neighbor] = distance
  31:                 prev[neighbor] = min_dist_node
  32:     
  33:     
- 34:     path = []
+ 34:     pass
  35:     current = dst
  36:     while prev[current]:
  37:         path.append(current)
  38:         current = prev[current]
--------------------------------------------------------------------------------
[0.06238 s] survived
   - [#  31] SDL dijkstras: 
--------------------------------------------------------------------------------
  31:                 prev[neighbor] = min_dist_node
  32:     
  33:     
  34:     path = []
- 35:     current = dst
+ 35:     pass
  36:     while prev[current]:
  37:         path.append(current)
  38:         current = prev[current]
  39:     path.append(current)
--------------------------------------------------------------------------------
[0.06213 s] survived
   - [#  32] SDL dijkstras: 
--------------------------------------------------------------------------------
  33:     
  34:     path = []
  35:     current = dst
  36:     while prev[current]:
- 37:         path.append(current)
+ 37:         pass
  38:         current = prev[current]
  39:     path.append(current)
  40:     
  41:     return path[::-1]
--------------------------------------------------------------------------------
[0.06211 s] survived
   - [#  33] SDL dijkstras: 
--------------------------------------------------------------------------------
  34:     path = []
  35:     current = dst
  36:     while prev[current]:
  37:         path.append(current)
- 38:         current = prev[current]
+ 38:         pass
  39:     path.append(current)
  40:     
  41:     return path[::-1]
--------------------------------------------------------------------------------
[0.06008 s] survived
   - [#  34] SDL dijkstras: 
--------------------------------------------------------------------------------
  35:     current = dst
  36:     while prev[current]:
  37:         path.append(current)
  38:         current = prev[current]
- 39:     path.append(current)
+ 39:     pass
  40:     
  41:     return path[::-1]
--------------------------------------------------------------------------------
[0.06077 s] survived
   - [#  35] SDL dijkstras: 
--------------------------------------------------------------------------------
  37:         path.append(current)
  38:         current = prev[current]
  39:     path.append(current)
  40:     
- 41:     return path[::-1]
+ 41:     pass
--------------------------------------------------------------------------------
[0.06333 s] survived
   - [#  36] SIR dijkstras: 
--------------------------------------------------------------------------------
  37:         path.append(current)
  38:         current = prev[current]
  39:     path.append(current)
  40:     
- 41:     return path[::-1]
+ 41:     return path[:]
--------------------------------------------------------------------------------
[0.06378 s] survived
   - [#  37] ZIL dijkstras: 
--------------------------------------------------------------------------------
   7:     prev = {}
   8:     
   9:     
  10:     for vertex in weighted_graph.vertices:
- 11:         vertices.add(vertex)
- 12:         dist[vertex] = float('inf')
- 13:         prev[vertex] = None
+ 11:         break
+ 12:     
+ 13:     
  14:     
  15:     dist[src] = 0
  16:     
  17:     while vertices:
--------------------------------------------------------------------------------
[0.06550 s] survived
   - [#  38] ZIL dijkstras: 
--------------------------------------------------------------------------------
  14:     
  15:     dist[src] = 0
  16:     
  17:     while vertices:
- 18:         min_dist_node = min(list(filter((lambda x: (x[0] in vertices)), dist.items())), key=lambda x: (x[1]))[0]
- 19:         
- 20:         if min_dist_node == dst:
- 21:             break
- 22:         
- 23:         vertices.remove(min_dist_node)
- 24:         
- 25:         for neighbor in weighted_graph.vertices[min_dist_node].adjacent:
- 26:             
- 27:             distance = weighted_graph.vertices[min_dist_node].adjacent[neighbor]
- 28:             
- 29:             if distance < dist[neighbor]:
- 30:                 dist[neighbor] = distance
- 31:                 prev[neighbor] = min_dist_node
+ 18:         break
+ 19:     
+ 20:     
+ 21:     
+ 22:     
+ 23:     
+ 24:     
+ 25:     
+ 26:     
+ 27:     
+ 28:     
+ 29:     
+ 30:     
+ 31:     
  32:     
  33:     
  34:     path = []
  35:     current = dst
--------------------------------------------------------------------------------
[0.06173 s] survived
   - [#  39] ZIL dijkstras: 
--------------------------------------------------------------------------------
  23:         vertices.remove(min_dist_node)
  24:         
  25:         for neighbor in weighted_graph.vertices[min_dist_node].adjacent:
  26:             
- 27:             distance = weighted_graph.vertices[min_dist_node].adjacent[neighbor]
- 28:             
- 29:             if distance < dist[neighbor]:
- 30:                 dist[neighbor] = distance
- 31:                 prev[neighbor] = min_dist_node
+ 27:             break
+ 28:     
+ 29:     
+ 30:     
+ 31:     
  32:     
  33:     
  34:     path = []
  35:     current = dst
--------------------------------------------------------------------------------
[0.06154 s] survived
   - [#  40] ZIL dijkstras: 
--------------------------------------------------------------------------------
  33:     
  34:     path = []
  35:     current = dst
  36:     while prev[current]:
- 37:         path.append(current)
- 38:         current = prev[current]
+ 37:         break
+ 38:     
  39:     path.append(current)
  40:     
  41:     return path[::-1]
--------------------------------------------------------------------------------
[0.06032 s] survived
[*] Mutation score [3.65680 s]: 0.0%
   - all: 40
   - killed: 0 (0.0%)
   - survived: 40 (100.0%)
   - incompetent: 0 (0.0%)
   - timeout: 0 (0.0%)
